#
# A fatal error has been detected by the Java Runtime Environment:
#
#  EXCEPTION_ACCESS_VIOLATION (0xc0000005) at pc=0x000001d60c69a392, pid=11312, tid=432
#
# JRE version: OpenJDK Runtime Environment (11.0.10) (build 11.0.10+0-b96-7249189)
# Java VM: OpenJDK 64-Bit Server VM (11.0.10+0-b96-7249189, mixed mode, tiered, compressed oops, g1 gc, windows-amd64)
# Problematic frame:
# J 8202 c1 org.gradle.api.internal.file.collections.DefaultConfigurableFileCollection.from([Ljava/lang/Object;)Lorg/gradle/api/file/ConfigurableFileCollection; (42 bytes) @ 0x000001d60c69a392 [0x000001d60c69a1e0+0x00000000000001b2]
#
# No core dump will be written. Minidumps are not enabled by default on client versions of Windows
#
# If you would like to submit a bug report, please visit:
#   https://bugreport.java.com/bugreport/crash.jsp
#

---------------  S U M M A R Y ------------

Command Line: --add-opens=java.base/java.util=ALL-UNNAMED --add-opens=java.base/java.lang=ALL-UNNAMED --add-opens=java.base/java.lang.invoke=ALL-UNNAMED --add-opens=java.base/java.util=ALL-UNNAMED --add-opens=java.prefs/java.util.prefs=ALL-UNNAMED --add-opens=java.prefs/java.util.prefs=ALL-UNNAMED --add-opens=java.base/java.nio.charset=ALL-UNNAMED --add-opens=java.base/java.net=ALL-UNNAMED --add-opens=java.base/java.util.concurrent.atomic=ALL-UNNAMED -Xmx2048m -Dfile.encoding=UTF-8 -Duser.country=US -Duser.language=en -Duser.variant org.gradle.launcher.daemon.bootstrap.GradleDaemon 7.3

Host: Intel(R) Core(TM) i5-7300HQ CPU @ 2.50GHz, 4 cores, 7G,  Windows 10 , 64 bit Build 19041 (10.0.19041.1202)
Time: Tue Nov 23 21:48:36 2021 SE Asia Standard Time elapsed time: 20.084490 seconds (0d 0h 0m 20s)

---------------  T H R E A D  ---------------

Current thread (0x000001d623d3d800):  JavaThread "Daemon worker" [_thread_in_Java, id=432, stack(0x000000d57f800000,0x000000d57f900000)]

Stack: [0x000000d57f800000,0x000000d57f900000],  sp=0x000000d57f8f87f0,  free space=993k
Native frames: (J=compiled Java code, j=interpreted, Vv=VM code, C=native code)
C  0x000001d60c69a392


siginfo: EXCEPTION_ACCESS_VIOLATION (0xc0000005), writing address 0x0000000000000138


Register to memory mapping:

RIP=0x000001d60c69a392 is at entry_point+434 in (nmethod*)0x000001d60c69a010
RAX=0x00000000899a2298 is an oop: org.gradle.api.internal.file.collections.DefaultConfigurableFileCollection$UnresolvedItemsCollector 
{0x00000000899a2298} - klass: 'org/gradle/api/internal/file/collections/DefaultConfigurableFileCollection$UnresolvedItemsCollector'
RBX=0x0000000000000001 is an unknown value
RCX=0x0000000000000140 is an unknown value
RDX=0x00000000899a22b0 is an oop: java.util.LinkedHashSet 
{0x00000000899a22b0} - klass: 'java/util/LinkedHashSet'
RSP=0x000000d57f8f87f0 is pointing into the stack for thread: 0x000001d623d3d800
RBP=0x000000d57f8f88c0 is pointing into the stack for thread: 0x000001d623d3d800
RSI=0x0000000000000001 is an unknown value
RDI=0x0000000000000001 is an unknown value
R8 =0x00000000899a2280 is an oop: [Ljava.lang.Object; 
{0x00000000899a2280} - klass: 'java/lang/Object'[]
 - length: 1
R9 =0x0000000000001435 is an unknown value
R10=0x000001d605391000 points into unknown readable memory: 0x0000000000000000 | 00 00 00 00 00 00 00 00
R11=0x000000000000000c is an unknown value
R12=0x0 is NULL
R13=0x000001d612a7edec is at entry_point+6540 in (nmethod*)0x000001d612a7d190
R14=0x00000000899a2498 is an oop: java.util.LinkedHashMap$Entry 
{0x00000000899a2498} - klass: 'java/util/LinkedHashMap$Entry'
R15=0x000001d623d3d800 is a thread


Registers:
RAX=0x00000000899a2298, RBX=0x0000000000000001, RCX=0x0000000000000140, RDX=0x00000000899a22b0
RSP=0x000000d57f8f87f0, RBP=0x000000d57f8f88c0, RSI=0x0000000000000001, RDI=0x0000000000000001
R8 =0x00000000899a2280, R9 =0x0000000000001435, R10=0x000001d605391000, R11=0x000000000000000c
R12=0x0000000000000000, R13=0x000001d612a7edec, R14=0x00000000899a2498, R15=0x000001d623d3d800
RIP=0x000001d60c69a392, EFLAGS=0x0000000000010a17

Top of Stack: (sp=0x000000d57f8f87f0)
0x000000d57f8f87f0:   00000000899a2280 00000000899a2280
0x000000d57f8f8800:   000000d57f8ff358 00007ff86981b4ed
0x000000d57f8f8810:   000001d623d3d800 0000000080e58fa8
0x000000d57f8f8820:   00000000000002b0 0000000000000004
0x000000d57f8f8830:   000000d57f8f88c0 00000000899a2280
0x000000d57f8f8840:   00000000899a2208 0000000000000001
0x000000d57f8f8850:   000000d57f8f88c0 000001d60af79f16
0x000000d57f8f8860:   000001d60af79f16 00000000899a2280
0x000000d57f8f8870:   00000000899a2208 000000d57f8f8878
0x000000d57f8f8880:   000001d62da9a325 000000d57f8f88e0
0x000000d57f8f8890:   000001d62da9aab0 0000000000000000
0x000000d57f8f88a0:   0000000084fe1870 000001d62da9a358
0x000000d57f8f88b0:   000000d57f8f8868 000000d57f8f88d8
0x000000d57f8f88c0:   000000d57f8f8930 000001d60af7a0c3
0x000000d57f8f88d0:   00000000899a2280 00000000899a2268
0x000000d57f8f88e0:   00000000899a2208 000000d57f8f88e8 

Instructions: (pc=0x000001d60c69a392)
0x000001d60c69a292:   00 00 00 4b 8b 3c 08 48 8d 7f 01 4b 89 3c 08 0f
0x000001d60c69a2a2:   8f 0a 00 00 00 48 8b 54 24 50 e9 f1 00 00 00 48
0x000001d60c69a2b2:   8b 5c 24 50 8b 43 30 44 8b 4b 1c 8b 7b 0c 8b 73
0x000001d60c69a2c2:   20 8b 4b 24 48 3b 00 4c 8b c0 49 bb 88 21 ee 2d
0x000001d60c69a2d2:   d6 01 00 00 45 8b 40 08 49 c1 e0 03 4d 3b 83 80
0x000001d60c69a2e2:   01 00 00 75 0d 49 83 83 88 01 00 00 01 e9 66 00
0x000001d60c69a2f2:   00 00 4d 3b 83 90 01 00 00 75 0d 49 83 83 98 01
0x000001d60c69a302:   00 00 01 e9 50 00 00 00 49 81 bb 80 01 00 00 00
0x000001d60c69a312:   00 00 00 75 17 4d 89 83 80 01 00 00 49 c7 83 88
0x000001d60c69a322:   01 00 00 01 00 00 00 e9 2c 00 00 00 49 81 bb 90
0x000001d60c69a332:   01 00 00 00 00 00 00 75 17 4d 89 83 90 01 00 00
0x000001d60c69a342:   49 c7 83 98 01 00 00 01 00 00 00 e9 08 00 00 00
0x000001d60c69a352:   49 83 83 70 01 00 00 01 4c 8b c3 48 89 14 24 48
0x000001d60c69a362:   8b d0 90 48 b8 90 8e ad 26 d6 01 00 00 e8 14 79
0x000001d60c69a372:   9c fe 41 0f be 77 30 83 fe 00 48 8b 54 24 50 0f
0x000001d60c69a382:   85 59 00 00 00 4c 8b d0 44 89 52 30 48 8b f2 48
0x000001d60c69a392:   33 f0 48 c1 ee 14 48 83 fe 00 0f 85 52 00 00 00
0x000001d60c69a3a2:   48 8b c2 48 83 c4 60 5d 4d 8b 97 08 01 00 00 41
0x000001d60c69a3b2:   85 02 c3 49 ba 30 34 94 29 d6 01 00 00 4c 89 54
0x000001d60c69a3c2:   24 08 48 c7 04 24 ff ff ff ff e8 2f 4e 9c fe e9
0x000001d60c69a3d2:   63 fe ff ff e8 45 04 9c fe e8 40 04 9c fe 8b 72
0x000001d60c69a3e2:   30 48 83 fe 00 74 9e 48 89 34 24 e8 0e 54 9c fe
0x000001d60c69a3f2:   eb 93 48 83 f8 00 74 a8 48 89 14 24 e8 fd 56 9c
0x000001d60c69a402:   fe eb 9d 90 90 49 8b 87 20 04 00 00 49 ba 00 00
0x000001d60c69a412:   00 00 00 00 00 00 4d 89 97 20 04 00 00 49 ba 00
0x000001d60c69a422:   00 00 00 00 00 00 00 4d 89 97 28 04 00 00 48 83
0x000001d60c69a432:   c4 60 5d e9 46 2c 93 fe f4 f4 f4 f4 f4 f4 0f 1f
0x000001d60c69a442:   44 00 00 48 bb 00 00 00 00 00 00 00 00 e9 fb ff
0x000001d60c69a452:   ff ff 90 48 bb 00 00 00 00 00 00 00 00 e9 fb ff
0x000001d60c69a462:   ff ff e8 97 1f 9c fe 48 b9 c8 61 ca 69 f8 7f 00
0x000001d60c69a472:   00 48 83 e4 f0 49 ba 00 f6 9d 69 f8 7f 00 00 41
0x000001d60c69a482:   ff d2 f4 49 ba 85 a4 69 0c d6 01 00 00 41 52 e9 


Stack slot to memory mapping:
stack at sp + 0 slots: 0x00000000899a2280 is an oop: [Ljava.lang.Object; 
{0x00000000899a2280} - klass: 'java/lang/Object'[]
 - length: 1
stack at sp + 1 slots: 0x00000000899a2280 is an oop: [Ljava.lang.Object; 
{0x00000000899a2280} - klass: 'java/lang/Object'[]
 - length: 1
stack at sp + 2 slots: 0x000000d57f8ff358 is pointing into the stack for thread: 0x000001d623d3d800
stack at sp + 3 slots: 0x00007ff86981b4ed jvm.dll
stack at sp + 4 slots: 0x000001d623d3d800 is a thread
stack at sp + 5 slots: 0x0000000080e58fa8 is an oop: java.lang.Class 
{0x0000000080e58fa8} - klass: 'java/lang/Class'
stack at sp + 6 slots: 0x00000000000002b0 is an unknown value
stack at sp + 7 slots: 0x0000000000000004 is an unknown value



---------------  P R O C E S S  ---------------

Threads class SMR info:
_java_thread_list=0x000001d625b55080, length=79, elements={
0x000001d60747d800, 0x000001d621052800, 0x000001d621056000, 0x000001d62106e000,
0x000001d621070000, 0x000001d621071000, 0x000001d621074000, 0x000001d621078800,
0x000001d62107d800, 0x000001d621b20000, 0x000001d623976800, 0x000001d621bf2000,
0x000001d623ba7800, 0x000001d6234f3000, 0x000001d623acd800, 0x000001d622802000,
0x000001d623d3d800, 0x000001d623ebf000, 0x000001d623fdb800, 0x000001d623238800,
0x000001d623239800, 0x000001d62323a800, 0x000001d62323b000, 0x000001d6256ff800,
0x000001d6256fd800, 0x000001d625700800, 0x000001d625701800, 0x000001d625703000,
0x000001d625702000, 0x000001d625704000, 0x000001d6256fe000, 0x000001d625704800,
0x000001d6256ff000, 0x000001d625705800, 0x000001d625706800, 0x000001d62570b000,
0x000001d62570c000, 0x000001d625707000, 0x000001d625708800, 0x000001d625708000,
0x000001d626dec800, 0x000001d626def000, 0x000001d626ded800, 0x000001d626df1800,
0x000001d626dee800, 0x000001d626df0000, 0x000001d626dec000, 0x000001d626df5000,
0x000001d626df1000, 0x000001d626df4000, 0x000001d626df5800, 0x000001d626df8000,
0x000001d626df6800, 0x000001d626df7800, 0x000001d626df2800, 0x000001d626df9000,
0x000001d626df3000, 0x000001d626df9800, 0x000001d626dfa800, 0x000001d6242f0000,
0x000001d6242ec000, 0x000001d6242ed000, 0x000001d6242f1000, 0x000001d6242eb800,
0x000001d6242ed800, 0x000001d6242f4000, 0x000001d6242f2800, 0x000001d6242f3800,
0x000001d6242ee800, 0x000001d6242ef800, 0x000001d6242f5000, 0x000001d6242f6000,
0x000001d6242f2000, 0x000001d6242f6800, 0x000001d6242f7800, 0x000001d6242f8800,
0x000001d6242fa000, 0x000001d6242f9000, 0x000001d62b1aa800
}

Java Threads: ( => current thread )
  0x000001d60747d800 JavaThread "main" [_thread_blocked, id=12588, stack(0x000000d57de00000,0x000000d57df00000)]
  0x000001d621052800 JavaThread "Reference Handler" daemon [_thread_blocked, id=13096, stack(0x000000d57e500000,0x000000d57e600000)]
  0x000001d621056000 JavaThread "Finalizer" daemon [_thread_blocked, id=5236, stack(0x000000d57e600000,0x000000d57e700000)]
  0x000001d62106e000 JavaThread "Signal Dispatcher" daemon [_thread_blocked, id=2968, stack(0x000000d57e700000,0x000000d57e800000)]
  0x000001d621070000 JavaThread "Attach Listener" daemon [_thread_blocked, id=13068, stack(0x000000d57e800000,0x000000d57e900000)]
  0x000001d621071000 JavaThread "Service Thread" daemon [_thread_blocked, id=8120, stack(0x000000d57e900000,0x000000d57ea00000)]
  0x000001d621074000 JavaThread "C2 CompilerThread0" daemon [_thread_in_native, id=8000, stack(0x000000d57ea00000,0x000000d57eb00000)]
  0x000001d621078800 JavaThread "C1 CompilerThread0" daemon [_thread_blocked, id=1136, stack(0x000000d57eb00000,0x000000d57ec00000)]
  0x000001d62107d800 JavaThread "Sweeper thread" daemon [_thread_blocked, id=4712, stack(0x000000d57ec00000,0x000000d57ed00000)]
  0x000001d621b20000 JavaThread "Common-Cleaner" daemon [_thread_blocked, id=5240, stack(0x000000d57ed00000,0x000000d57ee00000)]
  0x000001d623976800 JavaThread "Daemon health stats" [_thread_blocked, id=8896, stack(0x000000d57f200000,0x000000d57f300000)]
  0x000001d621bf2000 JavaThread "Incoming local TCP Connector on port 59666" [_thread_in_native, id=7856, stack(0x000000d57ef00000,0x000000d57f000000)]
  0x000001d623ba7800 JavaThread "Daemon periodic checks" [_thread_blocked, id=5944, stack(0x000000d57f300000,0x000000d57f400000)]
  0x000001d6234f3000 JavaThread "Daemon" [_thread_blocked, id=8204, stack(0x000000d57f400000,0x000000d57f500000)]
  0x000001d623acd800 JavaThread "Handler for socket connection from /127.0.0.1:59666 to /127.0.0.1:59667" [_thread_in_native, id=8060, stack(0x000000d57f500000,0x000000d57f600000)]
  0x000001d622802000 JavaThread "Cancel handler" [_thread_blocked, id=2112, stack(0x000000d57f700000,0x000000d57f800000)]
=>0x000001d623d3d800 JavaThread "Daemon worker" [_thread_in_Java, id=432, stack(0x000000d57f800000,0x000000d57f900000)]
  0x000001d623ebf000 JavaThread "Asynchronous log dispatcher for DefaultDaemonConnection: socket connection from /127.0.0.1:59666 to /127.0.0.1:59667" [_thread_blocked, id=7744, stack(0x000000d57f900000,0x000000d57fa00000)]
  0x000001d623fdb800 JavaThread "Stdin handler" [_thread_blocked, id=12708, stack(0x000000d57fa00000,0x000000d57fb00000)]
  0x000001d623238800 JavaThread "Daemon client event forwarder" [_thread_blocked, id=9196, stack(0x000000d57fb00000,0x000000d57fc00000)]
  0x000001d623239800 JavaThread "Cache worker for journal cache (C:\Users\chieudepzaj\.gradle\caches\journal-1)" [_thread_blocked, id=10524, stack(0x000000d57fc00000,0x000000d57fd00000)]
  0x000001d62323a800 JavaThread "File lock request listener" [_thread_in_native, id=11592, stack(0x000000d57fd00000,0x000000d57fe00000)]
  0x000001d62323b000 JavaThread "Cache worker for file hash cache (C:\Users\chieudepzaj\.gradle\caches\7.3\fileHashes)" [_thread_blocked, id=12456, stack(0x000000d57fe00000,0x000000d57ff00000)]
  0x000001d6256ff800 JavaThread "Cache worker for file hash cache (C:\Users\chieudepzaj\AndroidStudioProjects\Shopiki\.gradle\7.3\fileHashes)" [_thread_blocked, id=6780, stack(0x000000d500000000,0x000000d500100000)]
  0x000001d6256fd800 JavaThread "File watcher server" daemon [_thread_in_native, id=11256, stack(0x000000d500100000,0x000000d500200000)]
  0x000001d625700800 JavaThread "File watcher consumer" daemon [_thread_blocked, id=12004, stack(0x000000d500200000,0x000000d500300000)]
  0x000001d625701800 JavaThread "jar transforms" [_thread_blocked, id=13236, stack(0x000000d500300000,0x000000d500400000)]
  0x000001d625703000 JavaThread "jar transforms Thread 2" [_thread_blocked, id=9672, stack(0x000000d500400000,0x000000d500500000)]
  0x000001d625702000 JavaThread "jar transforms Thread 3" [_thread_blocked, id=13036, stack(0x000000d500500000,0x000000d500600000)]
  0x000001d625704000 JavaThread "jar transforms Thread 4" [_thread_blocked, id=5152, stack(0x000000d500600000,0x000000d500700000)]
  0x000001d6256fe000 JavaThread "Cache worker for checksums cache (C:\Users\chieudepzaj\AndroidStudioProjects\Shopiki\.gradle\7.3\checksums)" [_thread_blocked, id=9240, stack(0x000000d500700000,0x000000d500800000)]
  0x000001d625704800 JavaThread "Cache worker for cache directory md-supplier (C:\Users\chieudepzaj\.gradle\caches\7.3\md-supplier)" [_thread_blocked, id=9624, stack(0x000000d500800000,0x000000d500900000)]
  0x000001d6256ff000 JavaThread "Cache worker for cache directory md-rule (C:\Users\chieudepzaj\.gradle\caches\7.3\md-rule)" [_thread_blocked, id=4792, stack(0x000000d500900000,0x000000d500a00000)]
  0x000001d625705800 JavaThread "Cache worker for execution history cache (C:\Users\chieudepzaj\.gradle\caches\7.3\executionHistory)" [_thread_blocked, id=10408, stack(0x000000d500a00000,0x000000d500b00000)]
  0x000001d625706800 JavaThread "Cache worker for file content cache (C:\Users\chieudepzaj\.gradle\caches\7.3\fileContent)" [_thread_blocked, id=6684, stack(0x000000d500c00000,0x000000d500d00000)]
  0x000001d62570b000 JavaThread "Cache worker for dependencies-accessors (C:\Users\chieudepzaj\AndroidStudioProjects\Shopiki\.gradle\7.3\dependencies-accessors)" [_thread_blocked, id=8404, stack(0x000000d500d00000,0x000000d500e00000)]
  0x000001d62570c000 JavaThread "Cache worker for Build Output Cleanup Cache (C:\Users\chieudepzaj\AndroidStudioProjects\Shopiki\.gradle\buildOutputCleanup)" [_thread_blocked, id=5344, stack(0x000000d500e00000,0x000000d500f00000)]
  0x000001d625707000 JavaThread "Unconstrained build operations" [_thread_blocked, id=9604, stack(0x000000d500f00000,0x000000d501000000)]
  0x000001d625708800 JavaThread "Unconstrained build operations Thread 2" [_thread_blocked, id=10660, stack(0x000000d501000000,0x000000d501100000)]
  0x000001d625708000 JavaThread "Unconstrained build operations Thread 3" [_thread_blocked, id=6896, stack(0x000000d501100000,0x000000d501200000)]
  0x000001d626dec800 JavaThread "Unconstrained build operations Thread 4" [_thread_blocked, id=9744, stack(0x000000d501200000,0x000000d501300000)]
  0x000001d626def000 JavaThread "Unconstrained build operations Thread 5" [_thread_blocked, id=2340, stack(0x000000d501300000,0x000000d501400000)]
  0x000001d626ded800 JavaThread "Unconstrained build operations Thread 6" [_thread_blocked, id=12872, stack(0x000000d501400000,0x000000d501500000)]
  0x000001d626df1800 JavaThread "Unconstrained build operations Thread 7" [_thread_blocked, id=4508, stack(0x000000d501500000,0x000000d501600000)]
  0x000001d626dee800 JavaThread "Unconstrained build operations Thread 8" [_thread_blocked, id=8908, stack(0x000000d501600000,0x000000d501700000)]
  0x000001d626df0000 JavaThread "Unconstrained build operations Thread 9" [_thread_blocked, id=1556, stack(0x000000d501700000,0x000000d501800000)]
  0x000001d626dec000 JavaThread "Unconstrained build operations Thread 10" [_thread_blocked, id=1452, stack(0x000000d501800000,0x000000d501900000)]
  0x000001d626df5000 JavaThread "Unconstrained build operations Thread 11" [_thread_blocked, id=12676, stack(0x000000d501900000,0x000000d501a00000)]
  0x000001d626df1000 JavaThread "Unconstrained build operations Thread 12" [_thread_blocked, id=5884, stack(0x000000d501a00000,0x000000d501b00000)]
  0x000001d626df4000 JavaThread "Unconstrained build operations Thread 13" [_thread_blocked, id=8396, stack(0x000000d501b00000,0x000000d501c00000)]
  0x000001d626df5800 JavaThread "Unconstrained build operations Thread 14" [_thread_blocked, id=6940, stack(0x000000d501c00000,0x000000d501d00000)]
  0x000001d626df8000 JavaThread "Unconstrained build operations Thread 15" [_thread_blocked, id=11612, stack(0x000000d501d00000,0x000000d501e00000)]
  0x000001d626df6800 JavaThread "Unconstrained build operations Thread 16" [_thread_blocked, id=3480, stack(0x000000d501e00000,0x000000d501f00000)]
  0x000001d626df7800 JavaThread "Unconstrained build operations Thread 17" [_thread_blocked, id=12516, stack(0x000000d501f00000,0x000000d502000000)]
  0x000001d626df2800 JavaThread "Unconstrained build operations Thread 18" [_thread_blocked, id=11788, stack(0x000000d502000000,0x000000d502100000)]
  0x000001d626df9000 JavaThread "Unconstrained build operations Thread 19" [_thread_blocked, id=12876, stack(0x000000d502100000,0x000000d502200000)]
  0x000001d626df3000 JavaThread "Unconstrained build operations Thread 20" [_thread_blocked, id=10264, stack(0x000000d502200000,0x000000d502300000)]
  0x000001d626df9800 JavaThread "Unconstrained build operations Thread 21" [_thread_blocked, id=6612, stack(0x000000d502300000,0x000000d502400000)]
  0x000001d626dfa800 JavaThread "Unconstrained build operations Thread 22" [_thread_blocked, id=5216, stack(0x000000d502400000,0x000000d502500000)]
  0x000001d6242f0000 JavaThread "Unconstrained build operations Thread 23" [_thread_blocked, id=2748, stack(0x000000d502500000,0x000000d502600000)]
  0x000001d6242ec000 JavaThread "Unconstrained build operations Thread 24" [_thread_blocked, id=6732, stack(0x000000d502600000,0x000000d502700000)]
  0x000001d6242ed000 JavaThread "Unconstrained build operations Thread 25" [_thread_blocked, id=10728, stack(0x000000d502700000,0x000000d502800000)]
  0x000001d6242f1000 JavaThread "Unconstrained build operations Thread 26" [_thread_blocked, id=1256, stack(0x000000d502800000,0x000000d502900000)]
  0x000001d6242eb800 JavaThread "Unconstrained build operations Thread 27" [_thread_blocked, id=2312, stack(0x000000d502900000,0x000000d502a00000)]
  0x000001d6242ed800 JavaThread "Unconstrained build operations Thread 28" [_thread_blocked, id=5168, stack(0x000000d502a00000,0x000000d502b00000)]
  0x000001d6242f4000 JavaThread "Unconstrained build operations Thread 29" [_thread_blocked, id=1156, stack(0x000000d502b00000,0x000000d502c00000)]
  0x000001d6242f2800 JavaThread "Unconstrained build operations Thread 30" [_thread_blocked, id=7308, stack(0x000000d502c00000,0x000000d502d00000)]
  0x000001d6242f3800 JavaThread "Unconstrained build operations Thread 31" [_thread_blocked, id=9256, stack(0x000000d502d00000,0x000000d502e00000)]
  0x000001d6242ee800 JavaThread "Unconstrained build operations Thread 32" [_thread_blocked, id=8548, stack(0x000000d502e00000,0x000000d502f00000)]
  0x000001d6242ef800 JavaThread "Unconstrained build operations Thread 33" [_thread_blocked, id=10780, stack(0x000000d502f00000,0x000000d503000000)]
  0x000001d6242f5000 JavaThread "Unconstrained build operations Thread 34" [_thread_blocked, id=2084, stack(0x000000d503000000,0x000000d503100000)]
  0x000001d6242f6000 JavaThread "Unconstrained build operations Thread 35" [_thread_blocked, id=9088, stack(0x000000d503100000,0x000000d503200000)]
  0x000001d6242f2000 JavaThread "Unconstrained build operations Thread 36" [_thread_blocked, id=7488, stack(0x000000d503200000,0x000000d503300000)]
  0x000001d6242f6800 JavaThread "Unconstrained build operations Thread 37" [_thread_blocked, id=11484, stack(0x000000d503300000,0x000000d503400000)]
  0x000001d6242f7800 JavaThread "Unconstrained build operations Thread 38" [_thread_blocked, id=12424, stack(0x000000d503400000,0x000000d503500000)]
  0x000001d6242f8800 JavaThread "Unconstrained build operations Thread 39" [_thread_blocked, id=10288, stack(0x000000d503500000,0x000000d503600000)]
  0x000001d6242fa000 JavaThread "Unconstrained build operations Thread 40" [_thread_blocked, id=1752, stack(0x000000d503600000,0x000000d503700000)]
  0x000001d6242f9000 JavaThread "Memory manager" [_thread_blocked, id=12324, stack(0x000000d503700000,0x000000d503800000)]
  0x000001d62b1aa800 JavaThread "C2 CompilerThread1" daemon [_thread_in_native, id=5288, stack(0x000000d500b00000,0x000000d500c00000)]

Other Threads:
  0x000001d621051000 VMThread "VM Thread" [stack: 0x000000d57e400000,0x000000d57e500000] [id=8476]
  0x000001d621b4d800 WatcherThread [stack: 0x000000d57ee00000,0x000000d57ef00000] [id=504]
  0x000001d607496800 GCTaskThread "GC Thread#0" [stack: 0x000000d57df00000,0x000000d57e000000] [id=8688]
  0x000001d622672800 GCTaskThread "GC Thread#1" [stack: 0x000000d57f000000,0x000000d57f100000] [id=11400]
  0x000001d62258b800 GCTaskThread "GC Thread#2" [stack: 0x000000d57f100000,0x000000d57f200000] [id=12656]
  0x000001d6238c2800 GCTaskThread "GC Thread#3" [stack: 0x000000d57f600000,0x000000d57f700000] [id=2032]
  0x000001d6074c8000 ConcurrentGCThread "G1 Main Marker" [stack: 0x000000d57e000000,0x000000d57e100000] [id=6276]
  0x000001d6074c9000 ConcurrentGCThread "G1 Conc#0" [stack: 0x000000d57e100000,0x000000d57e200000] [id=2728]
  0x000001d607559000 ConcurrentGCThread "G1 Refine#0" [stack: 0x000000d57e200000,0x000000d57e300000] [id=9000]
  0x000001d60755a000 ConcurrentGCThread "G1 Young RemSet Sampling" [stack: 0x000000d57e300000,0x000000d57e400000] [id=1572]

Threads with active compile tasks:
C2 CompilerThread0  20266 8260       4       java.io.WinNTFileSystem::normalize (143 bytes)
C2 CompilerThread1  20266 8141       4       org.gradle.internal.instantiation.generator.AbstractClassGenerator$PropertyMetadata::hasAnnotation (40 bytes)

VM state:not at safepoint (normal execution)

VM Mutex/Monitor currently owned by a thread: None

Heap address: 0x0000000080000000, size: 2048 MB, Compressed Oops mode: 32-bit
Narrow klass base: 0x0000000000000000, Narrow klass shift: 3
Compressed class space size: 1073741824 Address: 0x0000000100000000

Heap:
 garbage-first heap   total 157696K, used 97344K [0x0000000080000000, 0x0000000100000000)
  region size 1024K, 7 young (7168K), 5 survivors (5120K)
 Metaspace       used 82497K, capacity 84921K, committed 85144K, reserved 1122304K
  class space    used 10808K, capacity 11653K, committed 11776K, reserved 1048576K
Heap Regions: E=young(eden), S=young(survivor), O=old, HS=humongous(starts), HC=humongous(continues), CS=collection set, F=free, A=archive, TAMS=top-at-mark-start (previous, next)
|   0|0x0000000080000000, 0x0000000080100000, 0x0000000080100000|100%| O|  |TAMS 0x0000000080100000, 0x0000000080000000| Untracked 
|   1|0x0000000080100000, 0x0000000080200000, 0x0000000080200000|100%| O|  |TAMS 0x0000000080200000, 0x0000000080100000| Untracked 
|   2|0x0000000080200000, 0x0000000080300000, 0x0000000080300000|100%| O|  |TAMS 0x0000000080300000, 0x0000000080200000| Untracked 
|   3|0x0000000080300000, 0x0000000080400000, 0x0000000080400000|100%|HS|  |TAMS 0x0000000080400000, 0x0000000080300000| Complete 
|   4|0x0000000080400000, 0x0000000080500000, 0x0000000080500000|100%|HC|  |TAMS 0x0000000080500000, 0x0000000080400000| Complete 
|   5|0x0000000080500000, 0x0000000080600000, 0x0000000080600000|100%|HC|  |TAMS 0x0000000080600000, 0x0000000080500000| Complete 
|   6|0x0000000080600000, 0x0000000080700000, 0x0000000080700000|100%| O|  |TAMS 0x0000000080700000, 0x0000000080600000| Untracked 
|   7|0x0000000080700000, 0x0000000080800000, 0x0000000080800000|100%| O|  |TAMS 0x0000000080800000, 0x0000000080700000| Untracked 
|   8|0x0000000080800000, 0x0000000080900000, 0x0000000080900000|100%| O|  |TAMS 0x0000000080900000, 0x0000000080800000| Untracked 
|   9|0x0000000080900000, 0x0000000080a00000, 0x0000000080a00000|100%| O|  |TAMS 0x0000000080a00000, 0x0000000080900000| Untracked 
|  10|0x0000000080a00000, 0x0000000080b00000, 0x0000000080b00000|100%| O|  |TAMS 0x0000000080b00000, 0x0000000080a00000| Untracked 
|  11|0x0000000080b00000, 0x0000000080c00000, 0x0000000080c00000|100%| O|  |TAMS 0x0000000080c00000, 0x0000000080b00000| Untracked 
|  12|0x0000000080c00000, 0x0000000080d00000, 0x0000000080d00000|100%| O|  |TAMS 0x0000000080d00000, 0x0000000080c00000| Untracked 
|  13|0x0000000080d00000, 0x0000000080e00000, 0x0000000080e00000|100%| O|  |TAMS 0x0000000080e00000, 0x0000000080d00000| Untracked 
|  14|0x0000000080e00000, 0x0000000080f00000, 0x0000000080f00000|100%| O|  |TAMS 0x0000000080f00000, 0x0000000080e00000| Untracked 
|  15|0x0000000080f00000, 0x0000000081000000, 0x0000000081000000|100%|HS|  |TAMS 0x0000000081000000, 0x0000000080f00000| Complete 
|  16|0x0000000081000000, 0x0000000081100000, 0x0000000081100000|100%|HC|  |TAMS 0x0000000081100000, 0x0000000081000000| Complete 
|  17|0x0000000081100000, 0x0000000081200000, 0x0000000081200000|100%|HS|  |TAMS 0x0000000081200000, 0x0000000081100000| Complete 
|  18|0x0000000081200000, 0x0000000081300000, 0x0000000081300000|100%|HC|  |TAMS 0x0000000081300000, 0x0000000081200000| Complete 
|  19|0x0000000081300000, 0x0000000081400000, 0x0000000081400000|100%|HC|  |TAMS 0x0000000081400000, 0x0000000081300000| Complete 
|  20|0x0000000081400000, 0x0000000081500000, 0x0000000081500000|100%|HS|  |TAMS 0x0000000081500000, 0x0000000081400000| Complete 
|  21|0x0000000081500000, 0x0000000081600000, 0x0000000081600000|100%|HC|  |TAMS 0x0000000081600000, 0x0000000081500000| Complete 
|  22|0x0000000081600000, 0x0000000081700000, 0x0000000081700000|100%|HC|  |TAMS 0x0000000081700000, 0x0000000081600000| Complete 
|  23|0x0000000081700000, 0x0000000081800000, 0x0000000081800000|100%|HC|  |TAMS 0x0000000081800000, 0x0000000081700000| Complete 
|  24|0x0000000081800000, 0x0000000081900000, 0x0000000081900000|100%|HC|  |TAMS 0x0000000081900000, 0x0000000081800000| Complete 
|  25|0x0000000081900000, 0x0000000081a00000, 0x0000000081a00000|100%| O|  |TAMS 0x0000000081a00000, 0x0000000081900000| Untracked 
|  26|0x0000000081a00000, 0x0000000081b00000, 0x0000000081b00000|100%| O|  |TAMS 0x0000000081b00000, 0x0000000081a00000| Untracked 
|  27|0x0000000081b00000, 0x0000000081c00000, 0x0000000081c00000|100%| O|  |TAMS 0x0000000081c00000, 0x0000000081b00000| Untracked 
|  28|0x0000000081c00000, 0x0000000081d00000, 0x0000000081d00000|100%| O|  |TAMS 0x0000000081d00000, 0x0000000081c00000| Untracked 
|  29|0x0000000081d00000, 0x0000000081e00000, 0x0000000081e00000|100%| O|  |TAMS 0x0000000081e00000, 0x0000000081d00000| Untracked 
|  30|0x0000000081e00000, 0x0000000081f00000, 0x0000000081f00000|100%| O|  |TAMS 0x0000000081f00000, 0x0000000081e00000| Untracked 
|  31|0x0000000081f00000, 0x0000000082000000, 0x0000000082000000|100%| O|  |TAMS 0x0000000082000000, 0x0000000081f00000| Untracked 
|  32|0x0000000082000000, 0x0000000082100000, 0x0000000082100000|100%| O|  |TAMS 0x0000000082100000, 0x0000000082000000| Untracked 
|  33|0x0000000082100000, 0x0000000082200000, 0x0000000082200000|100%| O|  |TAMS 0x0000000082200000, 0x0000000082100000| Untracked 
|  34|0x0000000082200000, 0x0000000082300000, 0x0000000082300000|100%|HS|  |TAMS 0x0000000082300000, 0x0000000082200000| Complete 
|  35|0x0000000082300000, 0x0000000082400000, 0x0000000082400000|100%|HC|  |TAMS 0x0000000082400000, 0x0000000082300000| Complete 
|  36|0x0000000082400000, 0x0000000082500000, 0x0000000082500000|100%|HC|  |TAMS 0x0000000082500000, 0x0000000082400000| Complete 
|  37|0x0000000082500000, 0x0000000082600000, 0x0000000082600000|100%|HC|  |TAMS 0x0000000082600000, 0x0000000082500000| Complete 
|  38|0x0000000082600000, 0x0000000082700000, 0x0000000082700000|100%|HC|  |TAMS 0x0000000082700000, 0x0000000082600000| Complete 
|  39|0x0000000082700000, 0x0000000082800000, 0x0000000082800000|100%|HS|  |TAMS 0x0000000082800000, 0x0000000082700000| Complete 
|  40|0x0000000082800000, 0x0000000082900000, 0x0000000082900000|100%|HC|  |TAMS 0x0000000082900000, 0x0000000082800000| Complete 
|  41|0x0000000082900000, 0x0000000082a00000, 0x0000000082a00000|100%|HC|  |TAMS 0x0000000082a00000, 0x0000000082900000| Complete 
|  42|0x0000000082a00000, 0x0000000082b00000, 0x0000000082b00000|100%| O|  |TAMS 0x0000000082b00000, 0x0000000082a00000| Untracked 
|  43|0x0000000082b00000, 0x0000000082c00000, 0x0000000082c00000|100%| O|  |TAMS 0x0000000082c00000, 0x0000000082b00000| Untracked 
|  44|0x0000000082c00000, 0x0000000082d00000, 0x0000000082d00000|100%| O|  |TAMS 0x0000000082d00000, 0x0000000082c00000| Untracked 
|  45|0x0000000082d00000, 0x0000000082e00000, 0x0000000082e00000|100%| O|  |TAMS 0x0000000082e00000, 0x0000000082d00000| Untracked 
|  46|0x0000000082e00000, 0x0000000082f00000, 0x0000000082f00000|100%| O|  |TAMS 0x0000000082f00000, 0x0000000082e00000| Untracked 
|  47|0x0000000082f00000, 0x0000000083000000, 0x0000000083000000|100%| O|  |TAMS 0x0000000083000000, 0x0000000082f00000| Untracked 
|  48|0x0000000083000000, 0x0000000083100000, 0x0000000083100000|100%| O|  |TAMS 0x0000000083100000, 0x0000000083000000| Untracked 
|  49|0x0000000083100000, 0x0000000083200000, 0x0000000083200000|100%| O|  |TAMS 0x0000000083200000, 0x0000000083100000| Untracked 
|  50|0x0000000083200000, 0x0000000083300000, 0x0000000083300000|100%| O|  |TAMS 0x0000000083300000, 0x0000000083200000| Untracked 
|  51|0x0000000083300000, 0x0000000083400000, 0x0000000083400000|100%| O|  |TAMS 0x0000000083400000, 0x0000000083300000| Untracked 
|  52|0x0000000083400000, 0x0000000083500000, 0x0000000083500000|100%| O|  |TAMS 0x0000000083500000, 0x0000000083400000| Untracked 
|  53|0x0000000083500000, 0x0000000083600000, 0x0000000083600000|100%|HS|  |TAMS 0x0000000083600000, 0x0000000083500000| Complete 
|  54|0x0000000083600000, 0x0000000083700000, 0x0000000083700000|100%|HS|  |TAMS 0x0000000083700000, 0x0000000083600000| Complete 
|  55|0x0000000083700000, 0x0000000083800000, 0x0000000083800000|100%|HS|  |TAMS 0x0000000083800000, 0x0000000083700000| Complete 
|  56|0x0000000083800000, 0x0000000083900000, 0x0000000083900000|100%|HC|  |TAMS 0x0000000083900000, 0x0000000083800000| Complete 
|  57|0x0000000083900000, 0x0000000083a00000, 0x0000000083a00000|100%| O|  |TAMS 0x0000000083a00000, 0x0000000083900000| Untracked 
|  58|0x0000000083a00000, 0x0000000083b00000, 0x0000000083b00000|100%| O|  |TAMS 0x0000000083b00000, 0x0000000083a00000| Untracked 
|  59|0x0000000083b00000, 0x0000000083c00000, 0x0000000083c00000|100%| O|  |TAMS 0x0000000083c00000, 0x0000000083b00000| Untracked 
|  60|0x0000000083c00000, 0x0000000083d00000, 0x0000000083d00000|100%| O|  |TAMS 0x0000000083d00000, 0x0000000083c00000| Untracked 
|  61|0x0000000083d00000, 0x0000000083e00000, 0x0000000083e00000|100%| O|  |TAMS 0x0000000083e00000, 0x0000000083d00000| Untracked 
|  62|0x0000000083e00000, 0x0000000083f00000, 0x0000000083f00000|100%| O|  |TAMS 0x0000000083f00000, 0x0000000083e00000| Untracked 
|  63|0x0000000083f00000, 0x0000000084000000, 0x0000000084000000|100%| O|  |TAMS 0x0000000084000000, 0x0000000083f00000| Untracked 
|  64|0x0000000084000000, 0x0000000084100000, 0x0000000084100000|100%| O|  |TAMS 0x0000000084100000, 0x0000000084000000| Untracked 
|  65|0x0000000084100000, 0x0000000084200000, 0x0000000084200000|100%| O|  |TAMS 0x0000000084200000, 0x0000000084100000| Untracked 
|  66|0x0000000084200000, 0x0000000084300000, 0x0000000084300000|100%| O|  |TAMS 0x0000000084300000, 0x0000000084200000| Untracked 
|  67|0x0000000084300000, 0x0000000084400000, 0x0000000084400000|100%| O|  |TAMS 0x0000000084400000, 0x0000000084300000| Untracked 
|  68|0x0000000084400000, 0x0000000084500000, 0x0000000084500000|100%| O|  |TAMS 0x0000000084500000, 0x0000000084400000| Untracked 
|  69|0x0000000084500000, 0x0000000084600000, 0x0000000084600000|100%| O|  |TAMS 0x0000000084600000, 0x0000000084500000| Untracked 
|  70|0x0000000084600000, 0x0000000084700000, 0x0000000084700000|100%| O|  |TAMS 0x0000000084700000, 0x0000000084600000| Untracked 
|  71|0x0000000084700000, 0x0000000084800000, 0x0000000084800000|100%| O|  |TAMS 0x0000000084800000, 0x0000000084700000| Untracked 
|  72|0x0000000084800000, 0x0000000084900000, 0x0000000084900000|100%| O|  |TAMS 0x0000000084900000, 0x0000000084800000| Untracked 
|  73|0x0000000084900000, 0x0000000084a00000, 0x0000000084a00000|100%| O|  |TAMS 0x0000000084a00000, 0x0000000084900000| Untracked 
|  74|0x0000000084a00000, 0x0000000084b00000, 0x0000000084b00000|100%| O|  |TAMS 0x0000000084b00000, 0x0000000084a00000| Untracked 
|  75|0x0000000084b00000, 0x0000000084c00000, 0x0000000084c00000|100%| O|  |TAMS 0x0000000084c00000, 0x0000000084b00000| Untracked 
|  76|0x0000000084c00000, 0x0000000084d00000, 0x0000000084d00000|100%| O|  |TAMS 0x0000000084d00000, 0x0000000084c00000| Untracked 
|  77|0x0000000084d00000, 0x0000000084e00000, 0x0000000084e00000|100%| O|  |TAMS 0x0000000084e00000, 0x0000000084d00000| Untracked 
|  78|0x0000000084e00000, 0x0000000084f00000, 0x0000000084f00000|100%| O|  |TAMS 0x0000000084f00000, 0x0000000084e00000| Untracked 
|  79|0x0000000084f00000, 0x0000000085000000, 0x0000000085000000|100%| O|  |TAMS 0x0000000085000000, 0x0000000084f00000| Untracked 
|  80|0x0000000085000000, 0x0000000085100000, 0x0000000085100000|100%| O|  |TAMS 0x0000000085100000, 0x0000000085000000| Untracked 
|  81|0x0000000085100000, 0x0000000085200000, 0x0000000085200000|100%| O|  |TAMS 0x0000000085200000, 0x0000000085100000| Untracked 
|  82|0x0000000085200000, 0x0000000085300000, 0x0000000085300000|100%| O|  |TAMS 0x0000000085300000, 0x0000000085200000| Untracked 
|  83|0x0000000085300000, 0x0000000085400000, 0x0000000085400000|100%| O|  |TAMS 0x0000000085400000, 0x0000000085300000| Untracked 
|  84|0x0000000085400000, 0x0000000085500000, 0x0000000085500000|100%| O|  |TAMS 0x0000000085500000, 0x0000000085400000| Untracked 
|  85|0x0000000085500000, 0x0000000085600000, 0x0000000085600000|100%| O|  |TAMS 0x0000000085600000, 0x0000000085500000| Untracked 
|  86|0x0000000085600000, 0x0000000085700000, 0x0000000085700000|100%| O|  |TAMS 0x0000000085680400, 0x0000000085600000| Untracked 
|  87|0x0000000085700000, 0x0000000085800000, 0x0000000085800000|100%| O|  |TAMS 0x0000000085700000, 0x0000000085700000| Untracked 
|  88|0x0000000085800000, 0x0000000085900000, 0x0000000085900000|100%| O|  |TAMS 0x0000000085800000, 0x0000000085800000| Untracked 
|  89|0x0000000085900000, 0x0000000085932c00, 0x0000000085a00000| 19%| O|  |TAMS 0x0000000085900000, 0x0000000085900000| Untracked 
|  90|0x0000000085a00000, 0x0000000085a00000, 0x0000000085b00000|  0%| F|  |TAMS 0x0000000085a00000, 0x0000000085a00000| Untracked 
|  91|0x0000000085b00000, 0x0000000085b00000, 0x0000000085c00000|  0%| F|  |TAMS 0x0000000085b00000, 0x0000000085b00000| Untracked 
|  92|0x0000000085c00000, 0x0000000085c00000, 0x0000000085d00000|  0%| F|  |TAMS 0x0000000085c00000, 0x0000000085c00000| Untracked 
|  93|0x0000000085d00000, 0x0000000085d00000, 0x0000000085e00000|  0%| F|  |TAMS 0x0000000085d00000, 0x0000000085d00000| Untracked 
|  94|0x0000000085e00000, 0x0000000085e00000, 0x0000000085f00000|  0%| F|  |TAMS 0x0000000085e00000, 0x0000000085e00000| Untracked 
|  95|0x0000000085f00000, 0x0000000085f00000, 0x0000000086000000|  0%| F|  |TAMS 0x0000000085f00000, 0x0000000085f00000| Untracked 
|  96|0x0000000086000000, 0x0000000086000000, 0x0000000086100000|  0%| F|  |TAMS 0x0000000086000000, 0x0000000086000000| Untracked 
|  97|0x0000000086100000, 0x0000000086100000, 0x0000000086200000|  0%| F|  |TAMS 0x0000000086100000, 0x0000000086100000| Untracked 
|  98|0x0000000086200000, 0x0000000086200000, 0x0000000086300000|  0%| F|  |TAMS 0x0000000086200000, 0x0000000086200000| Untracked 
|  99|0x0000000086300000, 0x0000000086300000, 0x0000000086400000|  0%| F|  |TAMS 0x0000000086300000, 0x0000000086300000| Untracked 
| 100|0x0000000086400000, 0x0000000086400000, 0x0000000086500000|  0%| F|  |TAMS 0x0000000086400000, 0x0000000086400000| Untracked 
| 101|0x0000000086500000, 0x0000000086500000, 0x0000000086600000|  0%| F|  |TAMS 0x0000000086500000, 0x0000000086500000| Untracked 
| 102|0x0000000086600000, 0x0000000086600000, 0x0000000086700000|  0%| F|  |TAMS 0x0000000086600000, 0x0000000086600000| Untracked 
| 103|0x0000000086700000, 0x0000000086700000, 0x0000000086800000|  0%| F|  |TAMS 0x0000000086700000, 0x0000000086700000| Untracked 
| 104|0x0000000086800000, 0x0000000086800000, 0x0000000086900000|  0%| F|  |TAMS 0x0000000086800000, 0x0000000086800000| Untracked 
| 105|0x0000000086900000, 0x0000000086900000, 0x0000000086a00000|  0%| F|  |TAMS 0x0000000086900000, 0x0000000086900000| Untracked 
| 106|0x0000000086a00000, 0x0000000086a00000, 0x0000000086b00000|  0%| F|  |TAMS 0x0000000086a00000, 0x0000000086a00000| Untracked 
| 107|0x0000000086b00000, 0x0000000086b00000, 0x0000000086c00000|  0%| F|  |TAMS 0x0000000086b00000, 0x0000000086b00000| Untracked 
| 108|0x0000000086c00000, 0x0000000086cdd500, 0x0000000086d00000| 86%| S|CS|TAMS 0x0000000086c00000, 0x0000000086c00000| Complete 
| 109|0x0000000086d00000, 0x0000000086e00000, 0x0000000086e00000|100%| S|CS|TAMS 0x0000000086d00000, 0x0000000086d00000| Complete 
| 110|0x0000000086e00000, 0x0000000086f00000, 0x0000000086f00000|100%| S|CS|TAMS 0x0000000086e00000, 0x0000000086e00000| Complete 
| 111|0x0000000086f00000, 0x0000000086f00000, 0x0000000087000000|  0%| F|  |TAMS 0x0000000086f00000, 0x0000000086f00000| Untracked 
| 112|0x0000000087000000, 0x0000000087000000, 0x0000000087100000|  0%| F|  |TAMS 0x0000000087000000, 0x0000000087000000| Untracked 
| 113|0x0000000087100000, 0x0000000087100000, 0x0000000087200000|  0%| F|  |TAMS 0x0000000087100000, 0x0000000087100000| Untracked 
| 114|0x0000000087200000, 0x0000000087200000, 0x0000000087300000|  0%| F|  |TAMS 0x0000000087200000, 0x0000000087200000| Untracked 
| 115|0x0000000087300000, 0x0000000087400000, 0x0000000087400000|100%| S|CS|TAMS 0x0000000087300000, 0x0000000087300000| Complete 
| 116|0x0000000087400000, 0x0000000087500000, 0x0000000087500000|100%| S|CS|TAMS 0x0000000087400000, 0x0000000087400000| Complete 
| 117|0x0000000087500000, 0x0000000087500000, 0x0000000087600000|  0%| F|  |TAMS 0x0000000087500000, 0x0000000087500000| Untracked 
| 118|0x0000000087600000, 0x0000000087600000, 0x0000000087700000|  0%| F|  |TAMS 0x0000000087600000, 0x0000000087600000| Untracked 
| 119|0x0000000087700000, 0x0000000087700000, 0x0000000087800000|  0%| F|  |TAMS 0x0000000087700000, 0x0000000087700000| Untracked 
| 120|0x0000000087800000, 0x0000000087800000, 0x0000000087900000|  0%| F|  |TAMS 0x0000000087800000, 0x0000000087800000| Untracked 
| 121|0x0000000087900000, 0x0000000087900000, 0x0000000087a00000|  0%| F|  |TAMS 0x0000000087900000, 0x0000000087900000| Untracked 
| 122|0x0000000087a00000, 0x0000000087a00000, 0x0000000087b00000|  0%| F|  |TAMS 0x0000000087a00000, 0x0000000087a00000| Untracked 
| 123|0x0000000087b00000, 0x0000000087b00000, 0x0000000087c00000|  0%| F|  |TAMS 0x0000000087b00000, 0x0000000087b00000| Untracked 
| 124|0x0000000087c00000, 0x0000000087c00000, 0x0000000087d00000|  0%| F|  |TAMS 0x0000000087c00000, 0x0000000087c00000| Untracked 
| 125|0x0000000087d00000, 0x0000000087d00000, 0x0000000087e00000|  0%| F|  |TAMS 0x0000000087d00000, 0x0000000087d00000| Untracked 
| 126|0x0000000087e00000, 0x0000000087e00000, 0x0000000087f00000|  0%| F|  |TAMS 0x0000000087e00000, 0x0000000087e00000| Untracked 
| 127|0x0000000087f00000, 0x0000000087f00000, 0x0000000088000000|  0%| F|  |TAMS 0x0000000087f00000, 0x0000000087f00000| Untracked 
| 128|0x0000000088000000, 0x0000000088000000, 0x0000000088100000|  0%| F|  |TAMS 0x0000000088000000, 0x0000000088000000| Untracked 
| 129|0x0000000088100000, 0x0000000088100000, 0x0000000088200000|  0%| F|  |TAMS 0x0000000088100000, 0x0000000088100000| Untracked 
| 130|0x0000000088200000, 0x0000000088200000, 0x0000000088300000|  0%| F|  |TAMS 0x0000000088200000, 0x0000000088200000| Untracked 
| 131|0x0000000088300000, 0x0000000088300000, 0x0000000088400000|  0%| F|  |TAMS 0x0000000088300000, 0x0000000088300000| Untracked 
| 132|0x0000000088400000, 0x0000000088400000, 0x0000000088500000|  0%| F|  |TAMS 0x0000000088400000, 0x0000000088400000| Untracked 
| 133|0x0000000088500000, 0x0000000088500000, 0x0000000088600000|  0%| F|  |TAMS 0x0000000088500000, 0x0000000088500000| Untracked 
| 134|0x0000000088600000, 0x0000000088600000, 0x0000000088700000|  0%| F|  |TAMS 0x0000000088600000, 0x0000000088600000| Untracked 
| 135|0x0000000088700000, 0x0000000088700000, 0x0000000088800000|  0%| F|  |TAMS 0x0000000088700000, 0x0000000088700000| Untracked 
| 136|0x0000000088800000, 0x0000000088800000, 0x0000000088900000|  0%| F|  |TAMS 0x0000000088800000, 0x0000000088800000| Untracked 
| 137|0x0000000088900000, 0x0000000088900000, 0x0000000088a00000|  0%| F|  |TAMS 0x0000000088900000, 0x0000000088900000| Untracked 
| 138|0x0000000088a00000, 0x0000000088a00000, 0x0000000088b00000|  0%| F|  |TAMS 0x0000000088a00000, 0x0000000088a00000| Untracked 
| 139|0x0000000088b00000, 0x0000000088b00000, 0x0000000088c00000|  0%| F|  |TAMS 0x0000000088b00000, 0x0000000088b00000| Untracked 
| 140|0x0000000088c00000, 0x0000000088c00000, 0x0000000088d00000|  0%| F|  |TAMS 0x0000000088c00000, 0x0000000088c00000| Untracked 
| 141|0x0000000088d00000, 0x0000000088d00000, 0x0000000088e00000|  0%| F|  |TAMS 0x0000000088d00000, 0x0000000088d00000| Untracked 
| 142|0x0000000088e00000, 0x0000000088e00000, 0x0000000088f00000|  0%| F|  |TAMS 0x0000000088e00000, 0x0000000088e00000| Untracked 
| 143|0x0000000088f00000, 0x0000000088f00000, 0x0000000089000000|  0%| F|  |TAMS 0x0000000088f00000, 0x0000000088f00000| Untracked 
| 144|0x0000000089000000, 0x0000000089000000, 0x0000000089100000|  0%| F|  |TAMS 0x0000000089000000, 0x0000000089000000| Untracked 
| 145|0x0000000089100000, 0x0000000089100000, 0x0000000089200000|  0%| F|  |TAMS 0x0000000089100000, 0x0000000089100000| Untracked 
| 146|0x0000000089200000, 0x0000000089200000, 0x0000000089300000|  0%| F|  |TAMS 0x0000000089200000, 0x0000000089200000| Untracked 
| 147|0x0000000089300000, 0x0000000089300000, 0x0000000089400000|  0%| F|  |TAMS 0x0000000089300000, 0x0000000089300000| Untracked 
| 148|0x0000000089400000, 0x0000000089400000, 0x0000000089500000|  0%| F|  |TAMS 0x0000000089400000, 0x0000000089400000| Untracked 
| 149|0x0000000089500000, 0x0000000089500000, 0x0000000089600000|  0%| F|  |TAMS 0x0000000089500000, 0x0000000089500000| Untracked 
| 150|0x0000000089600000, 0x0000000089600000, 0x0000000089700000|  0%| F|  |TAMS 0x0000000089600000, 0x0000000089600000| Untracked 
| 151|0x0000000089700000, 0x0000000089700000, 0x0000000089800000|  0%| F|  |TAMS 0x0000000089700000, 0x0000000089700000| Untracked 
| 152|0x0000000089800000, 0x0000000089803c68, 0x0000000089900000|  1%| E|  |TAMS 0x0000000089800000, 0x0000000089800000| Complete 
| 153|0x0000000089900000, 0x0000000089a00000, 0x0000000089a00000|100%| E|CS|TAMS 0x0000000089900000, 0x0000000089900000| Complete 

Card table byte_map: [0x000001d61a370000,0x000001d61a770000] _byte_map_base: 0x000001d619f70000

Marking Bits (Prev, Next): (CMBitMap*) 0x000001d6074bf0a8, (CMBitMap*) 0x000001d6074bf0e0
 Prev Bits: [0x000001d61ab70000, 0x000001d61cb70000)
 Next Bits: [0x000001d61cb70000, 0x000001d61eb70000)

Polling page: 0x000001d605390000

Metaspace:

Usage:
  Non-class:     71.55 MB capacity,    70.01 MB ( 98%) used,     1.32 MB (  2%) free+waste,   224.19 KB ( <1%) overhead. 
      Class:     11.38 MB capacity,    10.56 MB ( 93%) used,   738.91 KB (  6%) free+waste,   105.25 KB ( <1%) overhead. 
       Both:     82.93 MB capacity,    80.56 MB ( 97%) used,     2.04 MB (  2%) free+waste,   329.44 KB ( <1%) overhead. 

Virtual space:
  Non-class space:       72.00 MB reserved,      71.65 MB (>99%) committed 
      Class space:        1.00 GB reserved,      11.50 MB (  1%) committed 
             Both:        1.07 GB reserved,      83.15 MB (  8%) committed 

Chunk freelists:
   Non-Class:  36.00 KB
       Class:  27.00 KB
        Both:  63.00 KB

MaxMetaspaceSize: 17179869184.00 GB
CompressedClassSpaceSize: 1.00 GB

CodeHeap 'non-profiled nmethods': size=120064Kb used=5781Kb max_used=5781Kb free=114283Kb
 bounds [0x000001d612a30000, 0x000001d612fe0000, 0x000001d619f70000]
CodeHeap 'profiled nmethods': size=120000Kb used=18394Kb max_used=18394Kb free=101605Kb
 bounds [0x000001d60b500000, 0x000001d60c700000, 0x000001d612a30000]
CodeHeap 'non-nmethods': size=5696Kb used=2315Kb max_used=2331Kb free=3380Kb
 bounds [0x000001d60af70000, 0x000001d60b1e0000, 0x000001d60b500000]
 total_blobs=9199 nmethods=8320 adapters=788
 compilation: enabled
              stopped_count=0, restarted_count=0
 full_count=0

Compilation events (20 events):
Event: 20.072 Thread 0x000001d621078800 8370       1       com.android.build.gradle.internal.lint.SourceProviderInput_Decorated::getModelIdentityDisplayName (5 bytes)
Event: 20.072 Thread 0x000001d621078800 nmethod 8370 0x000001d612fd4e10 code [0x000001d612fd4fc0, 0x000001d612fd5078]
Event: 20.073 Thread 0x000001d621078800 8371       3       org.gradle.api.internal.file.collections.DefaultConfigurableFileCollection::disallowChanges (6 bytes)
Event: 20.073 Thread 0x000001d621078800 nmethod 8371 0x000001d60c6f1e10 code [0x000001d60c6f1fc0, 0x000001d60c6f20b8]
Event: 20.073 Thread 0x000001d621078800 8372       3       org.gradle.api.internal.artifacts.configurations.DefaultConfiguration$ConfigurationFileCollection::<init> (44 bytes)
Event: 20.074 Thread 0x000001d621078800 nmethod 8372 0x000001d60c6f2190 code [0x000001d60c6f2360, 0x000001d60c6f27d8]
Event: 20.074 Thread 0x000001d621078800 8373       3       com.android.build.gradle.internal.dependency.VariantDependencies::getArtifactCollectionForToolingModel (30 bytes)
Event: 20.074 Thread 0x000001d621078800 nmethod 8373 0x000001d60c6f2910 code [0x000001d60c6f2c40, 0x000001d60c6f3b48]
Event: 20.075 Thread 0x000001d621078800 8374       1       org.gradle.api.internal.plugins.DefaultPluginManager::getPluginContainer (5 bytes)
Event: 20.075 Thread 0x000001d621078800 nmethod 8374 0x000001d612fd5110 code [0x000001d612fd52c0, 0x000001d612fd5378]
Event: 20.077 Thread 0x000001d621078800 8375       3       org.gradle.internal.instantiation.generator.ManagedObjectFactory::applyRole (12 bytes)
Event: 20.077 Thread 0x000001d621078800 nmethod 8375 0x000001d60c6f4090 code [0x000001d60c6f4280, 0x000001d60c6f4728]
Event: 20.077 Thread 0x000001d621078800 8376       3       org.gradle.api.internal.provider.AbstractProperty::attachProducer (94 bytes)
Event: 20.078 Thread 0x000001d621078800 nmethod 8376 0x000001d60c6f4890 code [0x000001d60c6f4b00, 0x000001d60c6f54b8]
Event: 20.078 Thread 0x000001d621078800 8378       3       org.gradle.internal.typeconversion.NotationParserBuilder::typeDisplayName (7 bytes)
Event: 20.078 Thread 0x000001d621078800 nmethod 8378 0x000001d60c6f5710 code [0x000001d60c6f58c0, 0x000001d60c6f5a18]
Event: 20.078 Thread 0x000001d621078800 8379       3       org.gradle.internal.typeconversion.NotationParserBuilder::noImplicitConverters (7 bytes)
Event: 20.078 Thread 0x000001d621078800 nmethod 8379 0x000001d60c6f5a90 code [0x000001d60c6f5c40, 0x000001d60c6f5d38]
Event: 20.078 Thread 0x000001d621078800 8380       3       org.gradle.api.internal.file.AbstractFileResolver::<init> (12 bytes)
Event: 20.079 Thread 0x000001d621078800 nmethod 8380 0x000001d60c6f5e10 code [0x000001d60c6f6060, 0x000001d60c6f68a8]

GC Heap History (20 events):
Event: 9.821 GC heap before
{Heap before GC invocations=13 (full 0):
 garbage-first heap   total 157696K, used 95083K [0x0000000080000000, 0x0000000100000000)
  region size 1024K, 32 young (32768K), 8 survivors (8192K)
 Metaspace       used 58382K, capacity 60109K, committed 60160K, reserved 1101824K
  class space    used 7449K, capacity 8024K, committed 8064K, reserved 1048576K
}
Event: 9.829 GC heap after
{Heap after GC invocations=14 (full 0):
 garbage-first heap   total 157696K, used 73303K [0x0000000080000000, 0x0000000100000000)
  region size 1024K, 2 young (2048K), 2 survivors (2048K)
 Metaspace       used 58382K, capacity 60109K, committed 60160K, reserved 1101824K
  class space    used 7449K, capacity 8024K, committed 8064K, reserved 1048576K
}
Event: 10.528 GC heap before
{Heap before GC invocations=15 (full 0):
 garbage-first heap   total 157696K, used 112215K [0x0000000080000000, 0x0000000100000000)
  region size 1024K, 41 young (41984K), 2 survivors (2048K)
 Metaspace       used 63056K, capacity 64874K, committed 65176K, reserved 1105920K
  class space    used 8053K, capacity 8649K, committed 8704K, reserved 1048576K
}
Event: 10.535 GC heap after
{Heap after GC invocations=16 (full 0):
 garbage-first heap   total 157696K, used 76083K [0x0000000080000000, 0x0000000100000000)
  region size 1024K, 5 young (5120K), 5 survivors (5120K)
 Metaspace       used 63056K, capacity 64874K, committed 65176K, reserved 1105920K
  class space    used 8053K, capacity 8649K, committed 8704K, reserved 1048576K
}
Event: 10.915 GC heap before
{Heap before GC invocations=17 (full 0):
 garbage-first heap   total 157696K, used 101683K [0x0000000080000000, 0x0000000100000000)
  region size 1024K, 31 young (31744K), 5 survivors (5120K)
 Metaspace       used 65631K, capacity 67445K, committed 67608K, reserved 1107968K
  class space    used 8379K, capacity 8967K, committed 9088K, reserved 1048576K
}
Event: 10.922 GC heap after
{Heap after GC invocations=18 (full 0):
 garbage-first heap   total 157696K, used 78159K [0x0000000080000000, 0x0000000100000000)
  region size 1024K, 3 young (3072K), 3 survivors (3072K)
 Metaspace       used 65631K, capacity 67445K, committed 67608K, reserved 1107968K
  class space    used 8379K, capacity 8967K, committed 9088K, reserved 1048576K
}
Event: 12.588 GC heap before
{Heap before GC invocations=19 (full 0):
 garbage-first heap   total 157696K, used 120143K [0x0000000080000000, 0x0000000100000000)
  region size 1024K, 43 young (44032K), 3 survivors (3072K)
 Metaspace       used 66691K, capacity 68633K, committed 68760K, reserved 1110016K
  class space    used 8546K, capacity 9184K, committed 9216K, reserved 1048576K
}
Event: 12.596 GC heap after
{Heap after GC invocations=20 (full 0):
 garbage-first heap   total 157696K, used 81363K [0x0000000080000000, 0x0000000100000000)
  region size 1024K, 6 young (6144K), 6 survivors (6144K)
 Metaspace       used 66691K, capacity 68633K, committed 68760K, reserved 1110016K
  class space    used 8546K, capacity 9184K, committed 9216K, reserved 1048576K
}
Event: 14.272 GC heap before
{Heap before GC invocations=20 (full 0):
 garbage-first heap   total 157696K, used 121299K [0x0000000080000000, 0x0000000100000000)
  region size 1024K, 45 young (46080K), 6 survivors (6144K)
 Metaspace       used 71505K, capacity 73462K, committed 73624K, reserved 1114112K
  class space    used 9308K, capacity 9980K, committed 9984K, reserved 1048576K
}
Event: 14.286 GC heap after
{Heap after GC invocations=21 (full 0):
 garbage-first heap   total 157696K, used 83669K [0x0000000080000000, 0x0000000100000000)
  region size 1024K, 3 young (3072K), 3 survivors (3072K)
 Metaspace       used 71505K, capacity 73462K, committed 73624K, reserved 1114112K
  class space    used 9308K, capacity 9980K, committed 9984K, reserved 1048576K
}
Event: 14.977 GC heap before
{Heap before GC invocations=22 (full 0):
 garbage-first heap   total 157696K, used 124629K [0x0000000080000000, 0x0000000100000000)
  region size 1024K, 43 young (44032K), 3 survivors (3072K)
 Metaspace       used 72346K, capacity 74287K, committed 74520K, reserved 1114112K
  class space    used 9431K, capacity 10105K, committed 10112K, reserved 1048576K
}
Event: 14.985 GC heap after
{Heap after GC invocations=23 (full 0):
 garbage-first heap   total 157696K, used 86305K [0x0000000080000000, 0x0000000100000000)
  region size 1024K, 5 young (5120K), 5 survivors (5120K)
 Metaspace       used 72346K, capacity 74287K, committed 74520K, reserved 1114112K
  class space    used 9431K, capacity 10105K, committed 10112K, reserved 1048576K
}
Event: 17.105 GC heap before
{Heap before GC invocations=23 (full 0):
 garbage-first heap   total 157696K, used 126241K [0x0000000080000000, 0x0000000100000000)
  region size 1024K, 44 young (45056K), 5 survivors (5120K)
 Metaspace       used 75701K, capacity 77865K, committed 78104K, reserved 1116160K
  class space    used 9892K, capacity 10588K, committed 10624K, reserved 1048576K
}
Event: 17.116 GC heap after
{Heap after GC invocations=24 (full 0):
 garbage-first heap   total 157696K, used 88622K [0x0000000080000000, 0x0000000100000000)
  region size 1024K, 6 young (6144K), 6 survivors (6144K)
 Metaspace       used 75701K, capacity 77865K, committed 78104K, reserved 1116160K
  class space    used 9892K, capacity 10588K, committed 10624K, reserved 1048576K
}
Event: 17.992 GC heap before
{Heap before GC invocations=25 (full 0):
 garbage-first heap   total 157696K, used 127534K [0x0000000080000000, 0x0000000100000000)
  region size 1024K, 44 young (45056K), 6 survivors (6144K)
 Metaspace       used 77730K, capacity 79982K, committed 80280K, reserved 1118208K
  class space    used 10153K, capacity 10946K, committed 11008K, reserved 1048576K
}
Event: 18.003 GC heap after
{Heap after GC invocations=26 (full 0):
 garbage-first heap   total 157696K, used 91391K [0x0000000080000000, 0x0000000100000000)
  region size 1024K, 5 young (5120K), 5 survivors (5120K)
 Metaspace       used 77730K, capacity 79982K, committed 80280K, reserved 1118208K
  class space    used 10153K, capacity 10946K, committed 11008K, reserved 1048576K
}
Event: 19.506 GC heap before
{Heap before GC invocations=26 (full 0):
 garbage-first heap   total 157696K, used 130303K [0x0000000080000000, 0x0000000100000000)
  region size 1024K, 43 young (44032K), 5 survivors (5120K)
 Metaspace       used 79827K, capacity 82168K, committed 82456K, reserved 1120256K
  class space    used 10469K, capacity 11298K, committed 11392K, reserved 1048576K
}
Event: 19.516 GC heap after
{Heap after GC invocations=27 (full 0):
 garbage-first heap   total 157696K, used 93342K [0x0000000080000000, 0x0000000100000000)
  region size 1024K, 5 young (5120K), 5 survivors (5120K)
 Metaspace       used 79827K, capacity 82168K, committed 82456K, reserved 1120256K
  class space    used 10469K, capacity 11298K, committed 11392K, reserved 1048576K
}
Event: 20.058 GC heap before
{Heap before GC invocations=28 (full 0):
 garbage-first heap   total 157696K, used 131230K [0x0000000080000000, 0x0000000100000000)
  region size 1024K, 42 young (43008K), 5 survivors (5120K)
 Metaspace       used 82473K, capacity 84851K, committed 85144K, reserved 1122304K
  class space    used 10808K, capacity 11652K, committed 11776K, reserved 1048576K
}
Event: 20.066 GC heap after
{Heap after GC invocations=29 (full 0):
 garbage-first heap   total 157696K, used 96320K [0x0000000080000000, 0x0000000100000000)
  region size 1024K, 5 young (5120K), 5 survivors (5120K)
 Metaspace       used 82473K, capacity 84851K, committed 85144K, reserved 1122304K
  class space    used 10808K, capacity 11652K, committed 11776K, reserved 1048576K
}

Deoptimization events (20 events):
Event: 19.707 Thread 0x000001d623d3d800 Uncommon trap: trap_request=0xfffffff4 fr.pc=0x000001d612fb4b80 relative=0x0000000000000160
Event: 19.707 Thread 0x000001d623d3d800 Uncommon trap: reason=null_check action=make_not_entrant pc=0x000001d612fb4b80 method=org.gradle.internal.instantiation.generator.AbstractClassGenerator.isPropertyType(Ljava/lang/Class;)Z @ 12 c2
Event: 19.707 Thread 0x000001d623d3d800 DEOPT PACKING pc=0x000001d612fb4b80 sp=0x000000d57f8f84d0
Event: 19.707 Thread 0x000001d623d3d800 DEOPT UNPACKING pc=0x000001d60af978af sp=0x000000d57f8f8480 mode 2
Event: 19.720 Thread 0x000001d623d3d800 Uncommon trap: trap_request=0xfffffff4 fr.pc=0x000001d612fb5280 relative=0x0000000000000160
Event: 19.720 Thread 0x000001d623d3d800 Uncommon trap: reason=null_check action=make_not_entrant pc=0x000001d612fb5280 method=org.gradle.internal.instantiation.generator.AbstractClassGenerator.isPropertyType(Ljava/lang/Class;)Z @ 21 c2
Event: 19.720 Thread 0x000001d623d3d800 DEOPT PACKING pc=0x000001d612fb5280 sp=0x000000d57f8f84e0
Event: 19.720 Thread 0x000001d623d3d800 DEOPT UNPACKING pc=0x000001d60af978af sp=0x000000d57f8f8480 mode 2
Event: 19.759 Thread 0x000001d623d3d800 Uncommon trap: trap_request=0xfffffff4 fr.pc=0x000001d612fbade0 relative=0x00000000000007e0
Event: 19.759 Thread 0x000001d623d3d800 Uncommon trap: reason=null_check action=make_not_entrant pc=0x000001d612fbade0 method=org.gradle.internal.instantiation.generator.AbstractClassGenerator$DslMixInPropertyType.visitProperty(Lorg/gradle/internal/instantiation/generator/AbstractClassGenerator
Event: 19.759 Thread 0x000001d623d3d800 DEOPT PACKING pc=0x000001d612fbade0 sp=0x000000d57f8f85e0
Event: 19.759 Thread 0x000001d623d3d800 DEOPT UNPACKING pc=0x000001d60af978af sp=0x000000d57f8f85b8 mode 2
Event: 19.816 Thread 0x000001d623d3d800 DEOPT PACKING pc=0x000001d60c466767 sp=0x000000d57f8f87e0
Event: 19.816 Thread 0x000001d623d3d800 DEOPT UNPACKING pc=0x000001d60af976ce sp=0x000000d57f8f7d40 mode 0
Event: 19.988 Thread 0x000001d623d3d800 Uncommon trap: trap_request=0xffffff4d fr.pc=0x000001d612f955a0 relative=0x00000000000001e0
Event: 19.988 Thread 0x000001d623d3d800 Uncommon trap: reason=unstable_if action=reinterpret pc=0x000001d612f955a0 method=org.gradle.internal.instantiation.generator.AbstractClassGenerator.isNameProperty(Lorg/gradle/internal/instantiation/generator/AbstractClassGenerator$PropertyMetadata;)Z @ 2
Event: 19.988 Thread 0x000001d623d3d800 DEOPT PACKING pc=0x000001d612f955a0 sp=0x000000d57f8f80e0
Event: 19.988 Thread 0x000001d623d3d800 DEOPT UNPACKING pc=0x000001d60af978af sp=0x000000d57f8f8070 mode 2
Event: 20.046 Thread 0x000001d623d3d800 DEOPT PACKING pc=0x000001d60c5c48bb sp=0x000000d57f8f7910
Event: 20.046 Thread 0x000001d623d3d800 DEOPT UNPACKING pc=0x000001d60af976ce sp=0x000000d57f8f6e50 mode 0

Classes redefined (0 events):
No events

Internal exceptions (20 events):
Event: 18.029 Thread 0x000001d623d3d800 Exception <a 'java/lang/ClassNotFoundException'{0x0000000089744fb0}: org/gradle/api/AntBuilderCustomizer> (0x0000000089744fb0) thrown at [./src/hotspot/share/classfile/systemDictionary.cpp, line 231]
Event: 18.030 Thread 0x000001d623d3d800 Exception <a 'java/lang/ClassNotFoundException'{0x00000000897679f8}: org/gradle/api/internal/project/ant/BasicAntBuilderCustomizer> (0x00000000897679f8) thrown at [./src/hotspot/share/classfile/systemDictionary.cpp, line 231]
Event: 18.031 Thread 0x000001d623d3d800 Exception <a 'java/lang/ClassNotFoundException'{0x00000000897918d0}: org/gradle/api/internal/project/DefaultAntBuilderCustomizer> (0x00000000897918d0) thrown at [./src/hotspot/share/classfile/systemDictionary.cpp, line 231]
Event: 19.181 Thread 0x000001d623d3d800 Implicit null exception at 0x000001d612eea851 to 0x000001d612eebd94
Event: 19.447 Thread 0x000001d623d3d800 Exception <a 'java/lang/NoSuchMethodError'{0x0000000087abb3c8}: 'java.lang.Object java.lang.invoke.Invokers$Holder.linkToTargetMethod(java.lang.Object, int, int, java.lang.Object)'> (0x0000000087abb3c8) thrown at [./src/hotspot/share/interpreter/linkResolver.cpp, line 773]
Event: 19.452 Thread 0x000001d623d3d800 Exception <a 'java/lang/ClassNotFoundException'{0x000000008795dc38}: com/android/build/gradle/tasks/MergeResources_DecoratedBeanInfo> (0x000000008795dc38) thrown at [./src/hotspot/share/classfile/systemDictionary.cpp, line 231]
Event: 19.452 Thread 0x000001d623d3d800 Exception <a 'java/lang/ClassNotFoundException'{0x0000000087978290}: com/android/build/gradle/tasks/MergeResourcesBeanInfo> (0x0000000087978290) thrown at [./src/hotspot/share/classfile/systemDictionary.cpp, line 231]
Event: 19.452 Thread 0x000001d623d3d800 Exception <a 'java/lang/ClassNotFoundException'{0x0000000087994948}: com/android/build/gradle/internal/tasks/NewIncrementalTaskBeanInfo> (0x0000000087994948) thrown at [./src/hotspot/share/classfile/systemDictionary.cpp, line 231]
Event: 19.453 Thread 0x000001d623d3d800 Exception <a 'java/lang/ClassNotFoundException'{0x00000000879b1038}: com/android/build/gradle/internal/tasks/AndroidVariantTaskBeanInfo> (0x00000000879b1038) thrown at [./src/hotspot/share/classfile/systemDictionary.cpp, line 231]
Event: 19.453 Thread 0x000001d623d3d800 Exception <a 'java/lang/ClassNotFoundException'{0x00000000879cbc48}: com/android/build/gradle/internal/tasks/BaseTaskBeanInfo> (0x00000000879cbc48) thrown at [./src/hotspot/share/classfile/systemDictionary.cpp, line 231]
Event: 19.454 Thread 0x000001d623d3d800 Exception <a 'java/lang/ClassNotFoundException'{0x00000000879e7050}: com/android/build/gradle/internal/tasks/BaseTaskCustomizer> (0x00000000879e7050) thrown at [./src/hotspot/share/classfile/systemDictionary.cpp, line 231]
Event: 19.454 Thread 0x000001d623d3d800 Exception <a 'java/lang/ClassNotFoundException'{0x0000000087814d50}: com/android/build/gradle/internal/tasks/AndroidVariantTaskCustomizer> (0x0000000087814d50) thrown at [./src/hotspot/share/classfile/systemDictionary.cpp, line 231]
Event: 19.455 Thread 0x000001d623d3d800 Exception <a 'java/lang/ClassNotFoundException'{0x00000000878408b8}: com/android/build/gradle/internal/tasks/NewIncrementalTaskCustomizer> (0x00000000878408b8) thrown at [./src/hotspot/share/classfile/systemDictionary.cpp, line 231]
Event: 19.455 Thread 0x000001d623d3d800 Exception <a 'java/lang/ClassNotFoundException'{0x0000000087869588}: com/android/build/gradle/tasks/MergeResourcesCustomizer> (0x0000000087869588) thrown at [./src/hotspot/share/classfile/systemDictionary.cpp, line 231]
Event: 19.463 Thread 0x000001d623d3d800 Exception <a 'java/lang/ClassNotFoundException'{0x00000000878bf3b8}: com/android/build/gradle/tasks/MergeResources_DecoratedCustomizer> (0x00000000878bf3b8) thrown at [./src/hotspot/share/classfile/systemDictionary.cpp, line 231]
Event: 19.677 Thread 0x000001d623d3d800 Implicit null exception at 0x000001d612fb2eb0 to 0x000001d612fb2f88
Event: 19.707 Thread 0x000001d623d3d800 Implicit null exception at 0x000001d612fb4a39 to 0x000001d612fb4b71
Event: 19.720 Thread 0x000001d623d3d800 Implicit null exception at 0x000001d612fb5139 to 0x000001d612fb5271
Event: 19.759 Thread 0x000001d623d3d800 Implicit null exception at 0x000001d612fba66e to 0x000001d612fbadcc
Event: 20.080 Thread 0x000001d623d3d800 Implicit null exception at 0x000001d60c69a392 to 0x0000000000000000

Events (20 events):
Event: 20.032 loading class com/android/build/gradle/options/StringOption
Event: 20.032 loading class com/android/build/gradle/options/StringOption done
Event: 20.032 loading class com/android/build/gradle/options/ProjectOptions
Event: 20.032 loading class com/android/build/gradle/options/ProjectOptions done
Event: 20.033 loading class com/android/build/gradle/internal/lint/AndroidLintTask$Companion
Event: 20.033 loading class com/android/build/gradle/internal/lint/AndroidLintTask$Companion done
Event: 20.037 loading class com/android/build/gradle/internal/lint/AndroidLintTask$initializeGlobalInputs$1
Event: 20.037 loading class com/android/build/gradle/internal/lint/AndroidLintTask$initializeGlobalInputs$1 done
Event: 20.038 loading class com/android/build/gradle/internal/lint/AndroidLintTask$initializeGlobalInputs$2
Event: 20.038 loading class com/android/build/gradle/internal/lint/AndroidLintTask$initializeGlobalInputs$2 done
Event: 20.039 loading class com/android/build/gradle/internal/lint/AndroidLintTask$initializeGlobalInputs$globalLintJarsInPrefsDir$1
Event: 20.039 loading class com/android/build/gradle/internal/lint/AndroidLintTask$initializeGlobalInputs$globalLintJarsInPrefsDir$1 done
Event: 20.040 loading class com/android/build/gradle/internal/lint/AndroidLintTask$initializeGlobalInputs$globalLintJarsFromEnvVariable$1
Event: 20.040 loading class com/android/build/gradle/internal/lint/AndroidLintTask$initializeGlobalInputs$globalLintJarsFromEnvVariable$1 done
Event: 20.042 loading class com/android/build/gradle/internal/lint/AndroidLintTask$VariantCreationAction$configure$1
Event: 20.042 loading class com/android/build/gradle/internal/lint/AndroidLintTask$VariantCreationAction$configure$1 done
Event: 20.052 loading class com/android/build/gradle/internal/lint/AndroidLintTask$VariantCreationAction$configure$5
Event: 20.052 loading class com/android/build/gradle/internal/lint/AndroidLintTask$VariantCreationAction$configure$5 done
Event: 20.058 Executing VM operation: G1CollectForAllocation
Event: 20.066 Executing VM operation: G1CollectForAllocation done


Dynamic libraries:
0x00007ff70b8b0000 - 0x00007ff70b8ba000 	C:\Program Files\Android\Android Studio\jre\bin\java.exe
0x00007ff8a69f0000 - 0x00007ff8a6be5000 	C:\WINDOWS\SYSTEM32\ntdll.dll
0x00007ff8a4a40000 - 0x00007ff8a4afe000 	C:\WINDOWS\System32\KERNEL32.DLL
0x00007ff8a43d0000 - 0x00007ff8a4699000 	C:\WINDOWS\System32\KERNELBASE.dll
0x00007ff8a4190000 - 0x00007ff8a4290000 	C:\WINDOWS\System32\ucrtbase.dll
0x00007ff899df0000 - 0x00007ff899e07000 	C:\Program Files\Android\Android Studio\jre\bin\VCRUNTIME140.dll
0x00007ff883800000 - 0x00007ff883819000 	C:\Program Files\Android\Android Studio\jre\bin\jli.dll
0x00007ff899050000 - 0x00007ff8992ea000 	C:\WINDOWS\WinSxS\amd64_microsoft.windows.common-controls_6595b64144ccf1df_6.0.19041.1110_none_60b5254171f9507e\COMCTL32.dll
0x00007ff8a5d40000 - 0x00007ff8a5ee1000 	C:\WINDOWS\System32\USER32.dll
0x00007ff8a61d0000 - 0x00007ff8a626e000 	C:\WINDOWS\System32\msvcrt.dll
0x00007ff8a4290000 - 0x00007ff8a42b2000 	C:\WINDOWS\System32\win32u.dll
0x00007ff8a6980000 - 0x00007ff8a69ab000 	C:\WINDOWS\System32\GDI32.dll
0x00007ff8a42c0000 - 0x00007ff8a43cb000 	C:\WINDOWS\System32\gdi32full.dll
0x00007ff8a4700000 - 0x00007ff8a479d000 	C:\WINDOWS\System32\msvcp_win.dll
0x00007ff8a4e50000 - 0x00007ff8a4e80000 	C:\WINDOWS\System32\IMM32.DLL
0x00007ff883760000 - 0x00007ff8837fd000 	C:\Program Files\Android\Android Studio\jre\bin\msvcp140.dll
0x00007ff8694b0000 - 0x00007ff869f7f000 	C:\Program Files\Android\Android Studio\jre\bin\server\jvm.dll
0x00007ff8a4fd0000 - 0x00007ff8a507c000 	C:\WINDOWS\System32\ADVAPI32.dll
0x00007ff8a4f30000 - 0x00007ff8a4fcb000 	C:\WINDOWS\System32\sechost.dll
0x00007ff8a63c0000 - 0x00007ff8a64ea000 	C:\WINDOWS\System32\RPCRT4.dll
0x00007ff8a5cb0000 - 0x00007ff8a5cb8000 	C:\WINDOWS\System32\PSAPI.DLL
0x00007ff899500000 - 0x00007ff899527000 	C:\WINDOWS\SYSTEM32\WINMM.dll
0x00007ff88d350000 - 0x00007ff88d359000 	C:\WINDOWS\SYSTEM32\WSOCK32.dll
0x00007ff89c830000 - 0x00007ff89c83a000 	C:\WINDOWS\SYSTEM32\VERSION.dll
0x00007ff8a5cc0000 - 0x00007ff8a5d2b000 	C:\WINDOWS\System32\WS2_32.dll
0x00007ff8a21b0000 - 0x00007ff8a21c2000 	C:\WINDOWS\SYSTEM32\kernel.appcore.dll
0x00007ff891b50000 - 0x00007ff891b61000 	C:\Program Files\Android\Android Studio\jre\bin\verify.dll
0x00007ff88b500000 - 0x00007ff88b6e4000 	C:\WINDOWS\SYSTEM32\DBGHELP.DLL
0x00007ff88b400000 - 0x00007ff88b42c000 	C:\WINDOWS\SYSTEM32\dbgcore.DLL
0x00007ff8a4850000 - 0x00007ff8a48d3000 	C:\WINDOWS\System32\bcryptPrimitives.dll
0x00007ff88d870000 - 0x00007ff88d899000 	C:\Program Files\Android\Android Studio\jre\bin\java.dll
0x00007ff89f950000 - 0x00007ff89f95b000 	C:\Program Files\Android\Android Studio\jre\bin\jimage.dll
0x00007ff88d810000 - 0x00007ff88d828000 	C:\Program Files\Android\Android Studio\jre\bin\zip.dll
0x00007ff8a50e0000 - 0x00007ff8a581f000 	C:\WINDOWS\System32\SHELL32.dll
0x00007ff8a21f0000 - 0x00007ff8a2980000 	C:\WINDOWS\SYSTEM32\windows.storage.dll
0x00007ff8a64f0000 - 0x00007ff8a6845000 	C:\WINDOWS\System32\combase.dll
0x00007ff8a3b60000 - 0x00007ff8a3b8c000 	C:\WINDOWS\SYSTEM32\Wldp.dll
0x00007ff8a4e80000 - 0x00007ff8a4f2d000 	C:\WINDOWS\System32\SHCORE.dll
0x00007ff8a4b00000 - 0x00007ff8a4b55000 	C:\WINDOWS\System32\shlwapi.dll
0x00007ff8a4050000 - 0x00007ff8a406f000 	C:\WINDOWS\SYSTEM32\profapi.dll
0x00007ff88d770000 - 0x00007ff88d78a000 	C:\Program Files\Android\Android Studio\jre\bin\net.dll
0x00007ff891d00000 - 0x00007ff891e08000 	C:\WINDOWS\SYSTEM32\WINHTTP.dll
0x00007ff8a3850000 - 0x00007ff8a38ba000 	C:\WINDOWS\system32\mswsock.dll
0x00007ff8842e0000 - 0x00007ff8842f4000 	C:\Program Files\Android\Android Studio\jre\bin\nio.dll
0x00007ff89dc90000 - 0x00007ff89dcb7000 	C:\Users\chieudepzaj\.gradle\native\e1d6ef7f7dcc3fd88c89a11ec53ec762bb8ba0a96d01ffa2cd45eb1d1d8dd5c5\windows-amd64\native-platform.dll
0x00007ff867ee0000 - 0x00007ff868024000 	C:\Users\chieudepzaj\.gradle\native\5664cfc778a61ccfe75a443a1ab52a65af34e5dc3c78e0209fed803814484fcb\windows-amd64\native-platform-file-events.dll
0x00007ff89f0b0000 - 0x00007ff89f0ba000 	C:\Program Files\Android\Android Studio\jre\bin\management.dll
0x00007ff89ec40000 - 0x00007ff89ec4c000 	C:\Program Files\Android\Android Studio\jre\bin\management_ext.dll
0x00007ff8a3ab0000 - 0x00007ff8a3ac8000 	C:\WINDOWS\SYSTEM32\CRYPTSP.dll
0x00007ff8a3170000 - 0x00007ff8a31a4000 	C:\WINDOWS\system32\rsaenh.dll
0x00007ff8a4110000 - 0x00007ff8a4137000 	C:\WINDOWS\System32\bcrypt.dll
0x00007ff8a4010000 - 0x00007ff8a403e000 	C:\WINDOWS\SYSTEM32\USERENV.dll
0x00007ff8a3ad0000 - 0x00007ff8a3adc000 	C:\WINDOWS\SYSTEM32\CRYPTBASE.dll
0x00007ff8a3540000 - 0x00007ff8a357b000 	C:\WINDOWS\SYSTEM32\IPHLPAPI.DLL
0x00007ff8a5d30000 - 0x00007ff8a5d38000 	C:\WINDOWS\System32\NSI.dll
0x00007ff89df20000 - 0x00007ff89df37000 	C:\WINDOWS\SYSTEM32\dhcpcsvc6.DLL
0x00007ff89df00000 - 0x00007ff89df1d000 	C:\WINDOWS\SYSTEM32\dhcpcsvc.DLL
0x00007ff8a3580000 - 0x00007ff8a364c000 	C:\WINDOWS\SYSTEM32\DNSAPI.dll

dbghelp: loaded successfully - version: 4.0.5 - missing functions: none
symbol engine: initialized successfully - sym options: 0x614 - pdb path: .;C:\Program Files\Android\Android Studio\jre\bin;C:\WINDOWS\SYSTEM32;C:\WINDOWS\WinSxS\amd64_microsoft.windows.common-controls_6595b64144ccf1df_6.0.19041.1110_none_60b5254171f9507e;C:\Program Files\Android\Android Studio\jre\bin\server;C:\Users\chieudepzaj\.gradle\native\e1d6ef7f7dcc3fd88c89a11ec53ec762bb8ba0a96d01ffa2cd45eb1d1d8dd5c5\windows-amd64;C:\Users\chieudepzaj\.gradle\native\5664cfc778a61ccfe75a443a1ab52a65af34e5dc3c78e0209fed803814484fcb\windows-amd64

VM Arguments:
jvm_args: --add-opens=java.base/java.util=ALL-UNNAMED --add-opens=java.base/java.lang=ALL-UNNAMED --add-opens=java.base/java.lang.invoke=ALL-UNNAMED --add-opens=java.base/java.util=ALL-UNNAMED --add-opens=java.prefs/java.util.prefs=ALL-UNNAMED --add-opens=java.prefs/java.util.prefs=ALL-UNNAMED --add-opens=java.base/java.nio.charset=ALL-UNNAMED --add-opens=java.base/java.net=ALL-UNNAMED --add-opens=java.base/java.util.concurrent.atomic=ALL-UNNAMED -Xmx2048m -Dfile.encoding=UTF-8 -Duser.country=US -Duser.language=en -Duser.variant 
java_command: org.gradle.launcher.daemon.bootstrap.GradleDaemon 7.3
java_class_path (initial): C:\Users\chieudepzaj\.gradle\wrapper\dists\gradle-7.3-bin\ddwl0k7mt9g6ak16i1m905vyv\gradle-7.3\lib\gradle-launcher-7.3.jar
Launcher Type: SUN_STANDARD

[Global flags]
     intx CICompilerCount                          = 3                                         {product} {ergonomic}
     uint ConcGCThreads                            = 1                                         {product} {ergonomic}
     uint G1ConcRefinementThreads                  = 4                                         {product} {ergonomic}
   size_t G1HeapRegionSize                         = 1048576                                   {product} {ergonomic}
    uintx GCDrainStackTargetSize                   = 64                                        {product} {ergonomic}
   size_t InitialHeapSize                          = 134217728                                 {product} {ergonomic}
   size_t MarkStackSize                            = 4194304                                   {product} {ergonomic}
   size_t MaxHeapSize                              = 2147483648                                {product} {command line}
   size_t MaxNewSize                               = 1287651328                                {product} {ergonomic}
   size_t MinHeapDeltaBytes                        = 1048576                                   {product} {ergonomic}
    uintx NonNMethodCodeHeapSize                   = 5830732                                {pd product} {ergonomic}
    uintx NonProfiledCodeHeapSize                  = 122913754                              {pd product} {ergonomic}
    uintx ProfiledCodeHeapSize                     = 122913754                              {pd product} {ergonomic}
    uintx ReservedCodeCacheSize                    = 251658240                              {pd product} {ergonomic}
     bool SegmentedCodeCache                       = true                                      {product} {ergonomic}
     bool UseCompressedClassPointers               = true                                 {lp64_product} {ergonomic}
     bool UseCompressedOops                        = true                                 {lp64_product} {ergonomic}
     bool UseG1GC                                  = true                                      {product} {ergonomic}
     bool UseLargePagesIndividualAllocation        = false                                  {pd product} {ergonomic}

Logging:
Log output configuration:
 #0: stdout all=warning uptime,level,tags
 #1: stderr all=off uptime,level,tags

Environment Variables:
PATH=C:\Python39\Scripts\;C:\Python39\;C:\Program Files (x86)\Common Files\Oracle\Java\javapath;C:\windows\system32;C:\windows\;C:\Program Files\dotnet\;C:\Program Files (x86)\NVIDIA Corporation\PhysX\Common;C:\ProgramData\chocolatey\bin;C:\WINDOWS\system32;C:\WINDOWS;C:\WINDOWS\System32\Wbem;C:\WINDOWS\System32\WindowsPowerShell\v1.0\;C:\WINDOWS\System32\OpenSSH\;C:\Program Files\Git\cmd;C:\Program Files\nodejs;C:\Program Files\heroku\bin;C:\Users\chieudepzaj\AppData\Local\Programs\Microsoft VS Code\bin;C:\Users\chieudepzaj\AppData\Local\Microsoft\WindowsApps;C:\flutter\bin;
USERNAME=chieudepzaj
OS=Windows_NT
PROCESSOR_IDENTIFIER=Intel64 Family 6 Model 158 Stepping 9, GenuineIntel



---------------  S Y S T E M  ---------------

OS: Windows 10 , 64 bit Build 19041 (10.0.19041.1202)
OS uptime: 0 days 8:20 hours

CPU:total 4 (initial active 4) (4 cores per cpu, 1 threads per core) family 6 model 158 stepping 9 microcode 0xb4, cmov, cx8, fxsr, mmx, sse, sse2, sse3, ssse3, sse4.1, sse4.2, popcnt, avx, avx2, aes, clmul, erms, 3dnowpref, lzcnt, tsc, tscinvbit, bmi1, bmi2, adx, fma

Memory: 4k page, system-wide physical 8075M (1020M free)
TotalPageFile size 12171M (AvailPageFile size 1536M)
current process WorkingSet (physical memory assigned to process): 410M, peak: 412M
current process commit charge ("private bytes"): 440M, peak: 443M

vm_info: OpenJDK 64-Bit Server VM (11.0.10+0-b96-7249189) for windows-amd64 JRE (11.0.10+0-b96-7249189), built on Mar 31 2021 21:44:00 by "builder" with MS VC++ 14.0 (VS2015)

END.
