#
# A fatal error has been detected by the Java Runtime Environment:
#
#  EXCEPTION_ACCESS_VIOLATION (0xc0000005) at pc=0x0000000000000000, pid=12756, tid=13352
#
# JRE version: OpenJDK Runtime Environment (11.0.10) (build 11.0.10+0-b96-7249189)
# Java VM: OpenJDK 64-Bit Server VM (11.0.10+0-b96-7249189, mixed mode, tiered, compressed oops, g1 gc, windows-amd64)
# Problematic frame:
# C  0x0000000000000000
#
# No core dump will be written. Minidumps are not enabled by default on client versions of Windows
#
# If you would like to submit a bug report, please visit:
#   https://bugreport.java.com/bugreport/crash.jsp
#

---------------  S U M M A R Y ------------

Command Line: --add-opens=java.base/java.util=ALL-UNNAMED --add-opens=java.base/java.lang=ALL-UNNAMED --add-opens=java.base/java.lang.invoke=ALL-UNNAMED --add-opens=java.base/java.util=ALL-UNNAMED --add-opens=java.prefs/java.util.prefs=ALL-UNNAMED --add-opens=java.prefs/java.util.prefs=ALL-UNNAMED --add-opens=java.base/java.nio.charset=ALL-UNNAMED --add-opens=java.base/java.net=ALL-UNNAMED --add-opens=java.base/java.util.concurrent.atomic=ALL-UNNAMED -Xmx2048m -Dfile.encoding=UTF-8 -Duser.country=US -Duser.language=en -Duser.variant org.gradle.launcher.daemon.bootstrap.GradleDaemon 7.3

Host: Intel(R) Core(TM) i5-7300HQ CPU @ 2.50GHz, 4 cores, 7G,  Windows 10 , 64 bit Build 19041 (10.0.19041.1348)
Time: Fri Dec 10 10:55:20 2021 SE Asia Standard Time elapsed time: 24.227384 seconds (0d 0h 0m 24s)

---------------  T H R E A D  ---------------

Current thread (0x000001b44275e800):  JavaThread "Execution worker for ':' Thread 2" [_thread_in_Java, id=13352, stack(0x00000050e2900000,0x00000050e2a00000)]

Stack: [0x00000050e2900000,0x00000050e2a00000],  sp=0x00000050e29f9660,  free space=997k
Native frames: (J=compiled Java code, j=interpreted, Vv=VM code, C=native code)


siginfo: EXCEPTION_ACCESS_VIOLATION (0xc0000005), data execution prevention violation at address 0x0000000000000000


Register to memory mapping:

RIP=0x0 is NULL
RAX=0x0000000100c5efe8 is a pointer to class: 
com.sun.tools.javac.tree.JCTree$JCPolyExpression$PolyKind {0x0000000100c5eff0}
RBX=0x0000000100001408 is a pointer to class: 
java.lang.Comparable {0x0000000100001410}
RCX=0x00000000892b8b38 is an oop: com.sun.tools.javac.tree.JCTree$JCPolyExpression$PolyKind 
{0x00000000892b8b38} - klass: 'com/sun/tools/javac/tree/JCTree$JCPolyExpression$PolyKind'
RDX=0x0 is NULL
RSP=0x00000050e29f9660 is pointing into the stack for thread: 0x000001b44275e800
RBP=0x00000050e29f96c0 is pointing into the stack for thread: 0x000001b44275e800
RSI=0x00000000876a4ad8 is an oop: com.sun.tools.javac.jvm.Gen 
{0x00000000876a4ad8} - klass: 'com/sun/tools/javac/jvm/Gen'
RDI=0x0000000000000f90 is an unknown value
R8 =0x00000000877f0320 is an oop: com.sun.tools.javac.tree.JCTree$JCMethodInvocation 
{0x00000000877f0320} - klass: 'com/sun/tools/javac/tree/JCTree$JCMethodInvocation'
R9 =0x0000000088600ea8 is an oop: java.lang.Class 
{0x0000000088600ea8} - klass: 'java/lang/Class'
R10=0x00007ffaacb84f40 jvm.dll
R11=0x000001b42a139860 is at entry_point+32 in (nmethod*)0x000001b42a139690
R12=0x0 is NULL
R13=0x00000050e29f9668 is pointing into the stack for thread: 0x000001b44275e800
R14=0x0 is NULL
R15=0x000001b44275e800 is a thread


Registers:
RAX=0x0000000100c5efe8, RBX=0x0000000100001408, RCX=0x00000000892b8b38, RDX=0x0000000000000000
RSP=0x00000050e29f9660, RBP=0x00000050e29f96c0, RSI=0x00000000876a4ad8, RDI=0x0000000000000f90
R8 =0x00000000877f0320, R9 =0x0000000088600ea8, R10=0x00007ffaacb84f40, R11=0x000001b42a139860
R12=0x0000000000000000, R13=0x00000050e29f9668, R14=0x0000000000000000, R15=0x000001b44275e800
RIP=0x0000000000000000, EFLAGS=0x0000000000010246

Top of Stack: (sp=0x00000050e29f9660)
0x00000050e29f9660:   000001b428389e40 00000000892b8b38
0x00000050e29f9670:   0000000088601158 00000050e29f9678
0x00000050e29f9680:   000001b44b65f169 00000050e29f96e0
0x00000050e29f9690:   000001b44b668228 0000000000000000
0x00000050e29f96a0:   0000000087725890 000001b44b65f218
0x00000050e29f96b0:   00000050e29f9668 00000050e29f96f0
0x00000050e29f96c0:   00000050e29f9790 000001b42a1798ac
0x00000050e29f96d0:   00000000892b8b38 00000000877f0320
0x00000050e29f96e0:   00000000876a4ad8 000001b42a1798ac
0x00000050e29f96f0:   00000050e29f9740 000001b44b9d5900
0x00000050e29f9700:   0000000000000000 0000000087725a58
0x00000050e29f9710:   000001b44b6649d8 0000000000000000
0x00000050e29f9720:   00000050e29f9790 000001b42838a0c3
0x00000050e29f9730:   000001b42838a0c3 00000000876a4ad8
0x00000050e29f9740:   00000000877f0320 00000050e29f9748
0x00000050e29f9750:   000001b44b65c176 00000050e29f97d0 

Instructions: (pc=0x0000000000000000)
0xffffffffffffff00:   


Stack slot to memory mapping:
stack at sp + 0 slots: 0x000001b428389e40 is at code_begin+1664 in an Interpreter codelet
invoke return entry points  [0x000001b4283897c0, 0x000001b42838a1a0]  2528 bytes
stack at sp + 1 slots: 0x00000000892b8b38 is an oop: com.sun.tools.javac.tree.JCTree$JCPolyExpression$PolyKind 
{0x00000000892b8b38} - klass: 'com/sun/tools/javac/tree/JCTree$JCPolyExpression$PolyKind'
stack at sp + 2 slots: 0x0000000088601158 is an oop: [I 
{0x0000000088601158} - klass: {type array int}
 - length: 99
stack at sp + 3 slots: 0x00000050e29f9678 is pointing into the stack for thread: 0x000001b44275e800
stack at sp + 4 slots: 0x000001b44b65f169 is pointing into metadata
stack at sp + 5 slots: 0x00000050e29f96e0 is pointing into the stack for thread: 0x000001b44275e800
stack at sp + 6 slots: 0x000001b44b668228 is pointing into metadata
stack at sp + 7 slots: 0x0 is NULL


---------------  P R O C E S S  ---------------

Threads class SMR info:
_java_thread_list=0x000001b4421bfb00, length=89, elements={
0x000001b42488e000, 0x000001b43e495800, 0x000001b43e498800, 0x000001b43e4a9000,
0x000001b43e4aa000, 0x000001b43e4ac800, 0x000001b43e4ae000, 0x000001b43ed0d000,
0x000001b43ed10800, 0x000001b43ee71000, 0x000001b440854800, 0x000001b440130800,
0x000001b44091b000, 0x000001b440640000, 0x000001b43f01c000, 0x000001b441b4c000,
0x000001b44082e800, 0x000001b4414d5800, 0x000001b4414d7800, 0x000001b4414d5000,
0x000001b4414d8000, 0x000001b4414d2800, 0x000001b4414d9000, 0x000001b4414d6800,
0x000001b4414d3000, 0x000001b4414d4000, 0x000001b441dd9800, 0x000001b441dd8800,
0x000001b441dd8000, 0x000001b441dd3800, 0x000001b441dd6000, 0x000001b441dd7000,
0x000001b441dd4800, 0x000001b44210f000, 0x000001b442109800, 0x000001b442110000,
0x000001b44210a000, 0x000001b442111000, 0x000001b44210b000, 0x000001b442111800,
0x000001b44210d800, 0x000001b44210c000, 0x000001b442112800, 0x000001b44210c800,
0x000001b442117800, 0x000001b442113000, 0x000001b442114000, 0x000001b442115000,
0x000001b442118000, 0x000001b442115800, 0x000001b442116800, 0x000001b441f7f800,
0x000001b441f7b800, 0x000001b441f79800, 0x000001b441f7c000, 0x000001b441f7e800,
0x000001b441f7d000, 0x000001b441f80000, 0x000001b441f7e000, 0x000001b441f7a800,
0x000001b441f83800, 0x000001b441f82000, 0x000001b441f84800, 0x000001b441f82800,
0x000001b441f85000, 0x000001b441f86000, 0x000001b441f86800, 0x000001b441f81000,
0x000001b441f87800, 0x000001b441f88800, 0x000001b442752800, 0x000001b442753000,
0x000001b442755800, 0x000001b442755000, 0x000001b442751800, 0x000001b44275a000,
0x000001b442756800, 0x000001b442759000, 0x000001b44275b800, 0x000001b44275d000,
0x000001b44275e800, 0x000001b442760800, 0x000001b44275f800, 0x000001b44275c000,
0x000001b44275e000, 0x000001b44275a800, 0x000001b444b18000, 0x000001b444b1b800,
0x000001b441aa5800
}

Java Threads: ( => current thread )
  0x000001b42488e000 JavaThread "main" [_thread_blocked, id=1196, stack(0x00000050dce00000,0x00000050dcf00000)]
  0x000001b43e495800 JavaThread "Reference Handler" daemon [_thread_blocked, id=9284, stack(0x00000050dd500000,0x00000050dd600000)]
  0x000001b43e498800 JavaThread "Finalizer" daemon [_thread_blocked, id=1268, stack(0x00000050dd600000,0x00000050dd700000)]
  0x000001b43e4a9000 JavaThread "Signal Dispatcher" daemon [_thread_blocked, id=13672, stack(0x00000050dd700000,0x00000050dd800000)]
  0x000001b43e4aa000 JavaThread "Attach Listener" daemon [_thread_blocked, id=11352, stack(0x00000050dd800000,0x00000050dd900000)]
  0x000001b43e4ac800 JavaThread "Service Thread" daemon [_thread_blocked, id=9236, stack(0x00000050dd900000,0x00000050dda00000)]
  0x000001b43e4ae000 JavaThread "C2 CompilerThread0" daemon [_thread_in_native, id=3328, stack(0x00000050dda00000,0x00000050ddb00000)]
  0x000001b43ed0d000 JavaThread "C1 CompilerThread0" daemon [_thread_blocked, id=2404, stack(0x00000050ddb00000,0x00000050ddc00000)]
  0x000001b43ed10800 JavaThread "Sweeper thread" daemon [_thread_blocked, id=7460, stack(0x00000050ddc00000,0x00000050ddd00000)]
  0x000001b43ee71000 JavaThread "Common-Cleaner" daemon [_thread_blocked, id=11860, stack(0x00000050ddd00000,0x00000050dde00000)]
  0x000001b440854800 JavaThread "Daemon health stats" [_thread_blocked, id=288, stack(0x00000050de200000,0x00000050de300000)]
  0x000001b440130800 JavaThread "Incoming local TCP Connector on port 63172" [_thread_in_native, id=6108, stack(0x00000050ddf00000,0x00000050de000000)]
  0x000001b44091b000 JavaThread "Daemon periodic checks" [_thread_blocked, id=14084, stack(0x00000050de300000,0x00000050de400000)]
  0x000001b440640000 JavaThread "Daemon" [_thread_blocked, id=7292, stack(0x00000050de400000,0x00000050de500000)]
  0x000001b43f01c000 JavaThread "Handler for socket connection from /127.0.0.1:63172 to /127.0.0.1:63173" [_thread_in_native, id=8244, stack(0x00000050de500000,0x00000050de600000)]
  0x000001b441b4c000 JavaThread "Cancel handler" [_thread_blocked, id=12860, stack(0x00000050de600000,0x00000050de700000)]
  0x000001b44082e800 JavaThread "Daemon worker" [_thread_blocked, id=8272, stack(0x00000050de700000,0x00000050de800000)]
  0x000001b4414d5800 JavaThread "Asynchronous log dispatcher for DefaultDaemonConnection: socket connection from /127.0.0.1:63172 to /127.0.0.1:63173" [_thread_blocked, id=684, stack(0x00000050de800000,0x00000050de900000)]
  0x000001b4414d7800 JavaThread "Stdin handler" [_thread_blocked, id=724, stack(0x00000050de900000,0x00000050dea00000)]
  0x000001b4414d5000 JavaThread "Daemon client event forwarder" [_thread_blocked, id=6164, stack(0x00000050dea00000,0x00000050deb00000)]
  0x000001b4414d8000 JavaThread "Cache worker for journal cache (C:\Users\chieudepzaj\.gradle\caches\journal-1)" [_thread_blocked, id=12820, stack(0x00000050dec00000,0x00000050ded00000)]
  0x000001b4414d2800 JavaThread "File lock request listener" [_thread_in_native, id=13468, stack(0x00000050ded00000,0x00000050dee00000)]
  0x000001b4414d9000 JavaThread "Cache worker for file hash cache (C:\Users\chieudepzaj\.gradle\caches\7.3\fileHashes)" [_thread_blocked, id=6056, stack(0x00000050dee00000,0x00000050def00000)]
  0x000001b4414d6800 JavaThread "Cache worker for file hash cache (C:\Users\chieudepzaj\AndroidStudioProjects\Shopiki\.gradle\7.3\fileHashes)" [_thread_blocked, id=9920, stack(0x00000050df000000,0x00000050df100000)]
  0x000001b4414d3000 JavaThread "File watcher server" daemon [_thread_in_native, id=10616, stack(0x00000050df100000,0x00000050df200000)]
  0x000001b4414d4000 JavaThread "File watcher consumer" daemon [_thread_blocked, id=6272, stack(0x00000050df200000,0x00000050df300000)]
  0x000001b441dd9800 JavaThread "Cache worker for checksums cache (C:\Users\chieudepzaj\AndroidStudioProjects\Shopiki\.gradle\7.3\checksums)" [_thread_blocked, id=6448, stack(0x00000050def00000,0x00000050df000000)]
  0x000001b441dd8800 JavaThread "Cache worker for cache directory md-supplier (C:\Users\chieudepzaj\.gradle\caches\7.3\md-supplier)" [_thread_blocked, id=10848, stack(0x00000050df300000,0x00000050df400000)]
  0x000001b441dd8000 JavaThread "Cache worker for cache directory md-rule (C:\Users\chieudepzaj\.gradle\caches\7.3\md-rule)" [_thread_blocked, id=11148, stack(0x00000050df500000,0x00000050df600000)]
  0x000001b441dd3800 JavaThread "Cache worker for execution history cache (C:\Users\chieudepzaj\.gradle\caches\7.3\executionHistory)" [_thread_blocked, id=10956, stack(0x00000050df600000,0x00000050df700000)]
  0x000001b441dd6000 JavaThread "jar transforms" [_thread_blocked, id=6760, stack(0x00000050df700000,0x00000050df800000)]
  0x000001b441dd7000 JavaThread "jar transforms Thread 2" [_thread_blocked, id=12628, stack(0x00000050df800000,0x00000050df900000)]
  0x000001b441dd4800 JavaThread "Cache worker for file content cache (C:\Users\chieudepzaj\.gradle\caches\7.3\fileContent)" [_thread_blocked, id=7588, stack(0x00000050df900000,0x00000050dfa00000)]
  0x000001b44210f000 JavaThread "Cache worker for dependencies-accessors (C:\Users\chieudepzaj\AndroidStudioProjects\Shopiki\.gradle\7.3\dependencies-accessors)" [_thread_blocked, id=13316, stack(0x00000050dfa00000,0x00000050dfb00000)]
  0x000001b442109800 JavaThread "jar transforms Thread 3" [_thread_blocked, id=504, stack(0x00000050dfb00000,0x00000050dfc00000)]
  0x000001b442110000 JavaThread "Cache worker for Build Output Cleanup Cache (C:\Users\chieudepzaj\AndroidStudioProjects\Shopiki\.gradle\buildOutputCleanup)" [_thread_blocked, id=2580, stack(0x00000050dfc00000,0x00000050dfd00000)]
  0x000001b44210a000 JavaThread "Unconstrained build operations" [_thread_blocked, id=11788, stack(0x00000050dfd00000,0x00000050dfe00000)]
  0x000001b442111000 JavaThread "Unconstrained build operations Thread 2" [_thread_blocked, id=14124, stack(0x00000050dfe00000,0x00000050dff00000)]
  0x000001b44210b000 JavaThread "Unconstrained build operations Thread 3" [_thread_blocked, id=2680, stack(0x00000050dff00000,0x00000050e0000000)]
  0x000001b442111800 JavaThread "Unconstrained build operations Thread 4" [_thread_blocked, id=6352, stack(0x00000050e0000000,0x00000050e0100000)]
  0x000001b44210d800 JavaThread "Unconstrained build operations Thread 5" [_thread_blocked, id=13016, stack(0x00000050e0100000,0x00000050e0200000)]
  0x000001b44210c000 JavaThread "Unconstrained build operations Thread 6" [_thread_blocked, id=10228, stack(0x00000050e0200000,0x00000050e0300000)]
  0x000001b442112800 JavaThread "Unconstrained build operations Thread 7" [_thread_blocked, id=3952, stack(0x00000050e0300000,0x00000050e0400000)]
  0x000001b44210c800 JavaThread "Unconstrained build operations Thread 8" [_thread_blocked, id=8932, stack(0x00000050e0400000,0x00000050e0500000)]
  0x000001b442117800 JavaThread "Unconstrained build operations Thread 9" [_thread_blocked, id=5032, stack(0x00000050e0500000,0x00000050e0600000)]
  0x000001b442113000 JavaThread "Unconstrained build operations Thread 10" [_thread_blocked, id=13852, stack(0x00000050e0600000,0x00000050e0700000)]
  0x000001b442114000 JavaThread "Unconstrained build operations Thread 11" [_thread_blocked, id=13028, stack(0x00000050e0700000,0x00000050e0800000)]
  0x000001b442115000 JavaThread "Unconstrained build operations Thread 12" [_thread_blocked, id=5268, stack(0x00000050e0800000,0x00000050e0900000)]
  0x000001b442118000 JavaThread "Unconstrained build operations Thread 13" [_thread_blocked, id=7124, stack(0x00000050e0900000,0x00000050e0a00000)]
  0x000001b442115800 JavaThread "Unconstrained build operations Thread 14" [_thread_blocked, id=13228, stack(0x00000050e0a00000,0x00000050e0b00000)]
  0x000001b442116800 JavaThread "Unconstrained build operations Thread 15" [_thread_blocked, id=11448, stack(0x00000050e0b00000,0x00000050e0c00000)]
  0x000001b441f7f800 JavaThread "Unconstrained build operations Thread 16" [_thread_blocked, id=6844, stack(0x00000050e0c00000,0x00000050e0d00000)]
  0x000001b441f7b800 JavaThread "Unconstrained build operations Thread 17" [_thread_blocked, id=13540, stack(0x00000050e0d00000,0x00000050e0e00000)]
  0x000001b441f79800 JavaThread "Unconstrained build operations Thread 18" [_thread_blocked, id=10964, stack(0x00000050e0e00000,0x00000050e0f00000)]
  0x000001b441f7c000 JavaThread "Unconstrained build operations Thread 19" [_thread_blocked, id=10140, stack(0x00000050e0f00000,0x00000050e1000000)]
  0x000001b441f7e800 JavaThread "Unconstrained build operations Thread 20" [_thread_blocked, id=12588, stack(0x00000050e1000000,0x00000050e1100000)]
  0x000001b441f7d000 JavaThread "Unconstrained build operations Thread 21" [_thread_blocked, id=6264, stack(0x00000050e1100000,0x00000050e1200000)]
  0x000001b441f80000 JavaThread "Unconstrained build operations Thread 22" [_thread_blocked, id=14240, stack(0x00000050e1200000,0x00000050e1300000)]
  0x000001b441f7e000 JavaThread "Unconstrained build operations Thread 23" [_thread_blocked, id=4024, stack(0x00000050e1300000,0x00000050e1400000)]
  0x000001b441f7a800 JavaThread "Unconstrained build operations Thread 24" [_thread_blocked, id=12268, stack(0x00000050e1400000,0x00000050e1500000)]
  0x000001b441f83800 JavaThread "Unconstrained build operations Thread 25" [_thread_blocked, id=2636, stack(0x00000050e1500000,0x00000050e1600000)]
  0x000001b441f82000 JavaThread "Unconstrained build operations Thread 26" [_thread_blocked, id=1624, stack(0x00000050e1600000,0x00000050e1700000)]
  0x000001b441f84800 JavaThread "Unconstrained build operations Thread 27" [_thread_blocked, id=13648, stack(0x00000050e1700000,0x00000050e1800000)]
  0x000001b441f82800 JavaThread "Unconstrained build operations Thread 28" [_thread_blocked, id=11132, stack(0x00000050e1800000,0x00000050e1900000)]
  0x000001b441f85000 JavaThread "Unconstrained build operations Thread 29" [_thread_blocked, id=13880, stack(0x00000050e1900000,0x00000050e1a00000)]
  0x000001b441f86000 JavaThread "Unconstrained build operations Thread 30" [_thread_blocked, id=10288, stack(0x00000050e1a00000,0x00000050e1b00000)]
  0x000001b441f86800 JavaThread "Unconstrained build operations Thread 31" [_thread_blocked, id=4776, stack(0x00000050e1b00000,0x00000050e1c00000)]
  0x000001b441f81000 JavaThread "Unconstrained build operations Thread 32" [_thread_blocked, id=3348, stack(0x00000050e1c00000,0x00000050e1d00000)]
  0x000001b441f87800 JavaThread "Unconstrained build operations Thread 33" [_thread_blocked, id=13372, stack(0x00000050e1d00000,0x00000050e1e00000)]
  0x000001b441f88800 JavaThread "Unconstrained build operations Thread 34" [_thread_blocked, id=10760, stack(0x00000050e1e00000,0x00000050e1f00000)]
  0x000001b442752800 JavaThread "Unconstrained build operations Thread 35" [_thread_blocked, id=3568, stack(0x00000050e1f00000,0x00000050e2000000)]
  0x000001b442753000 JavaThread "Unconstrained build operations Thread 36" [_thread_blocked, id=8492, stack(0x00000050e2000000,0x00000050e2100000)]
  0x000001b442755800 JavaThread "Unconstrained build operations Thread 37" [_thread_blocked, id=13512, stack(0x00000050e2100000,0x00000050e2200000)]
  0x000001b442755000 JavaThread "Unconstrained build operations Thread 38" [_thread_blocked, id=5356, stack(0x00000050e2200000,0x00000050e2300000)]
  0x000001b442751800 JavaThread "Unconstrained build operations Thread 39" [_thread_blocked, id=8276, stack(0x00000050e2300000,0x00000050e2400000)]
  0x000001b44275a000 JavaThread "Unconstrained build operations Thread 40" [_thread_blocked, id=10920, stack(0x00000050e2400000,0x00000050e2500000)]
  0x000001b442756800 JavaThread "jar transforms Thread 4" [_thread_blocked, id=10656, stack(0x00000050e2500000,0x00000050e2600000)]
  0x000001b442759000 JavaThread "Memory manager" [_thread_blocked, id=10640, stack(0x00000050e2600000,0x00000050e2700000)]
  0x000001b44275b800 JavaThread "build event listener" [_thread_blocked, id=14204, stack(0x00000050e2700000,0x00000050e2800000)]
  0x000001b44275d000 JavaThread "Execution worker for ':'" [_thread_blocked, id=408, stack(0x00000050e2800000,0x00000050e2900000)]
=>0x000001b44275e800 JavaThread "Execution worker for ':' Thread 2" [_thread_in_Java, id=13352, stack(0x00000050e2900000,0x00000050e2a00000)]
  0x000001b442760800 JavaThread "Execution worker for ':' Thread 3" [_thread_blocked, id=14272, stack(0x00000050e2a00000,0x00000050e2b00000)]
  0x000001b44275f800 JavaThread "Cache worker for execution history cache (C:\Users\chieudepzaj\AndroidStudioProjects\Shopiki\.gradle\7.3\executionHistory)" [_thread_blocked, id=2600, stack(0x00000050e2b00000,0x00000050e2c00000)]
  0x000001b44275c000 JavaThread "Cache worker for Java compile cache (C:\Users\chieudepzaj\.gradle\caches\7.3\javaCompile)" [_thread_blocked, id=13336, stack(0x00000050e2c00000,0x00000050e2d00000)]
  0x000001b44275e000 JavaThread "Build operations" [_thread_blocked, id=14156, stack(0x00000050e2d00000,0x00000050e2e00000)]
  0x000001b44275a800 JavaThread "Build operations Thread 2" [_thread_blocked, id=1480, stack(0x00000050e2e00000,0x00000050e2f00000)]
  0x000001b444b18000 JavaThread "Build operations Thread 3" [_thread_blocked, id=10888, stack(0x00000050e2f00000,0x00000050e3000000)]
  0x000001b444b1b800 JavaThread "Build operations Thread 4" [_thread_blocked, id=4432, stack(0x00000050e3000000,0x00000050e3100000)]
  0x000001b441aa5800 JavaThread "C2 CompilerThread1" daemon [_thread_in_native, id=6404, stack(0x00000050df400000,0x00000050df500000)]

Other Threads:
  0x000001b43ecb6000 VMThread "VM Thread" [stack: 0x00000050dd400000,0x00000050dd500000] [id=3580]
  0x000001b43ee7a000 WatcherThread [stack: 0x00000050dde00000,0x00000050ddf00000] [id=1764]
  0x000001b4248a8800 GCTaskThread "GC Thread#0" [stack: 0x00000050dcf00000,0x00000050dd000000] [id=10636]
  0x000001b43f9f7000 GCTaskThread "GC Thread#1" [stack: 0x00000050de000000,0x00000050de100000] [id=13644]
  0x000001b43f358800 GCTaskThread "GC Thread#2" [stack: 0x00000050de100000,0x00000050de200000] [id=10824]
  0x000001b441f79000 GCTaskThread "GC Thread#3" [stack: 0x00000050deb00000,0x00000050dec00000] [id=5244]
  0x000001b4248d7800 ConcurrentGCThread "G1 Main Marker" [stack: 0x00000050dd000000,0x00000050dd100000] [id=14072]
  0x000001b4248d9000 ConcurrentGCThread "G1 Conc#0" [stack: 0x00000050dd100000,0x00000050dd200000] [id=1568]
  0x000001b42496e000 ConcurrentGCThread "G1 Refine#0" [stack: 0x00000050dd200000,0x00000050dd300000] [id=10312]
  0x000001b43e2e8800 ConcurrentGCThread "G1 Young RemSet Sampling" [stack: 0x00000050dd300000,0x00000050dd400000] [id=1092]

Threads with active compile tasks:
C2 CompilerThread0  24252 11755       4       com.sun.tools.javac.code.Symbol$ClassSymbol::members (9 bytes)
C2 CompilerThread1  24252 11421   !   4       com.sun.tools.javac.code.Symbol$ClassSymbol::complete (52 bytes)

VM state:not at safepoint (normal execution)

VM Mutex/Monitor currently owned by a thread: None

Heap address: 0x0000000080000000, size: 2048 MB, Compressed Oops mode: 32-bit
Narrow klass base: 0x0000000000000000, Narrow klass shift: 3
Compressed class space size: 1073741824 Address: 0x0000000100000000

Heap:
 garbage-first heap   total 189440K, used 146432K [0x0000000080000000, 0x0000000100000000)
  region size 1024K, 61 young (62464K), 9 survivors (9216K)
 Metaspace       used 92762K, capacity 95333K, committed 95532K, reserved 1132544K
  class space    used 11941K, capacity 12883K, committed 12928K, reserved 1048576K
Heap Regions: E=young(eden), S=young(survivor), O=old, HS=humongous(starts), HC=humongous(continues), CS=collection set, F=free, A=archive, TAMS=top-at-mark-start (previous, next)
|   0|0x0000000080000000, 0x0000000080100000, 0x0000000080100000|100%| O|  |TAMS 0x0000000080100000, 0x0000000080000000| Untracked 
|   1|0x0000000080100000, 0x0000000080200000, 0x0000000080200000|100%| O|  |TAMS 0x0000000080200000, 0x0000000080100000| Untracked 
|   2|0x0000000080200000, 0x0000000080300000, 0x0000000080300000|100%| O|  |TAMS 0x0000000080300000, 0x0000000080200000| Untracked 
|   3|0x0000000080300000, 0x0000000080400000, 0x0000000080400000|100%|HS|  |TAMS 0x0000000080400000, 0x0000000080300000| Complete 
|   4|0x0000000080400000, 0x0000000080500000, 0x0000000080500000|100%|HC|  |TAMS 0x0000000080500000, 0x0000000080400000| Complete 
|   5|0x0000000080500000, 0x0000000080600000, 0x0000000080600000|100%|HC|  |TAMS 0x0000000080600000, 0x0000000080500000| Complete 
|   6|0x0000000080600000, 0x0000000080700000, 0x0000000080700000|100%| O|  |TAMS 0x0000000080700000, 0x0000000080600000| Untracked 
|   7|0x0000000080700000, 0x0000000080800000, 0x0000000080800000|100%| O|  |TAMS 0x0000000080800000, 0x0000000080700000| Untracked 
|   8|0x0000000080800000, 0x0000000080900000, 0x0000000080900000|100%| O|  |TAMS 0x0000000080900000, 0x0000000080800000| Untracked 
|   9|0x0000000080900000, 0x0000000080a00000, 0x0000000080a00000|100%| O|  |TAMS 0x0000000080a00000, 0x0000000080900000| Untracked 
|  10|0x0000000080a00000, 0x0000000080b00000, 0x0000000080b00000|100%| O|  |TAMS 0x0000000080b00000, 0x0000000080a00000| Untracked 
|  11|0x0000000080b00000, 0x0000000080c00000, 0x0000000080c00000|100%| O|  |TAMS 0x0000000080c00000, 0x0000000080b00000| Untracked 
|  12|0x0000000080c00000, 0x0000000080d00000, 0x0000000080d00000|100%| O|  |TAMS 0x0000000080d00000, 0x0000000080c00000| Untracked 
|  13|0x0000000080d00000, 0x0000000080e00000, 0x0000000080e00000|100%| O|  |TAMS 0x0000000080e00000, 0x0000000080d00000| Untracked 
|  14|0x0000000080e00000, 0x0000000080f00000, 0x0000000080f00000|100%| O|  |TAMS 0x0000000080f00000, 0x0000000080e00000| Untracked 
|  15|0x0000000080f00000, 0x0000000081000000, 0x0000000081000000|100%| O|  |TAMS 0x0000000081000000, 0x0000000080f00000| Untracked 
|  16|0x0000000081000000, 0x0000000081100000, 0x0000000081100000|100%|HS|  |TAMS 0x0000000081100000, 0x0000000081000000| Complete 
|  17|0x0000000081100000, 0x0000000081200000, 0x0000000081200000|100%| O|  |TAMS 0x0000000081200000, 0x0000000081100000| Untracked 
|  18|0x0000000081200000, 0x0000000081300000, 0x0000000081300000|100%| O|  |TAMS 0x0000000081300000, 0x0000000081200000| Untracked 
|  19|0x0000000081300000, 0x0000000081400000, 0x0000000081400000|100%| O|  |TAMS 0x0000000081400000, 0x0000000081300000| Untracked 
|  20|0x0000000081400000, 0x0000000081500000, 0x0000000081500000|100%| O|  |TAMS 0x0000000081500000, 0x0000000081400000| Untracked 
|  21|0x0000000081500000, 0x0000000081600000, 0x0000000081600000|100%| O|  |TAMS 0x0000000081600000, 0x0000000081500000| Untracked 
|  22|0x0000000081600000, 0x0000000081700000, 0x0000000081700000|100%| O|  |TAMS 0x0000000081700000, 0x0000000081600000| Untracked 
|  23|0x0000000081700000, 0x0000000081800000, 0x0000000081800000|100%| O|  |TAMS 0x0000000081800000, 0x0000000081700000| Untracked 
|  24|0x0000000081800000, 0x0000000081900000, 0x0000000081900000|100%| O|  |TAMS 0x0000000081900000, 0x0000000081800000| Untracked 
|  25|0x0000000081900000, 0x0000000081a00000, 0x0000000081a00000|100%| O|  |TAMS 0x0000000081a00000, 0x0000000081900000| Untracked 
|  26|0x0000000081a00000, 0x0000000081b00000, 0x0000000081b00000|100%| O|  |TAMS 0x0000000081b00000, 0x0000000081a00000| Untracked 
|  27|0x0000000081b00000, 0x0000000081c00000, 0x0000000081c00000|100%| O|  |TAMS 0x0000000081c00000, 0x0000000081b00000| Untracked 
|  28|0x0000000081c00000, 0x0000000081d00000, 0x0000000081d00000|100%|HS|  |TAMS 0x0000000081d00000, 0x0000000081c00000| Complete 
|  29|0x0000000081d00000, 0x0000000081e00000, 0x0000000081e00000|100%|HS|  |TAMS 0x0000000081e00000, 0x0000000081d00000| Complete 
|  30|0x0000000081e00000, 0x0000000081f00000, 0x0000000081f00000|100%|HC|  |TAMS 0x0000000081f00000, 0x0000000081e00000| Complete 
|  31|0x0000000081f00000, 0x0000000082000000, 0x0000000082000000|100%| O|  |TAMS 0x0000000082000000, 0x0000000081f00000| Untracked 
|  32|0x0000000082000000, 0x0000000082100000, 0x0000000082100000|100%| O|  |TAMS 0x0000000082100000, 0x0000000082000000| Untracked 
|  33|0x0000000082100000, 0x0000000082200000, 0x0000000082200000|100%| O|  |TAMS 0x0000000082200000, 0x0000000082100000| Untracked 
|  34|0x0000000082200000, 0x0000000082300000, 0x0000000082300000|100%| O|  |TAMS 0x0000000082300000, 0x0000000082200000| Untracked 
|  35|0x0000000082300000, 0x0000000082400000, 0x0000000082400000|100%| O|  |TAMS 0x0000000082400000, 0x0000000082300000| Untracked 
|  36|0x0000000082400000, 0x0000000082500000, 0x0000000082500000|100%| O|  |TAMS 0x0000000082500000, 0x0000000082400000| Untracked 
|  37|0x0000000082500000, 0x0000000082600000, 0x0000000082600000|100%| O|  |TAMS 0x0000000082600000, 0x0000000082500000| Untracked 
|  38|0x0000000082600000, 0x0000000082700000, 0x0000000082700000|100%| O|  |TAMS 0x0000000082700000, 0x0000000082600000| Untracked 
|  39|0x0000000082700000, 0x0000000082800000, 0x0000000082800000|100%| O|  |TAMS 0x0000000082800000, 0x0000000082700000| Untracked 
|  40|0x0000000082800000, 0x0000000082900000, 0x0000000082900000|100%| O|  |TAMS 0x0000000082900000, 0x0000000082800000| Untracked 
|  41|0x0000000082900000, 0x0000000082a00000, 0x0000000082a00000|100%| O|  |TAMS 0x0000000082a00000, 0x0000000082900000| Untracked 
|  42|0x0000000082a00000, 0x0000000082b00000, 0x0000000082b00000|100%| O|  |TAMS 0x0000000082b00000, 0x0000000082a00000| Untracked 
|  43|0x0000000082b00000, 0x0000000082c00000, 0x0000000082c00000|100%| O|  |TAMS 0x0000000082b4f000, 0x0000000082b00000| Untracked 
|  44|0x0000000082c00000, 0x0000000082d00000, 0x0000000082d00000|100%| O|  |TAMS 0x0000000082c00000, 0x0000000082c00000| Untracked 
|  45|0x0000000082d00000, 0x0000000082e00000, 0x0000000082e00000|100%| O|  |TAMS 0x0000000082d00000, 0x0000000082d00000| Untracked 
|  46|0x0000000082e00000, 0x0000000082f00000, 0x0000000082f00000|100%| O|  |TAMS 0x0000000082e00000, 0x0000000082e00000| Untracked 
|  47|0x0000000082f00000, 0x0000000083000000, 0x0000000083000000|100%| O|  |TAMS 0x0000000082f00000, 0x0000000082f00000| Untracked 
|  48|0x0000000083000000, 0x0000000083100000, 0x0000000083100000|100%| O|  |TAMS 0x0000000083000000, 0x0000000083000000| Untracked 
|  49|0x0000000083100000, 0x0000000083200000, 0x0000000083200000|100%| O|  |TAMS 0x0000000083100000, 0x0000000083100000| Untracked 
|  50|0x0000000083200000, 0x0000000083300000, 0x0000000083300000|100%| O|  |TAMS 0x0000000083200000, 0x0000000083200000| Untracked 
|  51|0x0000000083300000, 0x0000000083400000, 0x0000000083400000|100%| O|  |TAMS 0x0000000083300000, 0x0000000083300000| Untracked 
|  52|0x0000000083400000, 0x0000000083500000, 0x0000000083500000|100%| O|  |TAMS 0x0000000083400000, 0x0000000083400000| Untracked 
|  53|0x0000000083500000, 0x0000000083600000, 0x0000000083600000|100%| O|  |TAMS 0x0000000083500000, 0x0000000083500000| Untracked 
|  54|0x0000000083600000, 0x0000000083700000, 0x0000000083700000|100%| O|  |TAMS 0x0000000083600000, 0x0000000083600000| Untracked 
|  55|0x0000000083700000, 0x0000000083800000, 0x0000000083800000|100%| O|  |TAMS 0x0000000083700000, 0x0000000083700000| Untracked 
|  56|0x0000000083800000, 0x0000000083900000, 0x0000000083900000|100%| O|  |TAMS 0x0000000083800000, 0x0000000083800000| Untracked 
|  57|0x0000000083900000, 0x0000000083a00000, 0x0000000083a00000|100%| O|  |TAMS 0x0000000083900000, 0x0000000083900000| Untracked 
|  58|0x0000000083a00000, 0x0000000083b00000, 0x0000000083b00000|100%| O|  |TAMS 0x0000000083a00000, 0x0000000083a00000| Untracked 
|  59|0x0000000083b00000, 0x0000000083c00000, 0x0000000083c00000|100%| O|  |TAMS 0x0000000083b00000, 0x0000000083b00000| Untracked 
|  60|0x0000000083c00000, 0x0000000083d00000, 0x0000000083d00000|100%| O|  |TAMS 0x0000000083c00000, 0x0000000083c00000| Untracked 
|  61|0x0000000083d00000, 0x0000000083e00000, 0x0000000083e00000|100%| O|  |TAMS 0x0000000083d00000, 0x0000000083d00000| Untracked 
|  62|0x0000000083e00000, 0x0000000083f00000, 0x0000000083f00000|100%| O|  |TAMS 0x0000000083e00000, 0x0000000083e00000| Untracked 
|  63|0x0000000083f00000, 0x0000000084000000, 0x0000000084000000|100%| O|  |TAMS 0x0000000083f00000, 0x0000000083f00000| Untracked 
|  64|0x0000000084000000, 0x0000000084100000, 0x0000000084100000|100%| O|  |TAMS 0x0000000084000000, 0x0000000084000000| Untracked 
|  65|0x0000000084100000, 0x0000000084200000, 0x0000000084200000|100%| O|  |TAMS 0x0000000084100000, 0x0000000084100000| Untracked 
|  66|0x0000000084200000, 0x0000000084300000, 0x0000000084300000|100%| O|  |TAMS 0x0000000084200000, 0x0000000084200000| Untracked 
|  67|0x0000000084300000, 0x0000000084400000, 0x0000000084400000|100%| O|  |TAMS 0x0000000084300000, 0x0000000084300000| Untracked 
|  68|0x0000000084400000, 0x0000000084500000, 0x0000000084500000|100%| O|  |TAMS 0x0000000084400000, 0x0000000084400000| Untracked 
|  69|0x0000000084500000, 0x0000000084600000, 0x0000000084600000|100%| O|  |TAMS 0x0000000084500000, 0x0000000084500000| Untracked 
|  70|0x0000000084600000, 0x0000000084700000, 0x0000000084700000|100%| O|  |TAMS 0x0000000084600000, 0x0000000084600000| Untracked 
|  71|0x0000000084700000, 0x0000000084800000, 0x0000000084800000|100%| O|  |TAMS 0x0000000084700000, 0x0000000084700000| Untracked 
|  72|0x0000000084800000, 0x0000000084900000, 0x0000000084900000|100%| O|  |TAMS 0x0000000084800000, 0x0000000084800000| Untracked 
|  73|0x0000000084900000, 0x0000000084a00000, 0x0000000084a00000|100%| O|  |TAMS 0x0000000084900000, 0x0000000084900000| Untracked 
|  74|0x0000000084a00000, 0x0000000084b00000, 0x0000000084b00000|100%| O|  |TAMS 0x0000000084a00000, 0x0000000084a00000| Untracked 
|  75|0x0000000084b00000, 0x0000000084c00000, 0x0000000084c00000|100%| O|  |TAMS 0x0000000084b00000, 0x0000000084b00000| Untracked 
|  76|0x0000000084c00000, 0x0000000084d00000, 0x0000000084d00000|100%|HS|  |TAMS 0x0000000084c00000, 0x0000000084c00000| Complete 
|  77|0x0000000084d00000, 0x0000000084e00000, 0x0000000084e00000|100%|HC|  |TAMS 0x0000000084d00000, 0x0000000084d00000| Complete 
|  78|0x0000000084e00000, 0x0000000084f00000, 0x0000000084f00000|100%| O|  |TAMS 0x0000000084e00000, 0x0000000084e00000| Untracked 
|  79|0x0000000084f00000, 0x0000000085000000, 0x0000000085000000|100%| O|  |TAMS 0x0000000084f00000, 0x0000000084f00000| Untracked 
|  80|0x0000000085000000, 0x0000000085100000, 0x0000000085100000|100%| O|  |TAMS 0x0000000085000000, 0x0000000085000000| Untracked 
|  81|0x0000000085100000, 0x0000000085200000, 0x0000000085200000|100%| O|  |TAMS 0x0000000085100000, 0x0000000085100000| Untracked 
|  82|0x0000000085200000, 0x0000000085300000, 0x0000000085300000|100%| O|  |TAMS 0x0000000085200000, 0x0000000085200000| Untracked 
|  83|0x0000000085300000, 0x0000000085300000, 0x0000000085400000|  0%| F|  |TAMS 0x0000000085300000, 0x0000000085300000| Untracked 
|  84|0x0000000085400000, 0x0000000085400000, 0x0000000085500000|  0%| F|  |TAMS 0x0000000085400000, 0x0000000085400000| Untracked 
|  85|0x0000000085500000, 0x0000000085500000, 0x0000000085600000|  0%| F|  |TAMS 0x0000000085500000, 0x0000000085500000| Untracked 
|  86|0x0000000085600000, 0x0000000085600000, 0x0000000085700000|  0%| F|  |TAMS 0x0000000085600000, 0x0000000085600000| Untracked 
|  87|0x0000000085700000, 0x0000000085700000, 0x0000000085800000|  0%| F|  |TAMS 0x0000000085700000, 0x0000000085700000| Untracked 
|  88|0x0000000085800000, 0x0000000085800000, 0x0000000085900000|  0%| F|  |TAMS 0x0000000085800000, 0x0000000085800000| Untracked 
|  89|0x0000000085900000, 0x0000000085900000, 0x0000000085a00000|  0%| F|  |TAMS 0x0000000085900000, 0x0000000085900000| Untracked 
|  90|0x0000000085a00000, 0x0000000085a00000, 0x0000000085b00000|  0%| F|  |TAMS 0x0000000085a00000, 0x0000000085a00000| Untracked 
|  91|0x0000000085b00000, 0x0000000085b00000, 0x0000000085c00000|  0%| F|  |TAMS 0x0000000085b00000, 0x0000000085b00000| Untracked 
|  92|0x0000000085c00000, 0x0000000085c00000, 0x0000000085d00000|  0%| F|  |TAMS 0x0000000085c00000, 0x0000000085c00000| Untracked 
|  93|0x0000000085d00000, 0x0000000085d00000, 0x0000000085e00000|  0%| F|  |TAMS 0x0000000085d00000, 0x0000000085d00000| Untracked 
|  94|0x0000000085e00000, 0x0000000085e00000, 0x0000000085f00000|  0%| F|  |TAMS 0x0000000085e00000, 0x0000000085e00000| Untracked 
|  95|0x0000000085f00000, 0x0000000085f00000, 0x0000000086000000|  0%| F|  |TAMS 0x0000000085f00000, 0x0000000085f00000| Untracked 
|  96|0x0000000086000000, 0x0000000086000000, 0x0000000086100000|  0%| F|  |TAMS 0x0000000086000000, 0x0000000086000000| Untracked 
|  97|0x0000000086100000, 0x0000000086100000, 0x0000000086200000|  0%| F|  |TAMS 0x0000000086100000, 0x0000000086100000| Untracked 
|  98|0x0000000086200000, 0x0000000086200000, 0x0000000086300000|  0%| F|  |TAMS 0x0000000086200000, 0x0000000086200000| Untracked 
|  99|0x0000000086300000, 0x0000000086300000, 0x0000000086400000|  0%| F|  |TAMS 0x0000000086300000, 0x0000000086300000| Untracked 
| 100|0x0000000086400000, 0x0000000086400000, 0x0000000086500000|  0%| F|  |TAMS 0x0000000086400000, 0x0000000086400000| Untracked 
| 101|0x0000000086500000, 0x0000000086500000, 0x0000000086600000|  0%| F|  |TAMS 0x0000000086500000, 0x0000000086500000| Untracked 
| 102|0x0000000086600000, 0x0000000086600000, 0x0000000086700000|  0%| F|  |TAMS 0x0000000086600000, 0x0000000086600000| Untracked 
| 103|0x0000000086700000, 0x0000000086700000, 0x0000000086800000|  0%| F|  |TAMS 0x0000000086700000, 0x0000000086700000| Untracked 
| 104|0x0000000086800000, 0x0000000086800000, 0x0000000086900000|  0%| F|  |TAMS 0x0000000086800000, 0x0000000086800000| Untracked 
| 105|0x0000000086900000, 0x0000000086900000, 0x0000000086a00000|  0%| F|  |TAMS 0x0000000086900000, 0x0000000086900000| Untracked 
| 106|0x0000000086a00000, 0x0000000086a00000, 0x0000000086b00000|  0%| F|  |TAMS 0x0000000086a00000, 0x0000000086a00000| Untracked 
| 107|0x0000000086b00000, 0x0000000086b00000, 0x0000000086c00000|  0%| F|  |TAMS 0x0000000086b00000, 0x0000000086b00000| Untracked 
| 108|0x0000000086c00000, 0x0000000086c00000, 0x0000000086d00000|  0%| F|  |TAMS 0x0000000086c00000, 0x0000000086c00000| Untracked 
| 109|0x0000000086d00000, 0x0000000086e00000, 0x0000000086e00000|100%| S|CS|TAMS 0x0000000086d00000, 0x0000000086d00000| Complete 
| 110|0x0000000086e00000, 0x0000000086f00000, 0x0000000086f00000|100%| S|CS|TAMS 0x0000000086e00000, 0x0000000086e00000| Complete 
| 111|0x0000000086f00000, 0x0000000087000000, 0x0000000087000000|100%| S|CS|TAMS 0x0000000086f00000, 0x0000000086f00000| Complete 
| 112|0x0000000087000000, 0x0000000087100000, 0x0000000087100000|100%| S|CS|TAMS 0x0000000087000000, 0x0000000087000000| Complete 
| 113|0x0000000087100000, 0x0000000087200000, 0x0000000087200000|100%| S|CS|TAMS 0x0000000087100000, 0x0000000087100000| Complete 
| 114|0x0000000087200000, 0x0000000087300000, 0x0000000087300000|100%| S|CS|TAMS 0x0000000087200000, 0x0000000087200000| Complete 
| 115|0x0000000087300000, 0x0000000087300000, 0x0000000087400000|  0%| F|  |TAMS 0x0000000087300000, 0x0000000087300000| Untracked 
| 116|0x0000000087400000, 0x0000000087400000, 0x0000000087500000|  0%| F|  |TAMS 0x0000000087400000, 0x0000000087400000| Untracked 
| 117|0x0000000087500000, 0x0000000087600000, 0x0000000087600000|100%| S|CS|TAMS 0x0000000087500000, 0x0000000087500000| Complete 
| 118|0x0000000087600000, 0x0000000087700000, 0x0000000087700000|100%| S|CS|TAMS 0x0000000087600000, 0x0000000087600000| Complete 
| 119|0x0000000087700000, 0x0000000087800000, 0x0000000087800000|100%| S|CS|TAMS 0x0000000087700000, 0x0000000087700000| Complete 
| 120|0x0000000087800000, 0x0000000087800000, 0x0000000087900000|  0%| F|  |TAMS 0x0000000087800000, 0x0000000087800000| Untracked 
| 121|0x0000000087900000, 0x0000000087900000, 0x0000000087a00000|  0%| F|  |TAMS 0x0000000087900000, 0x0000000087900000| Untracked 
| 122|0x0000000087a00000, 0x0000000087a00000, 0x0000000087b00000|  0%| F|  |TAMS 0x0000000087a00000, 0x0000000087a00000| Untracked 
| 123|0x0000000087b00000, 0x0000000087b00000, 0x0000000087c00000|  0%| F|  |TAMS 0x0000000087b00000, 0x0000000087b00000| Untracked 
| 124|0x0000000087c00000, 0x0000000087c00000, 0x0000000087d00000|  0%| F|  |TAMS 0x0000000087c00000, 0x0000000087c00000| Untracked 
| 125|0x0000000087d00000, 0x0000000087d00000, 0x0000000087e00000|  0%| F|  |TAMS 0x0000000087d00000, 0x0000000087d00000| Untracked 
| 126|0x0000000087e00000, 0x0000000087e00000, 0x0000000087f00000|  0%| F|  |TAMS 0x0000000087e00000, 0x0000000087e00000| Untracked 
| 127|0x0000000087f00000, 0x0000000087f00000, 0x0000000088000000|  0%| F|  |TAMS 0x0000000087f00000, 0x0000000087f00000| Untracked 
| 128|0x0000000088000000, 0x0000000088000000, 0x0000000088100000|  0%| F|  |TAMS 0x0000000088000000, 0x0000000088000000| Untracked 
| 129|0x0000000088100000, 0x0000000088100000, 0x0000000088200000|  0%| F|  |TAMS 0x0000000088100000, 0x0000000088100000| Untracked 
| 130|0x0000000088200000, 0x0000000088200000, 0x0000000088300000|  0%| F|  |TAMS 0x0000000088200000, 0x0000000088200000| Untracked 
| 131|0x0000000088300000, 0x0000000088300000, 0x0000000088400000|  0%| F|  |TAMS 0x0000000088300000, 0x0000000088300000| Untracked 
| 132|0x0000000088400000, 0x0000000088400000, 0x0000000088500000|  0%| F|  |TAMS 0x0000000088400000, 0x0000000088400000| Untracked 
| 133|0x0000000088500000, 0x0000000088564e50, 0x0000000088600000| 39%| E|  |TAMS 0x0000000088500000, 0x0000000088500000| Complete 
| 134|0x0000000088600000, 0x0000000088700000, 0x0000000088700000|100%| E|CS|TAMS 0x0000000088600000, 0x0000000088600000| Complete 
| 135|0x0000000088700000, 0x0000000088800000, 0x0000000088800000|100%| E|CS|TAMS 0x0000000088700000, 0x0000000088700000| Complete 
| 136|0x0000000088800000, 0x0000000088900000, 0x0000000088900000|100%| E|CS|TAMS 0x0000000088800000, 0x0000000088800000| Complete 
| 137|0x0000000088900000, 0x0000000088a00000, 0x0000000088a00000|100%| E|CS|TAMS 0x0000000088900000, 0x0000000088900000| Complete 
| 138|0x0000000088a00000, 0x0000000088b00000, 0x0000000088b00000|100%| E|CS|TAMS 0x0000000088a00000, 0x0000000088a00000| Complete 
| 139|0x0000000088b00000, 0x0000000088c00000, 0x0000000088c00000|100%| E|CS|TAMS 0x0000000088b00000, 0x0000000088b00000| Complete 
| 140|0x0000000088c00000, 0x0000000088d00000, 0x0000000088d00000|100%| E|CS|TAMS 0x0000000088c00000, 0x0000000088c00000| Complete 
| 141|0x0000000088d00000, 0x0000000088e00000, 0x0000000088e00000|100%| E|CS|TAMS 0x0000000088d00000, 0x0000000088d00000| Complete 
| 142|0x0000000088e00000, 0x0000000088f00000, 0x0000000088f00000|100%| E|CS|TAMS 0x0000000088e00000, 0x0000000088e00000| Complete 
| 143|0x0000000088f00000, 0x0000000089000000, 0x0000000089000000|100%| E|CS|TAMS 0x0000000088f00000, 0x0000000088f00000| Complete 
| 144|0x0000000089000000, 0x0000000089100000, 0x0000000089100000|100%| E|CS|TAMS 0x0000000089000000, 0x0000000089000000| Complete 
| 145|0x0000000089100000, 0x0000000089200000, 0x0000000089200000|100%| E|CS|TAMS 0x0000000089100000, 0x0000000089100000| Complete 
| 146|0x0000000089200000, 0x0000000089300000, 0x0000000089300000|100%| E|CS|TAMS 0x0000000089200000, 0x0000000089200000| Complete 
| 147|0x0000000089300000, 0x0000000089400000, 0x0000000089400000|100%| E|CS|TAMS 0x0000000089300000, 0x0000000089300000| Complete 
| 148|0x0000000089400000, 0x0000000089500000, 0x0000000089500000|100%| E|CS|TAMS 0x0000000089400000, 0x0000000089400000| Complete 
| 149|0x0000000089500000, 0x0000000089600000, 0x0000000089600000|100%| E|CS|TAMS 0x0000000089500000, 0x0000000089500000| Complete 
| 150|0x0000000089600000, 0x0000000089700000, 0x0000000089700000|100%| E|CS|TAMS 0x0000000089600000, 0x0000000089600000| Complete 
| 151|0x0000000089700000, 0x0000000089800000, 0x0000000089800000|100%| E|CS|TAMS 0x0000000089700000, 0x0000000089700000| Complete 
| 152|0x0000000089800000, 0x0000000089900000, 0x0000000089900000|100%| E|CS|TAMS 0x0000000089800000, 0x0000000089800000| Complete 
| 153|0x0000000089900000, 0x0000000089a00000, 0x0000000089a00000|100%| E|CS|TAMS 0x0000000089900000, 0x0000000089900000| Complete 
| 154|0x0000000089a00000, 0x0000000089b00000, 0x0000000089b00000|100%| E|CS|TAMS 0x0000000089a00000, 0x0000000089a00000| Complete 
| 155|0x0000000089b00000, 0x0000000089c00000, 0x0000000089c00000|100%| E|CS|TAMS 0x0000000089b00000, 0x0000000089b00000| Complete 
| 156|0x0000000089c00000, 0x0000000089d00000, 0x0000000089d00000|100%| E|CS|TAMS 0x0000000089c00000, 0x0000000089c00000| Complete 
| 157|0x0000000089d00000, 0x0000000089e00000, 0x0000000089e00000|100%| E|CS|TAMS 0x0000000089d00000, 0x0000000089d00000| Complete 
| 158|0x0000000089e00000, 0x0000000089f00000, 0x0000000089f00000|100%| E|CS|TAMS 0x0000000089e00000, 0x0000000089e00000| Complete 
| 159|0x0000000089f00000, 0x000000008a000000, 0x000000008a000000|100%| E|CS|TAMS 0x0000000089f00000, 0x0000000089f00000| Complete 
| 160|0x000000008a000000, 0x000000008a100000, 0x000000008a100000|100%| E|CS|TAMS 0x000000008a000000, 0x000000008a000000| Complete 
| 161|0x000000008a100000, 0x000000008a200000, 0x000000008a200000|100%| E|CS|TAMS 0x000000008a100000, 0x000000008a100000| Complete 
| 162|0x000000008a200000, 0x000000008a300000, 0x000000008a300000|100%| E|CS|TAMS 0x000000008a200000, 0x000000008a200000| Complete 
| 163|0x000000008a300000, 0x000000008a400000, 0x000000008a400000|100%| E|CS|TAMS 0x000000008a300000, 0x000000008a300000| Complete 
| 164|0x000000008a400000, 0x000000008a500000, 0x000000008a500000|100%| E|CS|TAMS 0x000000008a400000, 0x000000008a400000| Complete 
| 165|0x000000008a500000, 0x000000008a600000, 0x000000008a600000|100%| E|CS|TAMS 0x000000008a500000, 0x000000008a500000| Complete 
| 166|0x000000008a600000, 0x000000008a700000, 0x000000008a700000|100%| E|CS|TAMS 0x000000008a600000, 0x000000008a600000| Complete 
| 167|0x000000008a700000, 0x000000008a800000, 0x000000008a800000|100%| E|CS|TAMS 0x000000008a700000, 0x000000008a700000| Complete 
| 168|0x000000008a800000, 0x000000008a900000, 0x000000008a900000|100%| E|CS|TAMS 0x000000008a800000, 0x000000008a800000| Complete 
| 169|0x000000008a900000, 0x000000008aa00000, 0x000000008aa00000|100%| E|CS|TAMS 0x000000008a900000, 0x000000008a900000| Complete 
| 170|0x000000008aa00000, 0x000000008ab00000, 0x000000008ab00000|100%| E|CS|TAMS 0x000000008aa00000, 0x000000008aa00000| Complete 
| 171|0x000000008ab00000, 0x000000008ac00000, 0x000000008ac00000|100%| E|CS|TAMS 0x000000008ab00000, 0x000000008ab00000| Complete 
| 172|0x000000008ac00000, 0x000000008ad00000, 0x000000008ad00000|100%| E|CS|TAMS 0x000000008ac00000, 0x000000008ac00000| Complete 
| 173|0x000000008ad00000, 0x000000008ae00000, 0x000000008ae00000|100%| E|CS|TAMS 0x000000008ad00000, 0x000000008ad00000| Complete 
| 174|0x000000008ae00000, 0x000000008af00000, 0x000000008af00000|100%| E|CS|TAMS 0x000000008ae00000, 0x000000008ae00000| Complete 
| 175|0x000000008af00000, 0x000000008b000000, 0x000000008b000000|100%| E|CS|TAMS 0x000000008af00000, 0x000000008af00000| Complete 
| 176|0x000000008b000000, 0x000000008b100000, 0x000000008b100000|100%| E|CS|TAMS 0x000000008b000000, 0x000000008b000000| Complete 
| 177|0x000000008b100000, 0x000000008b200000, 0x000000008b200000|100%| E|CS|TAMS 0x000000008b100000, 0x000000008b100000| Complete 
| 178|0x000000008b200000, 0x000000008b300000, 0x000000008b300000|100%| E|CS|TAMS 0x000000008b200000, 0x000000008b200000| Complete 
| 179|0x000000008b300000, 0x000000008b400000, 0x000000008b400000|100%| E|CS|TAMS 0x000000008b300000, 0x000000008b300000| Complete 
| 180|0x000000008b400000, 0x000000008b500000, 0x000000008b500000|100%| E|CS|TAMS 0x000000008b400000, 0x000000008b400000| Complete 
| 181|0x000000008b500000, 0x000000008b600000, 0x000000008b600000|100%| E|CS|TAMS 0x000000008b500000, 0x000000008b500000| Complete 
| 182|0x000000008b600000, 0x000000008b700000, 0x000000008b700000|100%| E|CS|TAMS 0x000000008b600000, 0x000000008b600000| Complete 
| 183|0x000000008b700000, 0x000000008b800000, 0x000000008b800000|100%| E|CS|TAMS 0x000000008b700000, 0x000000008b700000| Complete 
| 184|0x000000008b800000, 0x000000008b900000, 0x000000008b900000|100%| E|CS|TAMS 0x000000008b800000, 0x000000008b800000| Complete 

Card table byte_map: [0x000001b437780000,0x000001b437b80000] _byte_map_base: 0x000001b437380000

Marking Bits (Prev, Next): (CMBitMap*) 0x000001b4248ced20, (CMBitMap*) 0x000001b4248cece8
 Prev Bits: [0x000001b439f80000, 0x000001b43bf80000)
 Next Bits: [0x000001b437f80000, 0x000001b439f80000)

Polling page: 0x000001b422670000

Metaspace:

Usage:
  Non-class:     80.52 MB capacity,    78.93 MB ( 98%) used,     1.31 MB (  2%) free+waste,   283.19 KB ( <1%) overhead. 
      Class:     12.58 MB capacity,    11.66 MB ( 93%) used,   813.94 KB (  6%) free+waste,   127.69 KB ( <1%) overhead. 
       Both:     93.10 MB capacity,    90.59 MB ( 97%) used,     2.11 MB (  2%) free+waste,   410.88 KB ( <1%) overhead. 

Virtual space:
  Non-class space:       82.00 MB reserved,      80.67 MB ( 98%) committed 
      Class space:        1.00 GB reserved,      12.63 MB (  1%) committed 
             Both:        1.08 GB reserved,      93.29 MB (  8%) committed 

Chunk freelists:
   Non-Class:  26.00 KB
       Class:  13.00 KB
        Both:  39.00 KB

MaxMetaspaceSize: 17179869184.00 GB
CompressedClassSpaceSize: 1.00 GB

CodeHeap 'non-profiled nmethods': size=120064Kb used=7306Kb max_used=7306Kb free=112757Kb
 bounds [0x000001b42fe40000, 0x000001b430570000, 0x000001b437380000]
CodeHeap 'profiled nmethods': size=120000Kb used=25582Kb max_used=25582Kb free=94417Kb
 bounds [0x000001b428910000, 0x000001b42a210000, 0x000001b42fe40000]
CodeHeap 'non-nmethods': size=5696Kb used=2289Kb max_used=2335Kb free=3406Kb
 bounds [0x000001b428380000, 0x000001b4285f0000, 0x000001b428910000]
 total_blobs=12611 nmethods=11715 adapters=807
 compilation: enabled
              stopped_count=0, restarted_count=0
 full_count=0

Compilation events (20 events):
Event: 24.196 Thread 0x000001b43ed0d000 11802   !   2       com.sun.tools.javac.jvm.ClassReader::readMethod (462 bytes)
Event: 24.198 Thread 0x000001b43ed0d000 nmethod 11802 0x000001b42a202890 code [0x000001b42a202c40, 0x000001b42a203ff8]
Event: 24.198 Thread 0x000001b43ed0d000 11803       2       com.sun.tools.javac.jvm.ClassReader::setParameters (348 bytes)
Event: 24.199 Thread 0x000001b43ed0d000 nmethod 11803 0x000001b42a204a90 code [0x000001b42a204de0, 0x000001b42a205ea8]
Event: 24.199 Thread 0x000001b43ed0d000 11804       2       com.sun.tools.javac.jvm.ClassReader$AnnotationCompleter::<init> (93 bytes)
Event: 24.200 Thread 0x000001b43ed0d000 nmethod 11804 0x000001b42a206890 code [0x000001b42a206a80, 0x000001b42a206ee8]
Event: 24.204 Thread 0x000001b43ed0d000 11805       2       com.sun.tools.javac.util.ByteBuffer::appendBytes (42 bytes)
Event: 24.204 Thread 0x000001b43ed0d000 nmethod 11805 0x000001b42a207090 code [0x000001b42a207260, 0x000001b42a2076b8]
Event: 24.204 Thread 0x000001b43ed0d000 11806       2       com.sun.tools.javac.jvm.ClassWriter$CWSignatureGenerator::append (9 bytes)
Event: 24.204 Thread 0x000001b43ed0d000 nmethod 11806 0x000001b42a207890 code [0x000001b42a207a60, 0x000001b42a207e08]
Event: 24.206 Thread 0x000001b43ed0d000 11807       2       com.sun.tools.javac.jvm.Items$Item::<init> (15 bytes)
Event: 24.206 Thread 0x000001b43ed0d000 nmethod 11807 0x000001b42a208010 code [0x000001b42a2081c0, 0x000001b42a208318]
Event: 24.208 Thread 0x000001b43ed0d000 11808       2       com.sun.tools.javac.jvm.ClassFile::externalize (51 bytes)
Event: 24.208 Thread 0x000001b43ed0d000 nmethod 11808 0x000001b42a208390 code [0x000001b42a208540, 0x000001b42a208798]
Event: 24.211 Thread 0x000001b43ed0d000 11809       2       com.sun.tools.javac.util.Name::toUtf (15 bytes)
Event: 24.211 Thread 0x000001b43ed0d000 nmethod 11809 0x000001b42a208910 code [0x000001b42a208b00, 0x000001b42a208de8]
Event: 24.214 Thread 0x000001b43ed0d000 11810       2       com.sun.tools.javac.jvm.ClassWriter$CWSignatureGenerator::assembleSig (66 bytes)
Event: 24.215 Thread 0x000001b43ed0d000 nmethod 11810 0x000001b42a208f10 code [0x000001b42a209120, 0x000001b42a209498]
Event: 24.215 Thread 0x000001b43ed0d000 11811       2       com.sun.tools.javac.code.Types$SignatureGenerator::assembleSig (533 bytes)
Event: 24.216 Thread 0x000001b43ed0d000 nmethod 11811 0x000001b42a209790 code [0x000001b42a209c40, 0x000001b42a20afd8]

GC Heap History (20 events):
Event: 11.696 GC heap before
{Heap before GC invocations=12 (full 0):
 garbage-first heap   total 157696K, used 85975K [0x0000000080000000, 0x0000000100000000)
  region size 1024K, 53 young (54272K), 11 survivors (11264K)
 Metaspace       used 58245K, capacity 59791K, committed 59948K, reserved 1101824K
  class space    used 7426K, capacity 7989K, committed 8064K, reserved 1048576K
}
Event: 11.714 GC heap after
{Heap after GC invocations=13 (full 0):
 garbage-first heap   total 157696K, used 46396K [0x0000000080000000, 0x0000000100000000)
  region size 1024K, 2 young (2048K), 2 survivors (2048K)
 Metaspace       used 58245K, capacity 59791K, committed 59948K, reserved 1101824K
  class space    used 7426K, capacity 7989K, committed 8064K, reserved 1048576K
}
Event: 12.691 GC heap before
{Heap before GC invocations=14 (full 0):
 garbage-first heap   total 157696K, used 106812K [0x0000000080000000, 0x0000000100000000)
  region size 1024K, 61 young (62464K), 2 survivors (2048K)
 Metaspace       used 64268K, capacity 65906K, committed 66092K, reserved 1105920K
  class space    used 8199K, capacity 8820K, committed 8832K, reserved 1048576K
}
Event: 12.698 GC heap after
{Heap after GC invocations=15 (full 0):
 garbage-first heap   total 157696K, used 50636K [0x0000000080000000, 0x0000000100000000)
  region size 1024K, 7 young (7168K), 7 survivors (7168K)
 Metaspace       used 64268K, capacity 65906K, committed 66092K, reserved 1105920K
  class space    used 8199K, capacity 8820K, committed 8832K, reserved 1048576K
}
Event: 13.559 GC heap before
{Heap before GC invocations=15 (full 0):
 garbage-first heap   total 157696K, used 111052K [0x0000000080000000, 0x0000000100000000)
  region size 1024K, 66 young (67584K), 7 survivors (7168K)
 Metaspace       used 67997K, capacity 69692K, committed 69804K, reserved 1110016K
  class space    used 8832K, capacity 9461K, committed 9472K, reserved 1048576K
}
Event: 13.570 GC heap after
{Heap after GC invocations=16 (full 0):
 garbage-first heap   total 157696K, used 56014K [0x0000000080000000, 0x0000000100000000)
  region size 1024K, 6 young (6144K), 6 survivors (6144K)
 Metaspace       used 67997K, capacity 69692K, committed 69804K, reserved 1110016K
  class space    used 8832K, capacity 9461K, committed 9472K, reserved 1048576K
}
Event: 14.366 GC heap before
{Heap before GC invocations=16 (full 0):
 garbage-first heap   total 157696K, used 115406K [0x0000000080000000, 0x0000000100000000)
  region size 1024K, 64 young (65536K), 6 survivors (6144K)
 Metaspace       used 70977K, capacity 72779K, committed 73132K, reserved 1112064K
  class space    used 9257K, capacity 9881K, committed 9984K, reserved 1048576K
}
Event: 14.385 GC heap after
{Heap after GC invocations=17 (full 0):
 garbage-first heap   total 157696K, used 60856K [0x0000000080000000, 0x0000000100000000)
  region size 1024K, 5 young (5120K), 5 survivors (5120K)
 Metaspace       used 70977K, capacity 72779K, committed 73132K, reserved 1112064K
  class space    used 9257K, capacity 9881K, committed 9984K, reserved 1048576K
}
Event: 15.362 GC heap before
{Heap before GC invocations=17 (full 0):
 garbage-first heap   total 157696K, used 119224K [0x0000000080000000, 0x0000000100000000)
  region size 1024K, 62 young (63488K), 5 survivors (5120K)
 Metaspace       used 77177K, capacity 79116K, committed 79404K, reserved 1118208K
  class space    used 10112K, capacity 10803K, committed 10880K, reserved 1048576K
}
Event: 15.374 GC heap after
{Heap after GC invocations=18 (full 0):
 garbage-first heap   total 157696K, used 63832K [0x0000000080000000, 0x0000000100000000)
  region size 1024K, 8 young (8192K), 8 survivors (8192K)
 Metaspace       used 77177K, capacity 79116K, committed 79404K, reserved 1118208K
  class space    used 10112K, capacity 10803K, committed 10880K, reserved 1048576K
}
Event: 16.880 GC heap before
{Heap before GC invocations=18 (full 0):
 garbage-first heap   total 157696K, used 122200K [0x0000000080000000, 0x0000000100000000)
  region size 1024K, 65 young (66560K), 8 survivors (8192K)
 Metaspace       used 80615K, capacity 82751K, committed 82988K, reserved 1120256K
  class space    used 10585K, capacity 11377K, committed 11392K, reserved 1048576K
}
Event: 16.896 GC heap after
{Heap after GC invocations=19 (full 0):
 garbage-first heap   total 157696K, used 69413K [0x0000000080000000, 0x0000000100000000)
  region size 1024K, 9 young (9216K), 9 survivors (9216K)
 Metaspace       used 80615K, capacity 82751K, committed 82988K, reserved 1120256K
  class space    used 10585K, capacity 11377K, committed 11392K, reserved 1048576K
}
Event: 17.844 GC heap before
{Heap before GC invocations=19 (full 0):
 garbage-first heap   total 157696K, used 123685K [0x0000000080000000, 0x0000000100000000)
  region size 1024K, 63 young (64512K), 9 survivors (9216K)
 Metaspace       used 81317K, capacity 83517K, committed 83628K, reserved 1122304K
  class space    used 10656K, capacity 11498K, committed 11520K, reserved 1048576K
}
Event: 17.858 GC heap after
{Heap after GC invocations=20 (full 0):
 garbage-first heap   total 189440K, used 72870K [0x0000000080000000, 0x0000000100000000)
  region size 1024K, 4 young (4096K), 4 survivors (4096K)
 Metaspace       used 81317K, capacity 83517K, committed 83628K, reserved 1122304K
  class space    used 10656K, capacity 11498K, committed 11520K, reserved 1048576K
}
Event: 19.371 GC heap before
{Heap before GC invocations=20 (full 0):
 garbage-first heap   total 189440K, used 143526K [0x0000000080000000, 0x0000000100000000)
  region size 1024K, 74 young (75776K), 4 survivors (4096K)
 Metaspace       used 82177K, capacity 84410K, committed 84524K, reserved 1122304K
  class space    used 10717K, capacity 11569K, committed 11648K, reserved 1048576K
}
Event: 19.387 GC heap after
{Heap after GC invocations=21 (full 0):
 garbage-first heap   total 189440K, used 77639K [0x0000000080000000, 0x0000000100000000)
  region size 1024K, 9 young (9216K), 9 survivors (9216K)
 Metaspace       used 82177K, capacity 84410K, committed 84524K, reserved 1122304K
  class space    used 10717K, capacity 11569K, committed 11648K, reserved 1048576K
}
Event: 20.290 GC heap before
{Heap before GC invocations=21 (full 0):
 garbage-first heap   total 189440K, used 146247K [0x0000000080000000, 0x0000000100000000)
  region size 1024K, 77 young (78848K), 9 survivors (9216K)
 Metaspace       used 83587K, capacity 85887K, committed 86188K, reserved 1124352K
  class space    used 10862K, capacity 11719K, committed 11776K, reserved 1048576K
}
Event: 20.309 GC heap after
{Heap after GC invocations=22 (full 0):
 garbage-first heap   total 189440K, used 83289K [0x0000000080000000, 0x0000000100000000)
  region size 1024K, 6 young (6144K), 6 survivors (6144K)
 Metaspace       used 83587K, capacity 85887K, committed 86188K, reserved 1124352K
  class space    used 10862K, capacity 11719K, committed 11776K, reserved 1048576K
}
Event: 21.975 GC heap before
{Heap before GC invocations=22 (full 0):
 garbage-first heap   total 189440K, used 150873K [0x0000000080000000, 0x0000000100000000)
  region size 1024K, 71 young (72704K), 6 survivors (6144K)
 Metaspace       used 90177K, capacity 92582K, committed 92716K, reserved 1130496K
  class space    used 11695K, capacity 12567K, committed 12672K, reserved 1048576K
}
Event: 21.993 GC heap after
{Heap after GC invocations=23 (full 0):
 garbage-first heap   total 189440K, used 94208K [0x0000000080000000, 0x0000000100000000)
  region size 1024K, 9 young (9216K), 9 survivors (9216K)
 Metaspace       used 90177K, capacity 92582K, committed 92716K, reserved 1130496K
  class space    used 11695K, capacity 12567K, committed 12672K, reserved 1048576K
}

Deoptimization events (20 events):
Event: 24.047 Thread 0x000001b44275e800 DEOPT PACKING pc=0x000001b42a19962d sp=0x00000050e29f10b0
Event: 24.047 Thread 0x000001b44275e800 DEOPT UNPACKING pc=0x000001b4283a76ce sp=0x00000050e29f0630 mode 0
Event: 24.050 Thread 0x000001b44275e800 Uncommon trap: trap_request=0xffffff4d fr.pc=0x000001b430557054 relative=0x0000000000000274
Event: 24.050 Thread 0x000001b44275e800 Uncommon trap: reason=unstable_if action=reinterpret pc=0x000001b430557054 method=com.sun.tools.javac.code.Scope$ScopeImpl.lookup(Lcom/sun/tools/javac/util/Name;Lcom/sun/tools/javac/util/Filter;)Lcom/sun/tools/javac/code/Scope$Entry; @ 19 c2
Event: 24.050 Thread 0x000001b44275e800 DEOPT PACKING pc=0x000001b430557054 sp=0x00000050e29f1010
Event: 24.050 Thread 0x000001b44275e800 DEOPT UNPACKING pc=0x000001b4283a78af sp=0x00000050e29f0fb8 mode 2
Event: 24.121 Thread 0x000001b44275e800 Uncommon trap: trap_request=0xffffff4d fr.pc=0x000001b430432084 relative=0x0000000000000424
Event: 24.121 Thread 0x000001b44275e800 Uncommon trap: reason=unstable_if action=reinterpret pc=0x000001b430432084 method=java.util.concurrent.ConcurrentHashMap.putVal(Ljava/lang/Object;Ljava/lang/Object;Z)Ljava/lang/Object; @ 245 c2
Event: 24.121 Thread 0x000001b44275e800 DEOPT PACKING pc=0x000001b430432084 sp=0x00000050e29f8fd0
Event: 24.121 Thread 0x000001b44275e800 DEOPT UNPACKING pc=0x000001b4283a78af sp=0x00000050e29f8f68 mode 2
Event: 24.181 Thread 0x000001b4414d4000 DEOPT PACKING pc=0x000001b42a000dc4 sp=0x00000050df2ff020
Event: 24.181 Thread 0x000001b4414d4000 DEOPT UNPACKING pc=0x000001b4283a76ce sp=0x00000050df2fe5c0 mode 0
Event: 24.205 Thread 0x000001b44275e800 Uncommon trap: trap_request=0xffffff4d fr.pc=0x000001b42fe46010 relative=0x00000000000001f0
Event: 24.205 Thread 0x000001b44275e800 Uncommon trap: reason=unstable_if action=reinterpret pc=0x000001b42fe46010 method=java.lang.String.isLatin1()Z @ 10 c2
Event: 24.205 Thread 0x000001b44275e800 DEOPT PACKING pc=0x000001b42fe46010 sp=0x00000050e29f91b0
Event: 24.205 Thread 0x000001b44275e800 DEOPT UNPACKING pc=0x000001b4283a78af sp=0x00000050e29f90d8 mode 2
Event: 24.208 Thread 0x000001b44275e800 Uncommon trap: trap_request=0xffffff45 fr.pc=0x000001b43051dcfc relative=0x00000000000001dc
Event: 24.208 Thread 0x000001b44275e800 Uncommon trap: reason=unstable_fused_if action=reinterpret pc=0x000001b43051dcfc method=com.sun.tools.javac.util.Convert.chars2utf([CI[BII)I @ 28 c2
Event: 24.208 Thread 0x000001b44275e800 DEOPT PACKING pc=0x000001b43051dcfc sp=0x00000050e29f9b60
Event: 24.208 Thread 0x000001b44275e800 DEOPT UNPACKING pc=0x000001b4283a78af sp=0x00000050e29f9ac0 mode 2

Classes redefined (0 events):
No events

Internal exceptions (20 events):
Event: 23.888 Thread 0x000001b44275e800 Exception <a 'sun/nio/fs/WindowsException'{0x000000008937d1a0}> (0x000000008937d1a0) thrown at [./src/hotspot/share/prims/jni.cpp, line 615]
Event: 23.903 Thread 0x000001b44275e800 Exception <a 'sun/nio/fs/WindowsException'{0x00000000893ff6e0}> (0x00000000893ff6e0) thrown at [./src/hotspot/share/prims/jni.cpp, line 615]
Event: 23.904 Thread 0x000001b44275e800 Exception <a 'sun/nio/fs/WindowsException'{0x00000000893ff848}> (0x00000000893ff848) thrown at [./src/hotspot/share/prims/jni.cpp, line 615]
Event: 23.917 Thread 0x000001b44275e800 Exception <a 'sun/nio/fs/WindowsException'{0x000000008926ca80}> (0x000000008926ca80) thrown at [./src/hotspot/share/prims/jni.cpp, line 615]
Event: 23.917 Thread 0x000001b44275e800 Exception <a 'sun/nio/fs/WindowsException'{0x000000008926cc10}> (0x000000008926cc10) thrown at [./src/hotspot/share/prims/jni.cpp, line 615]
Event: 23.938 Thread 0x000001b44275e800 Exception <a 'sun/nio/fs/WindowsException'{0x0000000089120898}> (0x0000000089120898) thrown at [./src/hotspot/share/prims/jni.cpp, line 615]
Event: 23.938 Thread 0x000001b44275e800 Exception <a 'sun/nio/fs/WindowsException'{0x0000000089120a28}> (0x0000000089120a28) thrown at [./src/hotspot/share/prims/jni.cpp, line 615]
Event: 23.939 Thread 0x000001b44275e800 Exception <a 'sun/nio/fs/WindowsException'{0x000000008914f448}> (0x000000008914f448) thrown at [./src/hotspot/share/prims/jni.cpp, line 615]
Event: 23.939 Thread 0x000001b44275e800 Exception <a 'sun/nio/fs/WindowsException'{0x000000008914f5d0}> (0x000000008914f5d0) thrown at [./src/hotspot/share/prims/jni.cpp, line 615]
Event: 23.948 Thread 0x000001b44275e800 Exception <a 'java/lang/NoSuchMethodError'{0x00000000891aff28}: 'int java.lang.invoke.DirectMethodHandle$Holder.invokeVirtual(java.lang.Object, java.lang.Object, java.lang.Object, java.lang.Object)'> (0x00000000891aff28) thrown at [./src/hotspot/share/interpreter/linkResolver.cpp, line 773]
Event: 24.164 Thread 0x000001b44275e800 Exception <a 'sun/nio/fs/WindowsException'{0x000000008864f388}> (0x000000008864f388) thrown at [./src/hotspot/share/prims/jni.cpp, line 615]
Event: 24.173 Thread 0x000001b44275e800 Exception <a 'sun/nio/fs/WindowsException'{0x000000008867a5b0}> (0x000000008867a5b0) thrown at [./src/hotspot/share/prims/jni.cpp, line 615]
Event: 24.177 Thread 0x000001b44275e800 Exception <a 'sun/nio/fs/WindowsException'{0x000000008867f440}> (0x000000008867f440) thrown at [./src/hotspot/share/prims/jni.cpp, line 615]
Event: 24.180 Thread 0x000001b44275e800 Exception <a 'sun/nio/fs/WindowsException'{0x00000000886842d0}> (0x00000000886842d0) thrown at [./src/hotspot/share/prims/jni.cpp, line 615]
Event: 24.183 Thread 0x000001b44275e800 Exception <a 'sun/nio/fs/WindowsException'{0x0000000088689160}> (0x0000000088689160) thrown at [./src/hotspot/share/prims/jni.cpp, line 615]
Event: 24.187 Thread 0x000001b44275e800 Exception <a 'sun/nio/fs/WindowsException'{0x000000008868dff0}> (0x000000008868dff0) thrown at [./src/hotspot/share/prims/jni.cpp, line 615]
Event: 24.202 Thread 0x000001b44275e800 Exception <a 'sun/nio/fs/WindowsException'{0x00000000886eaca8}> (0x00000000886eaca8) thrown at [./src/hotspot/share/prims/jni.cpp, line 615]
Event: 24.206 Thread 0x000001b44275e800 Exception <a 'sun/nio/fs/WindowsException'{0x0000000088503400}> (0x0000000088503400) thrown at [./src/hotspot/share/prims/jni.cpp, line 615]
Event: 24.209 Thread 0x000001b44275e800 Exception <a 'sun/nio/fs/WindowsException'{0x0000000088509d80}> (0x0000000088509d80) thrown at [./src/hotspot/share/prims/jni.cpp, line 615]
Event: 24.212 Thread 0x000001b44275e800 Exception <a 'sun/nio/fs/WindowsException'{0x00000000885101d8}> (0x00000000885101d8) thrown at [./src/hotspot/share/prims/jni.cpp, line 615]

Events (20 events):
Event: 24.117 loading class java/text/BreakIterator
Event: 24.118 loading class java/text/BreakIterator done
Event: 24.118 loading class org/gradle/internal/compiler/java/listeners/constants/ConstantsTreeVisitor
Event: 24.118 loading class org/gradle/internal/compiler/java/listeners/constants/ConstantsTreeVisitor done
Event: 24.120 loading class org/gradle/internal/compiler/java/listeners/constants/ConstantsVisitorContext
Event: 24.120 loading class org/gradle/internal/compiler/java/listeners/constants/ConstantsVisitorContext done
Event: 24.120 loading class org/gradle/internal/compiler/java/listeners/constants/ConstantDependentsConsumer
Event: 24.120 loading class org/gradle/internal/compiler/java/listeners/constants/ConstantDependentsConsumer done
Event: 24.160 Executing VM operation: Deoptimize
Event: 24.162 Executing VM operation: Deoptimize done
Event: 24.163 loading class com/sun/tools/javac/code/Symbol
Event: 24.163 loading class com/sun/tools/javac/code/Symbol done
Event: 24.163 loading class com/sun/tools/javac/code/Symbol
Event: 24.163 loading class com/sun/tools/javac/code/Symbol done
Event: 24.163 loading class com/sun/tools/javac/util/Filter
Event: 24.163 loading class com/sun/tools/javac/util/Filter done
Event: 24.167 loading class java/nio/channels/Channels$1
Event: 24.167 loading class java/nio/channels/Channels$1 done
Event: 24.171 loading class org/gradle/util/internal/RelativePathUtil
Event: 24.171 loading class org/gradle/util/internal/RelativePathUtil done


Dynamic libraries:
0x00007ff6f0960000 - 0x00007ff6f096a000 	C:\Program Files\Android\Android Studio\jre\bin\java.exe
0x00007ffaf8910000 - 0x00007ffaf8b05000 	C:\WINDOWS\SYSTEM32\ntdll.dll
0x00007ffaf7820000 - 0x00007ffaf78de000 	C:\WINDOWS\System32\KERNEL32.DLL
0x00007ffaf6060000 - 0x00007ffaf6328000 	C:\WINDOWS\System32\KERNELBASE.dll
0x00007ffaf6330000 - 0x00007ffaf6430000 	C:\WINDOWS\System32\ucrtbase.dll
0x00007ffaeeec0000 - 0x00007ffaeeed9000 	C:\Program Files\Android\Android Studio\jre\bin\jli.dll
0x00007ffadf160000 - 0x00007ffadf177000 	C:\Program Files\Android\Android Studio\jre\bin\VCRUNTIME140.dll
0x00007ffaf7b10000 - 0x00007ffaf7cb1000 	C:\WINDOWS\System32\USER32.dll
0x00007ffaf6030000 - 0x00007ffaf6052000 	C:\WINDOWS\System32\win32u.dll
0x00007ffaf7710000 - 0x00007ffaf773b000 	C:\WINDOWS\System32\GDI32.dll
0x00007ffaf65f0000 - 0x00007ffaf66fb000 	C:\WINDOWS\System32\gdi32full.dll
0x00007ffaea6a0000 - 0x00007ffaea93a000 	C:\WINDOWS\WinSxS\amd64_microsoft.windows.common-controls_6595b64144ccf1df_6.0.19041.1110_none_60b5254171f9507e\COMCTL32.dll
0x00007ffaf6700000 - 0x00007ffaf679d000 	C:\WINDOWS\System32\msvcp_win.dll
0x00007ffaf78e0000 - 0x00007ffaf797e000 	C:\WINDOWS\System32\msvcrt.dll
0x00007ffaf7f40000 - 0x00007ffaf7f70000 	C:\WINDOWS\System32\IMM32.DLL
0x00007ffac5200000 - 0x00007ffac529d000 	C:\Program Files\Android\Android Studio\jre\bin\msvcp140.dll
0x00007ffaac170000 - 0x00007ffaacc3f000 	C:\Program Files\Android\Android Studio\jre\bin\server\jvm.dll
0x00007ffaf7590000 - 0x00007ffaf763c000 	C:\WINDOWS\System32\ADVAPI32.dll
0x00007ffaf7fd0000 - 0x00007ffaf806b000 	C:\WINDOWS\System32\sechost.dll
0x00007ffaf79e0000 - 0x00007ffaf7b0a000 	C:\WINDOWS\System32\RPCRT4.dll
0x00007ffaf7700000 - 0x00007ffaf7708000 	C:\WINDOWS\System32\PSAPI.DLL
0x00007ffadd480000 - 0x00007ffadd489000 	C:\WINDOWS\SYSTEM32\WSOCK32.dll
0x00007ffaf7ed0000 - 0x00007ffaf7f3b000 	C:\WINDOWS\System32\WS2_32.dll
0x00007ffaeaaf0000 - 0x00007ffaeab17000 	C:\WINDOWS\SYSTEM32\WINMM.dll
0x00007ffaee780000 - 0x00007ffaee78a000 	C:\WINDOWS\SYSTEM32\VERSION.dll
0x00007ffaf4710000 - 0x00007ffaf4722000 	C:\WINDOWS\SYSTEM32\kernel.appcore.dll
0x00007ffadefd0000 - 0x00007ffadefe1000 	C:\Program Files\Android\Android Studio\jre\bin\verify.dll
0x00007ffadd130000 - 0x00007ffadd314000 	C:\WINDOWS\SYSTEM32\DBGHELP.DLL
0x00007ffadd4e0000 - 0x00007ffadd50c000 	C:\WINDOWS\SYSTEM32\dbgcore.DLL
0x00007ffaf6480000 - 0x00007ffaf6503000 	C:\WINDOWS\System32\bcryptPrimitives.dll
0x00007ffad9280000 - 0x00007ffad92a9000 	C:\Program Files\Android\Android Studio\jre\bin\java.dll
0x00007ffadec90000 - 0x00007ffadec9b000 	C:\Program Files\Android\Android Studio\jre\bin\jimage.dll
0x00007ffadb320000 - 0x00007ffadb338000 	C:\Program Files\Android\Android Studio\jre\bin\zip.dll
0x00007ffaf8190000 - 0x00007ffaf88cf000 	C:\WINDOWS\System32\SHELL32.dll
0x00007ffaf3ee0000 - 0x00007ffaf4670000 	C:\WINDOWS\SYSTEM32\windows.storage.dll
0x00007ffaf7230000 - 0x00007ffaf7585000 	C:\WINDOWS\System32\combase.dll
0x00007ffaf5a80000 - 0x00007ffaf5aae000 	C:\WINDOWS\SYSTEM32\Wldp.dll
0x00007ffaf7180000 - 0x00007ffaf722d000 	C:\WINDOWS\System32\SHCORE.dll
0x00007ffaf6ca0000 - 0x00007ffaf6cf5000 	C:\WINDOWS\System32\shlwapi.dll
0x00007ffaf5f70000 - 0x00007ffaf5f8f000 	C:\WINDOWS\SYSTEM32\profapi.dll
0x00007ffada900000 - 0x00007ffada91a000 	C:\Program Files\Android\Android Studio\jre\bin\net.dll
0x00007ffaee000000 - 0x00007ffaee10c000 	C:\WINDOWS\SYSTEM32\WINHTTP.dll
0x00007ffaf57e0000 - 0x00007ffaf584a000 	C:\WINDOWS\system32\mswsock.dll
0x00007ffad8d50000 - 0x00007ffad8d64000 	C:\Program Files\Android\Android Studio\jre\bin\nio.dll
0x00007ffada920000 - 0x00007ffada947000 	C:\Users\chieudepzaj\.gradle\native\e1d6ef7f7dcc3fd88c89a11ec53ec762bb8ba0a96d01ffa2cd45eb1d1d8dd5c5\windows-amd64\native-platform.dll
0x00007ffac45c0000 - 0x00007ffac4704000 	C:\Users\chieudepzaj\.gradle\native\5664cfc778a61ccfe75a443a1ab52a65af34e5dc3c78e0209fed803814484fcb\windows-amd64\native-platform-file-events.dll
0x00007ffadcc60000 - 0x00007ffadcc6a000 	C:\Program Files\Android\Android Studio\jre\bin\management.dll
0x00007ffad8d10000 - 0x00007ffad8d1c000 	C:\Program Files\Android\Android Studio\jre\bin\management_ext.dll
0x00007ffaf59d0000 - 0x00007ffaf59e8000 	C:\WINDOWS\SYSTEM32\CRYPTSP.dll
0x00007ffaf50f0000 - 0x00007ffaf5124000 	C:\WINDOWS\system32\rsaenh.dll
0x00007ffaf6510000 - 0x00007ffaf6537000 	C:\WINDOWS\System32\bcrypt.dll
0x00007ffaf5f30000 - 0x00007ffaf5f5e000 	C:\WINDOWS\SYSTEM32\USERENV.dll
0x00007ffaf59f0000 - 0x00007ffaf59fc000 	C:\WINDOWS\SYSTEM32\CRYPTBASE.dll
0x00007ffaf5480000 - 0x00007ffaf54bb000 	C:\WINDOWS\SYSTEM32\IPHLPAPI.DLL
0x00007ffaf7810000 - 0x00007ffaf7818000 	C:\WINDOWS\System32\NSI.dll
0x00007ffaeff90000 - 0x00007ffaeffa7000 	C:\WINDOWS\SYSTEM32\dhcpcsvc6.DLL
0x00007ffaeff70000 - 0x00007ffaeff8d000 	C:\WINDOWS\SYSTEM32\dhcpcsvc.DLL
0x00007ffaf54d0000 - 0x00007ffaf559b000 	C:\WINDOWS\SYSTEM32\DNSAPI.dll

dbghelp: loaded successfully - version: 4.0.5 - missing functions: none
symbol engine: initialized successfully - sym options: 0x614 - pdb path: .;C:\Program Files\Android\Android Studio\jre\bin;C:\WINDOWS\SYSTEM32;C:\WINDOWS\WinSxS\amd64_microsoft.windows.common-controls_6595b64144ccf1df_6.0.19041.1110_none_60b5254171f9507e;C:\Program Files\Android\Android Studio\jre\bin\server;C:\Users\chieudepzaj\.gradle\native\e1d6ef7f7dcc3fd88c89a11ec53ec762bb8ba0a96d01ffa2cd45eb1d1d8dd5c5\windows-amd64;C:\Users\chieudepzaj\.gradle\native\5664cfc778a61ccfe75a443a1ab52a65af34e5dc3c78e0209fed803814484fcb\windows-amd64

VM Arguments:
jvm_args: --add-opens=java.base/java.util=ALL-UNNAMED --add-opens=java.base/java.lang=ALL-UNNAMED --add-opens=java.base/java.lang.invoke=ALL-UNNAMED --add-opens=java.base/java.util=ALL-UNNAMED --add-opens=java.prefs/java.util.prefs=ALL-UNNAMED --add-opens=java.prefs/java.util.prefs=ALL-UNNAMED --add-opens=java.base/java.nio.charset=ALL-UNNAMED --add-opens=java.base/java.net=ALL-UNNAMED --add-opens=java.base/java.util.concurrent.atomic=ALL-UNNAMED -Xmx2048m -Dfile.encoding=UTF-8 -Duser.country=US -Duser.language=en -Duser.variant 
java_command: org.gradle.launcher.daemon.bootstrap.GradleDaemon 7.3
java_class_path (initial): C:\Users\chieudepzaj\.gradle\wrapper\dists\gradle-7.3-bin\ddwl0k7mt9g6ak16i1m905vyv\gradle-7.3\lib\gradle-launcher-7.3.jar
Launcher Type: SUN_STANDARD

[Global flags]
     intx CICompilerCount                          = 3                                         {product} {ergonomic}
     uint ConcGCThreads                            = 1                                         {product} {ergonomic}
     uint G1ConcRefinementThreads                  = 4                                         {product} {ergonomic}
   size_t G1HeapRegionSize                         = 1048576                                   {product} {ergonomic}
    uintx GCDrainStackTargetSize                   = 64                                        {product} {ergonomic}
   size_t InitialHeapSize                          = 134217728                                 {product} {ergonomic}
   size_t MarkStackSize                            = 4194304                                   {product} {ergonomic}
   size_t MaxHeapSize                              = 2147483648                                {product} {command line}
   size_t MaxNewSize                               = 1287651328                                {product} {ergonomic}
   size_t MinHeapDeltaBytes                        = 1048576                                   {product} {ergonomic}
    uintx NonNMethodCodeHeapSize                   = 5830732                                {pd product} {ergonomic}
    uintx NonProfiledCodeHeapSize                  = 122913754                              {pd product} {ergonomic}
    uintx ProfiledCodeHeapSize                     = 122913754                              {pd product} {ergonomic}
    uintx ReservedCodeCacheSize                    = 251658240                              {pd product} {ergonomic}
     bool SegmentedCodeCache                       = true                                      {product} {ergonomic}
     bool UseCompressedClassPointers               = true                                 {lp64_product} {ergonomic}
     bool UseCompressedOops                        = true                                 {lp64_product} {ergonomic}
     bool UseG1GC                                  = true                                      {product} {ergonomic}
     bool UseLargePagesIndividualAllocation        = false                                  {pd product} {ergonomic}

Logging:
Log output configuration:
 #0: stdout all=warning uptime,level,tags
 #1: stderr all=off uptime,level,tags

Environment Variables:
PATH=C:\Python39\Scripts\;C:\Python39\;C:\Program Files (x86)\Common Files\Oracle\Java\javapath;C:\windows\system32;C:\windows\;C:\Program Files\dotnet\;C:\Program Files (x86)\NVIDIA Corporation\PhysX\Common;C:\ProgramData\chocolatey\bin;C:\WINDOWS\system32;C:\WINDOWS;C:\WINDOWS\System32\Wbem;C:\WINDOWS\System32\WindowsPowerShell\v1.0\;C:\WINDOWS\System32\OpenSSH\;C:\Program Files\Git\cmd;C:\Program Files\nodejs;C:\Program Files\heroku\bin;C:\Users\chieudepzaj\AppData\Local\Programs\Microsoft VS Code\bin;C:\Users\chieudepzaj\AppData\Local\Microsoft\WindowsApps;C:\flutter\bin;
USERNAME=chieudepzaj
OS=Windows_NT
PROCESSOR_IDENTIFIER=Intel64 Family 6 Model 158 Stepping 9, GenuineIntel



---------------  S Y S T E M  ---------------

OS: Windows 10 , 64 bit Build 19041 (10.0.19041.1348)
OS uptime: 1 days 1:34 hours

CPU:total 4 (initial active 4) (4 cores per cpu, 1 threads per core) family 6 model 158 stepping 9 microcode 0xb4, cmov, cx8, fxsr, mmx, sse, sse2, sse3, ssse3, sse4.1, sse4.2, popcnt, avx, avx2, aes, clmul, erms, 3dnowpref, lzcnt, tsc, tscinvbit, bmi1, bmi2, adx, fma

Memory: 4k page, system-wide physical 8075M (1001M free)
TotalPageFile size 12171M (AvailPageFile size 2490M)
current process WorkingSet (physical memory assigned to process): 457M, peak: 458M
current process commit charge ("private bytes"): 484M, peak: 485M

vm_info: OpenJDK 64-Bit Server VM (11.0.10+0-b96-7249189) for windows-amd64 JRE (11.0.10+0-b96-7249189), built on Mar 31 2021 21:44:00 by "builder" with MS VC++ 14.0 (VS2015)

END.
