#
# A fatal error has been detected by the Java Runtime Environment:
#
#  EXCEPTION_ACCESS_VIOLATION (0xc0000005) at pc=0x00007ffce9f5a624, pid=10792, tid=1032
#
# JRE version: OpenJDK Runtime Environment (11.0.10) (build 11.0.10+0-b96-7249189)
# Java VM: OpenJDK 64-Bit Server VM (11.0.10+0-b96-7249189, mixed mode, tiered, compressed oops, g1 gc, windows-amd64)
# Problematic frame:
# V  [jvm.dll+0x6a624]
#
# No core dump will be written. Minidumps are not enabled by default on client versions of Windows
#
# If you would like to submit a bug report, please visit:
#   https://bugreport.java.com/bugreport/crash.jsp
#

---------------  S U M M A R Y ------------

Command Line: --add-opens=java.base/java.util=ALL-UNNAMED --add-opens=java.base/java.lang=ALL-UNNAMED --add-opens=java.base/java.lang.invoke=ALL-UNNAMED --add-opens=java.base/java.util=ALL-UNNAMED --add-opens=java.prefs/java.util.prefs=ALL-UNNAMED --add-opens=java.prefs/java.util.prefs=ALL-UNNAMED --add-opens=java.base/java.nio.charset=ALL-UNNAMED --add-opens=java.base/java.net=ALL-UNNAMED --add-opens=java.base/java.util.concurrent.atomic=ALL-UNNAMED -Xmx2048m -Dfile.encoding=UTF-8 -Duser.country=US -Duser.language=en -Duser.variant org.gradle.launcher.daemon.bootstrap.GradleDaemon 7.3

Host: Intel(R) Core(TM) i5-7300HQ CPU @ 2.50GHz, 4 cores, 7G,  Windows 10 , 64 bit Build 19041 (10.0.19041.1348)
Time: Wed Dec  1 21:42:26 2021 SE Asia Standard Time elapsed time: 786.723757 seconds (0d 0h 13m 6s)

---------------  T H R E A D  ---------------

Current thread (0x00000257c9c51000):  JavaThread "C2 CompilerThread0" daemon [_thread_in_native, id=1032, stack(0x000000a7bd600000,0x000000a7bd700000)]


Current CompileTask:
C2: 786723 20442       4       org.gradle.internal.logging.sink.OutputEventTransformer::onOutput (399 bytes)

Stack: [0x000000a7bd600000,0x000000a7bd700000],  sp=0x000000a7bd6fc1f0,  free space=1008k
Native frames: (J=compiled Java code, j=interpreted, Vv=VM code, C=native code)
V  [jvm.dll+0x6a624]
V  [jvm.dll+0x5f3f42]
V  [jvm.dll+0x5f269f]
V  [jvm.dll+0x1fb953]
V  [jvm.dll+0x1fa7f4]
V  [jvm.dll+0x18354c]
V  [jvm.dll+0x208ee7]
V  [jvm.dll+0x207731]
V  [jvm.dll+0x6eb1cf]
V  [jvm.dll+0x6e3d45]
V  [jvm.dll+0x5ebe96]
C  [ucrtbase.dll+0x21bb2]
C  [KERNEL32.DLL+0x17034]
C  [ntdll.dll+0x52651]


siginfo: EXCEPTION_ACCESS_VIOLATION (0xc0000005), reading address 0xffffffffffffffff


Register to memory mapping:

RIP=0x00007ffce9f5a624 jvm.dll
RAX=0x00007ffcea0c3bb0 jvm.dll
RBX=0x0000000000000004 is an unknown value
RCX=0x00007ffcea659af8 jvm.dll
RDX=0x000000a7bd6fc560 is pointing into the stack for thread: 0x00000257c9c51000
RSP=0x000000a7bd6fc1f0 is pointing into the stack for thread: 0x00000257c9c51000
RBP=0x00000257d3915120 points into unknown readable memory: 0x00007ffcea6893d0 | d0 93 68 ea fc 7f 00 00
RSI=0x000000a7bd6ff2f8 is pointing into the stack for thread: 0x00000257c9c51000
RDI=0x0000000000000002 is an unknown value
R8 =0x00000257d3915120 points into unknown readable memory: 0x00007ffcea6893d0 | d0 93 68 ea fc 7f 00 00
R9 =0x0000000000000002 is an unknown value
R10=0x00007ffcea65aea8 jvm.dll
R11=0x000000a7bd6fc200 is pointing into the stack for thread: 0x00000257c9c51000
R12=0x000000a7bd6ff2f8 is pointing into the stack for thread: 0x00000257c9c51000
R13=0x00000000000001e1 is an unknown value
R14=0x000000a7bd6fc560 is pointing into the stack for thread: 0x00000257c9c51000
R15=0x00000257d3915120 points into unknown readable memory: 0x00007ffcea6893d0 | d0 93 68 ea fc 7f 00 00


Registers:
RAX=0x00007ffcea0c3bb0, RBX=0x0000000000000004, RCX=0x00007ffcea659af8, RDX=0x000000a7bd6fc560
RSP=0x000000a7bd6fc1f0, RBP=0x00000257d3915120, RSI=0x000000a7bd6ff2f8, RDI=0x0000000000000002
R8 =0x00000257d3915120, R9 =0x0000000000000002, R10=0x00007ffcea65aea8, R11=0x000000a7bd6fc200
R12=0x000000a7bd6ff2f8, R13=0x00000000000001e1, R14=0x000000a7bd6fc560, R15=0x00000257d3915120
RIP=0x00007ffce9f5a624, EFLAGS=0x0000000000010206

Top of Stack: (sp=0x000000a7bd6fc1f0)
0x000000a7bd6fc1f0:   00007ffc00000001 000000a7bd6ff200
0x000000a7bd6fc200:   0000000000000000 000000a7bd6fea50
0x000000a7bd6fc210:   000000a7bd6fea50 00007ffcea4e3f42
0x000000a7bd6fc220:   0000000000000004 000000a7bd6fc320
0x000000a7bd6fc230:   00000257d0eaf9e8 0000000000000000
0x000000a7bd6fc240:   00000257cdf1f2b0 00000257cdf21b80
0x000000a7bd6fc250:   0000000700000004 0000015c00000001
0x000000a7bd6fc260:   000000a7bd6fc4c0 000001e10000000e
0x000000a7bd6fc270:   0000001bffffffff 00000257ca95fb00
0x000000a7bd6fc280:   0000000000000217 00000257d0eaf9e8
0x000000a7bd6fc290:   000001d3000001e1 0000000000000000
0x000000a7bd6fc2a0:   00000257ce2472c0 000000a7bd6fea50
0x000000a7bd6fc2b0:   0000000000000000 000000a700000000
0x000000a7bd6fc2c0:   00000257d0eaf9f8 000000000000001b
0x000000a7bd6fc2d0:   00000257c9c22c20 00000257ca960360
0x000000a7bd6fc2e0:   00007ffcea63f4b8 000000a7bd6ff350 

Instructions: (pc=0x00007ffce9f5a624)
0x00007ffce9f5a524:   00 4d 8b c5 48 8b d3 8b e8 4c 8b 11 41 ff 52 70
0x00007ffce9f5a534:   49 8b 4d 58 8b f0 48 8b 11 ff 52 78 49 8b 4d 58
0x00007ffce9f5a544:   41 b9 02 00 00 00 4d 8b c5 48 8b d3 8b f8 4c 8b
0x00007ffce9f5a554:   11 41 ff 92 80 00 00 00 49 8b 4d 58 8b d8 48 8b
0x00007ffce9f5a564:   11 ff 92 88 00 00 00 89 44 24 30 44 8b ce 89 5c
0x00007ffce9f5a574:   24 28 44 8b c5 41 8b d6 89 7c 24 20 49 8b cf e8
0x00007ffce9f5a584:   98 15 00 00 48 8b 5c 24 60 48 8b 6c 24 68 48 8b
0x00007ffce9f5a594:   74 24 70 48 8b 7c 24 78 48 83 c4 40 41 5f 41 5e
0x00007ffce9f5a5a4:   41 5d c3 cc cc cc cc cc cc cc cc cc 48 89 5c 24
0x00007ffce9f5a5b4:   08 48 89 6c 24 10 48 89 74 24 18 48 89 7c 24 20
0x00007ffce9f5a5c4:   41 56 48 83 ec 20 48 8b 42 68 48 8b e9 48 89 42
0x00007ffce9f5a5d4:   60 4d 8b f0 48 8b 49 50 48 8b f2 48 8b 01 ff 50
0x00007ffce9f5a5e4:   08 48 8b 4d 50 41 b9 01 00 00 00 4c 8b c5 49 8b
0x00007ffce9f5a5f4:   d6 8d 78 01 48 8b 01 ff 50 20 48 8b 4d 58 44 8b
0x00007ffce9f5a604:   cf 83 f8 08 4c 8b c5 49 8b d6 48 8b 01 7d 11 ff
0x00007ffce9f5a614:   50 20 83 f8 08 7c 21 48 8b 46 68 c6 00 41 eb 14
0x00007ffce9f5a624:   ff 50 20 83 f8 08 48 8b 46 68 7d 05 c6 00 44 eb
0x00007ffce9f5a634:   03 c6 00 45 48 ff 46 68 48 8b 46 68 44 8b cf 4c
0x00007ffce9f5a644:   8b c5 49 8b d6 c6 00 33 48 ff 46 68 48 8b 4d 58
0x00007ffce9f5a654:   48 8b 5d 50 48 8b 01 ff 50 20 4c 8b 13 41 b9 01
0x00007ffce9f5a664:   00 00 00 8b f8 4c 8b c5 49 8b d6 48 8b cb 83 e7
0x00007ffce9f5a674:   07 41 ff 52 20 48 8b 4e 68 0c f8 48 8b 5c 24 30
0x00007ffce9f5a684:   48 8b 6c 24 38 c0 e0 03 40 0a c7 48 8b 7c 24 48
0x00007ffce9f5a694:   88 01 48 ff 46 68 48 8b 74 24 40 48 83 c4 20 41
0x00007ffce9f5a6a4:   5e c3 cc cc cc cc cc cc cc cc cc cc 48 89 5c 24
0x00007ffce9f5a6b4:   08 48 89 74 24 10 57 48 83 ec 50 48 8b 42 68 48
0x00007ffce9f5a6c4:   8b f9 48 89 42 60 49 8b f0 48 8b 49 50 48 8b da
0x00007ffce9f5a6d4:   48 8b 01 ff 50 08 48 8b d3 48 8d 4c 24 20 e8 d9
0x00007ffce9f5a6e4:   f7 05 00 48 8b 15 42 26 98 00 48 b9 00 00 00 04
0x00007ffce9f5a6f4:   03 00 00 00 48 8b c2 41 b9 01 00 00 00 48 c1 e8
0x00007ffce9f5a704:   20 4c 8b c7 f6 d0 24 01 88 44 24 38 48 8b c2 48
0x00007ffce9f5a714:   c1 e8 1b f6 d0 24 01 88 44 24 39 48 8b c2 48 c1 


Stack slot to memory mapping:
stack at sp + 0 slots: 0x00007ffc00000001 is an unknown value
stack at sp + 1 slots: 0x000000a7bd6ff200 is pointing into the stack for thread: 0x00000257c9c51000
stack at sp + 2 slots: 0x0 is NULL
stack at sp + 3 slots: 0x000000a7bd6fea50 is pointing into the stack for thread: 0x00000257c9c51000
stack at sp + 4 slots: 0x000000a7bd6fea50 is pointing into the stack for thread: 0x00000257c9c51000
stack at sp + 5 slots: 0x00007ffcea4e3f42 jvm.dll
stack at sp + 6 slots: 0x0000000000000004 is an unknown value
stack at sp + 7 slots: 0x000000a7bd6fc320 is pointing into the stack for thread: 0x00000257c9c51000


---------------  P R O C E S S  ---------------

Threads class SMR info:
_java_thread_list=0x00000257d41717c0, length=86, elements={
0x00000257b0062800, 0x00000257c9c2d800, 0x00000257c9c31000, 0x00000257ca5c2800,
0x00000257ca5c3800, 0x00000257c9c4f000, 0x00000257c9c51000, 0x00000257c9c55800,
0x00000257c9c5d800, 0x00000257ca6f7800, 0x00000257cc5a7800, 0x00000257ca8d4800,
0x00000257cbc30000, 0x00000257cc639000, 0x00000257cc638800, 0x00000257cc63a000,
0x00000257cc634800, 0x00000257cc63b000, 0x00000257ce5fb800, 0x00000257ce5f9800,
0x00000257ce5f7800, 0x00000257ce5fa800, 0x00000257ce5ff800, 0x00000257d0321000,
0x00000257d0322000, 0x00000257d1b99800, 0x00000257d65b6800, 0x00000257d65b9800,
0x00000257d65b5800, 0x00000257d65b7800, 0x00000257d65b8000, 0x00000257d65b5000,
0x00000257d65bd000, 0x00000257d65bb800, 0x00000257d65bc000, 0x00000257d65be000,
0x00000257cb8ed000, 0x00000257d65be800, 0x00000257d65b9000, 0x00000257d65bf800,
0x00000257d65c0800, 0x00000257d65ba800, 0x00000257d65c1000, 0x00000257d65c2000,
0x00000257d65c2800, 0x00000257d65c3800, 0x00000257d1b95800, 0x00000257d1b93000,
0x00000257d1b98000, 0x00000257d1b96000, 0x00000257d1b94800, 0x00000257d1b98800,
0x00000257d1b94000, 0x00000257d1b9a800, 0x00000257d1b9b000, 0x00000257d1b97000,
0x00000257d1b9e800, 0x00000257d1b9d800, 0x00000257d1b9f000, 0x00000257d1ba1800,
0x00000257d1b9c000, 0x00000257d1ba0000, 0x00000257d0319000, 0x00000257d0318000,
0x00000257d0319800, 0x00000257d031a800, 0x00000257d031d000, 0x00000257d0317000,
0x00000257d031f800, 0x00000257d0320000, 0x00000257d031c000, 0x00000257d031e800,
0x00000257d031b800, 0x00000257d031e000, 0x00000257d0326000, 0x00000257d0324800,
0x00000257d0325000, 0x00000257ce5fc000, 0x00000257ce5fe000, 0x00000257ce5fe800,
0x00000257ce5f9000, 0x00000257ce605000, 0x00000257ce602800, 0x00000257ce606000,
0x00000257ce603800, 0x00000257ce604800
}

Java Threads: ( => current thread )
  0x00000257b0062800 JavaThread "main" [_thread_blocked, id=12268, stack(0x000000a7bca00000,0x000000a7bcb00000)]
  0x00000257c9c2d800 JavaThread "Reference Handler" daemon [_thread_blocked, id=10288, stack(0x000000a7bd100000,0x000000a7bd200000)]
  0x00000257c9c31000 JavaThread "Finalizer" daemon [_thread_blocked, id=6604, stack(0x000000a7bd200000,0x000000a7bd300000)]
  0x00000257ca5c2800 JavaThread "Signal Dispatcher" daemon [_thread_blocked, id=5148, stack(0x000000a7bd300000,0x000000a7bd400000)]
  0x00000257ca5c3800 JavaThread "Attach Listener" daemon [_thread_blocked, id=10724, stack(0x000000a7bd400000,0x000000a7bd500000)]
  0x00000257c9c4f000 JavaThread "Service Thread" daemon [_thread_blocked, id=1952, stack(0x000000a7bd500000,0x000000a7bd600000)]
=>0x00000257c9c51000 JavaThread "C2 CompilerThread0" daemon [_thread_in_native, id=1032, stack(0x000000a7bd600000,0x000000a7bd700000)]
  0x00000257c9c55800 JavaThread "C1 CompilerThread0" daemon [_thread_blocked, id=8620, stack(0x000000a7bd700000,0x000000a7bd800000)]
  0x00000257c9c5d800 JavaThread "Sweeper thread" daemon [_thread_blocked, id=8804, stack(0x000000a7bd800000,0x000000a7bd900000)]
  0x00000257ca6f7800 JavaThread "Common-Cleaner" daemon [_thread_blocked, id=7072, stack(0x000000a7bd900000,0x000000a7bda00000)]
  0x00000257cc5a7800 JavaThread "Daemon health stats" [_thread_blocked, id=7180, stack(0x000000a7bde00000,0x000000a7bdf00000)]
  0x00000257ca8d4800 JavaThread "Incoming local TCP Connector on port 60412" [_thread_in_native, id=404, stack(0x000000a7bdb00000,0x000000a7bdc00000)]
  0x00000257cbc30000 JavaThread "Daemon periodic checks" [_thread_blocked, id=3444, stack(0x000000a7bdf00000,0x000000a7be000000)]
  0x00000257cc639000 JavaThread "Cache worker for journal cache (C:\Users\chieudepzaj\.gradle\caches\journal-1)" [_thread_blocked, id=1924, stack(0x000000a7be800000,0x000000a7be900000)]
  0x00000257cc638800 JavaThread "File lock request listener" [_thread_in_native, id=3704, stack(0x000000a7be900000,0x000000a7bea00000)]
  0x00000257cc63a000 JavaThread "Cache worker for file hash cache (C:\Users\chieudepzaj\.gradle\caches\7.3\fileHashes)" [_thread_blocked, id=13724, stack(0x000000a7bea00000,0x000000a7beb00000)]
  0x00000257cc634800 JavaThread "File watcher server" daemon [_thread_in_native, id=11672, stack(0x000000a7bed00000,0x000000a7bee00000)]
  0x00000257cc63b000 JavaThread "File watcher consumer" daemon [_thread_blocked, id=2636, stack(0x000000a7bee00000,0x000000a7bef00000)]
  0x00000257ce5fb800 JavaThread "Cache worker for execution history cache (C:\Users\chieudepzaj\.gradle\caches\7.3\executionHistory)" [_thread_blocked, id=5044, stack(0x000000a7bf200000,0x000000a7bf300000)]
  0x00000257ce5f9800 JavaThread "jar transforms" [_thread_blocked, id=7660, stack(0x000000a7bf300000,0x000000a7bf400000)]
  0x00000257ce5f7800 JavaThread "jar transforms Thread 2" [_thread_blocked, id=4608, stack(0x000000a7bf400000,0x000000a7bf500000)]
  0x00000257ce5fa800 JavaThread "Cache worker for file content cache (C:\Users\chieudepzaj\.gradle\caches\7.3\fileContent)" [_thread_blocked, id=6712, stack(0x000000a7bf500000,0x000000a7bf600000)]
  0x00000257ce5ff800 JavaThread "jar transforms Thread 3" [_thread_blocked, id=12424, stack(0x000000a7bf700000,0x000000a7bf800000)]
  0x00000257d0321000 JavaThread "jar transforms Thread 4" [_thread_blocked, id=13420, stack(0x000000a7c2100000,0x000000a7c2200000)]
  0x00000257d0322000 JavaThread "Memory manager" [_thread_blocked, id=992, stack(0x000000a7c2200000,0x000000a7c2300000)]
  0x00000257d1b99800 JavaThread "Cache worker for Java compile cache (C:\Users\chieudepzaj\.gradle\caches\7.3\javaCompile)" [_thread_blocked, id=12384, stack(0x000000a7c2d00000,0x000000a7c2e00000)]
  0x00000257d65b6800 JavaThread "ForkJoinPool.commonPool-worker-5" daemon [_thread_blocked, id=11836, stack(0x000000a7c3600000,0x000000a7c3700000)]
  0x00000257d65b9800 JavaThread "Daemon Thread 2" [_thread_blocked, id=7616, stack(0x000000a7bc700000,0x000000a7bc800000)]
  0x00000257d65b5800 JavaThread "Handler for socket connection from /127.0.0.1:60412 to /127.0.0.1:57208" [_thread_in_native, id=6332, stack(0x000000a7bc800000,0x000000a7bc900000)]
  0x00000257d65b7800 JavaThread "Cancel handler" [_thread_blocked, id=14316, stack(0x000000a7bc900000,0x000000a7bca00000)]
  0x00000257d65b8000 JavaThread "Daemon worker Thread 2" [_thread_in_native, id=5896, stack(0x000000a7be000000,0x000000a7be100000)]
  0x00000257d65b5000 JavaThread "Asynchronous log dispatcher for DefaultDaemonConnection: socket connection from /127.0.0.1:60412 to /127.0.0.1:57208" [_thread_blocked, id=1580, stack(0x000000a7be100000,0x000000a7be200000)]
  0x00000257d65bd000 JavaThread "Stdin handler" [_thread_blocked, id=5660, stack(0x000000a7be200000,0x000000a7be300000)]
  0x00000257d65bb800 JavaThread "Daemon client event forwarder" [_thread_blocked, id=7860, stack(0x000000a7be300000,0x000000a7be400000)]
  0x00000257d65bc000 JavaThread "Cache worker for file hash cache (C:\Users\chieudepzaj\AndroidStudioProjects\Shopiki\.gradle\7.3\fileHashes)" [_thread_blocked, id=13996, stack(0x000000a7be400000,0x000000a7be500000)]
  0x00000257d65be000 JavaThread "Cache worker for checksums cache (C:\Users\chieudepzaj\AndroidStudioProjects\Shopiki\.gradle\7.3\checksums)" [_thread_blocked, id=14216, stack(0x000000a7be500000,0x000000a7be600000)]
  0x00000257cb8ed000 JavaThread "C2 CompilerThread1" daemon [_thread_in_native, id=4132, stack(0x000000a7be600000,0x000000a7be700000)]
  0x00000257d65be800 JavaThread "Cache worker for cache directory md-supplier (C:\Users\chieudepzaj\.gradle\caches\7.3\md-supplier)" [_thread_blocked, id=12848, stack(0x000000a7beb00000,0x000000a7bec00000)]
  0x00000257d65b9000 JavaThread "Cache worker for cache directory md-rule (C:\Users\chieudepzaj\.gradle\caches\7.3\md-rule)" [_thread_blocked, id=14240, stack(0x000000a7bec00000,0x000000a7bed00000)]
  0x00000257d65bf800 JavaThread "Cache worker for dependencies-accessors (C:\Users\chieudepzaj\AndroidStudioProjects\Shopiki\.gradle\7.3\dependencies-accessors)" [_thread_blocked, id=8976, stack(0x000000a7bef00000,0x000000a7bf000000)]
  0x00000257d65c0800 JavaThread "Cache worker for Build Output Cleanup Cache (C:\Users\chieudepzaj\AndroidStudioProjects\Shopiki\.gradle\buildOutputCleanup)" [_thread_blocked, id=6300, stack(0x000000a7bf000000,0x000000a7bf100000)]
  0x00000257d65ba800 JavaThread "Unconstrained build operations" [_thread_blocked, id=9480, stack(0x000000a7bf100000,0x000000a7bf200000)]
  0x00000257d65c1000 JavaThread "Unconstrained build operations Thread 2" [_thread_blocked, id=6028, stack(0x000000a7bf600000,0x000000a7bf700000)]
  0x00000257d65c2000 JavaThread "Unconstrained build operations Thread 3" [_thread_blocked, id=8056, stack(0x000000a7bf800000,0x000000a7bf900000)]
  0x00000257d65c2800 JavaThread "Unconstrained build operations Thread 4" [_thread_blocked, id=2736, stack(0x000000a7bf900000,0x000000a7bfa00000)]
  0x00000257d65c3800 JavaThread "Unconstrained build operations Thread 5" [_thread_blocked, id=12076, stack(0x000000a7bfa00000,0x000000a7bfb00000)]
  0x00000257d1b95800 JavaThread "Unconstrained build operations Thread 6" [_thread_blocked, id=3588, stack(0x000000a7bfb00000,0x000000a7bfc00000)]
  0x00000257d1b93000 JavaThread "Unconstrained build operations Thread 7" [_thread_blocked, id=7060, stack(0x000000a7bfc00000,0x000000a7bfd00000)]
  0x00000257d1b98000 JavaThread "Unconstrained build operations Thread 8" [_thread_blocked, id=2412, stack(0x000000a7bfd00000,0x000000a7bfe00000)]
  0x00000257d1b96000 JavaThread "Unconstrained build operations Thread 9" [_thread_blocked, id=9120, stack(0x000000a7bfe00000,0x000000a7bff00000)]
  0x00000257d1b94800 JavaThread "Unconstrained build operations Thread 10" [_thread_blocked, id=12912, stack(0x000000a7bff00000,0x000000a7c0000000)]
  0x00000257d1b98800 JavaThread "Unconstrained build operations Thread 11" [_thread_blocked, id=11000, stack(0x000000a7c0000000,0x000000a7c0100000)]
  0x00000257d1b94000 JavaThread "Unconstrained build operations Thread 12" [_thread_blocked, id=12244, stack(0x000000a7c0100000,0x000000a7c0200000)]
  0x00000257d1b9a800 JavaThread "Unconstrained build operations Thread 13" [_thread_blocked, id=9324, stack(0x000000a7c0200000,0x000000a7c0300000)]
  0x00000257d1b9b000 JavaThread "Unconstrained build operations Thread 14" [_thread_blocked, id=8524, stack(0x000000a7c0300000,0x000000a7c0400000)]
  0x00000257d1b97000 JavaThread "Unconstrained build operations Thread 15" [_thread_blocked, id=4880, stack(0x000000a7c0400000,0x000000a7c0500000)]
  0x00000257d1b9e800 JavaThread "Unconstrained build operations Thread 16" [_thread_blocked, id=7948, stack(0x000000a7c0500000,0x000000a7c0600000)]
  0x00000257d1b9d800 JavaThread "Unconstrained build operations Thread 17" [_thread_blocked, id=11868, stack(0x000000a7c0600000,0x000000a7c0700000)]
  0x00000257d1b9f000 JavaThread "Unconstrained build operations Thread 18" [_thread_blocked, id=1780, stack(0x000000a7c0700000,0x000000a7c0800000)]
  0x00000257d1ba1800 JavaThread "Unconstrained build operations Thread 19" [_thread_blocked, id=9176, stack(0x000000a7c0800000,0x000000a7c0900000)]
  0x00000257d1b9c000 JavaThread "Unconstrained build operations Thread 20" [_thread_blocked, id=9788, stack(0x000000a7c0900000,0x000000a7c0a00000)]
  0x00000257d1ba0000 JavaThread "Unconstrained build operations Thread 21" [_thread_blocked, id=10748, stack(0x000000a7c0a00000,0x000000a7c0b00000)]
  0x00000257d0319000 JavaThread "Unconstrained build operations Thread 22" [_thread_blocked, id=8908, stack(0x000000a7c0b00000,0x000000a7c0c00000)]
  0x00000257d0318000 JavaThread "Unconstrained build operations Thread 23" [_thread_blocked, id=14168, stack(0x000000a7c0c00000,0x000000a7c0d00000)]
  0x00000257d0319800 JavaThread "Unconstrained build operations Thread 24" [_thread_blocked, id=4668, stack(0x000000a7c0d00000,0x000000a7c0e00000)]
  0x00000257d031a800 JavaThread "Unconstrained build operations Thread 25" [_thread_blocked, id=11984, stack(0x000000a7c0e00000,0x000000a7c0f00000)]
  0x00000257d031d000 JavaThread "Unconstrained build operations Thread 26" [_thread_blocked, id=9964, stack(0x000000a7c0f00000,0x000000a7c1000000)]
  0x00000257d0317000 JavaThread "Unconstrained build operations Thread 27" [_thread_blocked, id=9992, stack(0x000000a7c1000000,0x000000a7c1100000)]
  0x00000257d031f800 JavaThread "Unconstrained build operations Thread 28" [_thread_blocked, id=9528, stack(0x000000a7c1100000,0x000000a7c1200000)]
  0x00000257d0320000 JavaThread "Unconstrained build operations Thread 29" [_thread_blocked, id=14204, stack(0x000000a7c1200000,0x000000a7c1300000)]
  0x00000257d031c000 JavaThread "Unconstrained build operations Thread 30" [_thread_blocked, id=7200, stack(0x000000a7c1300000,0x000000a7c1400000)]
  0x00000257d031e800 JavaThread "Unconstrained build operations Thread 31" [_thread_blocked, id=3824, stack(0x000000a7c1400000,0x000000a7c1500000)]
  0x00000257d031b800 JavaThread "Unconstrained build operations Thread 32" [_thread_blocked, id=9000, stack(0x000000a7c1500000,0x000000a7c1600000)]
  0x00000257d031e000 JavaThread "Unconstrained build operations Thread 33" [_thread_blocked, id=9644, stack(0x000000a7c1600000,0x000000a7c1700000)]
  0x00000257d0326000 JavaThread "Unconstrained build operations Thread 34" [_thread_blocked, id=13020, stack(0x000000a7c1700000,0x000000a7c1800000)]
  0x00000257d0324800 JavaThread "Unconstrained build operations Thread 35" [_thread_blocked, id=7132, stack(0x000000a7c1800000,0x000000a7c1900000)]
  0x00000257d0325000 JavaThread "Unconstrained build operations Thread 36" [_thread_blocked, id=12664, stack(0x000000a7c1900000,0x000000a7c1a00000)]
  0x00000257ce5fc000 JavaThread "Unconstrained build operations Thread 37" [_thread_blocked, id=12928, stack(0x000000a7c1a00000,0x000000a7c1b00000)]
  0x00000257ce5fe000 JavaThread "Unconstrained build operations Thread 38" [_thread_blocked, id=8168, stack(0x000000a7c1b00000,0x000000a7c1c00000)]
  0x00000257ce5fe800 JavaThread "Unconstrained build operations Thread 39" [_thread_blocked, id=8472, stack(0x000000a7c1c00000,0x000000a7c1d00000)]
  0x00000257ce5f9000 JavaThread "Unconstrained build operations Thread 40" [_thread_blocked, id=1380, stack(0x000000a7c1d00000,0x000000a7c1e00000)]
  0x00000257ce605000 JavaThread "build event listener" [_thread_blocked, id=13136, stack(0x000000a7c1e00000,0x000000a7c1f00000)]
  0x00000257ce602800 JavaThread "Execution worker for ':'" [_thread_blocked, id=6188, stack(0x000000a7c1f00000,0x000000a7c2000000)]
  0x00000257ce606000 JavaThread "Execution worker for ':' Thread 2" [_thread_blocked, id=6380, stack(0x000000a7c2000000,0x000000a7c2100000)]
  0x00000257ce603800 JavaThread "Execution worker for ':' Thread 3" [_thread_blocked, id=396, stack(0x000000a7c2300000,0x000000a7c2400000)]
  0x00000257ce604800 JavaThread "Cache worker for execution history cache (C:\Users\chieudepzaj\AndroidStudioProjects\Shopiki\.gradle\7.3\executionHistory)" [_thread_blocked, id=6400, stack(0x000000a7c2400000,0x000000a7c2500000)]

Other Threads:
  0x00000257c9c29800 VMThread "VM Thread" [stack: 0x000000a7bd000000,0x000000a7bd100000] [id=6456]
  0x00000257ca709800 WatcherThread [stack: 0x000000a7bda00000,0x000000a7bdb00000] [id=11396]
  0x00000257adfdd000 GCTaskThread "GC Thread#0" [stack: 0x000000a7bcb00000,0x000000a7bcc00000] [id=10988]
  0x00000257cb1c9800 GCTaskThread "GC Thread#1" [stack: 0x000000a7bdc00000,0x000000a7bdd00000] [id=8116]
  0x00000257cb22d800 GCTaskThread "GC Thread#2" [stack: 0x000000a7bdd00000,0x000000a7bde00000] [id=6956]
  0x00000257cc801800 GCTaskThread "GC Thread#3" [stack: 0x000000a7be700000,0x000000a7be800000] [id=9220]
  0x00000257b00a8800 ConcurrentGCThread "G1 Main Marker" [stack: 0x000000a7bcc00000,0x000000a7bcd00000] [id=3700]
  0x00000257b00aa800 ConcurrentGCThread "G1 Conc#0" [stack: 0x000000a7bcd00000,0x000000a7bce00000] [id=4832]
  0x00000257b0135800 ConcurrentGCThread "G1 Refine#0" [stack: 0x000000a7bce00000,0x000000a7bcf00000] [id=9136]
  0x00000257b0136800 ConcurrentGCThread "G1 Young RemSet Sampling" [stack: 0x000000a7bcf00000,0x000000a7bd000000] [id=5916]

Threads with active compile tasks:
C2 CompilerThread0 786789 20442       4       org.gradle.internal.logging.sink.OutputEventTransformer::onOutput (399 bytes)
C2 CompilerThread1 786789 20399       4       org.gradle.internal.snapshot.impl.DefaultValueSnapshotter::processValue (675 bytes)

VM state:not at safepoint (normal execution)

VM Mutex/Monitor currently owned by a thread: None

Heap address: 0x0000000080000000, size: 2048 MB, Compressed Oops mode: 32-bit
Narrow klass base: 0x0000000000000000, Narrow klass shift: 3
Compressed class space size: 1073741824 Address: 0x0000000100000000

Heap:
 garbage-first heap   total 250880K, used 163334K [0x0000000080000000, 0x0000000100000000)
  region size 1024K, 44 young (45056K), 1 survivors (1024K)
 Metaspace       used 122759K, capacity 126060K, committed 126252K, reserved 1159168K
  class space    used 15450K, capacity 16685K, committed 16768K, reserved 1048576K
Heap Regions: E=young(eden), S=young(survivor), O=old, HS=humongous(starts), HC=humongous(continues), CS=collection set, F=free, A=archive, TAMS=top-at-mark-start (previous, next)
|   0|0x0000000080000000, 0x0000000080100000, 0x0000000080100000|100%| O|  |TAMS 0x0000000080100000, 0x0000000080000000| Untracked 
|   1|0x0000000080100000, 0x0000000080200000, 0x0000000080200000|100%| O|  |TAMS 0x0000000080200000, 0x0000000080100000| Untracked 
|   2|0x0000000080200000, 0x0000000080300000, 0x0000000080300000|100%| O|  |TAMS 0x0000000080300000, 0x0000000080200000| Untracked 
|   3|0x0000000080300000, 0x0000000080400000, 0x0000000080400000|100%|HS|  |TAMS 0x0000000080400000, 0x0000000080300000| Complete 
|   4|0x0000000080400000, 0x0000000080500000, 0x0000000080500000|100%|HC|  |TAMS 0x0000000080500000, 0x0000000080400000| Complete 
|   5|0x0000000080500000, 0x0000000080600000, 0x0000000080600000|100%|HC|  |TAMS 0x0000000080600000, 0x0000000080500000| Complete 
|   6|0x0000000080600000, 0x0000000080700000, 0x0000000080700000|100%| O|  |TAMS 0x0000000080700000, 0x0000000080600000| Untracked 
|   7|0x0000000080700000, 0x0000000080800000, 0x0000000080800000|100%| O|  |TAMS 0x0000000080800000, 0x0000000080700000| Untracked 
|   8|0x0000000080800000, 0x0000000080900000, 0x0000000080900000|100%| O|  |TAMS 0x0000000080900000, 0x0000000080800000| Untracked 
|   9|0x0000000080900000, 0x0000000080a00000, 0x0000000080a00000|100%| O|  |TAMS 0x0000000080a00000, 0x0000000080900000| Untracked 
|  10|0x0000000080a00000, 0x0000000080b00000, 0x0000000080b00000|100%| O|  |TAMS 0x0000000080b00000, 0x0000000080a00000| Untracked 
|  11|0x0000000080b00000, 0x0000000080c00000, 0x0000000080c00000|100%| O|  |TAMS 0x0000000080c00000, 0x0000000080b00000| Untracked 
|  12|0x0000000080c00000, 0x0000000080d00000, 0x0000000080d00000|100%| O|  |TAMS 0x0000000080d00000, 0x0000000080c00000| Untracked 
|  13|0x0000000080d00000, 0x0000000080e00000, 0x0000000080e00000|100%| O|  |TAMS 0x0000000080e00000, 0x0000000080d00000| Untracked 
|  14|0x0000000080e00000, 0x0000000080f00000, 0x0000000080f00000|100%| O|  |TAMS 0x0000000080f00000, 0x0000000080e00000| Untracked 
|  15|0x0000000080f00000, 0x0000000081000000, 0x0000000081000000|100%| O|  |TAMS 0x0000000081000000, 0x0000000080f00000| Untracked 
|  16|0x0000000081000000, 0x0000000081100000, 0x0000000081100000|100%|HS|  |TAMS 0x0000000081100000, 0x0000000081000000| Complete 
|  17|0x0000000081100000, 0x0000000081200000, 0x0000000081200000|100%| O|  |TAMS 0x0000000081200000, 0x0000000081100000| Untracked 
|  18|0x0000000081200000, 0x0000000081300000, 0x0000000081300000|100%| O|  |TAMS 0x0000000081300000, 0x0000000081200000| Untracked 
|  19|0x0000000081300000, 0x0000000081400000, 0x0000000081400000|100%| O|  |TAMS 0x0000000081400000, 0x0000000081300000| Untracked 
|  20|0x0000000081400000, 0x0000000081500000, 0x0000000081500000|100%| O|  |TAMS 0x0000000081500000, 0x0000000081400000| Untracked 
|  21|0x0000000081500000, 0x0000000081600000, 0x0000000081600000|100%| O|  |TAMS 0x0000000081600000, 0x0000000081500000| Untracked 
|  22|0x0000000081600000, 0x0000000081700000, 0x0000000081700000|100%| O|  |TAMS 0x0000000081700000, 0x0000000081600000| Untracked 
|  23|0x0000000081700000, 0x0000000081800000, 0x0000000081800000|100%|HS|  |TAMS 0x0000000081800000, 0x0000000081700000| Complete 
|  24|0x0000000081800000, 0x0000000081900000, 0x0000000081900000|100%|HS|  |TAMS 0x0000000081900000, 0x0000000081800000| Complete 
|  25|0x0000000081900000, 0x0000000081a00000, 0x0000000081a00000|100%|HC|  |TAMS 0x0000000081a00000, 0x0000000081900000| Complete 
|  26|0x0000000081a00000, 0x0000000081b00000, 0x0000000081b00000|100%| O|  |TAMS 0x0000000081b00000, 0x0000000081a00000| Untracked 
|  27|0x0000000081b00000, 0x0000000081c00000, 0x0000000081c00000|100%| O|  |TAMS 0x0000000081c00000, 0x0000000081b00000| Untracked 
|  28|0x0000000081c00000, 0x0000000081d00000, 0x0000000081d00000|100%| O|  |TAMS 0x0000000081d00000, 0x0000000081c00000| Untracked 
|  29|0x0000000081d00000, 0x0000000081e00000, 0x0000000081e00000|100%| O|  |TAMS 0x0000000081e00000, 0x0000000081d00000| Untracked 
|  30|0x0000000081e00000, 0x0000000081f00000, 0x0000000081f00000|100%| O|  |TAMS 0x0000000081f00000, 0x0000000081e00000| Untracked 
|  31|0x0000000081f00000, 0x0000000082000000, 0x0000000082000000|100%| O|  |TAMS 0x0000000082000000, 0x0000000081f00000| Untracked 
|  32|0x0000000082000000, 0x0000000082100000, 0x0000000082100000|100%| O|  |TAMS 0x0000000082100000, 0x0000000082000000| Untracked 
|  33|0x0000000082100000, 0x0000000082200000, 0x0000000082200000|100%| O|  |TAMS 0x0000000082200000, 0x0000000082100000| Untracked 
|  34|0x0000000082200000, 0x0000000082300000, 0x0000000082300000|100%| O|  |TAMS 0x0000000082300000, 0x0000000082200000| Untracked 
|  35|0x0000000082300000, 0x0000000082400000, 0x0000000082400000|100%| O|  |TAMS 0x0000000082400000, 0x0000000082300000| Untracked 
|  36|0x0000000082400000, 0x0000000082500000, 0x0000000082500000|100%| O|  |TAMS 0x0000000082500000, 0x0000000082400000| Untracked 
|  37|0x0000000082500000, 0x0000000082600000, 0x0000000082600000|100%| O|  |TAMS 0x0000000082600000, 0x0000000082500000| Untracked 
|  38|0x0000000082600000, 0x0000000082700000, 0x0000000082700000|100%| O|  |TAMS 0x0000000082700000, 0x0000000082600000| Untracked 
|  39|0x0000000082700000, 0x0000000082800000, 0x0000000082800000|100%| O|  |TAMS 0x0000000082800000, 0x0000000082700000| Untracked 
|  40|0x0000000082800000, 0x0000000082900000, 0x0000000082900000|100%| O|  |TAMS 0x0000000082900000, 0x0000000082800000| Untracked 
|  41|0x0000000082900000, 0x0000000082a00000, 0x0000000082a00000|100%| O|  |TAMS 0x0000000082a00000, 0x0000000082900000| Untracked 
|  42|0x0000000082a00000, 0x0000000082b00000, 0x0000000082b00000|100%| O|  |TAMS 0x0000000082b00000, 0x0000000082a00000| Untracked 
|  43|0x0000000082b00000, 0x0000000082c00000, 0x0000000082c00000|100%| O|  |TAMS 0x0000000082c00000, 0x0000000082b00000| Untracked 
|  44|0x0000000082c00000, 0x0000000082d00000, 0x0000000082d00000|100%| O|  |TAMS 0x0000000082d00000, 0x0000000082c00000| Untracked 
|  45|0x0000000082d00000, 0x0000000082e00000, 0x0000000082e00000|100%| O|  |TAMS 0x0000000082e00000, 0x0000000082d00000| Untracked 
|  46|0x0000000082e00000, 0x0000000082f00000, 0x0000000082f00000|100%| O|  |TAMS 0x0000000082f00000, 0x0000000082e00000| Untracked 
|  47|0x0000000082f00000, 0x0000000083000000, 0x0000000083000000|100%| O|  |TAMS 0x0000000083000000, 0x0000000082f00000| Untracked 
|  48|0x0000000083000000, 0x0000000083100000, 0x0000000083100000|100%| O|  |TAMS 0x0000000083100000, 0x0000000083000000| Untracked 
|  49|0x0000000083100000, 0x0000000083200000, 0x0000000083200000|100%| O|  |TAMS 0x0000000083200000, 0x0000000083100000| Untracked 
|  50|0x0000000083200000, 0x0000000083300000, 0x0000000083300000|100%| O|  |TAMS 0x0000000083300000, 0x0000000083200000| Untracked 
|  51|0x0000000083300000, 0x0000000083400000, 0x0000000083400000|100%| O|  |TAMS 0x0000000083400000, 0x0000000083300000| Untracked 
|  52|0x0000000083400000, 0x0000000083500000, 0x0000000083500000|100%| O|  |TAMS 0x0000000083500000, 0x0000000083400000| Untracked 
|  53|0x0000000083500000, 0x0000000083600000, 0x0000000083600000|100%| O|  |TAMS 0x0000000083600000, 0x0000000083500000| Untracked 
|  54|0x0000000083600000, 0x0000000083700000, 0x0000000083700000|100%| O|  |TAMS 0x0000000083700000, 0x0000000083600000| Untracked 
|  55|0x0000000083700000, 0x0000000083800000, 0x0000000083800000|100%| O|  |TAMS 0x0000000083800000, 0x0000000083700000| Untracked 
|  56|0x0000000083800000, 0x0000000083900000, 0x0000000083900000|100%| O|  |TAMS 0x0000000083900000, 0x0000000083800000| Untracked 
|  57|0x0000000083900000, 0x0000000083a00000, 0x0000000083a00000|100%| O|  |TAMS 0x0000000083a00000, 0x0000000083900000| Untracked 
|  58|0x0000000083a00000, 0x0000000083b00000, 0x0000000083b00000|100%| O|  |TAMS 0x0000000083b00000, 0x0000000083a00000| Untracked 
|  59|0x0000000083b00000, 0x0000000083c00000, 0x0000000083c00000|100%| O|  |TAMS 0x0000000083c00000, 0x0000000083b00000| Untracked 
|  60|0x0000000083c00000, 0x0000000083d00000, 0x0000000083d00000|100%| O|  |TAMS 0x0000000083d00000, 0x0000000083c00000| Untracked 
|  61|0x0000000083d00000, 0x0000000083e00000, 0x0000000083e00000|100%| O|  |TAMS 0x0000000083e00000, 0x0000000083d00000| Untracked 
|  62|0x0000000083e00000, 0x0000000083f00000, 0x0000000083f00000|100%| O|  |TAMS 0x0000000083f00000, 0x0000000083e00000| Untracked 
|  63|0x0000000083f00000, 0x0000000084000000, 0x0000000084000000|100%| O|  |TAMS 0x0000000084000000, 0x0000000083f00000| Untracked 
|  64|0x0000000084000000, 0x0000000084100000, 0x0000000084100000|100%| O|  |TAMS 0x0000000084100000, 0x0000000084000000| Untracked 
|  65|0x0000000084100000, 0x0000000084200000, 0x0000000084200000|100%| O|  |TAMS 0x0000000084200000, 0x0000000084100000| Untracked 
|  66|0x0000000084200000, 0x0000000084300000, 0x0000000084300000|100%| O|  |TAMS 0x0000000084300000, 0x0000000084200000| Untracked 
|  67|0x0000000084300000, 0x0000000084400000, 0x0000000084400000|100%| O|  |TAMS 0x0000000084400000, 0x0000000084300000| Untracked 
|  68|0x0000000084400000, 0x0000000084500000, 0x0000000084500000|100%| O|  |TAMS 0x0000000084500000, 0x0000000084400000| Untracked 
|  69|0x0000000084500000, 0x0000000084600000, 0x0000000084600000|100%| O|  |TAMS 0x0000000084600000, 0x0000000084500000| Untracked 
|  70|0x0000000084600000, 0x0000000084700000, 0x0000000084700000|100%| O|  |TAMS 0x0000000084700000, 0x0000000084600000| Untracked 
|  71|0x0000000084700000, 0x0000000084800000, 0x0000000084800000|100%| O|  |TAMS 0x0000000084800000, 0x0000000084700000| Untracked 
|  72|0x0000000084800000, 0x0000000084900000, 0x0000000084900000|100%| O|  |TAMS 0x0000000084900000, 0x0000000084800000| Untracked 
|  73|0x0000000084900000, 0x0000000084900000, 0x0000000084a00000|  0%| F|  |TAMS 0x0000000084900000, 0x0000000084900000| Untracked 
|  74|0x0000000084a00000, 0x0000000084b00000, 0x0000000084b00000|100%| O|  |TAMS 0x0000000084b00000, 0x0000000084a00000| Untracked 
|  75|0x0000000084b00000, 0x0000000084c00000, 0x0000000084c00000|100%| O|  |TAMS 0x0000000084c00000, 0x0000000084b00000| Untracked 
|  76|0x0000000084c00000, 0x0000000084d00000, 0x0000000084d00000|100%| O|  |TAMS 0x0000000084d00000, 0x0000000084c00000| Untracked 
|  77|0x0000000084d00000, 0x0000000084e00000, 0x0000000084e00000|100%| O|  |TAMS 0x0000000084e00000, 0x0000000084d00000| Untracked 
|  78|0x0000000084e00000, 0x0000000084f00000, 0x0000000084f00000|100%| O|  |TAMS 0x0000000084f00000, 0x0000000084e00000| Untracked 
|  79|0x0000000084f00000, 0x0000000085000000, 0x0000000085000000|100%| O|  |TAMS 0x0000000085000000, 0x0000000084f00000| Untracked 
|  80|0x0000000085000000, 0x0000000085100000, 0x0000000085100000|100%| O|  |TAMS 0x0000000085100000, 0x0000000085000000| Untracked 
|  81|0x0000000085100000, 0x0000000085200000, 0x0000000085200000|100%| O|  |TAMS 0x0000000085200000, 0x0000000085100000| Untracked 
|  82|0x0000000085200000, 0x0000000085300000, 0x0000000085300000|100%| O|  |TAMS 0x0000000085300000, 0x0000000085200000| Untracked 
|  83|0x0000000085300000, 0x0000000085400000, 0x0000000085400000|100%| O|  |TAMS 0x0000000085400000, 0x0000000085300000| Untracked 
|  84|0x0000000085400000, 0x0000000085500000, 0x0000000085500000|100%| O|  |TAMS 0x0000000085500000, 0x0000000085400000| Untracked 
|  85|0x0000000085500000, 0x0000000085600000, 0x0000000085600000|100%| O|  |TAMS 0x0000000085600000, 0x0000000085500000| Untracked 
|  86|0x0000000085600000, 0x0000000085700000, 0x0000000085700000|100%| O|  |TAMS 0x0000000085700000, 0x0000000085600000| Untracked 
|  87|0x0000000085700000, 0x0000000085800000, 0x0000000085800000|100%| O|  |TAMS 0x0000000085800000, 0x0000000085700000| Untracked 
|  88|0x0000000085800000, 0x0000000085900000, 0x0000000085900000|100%| O|  |TAMS 0x0000000085900000, 0x0000000085800000| Untracked 
|  89|0x0000000085900000, 0x0000000085a00000, 0x0000000085a00000|100%| O|  |TAMS 0x0000000085a00000, 0x0000000085900000| Untracked 
|  90|0x0000000085a00000, 0x0000000085b00000, 0x0000000085b00000|100%| O|  |TAMS 0x0000000085b00000, 0x0000000085a00000| Untracked 
|  91|0x0000000085b00000, 0x0000000085c00000, 0x0000000085c00000|100%| O|  |TAMS 0x0000000085c00000, 0x0000000085b00000| Untracked 
|  92|0x0000000085c00000, 0x0000000085d00000, 0x0000000085d00000|100%| O|  |TAMS 0x0000000085d00000, 0x0000000085c00000| Untracked 
|  93|0x0000000085d00000, 0x0000000085e00000, 0x0000000085e00000|100%| O|  |TAMS 0x0000000085e00000, 0x0000000085d00000| Untracked 
|  94|0x0000000085e00000, 0x0000000085f00000, 0x0000000085f00000|100%| O|  |TAMS 0x0000000085f00000, 0x0000000085e00000| Untracked 
|  95|0x0000000085f00000, 0x0000000086000000, 0x0000000086000000|100%| O|  |TAMS 0x0000000086000000, 0x0000000085f00000| Untracked 
|  96|0x0000000086000000, 0x0000000086100000, 0x0000000086100000|100%| O|  |TAMS 0x0000000086100000, 0x0000000086000000| Untracked 
|  97|0x0000000086100000, 0x0000000086200000, 0x0000000086200000|100%| O|  |TAMS 0x0000000086200000, 0x0000000086100000| Untracked 
|  98|0x0000000086200000, 0x0000000086300000, 0x0000000086300000|100%| O|  |TAMS 0x0000000086300000, 0x0000000086200000| Untracked 
|  99|0x0000000086300000, 0x0000000086400000, 0x0000000086400000|100%| O|  |TAMS 0x0000000086400000, 0x0000000086300000| Untracked 
| 100|0x0000000086400000, 0x0000000086500000, 0x0000000086500000|100%| O|  |TAMS 0x0000000086500000, 0x0000000086400000| Untracked 
| 101|0x0000000086500000, 0x0000000086600000, 0x0000000086600000|100%| O|  |TAMS 0x0000000086600000, 0x0000000086500000| Untracked 
| 102|0x0000000086600000, 0x0000000086700000, 0x0000000086700000|100%| O|  |TAMS 0x0000000086700000, 0x0000000086600000| Untracked 
| 103|0x0000000086700000, 0x0000000086800000, 0x0000000086800000|100%| O|  |TAMS 0x0000000086800000, 0x0000000086700000| Untracked 
| 104|0x0000000086800000, 0x0000000086900000, 0x0000000086900000|100%| O|  |TAMS 0x0000000086900000, 0x0000000086800000| Untracked 
| 105|0x0000000086900000, 0x0000000086a00000, 0x0000000086a00000|100%| O|  |TAMS 0x0000000086a00000, 0x0000000086900000| Untracked 
| 106|0x0000000086a00000, 0x0000000086b00000, 0x0000000086b00000|100%| O|  |TAMS 0x0000000086b00000, 0x0000000086a00000| Untracked 
| 107|0x0000000086b00000, 0x0000000086c00000, 0x0000000086c00000|100%| O|  |TAMS 0x0000000086c00000, 0x0000000086b00000| Untracked 
| 108|0x0000000086c00000, 0x0000000086d00000, 0x0000000086d00000|100%| O|  |TAMS 0x0000000086d00000, 0x0000000086c00000| Untracked 
| 109|0x0000000086d00000, 0x0000000086e00000, 0x0000000086e00000|100%| O|  |TAMS 0x0000000086de6000, 0x0000000086d00000| Untracked 
| 110|0x0000000086e00000, 0x0000000086f00000, 0x0000000086f00000|100%|HS|  |TAMS 0x0000000086e00000, 0x0000000086e00000| Complete 
| 111|0x0000000086f00000, 0x0000000086f98800, 0x0000000087000000| 59%| O|  |TAMS 0x0000000086f00000, 0x0000000086f00000| Untracked 
| 112|0x0000000087000000, 0x0000000087000000, 0x0000000087100000|  0%| F|  |TAMS 0x0000000087000000, 0x0000000087000000| Untracked 
| 113|0x0000000087100000, 0x0000000087100000, 0x0000000087200000|  0%| F|  |TAMS 0x0000000087100000, 0x0000000087100000| Untracked 
| 114|0x0000000087200000, 0x0000000087200000, 0x0000000087300000|  0%| F|  |TAMS 0x0000000087200000, 0x0000000087200000| Untracked 
| 115|0x0000000087300000, 0x0000000087300000, 0x0000000087400000|  0%| F|  |TAMS 0x0000000087300000, 0x0000000087300000| Untracked 
| 116|0x0000000087400000, 0x0000000087400000, 0x0000000087500000|  0%| F|  |TAMS 0x0000000087400000, 0x0000000087400000| Untracked 
| 117|0x0000000087500000, 0x0000000087500000, 0x0000000087600000|  0%| F|  |TAMS 0x0000000087500000, 0x0000000087500000| Untracked 
| 118|0x0000000087600000, 0x0000000087600000, 0x0000000087700000|  0%| F|  |TAMS 0x0000000087600000, 0x0000000087600000| Untracked 
| 119|0x0000000087700000, 0x0000000087700000, 0x0000000087800000|  0%| F|  |TAMS 0x0000000087700000, 0x0000000087700000| Untracked 
| 120|0x0000000087800000, 0x0000000087800000, 0x0000000087900000|  0%| F|  |TAMS 0x0000000087800000, 0x0000000087800000| Untracked 
| 121|0x0000000087900000, 0x0000000087900000, 0x0000000087a00000|  0%| F|  |TAMS 0x0000000087900000, 0x0000000087900000| Untracked 
| 122|0x0000000087a00000, 0x0000000087a00000, 0x0000000087b00000|  0%| F|  |TAMS 0x0000000087a00000, 0x0000000087a00000| Untracked 
| 123|0x0000000087b00000, 0x0000000087b00000, 0x0000000087c00000|  0%| F|  |TAMS 0x0000000087b00000, 0x0000000087b00000| Untracked 
| 124|0x0000000087c00000, 0x0000000087c00000, 0x0000000087d00000|  0%| F|  |TAMS 0x0000000087c00000, 0x0000000087c00000| Untracked 
| 125|0x0000000087d00000, 0x0000000087e00000, 0x0000000087e00000|100%| O|  |TAMS 0x0000000087e00000, 0x0000000087d00000| Untracked 
| 126|0x0000000087e00000, 0x0000000087e00000, 0x0000000087f00000|  0%| F|  |TAMS 0x0000000087e00000, 0x0000000087e00000| Untracked 
| 127|0x0000000087f00000, 0x0000000087f00000, 0x0000000088000000|  0%| F|  |TAMS 0x0000000087f00000, 0x0000000087f00000| Untracked 
| 128|0x0000000088000000, 0x0000000088000000, 0x0000000088100000|  0%| F|  |TAMS 0x0000000088000000, 0x0000000088000000| Untracked 
| 129|0x0000000088100000, 0x0000000088100000, 0x0000000088200000|  0%| F|  |TAMS 0x0000000088100000, 0x0000000088100000| Untracked 
| 130|0x0000000088200000, 0x0000000088300000, 0x0000000088300000|100%| O|  |TAMS 0x0000000088300000, 0x0000000088200000| Untracked 
| 131|0x0000000088300000, 0x0000000088400000, 0x0000000088400000|100%| O|  |TAMS 0x0000000088400000, 0x0000000088300000| Untracked 
| 132|0x0000000088400000, 0x0000000088500000, 0x0000000088500000|100%| O|  |TAMS 0x0000000088500000, 0x0000000088400000| Untracked 
| 133|0x0000000088500000, 0x0000000088600000, 0x0000000088600000|100%| O|  |TAMS 0x0000000088600000, 0x0000000088500000| Untracked 
| 134|0x0000000088600000, 0x0000000088700000, 0x0000000088700000|100%| O|  |TAMS 0x0000000088700000, 0x0000000088600000| Untracked 
| 135|0x0000000088700000, 0x0000000088700000, 0x0000000088800000|  0%| F|  |TAMS 0x0000000088700000, 0x0000000088700000| Untracked 
| 136|0x0000000088800000, 0x0000000088800000, 0x0000000088900000|  0%| F|  |TAMS 0x0000000088800000, 0x0000000088800000| Untracked 
| 137|0x0000000088900000, 0x0000000088900000, 0x0000000088a00000|  0%| F|  |TAMS 0x0000000088900000, 0x0000000088900000| Untracked 
| 138|0x0000000088a00000, 0x0000000088a00000, 0x0000000088b00000|  0%| F|  |TAMS 0x0000000088a00000, 0x0000000088a00000| Untracked 
| 139|0x0000000088b00000, 0x0000000088b00000, 0x0000000088c00000|  0%| F|  |TAMS 0x0000000088b00000, 0x0000000088b00000| Untracked 
| 140|0x0000000088c00000, 0x0000000088c00000, 0x0000000088d00000|  0%| F|  |TAMS 0x0000000088c00000, 0x0000000088c00000| Untracked 
| 141|0x0000000088d00000, 0x0000000088d00000, 0x0000000088e00000|  0%| F|  |TAMS 0x0000000088d00000, 0x0000000088d00000| Untracked 
| 142|0x0000000088e00000, 0x0000000088e00000, 0x0000000088f00000|  0%| F|  |TAMS 0x0000000088e00000, 0x0000000088e00000| Untracked 
| 143|0x0000000088f00000, 0x0000000088f00000, 0x0000000089000000|  0%| F|  |TAMS 0x0000000088f00000, 0x0000000088f00000| Untracked 
| 144|0x0000000089000000, 0x0000000089000000, 0x0000000089100000|  0%| F|  |TAMS 0x0000000089000000, 0x0000000089000000| Untracked 
| 145|0x0000000089100000, 0x0000000089100000, 0x0000000089200000|  0%| F|  |TAMS 0x0000000089100000, 0x0000000089100000| Untracked 
| 146|0x0000000089200000, 0x0000000089200000, 0x0000000089300000|  0%| F|  |TAMS 0x0000000089200000, 0x0000000089200000| Untracked 
| 147|0x0000000089300000, 0x0000000089300000, 0x0000000089400000|  0%| F|  |TAMS 0x0000000089300000, 0x0000000089300000| Untracked 
| 148|0x0000000089400000, 0x0000000089400000, 0x0000000089500000|  0%| F|  |TAMS 0x0000000089400000, 0x0000000089400000| Untracked 
| 149|0x0000000089500000, 0x0000000089500000, 0x0000000089600000|  0%| F|  |TAMS 0x0000000089500000, 0x0000000089500000| Untracked 
| 150|0x0000000089600000, 0x0000000089600000, 0x0000000089700000|  0%| F|  |TAMS 0x0000000089600000, 0x0000000089600000| Untracked 
| 151|0x0000000089700000, 0x0000000089700000, 0x0000000089800000|  0%| F|  |TAMS 0x0000000089700000, 0x0000000089700000| Untracked 
| 152|0x0000000089800000, 0x0000000089800000, 0x0000000089900000|  0%| F|  |TAMS 0x0000000089800000, 0x0000000089800000| Untracked 
| 153|0x0000000089900000, 0x0000000089900000, 0x0000000089a00000|  0%| F|  |TAMS 0x0000000089900000, 0x0000000089900000| Untracked 
| 154|0x0000000089a00000, 0x0000000089a00000, 0x0000000089b00000|  0%| F|  |TAMS 0x0000000089a00000, 0x0000000089a00000| Untracked 
| 155|0x0000000089b00000, 0x0000000089b00000, 0x0000000089c00000|  0%| F|  |TAMS 0x0000000089b00000, 0x0000000089b00000| Untracked 
| 156|0x0000000089c00000, 0x0000000089c00000, 0x0000000089d00000|  0%| F|  |TAMS 0x0000000089c00000, 0x0000000089c00000| Untracked 
| 157|0x0000000089d00000, 0x0000000089d00000, 0x0000000089e00000|  0%| F|  |TAMS 0x0000000089d00000, 0x0000000089d00000| Untracked 
| 158|0x0000000089e00000, 0x0000000089e00000, 0x0000000089f00000|  0%| F|  |TAMS 0x0000000089e00000, 0x0000000089e00000| Untracked 
| 159|0x0000000089f00000, 0x0000000089f00000, 0x000000008a000000|  0%| F|  |TAMS 0x0000000089f00000, 0x0000000089f00000| Untracked 
| 160|0x000000008a000000, 0x000000008a000000, 0x000000008a100000|  0%| F|  |TAMS 0x000000008a000000, 0x000000008a000000| Untracked 
| 161|0x000000008a100000, 0x000000008a100000, 0x000000008a200000|  0%| F|  |TAMS 0x000000008a100000, 0x000000008a100000| Untracked 
| 162|0x000000008a200000, 0x000000008a200000, 0x000000008a300000|  0%| F|  |TAMS 0x000000008a200000, 0x000000008a200000| Untracked 
| 163|0x000000008a300000, 0x000000008a300000, 0x000000008a400000|  0%| F|  |TAMS 0x000000008a300000, 0x000000008a300000| Untracked 
| 164|0x000000008a400000, 0x000000008a400000, 0x000000008a500000|  0%| F|  |TAMS 0x000000008a400000, 0x000000008a400000| Untracked 
| 165|0x000000008a500000, 0x000000008a500000, 0x000000008a600000|  0%| F|  |TAMS 0x000000008a500000, 0x000000008a500000| Untracked 
| 166|0x000000008a600000, 0x000000008a600000, 0x000000008a700000|  0%| F|  |TAMS 0x000000008a600000, 0x000000008a600000| Untracked 
| 167|0x000000008a700000, 0x000000008a700000, 0x000000008a800000|  0%| F|  |TAMS 0x000000008a700000, 0x000000008a700000| Untracked 
| 168|0x000000008a800000, 0x000000008a800000, 0x000000008a900000|  0%| F|  |TAMS 0x000000008a800000, 0x000000008a800000| Untracked 
| 169|0x000000008a900000, 0x000000008a900000, 0x000000008aa00000|  0%| F|  |TAMS 0x000000008a900000, 0x000000008a900000| Untracked 
| 170|0x000000008aa00000, 0x000000008aa00000, 0x000000008ab00000|  0%| F|  |TAMS 0x000000008aa00000, 0x000000008aa00000| Untracked 
| 171|0x000000008ab00000, 0x000000008ab00000, 0x000000008ac00000|  0%| F|  |TAMS 0x000000008ab00000, 0x000000008ab00000| Untracked 
| 172|0x000000008ac00000, 0x000000008ac00000, 0x000000008ad00000|  0%| F|  |TAMS 0x000000008ac00000, 0x000000008ac00000| Untracked 
| 173|0x000000008ad00000, 0x000000008ad00000, 0x000000008ae00000|  0%| F|  |TAMS 0x000000008ad00000, 0x000000008ad00000| Untracked 
| 174|0x000000008ae00000, 0x000000008ae00000, 0x000000008af00000|  0%| F|  |TAMS 0x000000008ae00000, 0x000000008ae00000| Untracked 
| 175|0x000000008af00000, 0x000000008af00000, 0x000000008b000000|  0%| F|  |TAMS 0x000000008af00000, 0x000000008af00000| Untracked 
| 176|0x000000008b000000, 0x000000008b000000, 0x000000008b100000|  0%| F|  |TAMS 0x000000008b000000, 0x000000008b000000| Untracked 
| 177|0x000000008b100000, 0x000000008b100000, 0x000000008b200000|  0%| F|  |TAMS 0x000000008b100000, 0x000000008b100000| Untracked 
| 178|0x000000008b200000, 0x000000008b200000, 0x000000008b300000|  0%| F|  |TAMS 0x000000008b200000, 0x000000008b200000| Untracked 
| 179|0x000000008b300000, 0x000000008b300000, 0x000000008b400000|  0%| F|  |TAMS 0x000000008b300000, 0x000000008b300000| Untracked 
| 180|0x000000008b400000, 0x000000008b400000, 0x000000008b500000|  0%| F|  |TAMS 0x000000008b400000, 0x000000008b400000| Untracked 
| 181|0x000000008b500000, 0x000000008b500000, 0x000000008b600000|  0%| F|  |TAMS 0x000000008b500000, 0x000000008b500000| Untracked 
| 182|0x000000008b600000, 0x000000008b600000, 0x000000008b700000|  0%| F|  |TAMS 0x000000008b600000, 0x000000008b600000| Untracked 
| 183|0x000000008b700000, 0x000000008b700000, 0x000000008b800000|  0%| F|  |TAMS 0x000000008b700000, 0x000000008b700000| Untracked 
| 184|0x000000008b800000, 0x000000008b800000, 0x000000008b900000|  0%| F|  |TAMS 0x000000008b800000, 0x000000008b800000| Untracked 
| 185|0x000000008b900000, 0x000000008b900000, 0x000000008ba00000|  0%| F|  |TAMS 0x000000008b900000, 0x000000008b900000| Untracked 
| 186|0x000000008ba00000, 0x000000008ba00000, 0x000000008bb00000|  0%| F|  |TAMS 0x000000008ba00000, 0x000000008ba00000| Untracked 
| 187|0x000000008bb00000, 0x000000008bb00000, 0x000000008bc00000|  0%| F|  |TAMS 0x000000008bb00000, 0x000000008bb00000| Untracked 
| 188|0x000000008bc00000, 0x000000008bc00000, 0x000000008bd00000|  0%| F|  |TAMS 0x000000008bc00000, 0x000000008bc00000| Untracked 
| 189|0x000000008bd00000, 0x000000008bd00000, 0x000000008be00000|  0%| F|  |TAMS 0x000000008bd00000, 0x000000008bd00000| Untracked 
| 190|0x000000008be00000, 0x000000008be00000, 0x000000008bf00000|  0%| F|  |TAMS 0x000000008be00000, 0x000000008be00000| Untracked 
| 191|0x000000008bf00000, 0x000000008bf00000, 0x000000008c000000|  0%| F|  |TAMS 0x000000008bf00000, 0x000000008bf00000| Untracked 
| 192|0x000000008c000000, 0x000000008c000000, 0x000000008c100000|  0%| F|  |TAMS 0x000000008c000000, 0x000000008c000000| Untracked 
| 193|0x000000008c100000, 0x000000008c100000, 0x000000008c200000|  0%| F|  |TAMS 0x000000008c100000, 0x000000008c100000| Untracked 
| 194|0x000000008c200000, 0x000000008c200000, 0x000000008c300000|  0%| F|  |TAMS 0x000000008c200000, 0x000000008c200000| Untracked 
| 195|0x000000008c300000, 0x000000008c300000, 0x000000008c400000|  0%| F|  |TAMS 0x000000008c300000, 0x000000008c300000| Untracked 
| 196|0x000000008c400000, 0x000000008c400000, 0x000000008c500000|  0%| F|  |TAMS 0x000000008c400000, 0x000000008c400000| Untracked 
| 197|0x000000008c500000, 0x000000008c500000, 0x000000008c600000|  0%| F|  |TAMS 0x000000008c500000, 0x000000008c500000| Untracked 
| 198|0x000000008c600000, 0x000000008c600000, 0x000000008c700000|  0%| F|  |TAMS 0x000000008c600000, 0x000000008c600000| Untracked 
| 199|0x000000008c700000, 0x000000008c700000, 0x000000008c800000|  0%| F|  |TAMS 0x000000008c700000, 0x000000008c700000| Untracked 
| 200|0x000000008c800000, 0x000000008c800000, 0x000000008c900000|  0%| F|  |TAMS 0x000000008c800000, 0x000000008c800000| Untracked 
| 201|0x000000008c900000, 0x000000008c9f6528, 0x000000008ca00000| 96%| E|  |TAMS 0x000000008c900000, 0x000000008c900000| Complete 
| 202|0x000000008ca00000, 0x000000008cb00000, 0x000000008cb00000|100%| E|CS|TAMS 0x000000008ca00000, 0x000000008ca00000| Complete 
| 203|0x000000008cb00000, 0x000000008cc00000, 0x000000008cc00000|100%| E|CS|TAMS 0x000000008cb00000, 0x000000008cb00000| Complete 
| 204|0x000000008cc00000, 0x000000008cd00000, 0x000000008cd00000|100%| E|CS|TAMS 0x000000008cc00000, 0x000000008cc00000| Complete 
| 205|0x000000008cd00000, 0x000000008ce00000, 0x000000008ce00000|100%| E|CS|TAMS 0x000000008cd00000, 0x000000008cd00000| Complete 
| 206|0x000000008ce00000, 0x000000008cf00000, 0x000000008cf00000|100%| E|CS|TAMS 0x000000008ce00000, 0x000000008ce00000| Complete 
| 207|0x000000008cf00000, 0x000000008d000000, 0x000000008d000000|100%| E|CS|TAMS 0x000000008cf00000, 0x000000008cf00000| Complete 
| 208|0x000000008d000000, 0x000000008d100000, 0x000000008d100000|100%| E|CS|TAMS 0x000000008d000000, 0x000000008d000000| Complete 
| 209|0x000000008d100000, 0x000000008d200000, 0x000000008d200000|100%| E|CS|TAMS 0x000000008d100000, 0x000000008d100000| Complete 
| 210|0x000000008d200000, 0x000000008d300000, 0x000000008d300000|100%| E|CS|TAMS 0x000000008d200000, 0x000000008d200000| Complete 
| 211|0x000000008d300000, 0x000000008d400000, 0x000000008d400000|100%| E|CS|TAMS 0x000000008d300000, 0x000000008d300000| Complete 
| 212|0x000000008d400000, 0x000000008d500000, 0x000000008d500000|100%| E|CS|TAMS 0x000000008d400000, 0x000000008d400000| Complete 
| 213|0x000000008d500000, 0x000000008d600000, 0x000000008d600000|100%| E|CS|TAMS 0x000000008d500000, 0x000000008d500000| Complete 
| 214|0x000000008d600000, 0x000000008d700000, 0x000000008d700000|100%| E|CS|TAMS 0x000000008d600000, 0x000000008d600000| Complete 
| 215|0x000000008d700000, 0x000000008d800000, 0x000000008d800000|100%| E|CS|TAMS 0x000000008d700000, 0x000000008d700000| Complete 
| 216|0x000000008d800000, 0x000000008d900000, 0x000000008d900000|100%| E|CS|TAMS 0x000000008d800000, 0x000000008d800000| Complete 
| 217|0x000000008d900000, 0x000000008da00000, 0x000000008da00000|100%| E|CS|TAMS 0x000000008d900000, 0x000000008d900000| Complete 
| 218|0x000000008da00000, 0x000000008db00000, 0x000000008db00000|100%| E|CS|TAMS 0x000000008da00000, 0x000000008da00000| Complete 
| 219|0x000000008db00000, 0x000000008dc00000, 0x000000008dc00000|100%| E|CS|TAMS 0x000000008db00000, 0x000000008db00000| Complete 
| 220|0x000000008dc00000, 0x000000008dd00000, 0x000000008dd00000|100%| E|CS|TAMS 0x000000008dc00000, 0x000000008dc00000| Complete 
| 221|0x000000008dd00000, 0x000000008de00000, 0x000000008de00000|100%| E|CS|TAMS 0x000000008dd00000, 0x000000008dd00000| Complete 
| 222|0x000000008de00000, 0x000000008df00000, 0x000000008df00000|100%| E|CS|TAMS 0x000000008de00000, 0x000000008de00000| Complete 
| 223|0x000000008df00000, 0x000000008e000000, 0x000000008e000000|100%| E|CS|TAMS 0x000000008df00000, 0x000000008df00000| Complete 
| 224|0x000000008e000000, 0x000000008e100000, 0x000000008e100000|100%| E|CS|TAMS 0x000000008e000000, 0x000000008e000000| Complete 
| 225|0x000000008e100000, 0x000000008e200000, 0x000000008e200000|100%| E|CS|TAMS 0x000000008e100000, 0x000000008e100000| Complete 
| 226|0x000000008e200000, 0x000000008e300000, 0x000000008e300000|100%| E|CS|TAMS 0x000000008e200000, 0x000000008e200000| Complete 
| 227|0x000000008e300000, 0x000000008e400000, 0x000000008e400000|100%| E|CS|TAMS 0x000000008e300000, 0x000000008e300000| Complete 
| 228|0x000000008e400000, 0x000000008e500000, 0x000000008e500000|100%| E|CS|TAMS 0x000000008e400000, 0x000000008e400000| Complete 
| 229|0x000000008e500000, 0x000000008e600000, 0x000000008e600000|100%| E|CS|TAMS 0x000000008e500000, 0x000000008e500000| Complete 
| 230|0x000000008e600000, 0x000000008e700000, 0x000000008e700000|100%| E|CS|TAMS 0x000000008e600000, 0x000000008e600000| Complete 
| 231|0x000000008e700000, 0x000000008e800000, 0x000000008e800000|100%| E|CS|TAMS 0x000000008e700000, 0x000000008e700000| Complete 
| 232|0x000000008e800000, 0x000000008e8e9288, 0x000000008e900000| 91%| S|CS|TAMS 0x000000008e800000, 0x000000008e800000| Complete 
| 233|0x000000008e900000, 0x000000008ea00000, 0x000000008ea00000|100%| E|CS|TAMS 0x000000008e900000, 0x000000008e900000| Complete 
| 234|0x000000008ea00000, 0x000000008eb00000, 0x000000008eb00000|100%| E|CS|TAMS 0x000000008ea00000, 0x000000008ea00000| Complete 
| 235|0x000000008eb00000, 0x000000008ec00000, 0x000000008ec00000|100%| E|CS|TAMS 0x000000008eb00000, 0x000000008eb00000| Complete 
| 236|0x000000008ec00000, 0x000000008ed00000, 0x000000008ed00000|100%| E|CS|TAMS 0x000000008ec00000, 0x000000008ec00000| Complete 
| 237|0x000000008ed00000, 0x000000008ee00000, 0x000000008ee00000|100%| E|CS|TAMS 0x000000008ed00000, 0x000000008ed00000| Complete 
| 238|0x000000008ee00000, 0x000000008ef00000, 0x000000008ef00000|100%| E|CS|TAMS 0x000000008ee00000, 0x000000008ee00000| Complete 
| 239|0x000000008ef00000, 0x000000008f000000, 0x000000008f000000|100%| E|CS|TAMS 0x000000008ef00000, 0x000000008ef00000| Complete 
| 240|0x000000008f000000, 0x000000008f100000, 0x000000008f100000|100%| E|CS|TAMS 0x000000008f000000, 0x000000008f000000| Complete 
| 241|0x000000008f100000, 0x000000008f200000, 0x000000008f200000|100%| E|CS|TAMS 0x000000008f100000, 0x000000008f100000| Complete 
| 242|0x000000008f200000, 0x000000008f300000, 0x000000008f300000|100%| E|CS|TAMS 0x000000008f200000, 0x000000008f200000| Complete 
| 243|0x000000008f300000, 0x000000008f400000, 0x000000008f400000|100%| E|CS|TAMS 0x000000008f300000, 0x000000008f300000| Complete 
| 244|0x000000008f400000, 0x000000008f500000, 0x000000008f500000|100%| E|CS|TAMS 0x000000008f400000, 0x000000008f400000| Complete 

Card table byte_map: [0x00000257c2f50000,0x00000257c3350000] _byte_map_base: 0x00000257c2b50000

Marking Bits (Prev, Next): (CMBitMap*) 0x00000257b009f770, (CMBitMap*) 0x00000257b009f738
 Prev Bits: [0x00000257c5750000, 0x00000257c7750000)
 Next Bits: [0x00000257c3750000, 0x00000257c5750000)

Polling page: 0x00000257adec0000

Metaspace:

Usage:
  Non-class:    106.81 MB capacity,   104.80 MB ( 98%) used,     1.62 MB (  2%) free+waste,   404.88 KB ( <1%) overhead. 
      Class:     16.29 MB capacity,    15.09 MB ( 93%) used,     1.03 MB (  6%) free+waste,   175.69 KB (  1%) overhead. 
       Both:    123.11 MB capacity,   119.88 MB ( 97%) used,     2.66 MB (  2%) free+waste,   580.56 KB ( <1%) overhead. 

Virtual space:
  Non-class space:      108.00 MB reserved,     106.92 MB ( 99%) committed 
      Class space:        1.00 GB reserved,      16.38 MB (  2%) committed 
             Both:        1.11 GB reserved,     123.29 MB ( 11%) committed 

Chunk freelists:
   Non-Class:  45.00 KB
       Class:  0 bytes
        Both:  45.00 KB

MaxMetaspaceSize: 17179869184.00 GB
CompressedClassSpaceSize: 1.00 GB

CodeHeap 'non-profiled nmethods': size=120064Kb used=11262Kb max_used=11262Kb free=108801Kb
 bounds [0x00000257bb610000, 0x00000257bc110000, 0x00000257c2b50000]
CodeHeap 'profiled nmethods': size=120000Kb used=43631Kb max_used=43631Kb free=76368Kb
 bounds [0x00000257b40e0000, 0x00000257b6b90000, 0x00000257bb610000]
CodeHeap 'non-nmethods': size=5696Kb used=2378Kb max_used=2434Kb free=3317Kb
 bounds [0x00000257b3b50000, 0x00000257b3dc0000, 0x00000257b40e0000]
 total_blobs=20635 nmethods=19648 adapters=894
 compilation: enabled
              stopped_count=0, restarted_count=0
 full_count=0

Compilation events (20 events):
Event: 786.718 Thread 0x00000257c9c55800 nmethod 20622 0x00000257bc10ee10 code [0x00000257bc10efc0, 0x00000257bc10f078]
Event: 786.718 Thread 0x00000257c9c55800 20623       2       org.gradle.api.internal.tasks.properties.AbstractPropertyNode::findNodeCreatingCycle (33 bytes)
Event: 786.718 Thread 0x00000257c9c55800 nmethod 20623 0x00000257b6b75410 code [0x00000257b6b75600, 0x00000257b6b75908]
Event: 786.719 Thread 0x00000257c9c55800 20624       2       org.gradle.api.internal.tasks.properties.bean.RuntimeBeanNode::getNodeValue (5 bytes)
Event: 786.719 Thread 0x00000257c9c55800 nmethod 20624 0x00000257b6b75a90 code [0x00000257b6b75c40, 0x00000257b6b75d38]
Event: 786.719 Thread 0x00000257c9c55800 20625       2       java.util.ArrayList::ensureCapacity (42 bytes)
Event: 786.719 Thread 0x00000257c9c55800 nmethod 20625 0x00000257b6b75e10 code [0x00000257b6b75fe0, 0x00000257b6b761d8]
Event: 786.719 Thread 0x00000257c9c55800 20626       2       org.gradle.api.internal.tasks.properties.annotations.OutputDirectoryPropertyAnnotationHandler::getFilePropertyType (4 bytes)
Event: 786.719 Thread 0x00000257c9c55800 nmethod 20626 0x00000257b6b76310 code [0x00000257b6b764c0, 0x00000257b6b765b8]
Event: 786.719 Thread 0x00000257c9c55800 20627       2       org.gradle.api.internal.file.CompositeFileCollection::visitDependencies (16 bytes)
Event: 786.719 Thread 0x00000257c9c55800 nmethod 20627 0x00000257b6b76690 code [0x00000257b6b76860, 0x00000257b6b76af8]
Event: 786.719 Thread 0x00000257c9c55800 20628       2       org.gradle.api.internal.file.CompositeFileCollection$$Lambda$718/0x0000000100994040::get$Lambda (9 bytes)
Event: 786.719 Thread 0x00000257c9c55800 nmethod 20628 0x00000257b6b76c90 code [0x00000257b6b76e40, 0x00000257b6b76fb8]
Event: 786.719 Thread 0x00000257c9c55800 20629       2       org.gradle.api.internal.file.CompositeFileCollection$$Lambda$718/0x0000000100994040::<init> (10 bytes)
Event: 786.719 Thread 0x00000257c9c55800 nmethod 20629 0x00000257b6b77090 code [0x00000257b6b77240, 0x00000257b6b77378]
Event: 786.719 Thread 0x00000257c9c55800 20630       2       org.gradle.api.internal.file.CompositeFileCollection$$Lambda$718/0x0000000100994040::accept (14 bytes)
Event: 786.720 Thread 0x00000257c9c55800 nmethod 20630 0x00000257b6b77410 code [0x00000257b6b775c0, 0x00000257b6b77728]
Event: 786.720 Thread 0x00000257c9c55800 20631       2       org.gradle.api.internal.file.DefaultFilePropertyFactory$AbstractFileVar::set (23 bytes)
Event: 786.720 Thread 0x00000257c9c55800 nmethod 20631 0x00000257b6b77810 code [0x00000257b6b77a60, 0x00000257b6b77fb8]
Event: 786.720 Thread 0x00000257c9c55800 20632       2       org.gradle.util.internal.GUtil::addToCollection (74 bytes)

GC Heap History (20 events):
Event: 25.513 GC heap before
{Heap before GC invocations=31 (full 0):
 garbage-first heap   total 227328K, used 189026K [0x0000000080000000, 0x0000000100000000)
  region size 1024K, 62 young (63488K), 4 survivors (4096K)
 Metaspace       used 111269K, capacity 114091K, committed 114348K, reserved 1148928K
  class space    used 13979K, capacity 15058K, committed 15104K, reserved 1048576K
}
Event: 25.534 GC heap after
{Heap after GC invocations=32 (full 0):
 garbage-first heap   total 227328K, used 137918K [0x0000000080000000, 0x0000000100000000)
  region size 1024K, 8 young (8192K), 8 survivors (8192K)
 Metaspace       used 111269K, capacity 114091K, committed 114348K, reserved 1148928K
  class space    used 13979K, capacity 15058K, committed 15104K, reserved 1048576K
}
Event: 25.571 GC heap before
{Heap before GC invocations=32 (full 0):
 garbage-first heap   total 227328K, used 140990K [0x0000000080000000, 0x0000000100000000)
  region size 1024K, 11 young (11264K), 8 survivors (8192K)
 Metaspace       used 111700K, capacity 114530K, committed 114732K, reserved 1148928K
  class space    used 14044K, capacity 15118K, committed 15232K, reserved 1048576K
}
Event: 25.585 GC heap after
{Heap after GC invocations=33 (full 0):
 garbage-first heap   total 227328K, used 138925K [0x0000000080000000, 0x0000000100000000)
  region size 1024K, 2 young (2048K), 2 survivors (2048K)
 Metaspace       used 111700K, capacity 114530K, committed 114732K, reserved 1148928K
  class space    used 14044K, capacity 15118K, committed 15232K, reserved 1048576K
}
Event: 26.222 GC heap before
{Heap before GC invocations=33 (full 0):
 garbage-first heap   total 227328K, used 185005K [0x0000000080000000, 0x0000000100000000)
  region size 1024K, 47 young (48128K), 2 survivors (2048K)
 Metaspace       used 116612K, capacity 119679K, committed 119980K, reserved 1153024K
  class space    used 14807K, capacity 16004K, committed 16128K, reserved 1048576K
}
Event: 26.229 GC heap after
{Heap after GC invocations=34 (full 0):
 garbage-first heap   total 227328K, used 139827K [0x0000000080000000, 0x0000000100000000)
  region size 1024K, 3 young (3072K), 3 survivors (3072K)
 Metaspace       used 116612K, capacity 119679K, committed 119980K, reserved 1153024K
  class space    used 14807K, capacity 16004K, committed 16128K, reserved 1048576K
}
Event: 26.904 GC heap before
{Heap before GC invocations=35 (full 0):
 garbage-first heap   total 227328K, used 184883K [0x0000000080000000, 0x0000000100000000)
  region size 1024K, 50 young (51200K), 3 survivors (3072K)
 Metaspace       used 117233K, capacity 120240K, committed 120492K, reserved 1153024K
  class space    used 14817K, capacity 15979K, committed 16128K, reserved 1048576K
}
Event: 26.911 GC heap after
{Heap after GC invocations=36 (full 0):
 garbage-first heap   total 227328K, used 137182K [0x0000000080000000, 0x0000000100000000)
  region size 1024K, 3 young (3072K), 3 survivors (3072K)
 Metaspace       used 117233K, capacity 120240K, committed 120492K, reserved 1153024K
  class space    used 14817K, capacity 15979K, committed 16128K, reserved 1048576K
}
Event: 27.016 GC heap before
{Heap before GC invocations=36 (full 0):
 garbage-first heap   total 227328K, used 145374K [0x0000000080000000, 0x0000000100000000)
  region size 1024K, 11 young (11264K), 3 survivors (3072K)
 Metaspace       used 117290K, capacity 120321K, committed 120748K, reserved 1155072K
  class space    used 14820K, capacity 15983K, committed 16128K, reserved 1048576K
}
Event: 27.022 GC heap after
{Heap after GC invocations=37 (full 0):
 garbage-first heap   total 227328K, used 124217K [0x0000000080000000, 0x0000000100000000)
  region size 1024K, 2 young (2048K), 2 survivors (2048K)
 Metaspace       used 117290K, capacity 120321K, committed 120748K, reserved 1155072K
  class space    used 14820K, capacity 15983K, committed 16128K, reserved 1048576K
}
Event: 27.453 GC heap before
{Heap before GC invocations=37 (full 0):
 garbage-first heap   total 227328K, used 160057K [0x0000000080000000, 0x0000000100000000)
  region size 1024K, 39 young (39936K), 2 survivors (2048K)
 Metaspace       used 118917K, capacity 122087K, committed 122284K, reserved 1155072K
  class space    used 15026K, capacity 16260K, committed 16384K, reserved 1048576K
}
Event: 27.460 GC heap after
{Heap after GC invocations=38 (full 0):
 garbage-first heap   total 227328K, used 127543K [0x0000000080000000, 0x0000000100000000)
  region size 1024K, 5 young (5120K), 5 survivors (5120K)
 Metaspace       used 118917K, capacity 122087K, committed 122284K, reserved 1155072K
  class space    used 15026K, capacity 16260K, committed 16384K, reserved 1048576K
}
Event: 28.038 GC heap before
{Heap before GC invocations=39 (full 0):
 garbage-first heap   total 227328K, used 183817K [0x0000000080000000, 0x0000000100000000)
  region size 1024K, 61 young (62464K), 5 survivors (5120K)
 Metaspace       used 120170K, capacity 123292K, committed 123692K, reserved 1157120K
  class space    used 15193K, capacity 16368K, committed 16512K, reserved 1048576K
}
Event: 28.050 GC heap after
{Heap after GC invocations=40 (full 0):
 garbage-first heap   total 227328K, used 132436K [0x0000000080000000, 0x0000000100000000)
  region size 1024K, 8 young (8192K), 8 survivors (8192K)
 Metaspace       used 120170K, capacity 123292K, committed 123692K, reserved 1157120K
  class space    used 15193K, capacity 16368K, committed 16512K, reserved 1048576K
}
Event: 28.096 GC heap before
{Heap before GC invocations=40 (full 0):
 garbage-first heap   total 227328K, used 138580K [0x0000000080000000, 0x0000000100000000)
  region size 1024K, 16 young (16384K), 8 survivors (8192K)
 Metaspace       used 120213K, capacity 123326K, committed 123692K, reserved 1157120K
  class space    used 15195K, capacity 16373K, committed 16512K, reserved 1048576K
}
Event: 28.121 GC heap after
{Heap after GC invocations=41 (full 0):
 garbage-first heap   total 227328K, used 130968K [0x0000000080000000, 0x0000000100000000)
  region size 1024K, 2 young (2048K), 2 survivors (2048K)
 Metaspace       used 120213K, capacity 123326K, committed 123692K, reserved 1157120K
  class space    used 15195K, capacity 16373K, committed 16512K, reserved 1048576K
}
Event: 29.327 GC heap before
{Heap before GC invocations=42 (full 0):
 garbage-first heap   total 249856K, used 248728K [0x0000000080000000, 0x0000000100000000)
  region size 1024K, 31 young (31744K), 2 survivors (2048K)
 Metaspace       used 121967K, capacity 125237K, committed 125356K, reserved 1159168K
  class space    used 15401K, capacity 16609K, committed 16640K, reserved 1048576K
}
Event: 29.332 GC heap after
{Heap after GC invocations=43 (full 0):
 garbage-first heap   total 250880K, used 127832K [0x0000000080000000, 0x0000000100000000)
  region size 1024K, 1 young (1024K), 1 survivors (1024K)
 Metaspace       used 121967K, capacity 125237K, committed 125356K, reserved 1159168K
  class space    used 15401K, capacity 16609K, committed 16640K, reserved 1048576K
}
Event: 286.198 GC heap before
{Heap before GC invocations=43 (full 0):
 garbage-first heap   total 250880K, used 139096K [0x0000000080000000, 0x0000000100000000)
  region size 1024K, 12 young (12288K), 1 survivors (1024K)
 Metaspace       used 122321K, capacity 125554K, committed 125740K, reserved 1159168K
  class space    used 15437K, capacity 16663K, committed 16768K, reserved 1048576K
}
Event: 286.203 GC heap after
{Heap after GC invocations=44 (full 0):
 garbage-first heap   total 250880K, used 120326K [0x0000000080000000, 0x0000000100000000)
  region size 1024K, 1 young (1024K), 1 survivors (1024K)
 Metaspace       used 122321K, capacity 125554K, committed 125740K, reserved 1159168K
  class space    used 15437K, capacity 16663K, committed 16768K, reserved 1048576K
}

Deoptimization events (20 events):
Event: 786.390 Thread 0x00000257d65b8000 DEOPT PACKING pc=0x00000257bbb1b3ec sp=0x000000a7be0f90a0
Event: 786.390 Thread 0x00000257d65b8000 DEOPT UNPACKING pc=0x00000257b3b778af sp=0x000000a7be0f9048 mode 2
Event: 786.558 Thread 0x00000257d65b8000 Uncommon trap: trap_request=0xffffffc6 fr.pc=0x00000257bbf23594 relative=0x0000000000000f94
Event: 786.558 Thread 0x00000257d65b8000 Uncommon trap: reason=bimorphic_or_optimized_type_check action=maybe_recompile pc=0x00000257bbf23594 method=org.gradle.internal.fingerprint.impl.DefaultFileCollectionSnapshotter$SnapshottingVisitor.visitCollection(Lorg/gradle/api/internal/file/FileCollect
Event: 786.558 Thread 0x00000257d65b8000 DEOPT PACKING pc=0x00000257bbf23594 sp=0x000000a7be0f9eb0
Event: 786.558 Thread 0x00000257d65b8000 DEOPT UNPACKING pc=0x00000257b3b778af sp=0x000000a7be0f9ea8 mode 2
Event: 786.562 Thread 0x00000257d65bb800 Uncommon trap: trap_request=0xffffff4d fr.pc=0x00000257bc08c330 relative=0x0000000000005110
Event: 786.562 Thread 0x00000257d65bb800 Uncommon trap: reason=unstable_if action=reinterpret pc=0x00000257bc08c330 method=java.io.ObjectOutputStream.writeOrdinaryObject(Ljava/lang/Object;Ljava/io/ObjectStreamClass;Z)V @ 113 c2
Event: 786.562 Thread 0x00000257d65bb800 DEOPT PACKING pc=0x00000257bc08c330 sp=0x000000a7be3fe7d0
Event: 786.562 Thread 0x00000257d65bb800 DEOPT UNPACKING pc=0x00000257b3b778af sp=0x000000a7be3fe740 mode 2
Event: 786.573 Thread 0x00000257d65b8000 Uncommon trap: trap_request=0xffffffc6 fr.pc=0x00000257bb728078 relative=0x0000000000000218
Event: 786.573 Thread 0x00000257d65b8000 Uncommon trap: reason=bimorphic_or_optimized_type_check action=maybe_recompile pc=0x00000257bb728078 method=com.google.common.base.CharMatcher.indexIn(Ljava/lang/CharSequence;I)I @ 31 c2
Event: 786.573 Thread 0x00000257d65b8000 DEOPT PACKING pc=0x00000257bb728078 sp=0x000000a7be0f83c0
Event: 786.573 Thread 0x00000257d65b8000 DEOPT UNPACKING pc=0x00000257b3b778af sp=0x000000a7be0f8368 mode 2
Event: 786.584 Thread 0x00000257d65b8000 Uncommon trap: trap_request=0xffffff4d fr.pc=0x00000257bc048928 relative=0x00000000000008a8
Event: 786.584 Thread 0x00000257d65b8000 Uncommon trap: reason=unstable_if action=reinterpret pc=0x00000257bc048928 method=com.google.common.collect.ImmutableSet$SetBuilderImpl.ensureCapacity(I)V @ 6 c2
Event: 786.584 Thread 0x00000257d65b8000 DEOPT PACKING pc=0x00000257bc048928 sp=0x000000a7be0f7de0
Event: 786.584 Thread 0x00000257d65b8000 DEOPT UNPACKING pc=0x00000257b3b778af sp=0x000000a7be0f7cc0 mode 2
Event: 786.702 Thread 0x00000257d65b8000 DEOPT PACKING pc=0x00000257b4fa43bd sp=0x000000a7be0f93c0
Event: 786.702 Thread 0x00000257d65b8000 DEOPT UNPACKING pc=0x00000257b3b776ce sp=0x000000a7be0f8878 mode 0

Classes redefined (0 events):
No events

Internal exceptions (20 events):
Event: 27.887 Thread 0x00000257d1ba1800 Exception <a 'sun/nio/fs/WindowsException'{0x000000008be92158}> (0x000000008be92158) thrown at [./src/hotspot/share/prims/jni.cpp, line 615]
Event: 27.910 Thread 0x00000257d1b94800 Exception <a 'sun/nio/fs/WindowsException'{0x000000008bb7cce0}> (0x000000008bb7cce0) thrown at [./src/hotspot/share/prims/jni.cpp, line 615]
Event: 27.925 Thread 0x00000257d1b9d800 Exception <a 'sun/nio/fs/WindowsException'{0x000000008baf4da0}> (0x000000008baf4da0) thrown at [./src/hotspot/share/prims/jni.cpp, line 615]
Event: 28.003 Thread 0x00000257d1b93000 Exception <a 'sun/nio/fs/WindowsException'{0x000000008a6eedf8}> (0x000000008a6eedf8) thrown at [./src/hotspot/share/prims/jni.cpp, line 615]
Event: 28.014 Thread 0x00000257d1b94800 Exception <a 'sun/nio/fs/WindowsException'{0x000000008a5f4b10}> (0x000000008a5f4b10) thrown at [./src/hotspot/share/prims/jni.cpp, line 615]
Event: 28.068 Thread 0x00000257d1b9d800 Exception <a 'sun/nio/fs/WindowsException'{0x000000008dbc9c30}> (0x000000008dbc9c30) thrown at [./src/hotspot/share/prims/jni.cpp, line 615]
Event: 28.089 Thread 0x00000257d1b94800 Exception <a 'sun/nio/fs/WindowsException'{0x000000008dbe1ac8}> (0x000000008dbe1ac8) thrown at [./src/hotspot/share/prims/jni.cpp, line 615]
Event: 28.238 Thread 0x00000257d1b94800 Exception <a 'sun/nio/fs/WindowsException'{0x000000008daec6e8}> (0x000000008daec6e8) thrown at [./src/hotspot/share/prims/jni.cpp, line 615]
Event: 28.311 Thread 0x00000257d1ba1800 Exception <a 'sun/nio/fs/WindowsException'{0x000000008d3e3c90}> (0x000000008d3e3c90) thrown at [./src/hotspot/share/prims/jni.cpp, line 615]
Event: 28.337 Thread 0x00000257d1b9d800 Exception <a 'sun/nio/fs/WindowsException'{0x000000008d2286b8}> (0x000000008d2286b8) thrown at [./src/hotspot/share/prims/jni.cpp, line 615]
Event: 28.435 Thread 0x00000257d1b9d800 Exception <a 'sun/nio/fs/WindowsException'{0x000000008cc0f9d8}> (0x000000008cc0f9d8) thrown at [./src/hotspot/share/prims/jni.cpp, line 615]
Event: 31.931 Thread 0x00000257cbc30000 Implicit null exception at 0x00000257bb6e9977 to 0x00000257bb6e9e8c
Event: 31.931 Thread 0x00000257cbc30000 Implicit null exception at 0x00000257bb985bf4 to 0x00000257bb986208
Event: 786.609 Thread 0x00000257d65b8000 Exception <a 'sun/nio/fs/WindowsException'{0x000000008d29a658}> (0x000000008d29a658) thrown at [./src/hotspot/share/prims/jni.cpp, line 615]
Event: 786.652 Thread 0x00000257d65b8000 Exception <a 'java/lang/NoClassDefFoundError'{0x000000008cfce1b8}: org/jetbrains/kotlin/gradle/plugin/KotlinBasePluginWrapper> (0x000000008cfce1b8) thrown at [./src/hotspot/share/oops/constantPool.cpp, line 775]
Event: 786.693 Thread 0x00000257d65b8000 Exception <a 'sun/nio/fs/WindowsException'{0x000000008cc41048}> (0x000000008cc41048) thrown at [./src/hotspot/share/prims/jni.cpp, line 615]
Event: 786.699 Thread 0x00000257d65b8000 Exception <a 'sun/nio/fs/WindowsException'{0x000000008cce41b8}> (0x000000008cce41b8) thrown at [./src/hotspot/share/prims/jni.cpp, line 615]
Event: 786.699 Thread 0x00000257d65b8000 Exception <a 'sun/nio/fs/WindowsException'{0x000000008cce5560}> (0x000000008cce5560) thrown at [./src/hotspot/share/prims/jni.cpp, line 615]
Event: 786.699 Thread 0x00000257d65b8000 Exception <a 'sun/nio/fs/WindowsException'{0x000000008cce6958}> (0x000000008cce6958) thrown at [./src/hotspot/share/prims/jni.cpp, line 615]
Event: 786.699 Thread 0x00000257d65b8000 Exception <a 'sun/nio/fs/WindowsException'{0x000000008cce7fe8}> (0x000000008cce7fe8) thrown at [./src/hotspot/share/prims/jni.cpp, line 615]

Events (20 events):
Event: 786.562 Executing VM operation: RevokeBias
Event: 786.562 Executing VM operation: RevokeBias done
Event: 786.577 Executing VM operation: RevokeBias
Event: 786.577 Executing VM operation: RevokeBias done
Event: 786.579 Executing VM operation: RevokeBias
Event: 786.579 Executing VM operation: RevokeBias done
Event: 786.594 Executing VM operation: RevokeBias
Event: 786.594 Executing VM operation: RevokeBias done
Event: 786.604 Executing VM operation: RevokeBias
Event: 786.605 Executing VM operation: RevokeBias done
Event: 786.619 Executing VM operation: RevokeBias
Event: 786.619 Executing VM operation: RevokeBias done
Event: 786.619 Executing VM operation: RevokeBias
Event: 786.619 Executing VM operation: RevokeBias done
Event: 786.663 Executing VM operation: RevokeBias
Event: 786.663 Executing VM operation: RevokeBias done
Event: 786.692 Executing VM operation: RevokeBias
Event: 786.692 Executing VM operation: RevokeBias done
Event: 786.693 Executing VM operation: RevokeBias
Event: 786.693 Executing VM operation: RevokeBias done


Dynamic libraries:
0x00007ff79c780000 - 0x00007ff79c78a000 	C:\Program Files\Android\Android Studio\jre\bin\java.exe
0x00007ffd2de50000 - 0x00007ffd2e045000 	C:\WINDOWS\SYSTEM32\ntdll.dll
0x00007ffd2d540000 - 0x00007ffd2d5fe000 	C:\WINDOWS\System32\KERNEL32.DLL
0x00007ffd2b680000 - 0x00007ffd2b948000 	C:\WINDOWS\System32\KERNELBASE.dll
0x00007ffd2b9b0000 - 0x00007ffd2bab0000 	C:\WINDOWS\System32\ucrtbase.dll
0x00007ffd24720000 - 0x00007ffd24737000 	C:\Program Files\Android\Android Studio\jre\bin\VCRUNTIME140.dll
0x00007ffd219c0000 - 0x00007ffd219d9000 	C:\Program Files\Android\Android Studio\jre\bin\jli.dll
0x00007ffd2bea0000 - 0x00007ffd2c041000 	C:\WINDOWS\System32\USER32.dll
0x00007ffd2b980000 - 0x00007ffd2b9a2000 	C:\WINDOWS\System32\win32u.dll
0x00007ffd2a940000 - 0x00007ffd2abda000 	C:\WINDOWS\WinSxS\amd64_microsoft.windows.common-controls_6595b64144ccf1df_6.0.19041.1110_none_60b5254171f9507e\COMCTL32.dll
0x00007ffd2d430000 - 0x00007ffd2d45b000 	C:\WINDOWS\System32\GDI32.dll
0x00007ffd2d660000 - 0x00007ffd2d6fe000 	C:\WINDOWS\System32\msvcrt.dll
0x00007ffd2b570000 - 0x00007ffd2b67b000 	C:\WINDOWS\System32\gdi32full.dll
0x00007ffd2bc50000 - 0x00007ffd2bced000 	C:\WINDOWS\System32\msvcp_win.dll
0x00007ffd2c050000 - 0x00007ffd2c080000 	C:\WINDOWS\System32\IMM32.DLL
0x00007ffd08750000 - 0x00007ffd087ed000 	C:\Program Files\Android\Android Studio\jre\bin\msvcp140.dll
0x00007ffce9ef0000 - 0x00007ffcea9bf000 	C:\Program Files\Android\Android Studio\jre\bin\server\jvm.dll
0x00007ffd2cf60000 - 0x00007ffd2d00c000 	C:\WINDOWS\System32\ADVAPI32.dll
0x00007ffd2d010000 - 0x00007ffd2d0ab000 	C:\WINDOWS\System32\sechost.dll
0x00007ffd2c080000 - 0x00007ffd2c1aa000 	C:\WINDOWS\System32\RPCRT4.dll
0x00007ffd2de00000 - 0x00007ffd2de08000 	C:\WINDOWS\System32\PSAPI.DLL
0x00007ffd15550000 - 0x00007ffd15559000 	C:\WINDOWS\SYSTEM32\WSOCK32.dll
0x00007ffd208a0000 - 0x00007ffd208c7000 	C:\WINDOWS\SYSTEM32\WINMM.dll
0x00007ffd248d0000 - 0x00007ffd248da000 	C:\WINDOWS\SYSTEM32\VERSION.dll
0x00007ffd2c700000 - 0x00007ffd2c76b000 	C:\WINDOWS\System32\WS2_32.dll
0x00007ffd297a0000 - 0x00007ffd297b2000 	C:\WINDOWS\SYSTEM32\kernel.appcore.dll
0x00007ffd26230000 - 0x00007ffd26241000 	C:\Program Files\Android\Android Studio\jre\bin\verify.dll
0x00007ffd2adf0000 - 0x00007ffd2afd4000 	C:\WINDOWS\SYSTEM32\DBGHELP.DLL
0x00007ffd2ad40000 - 0x00007ffd2ad6c000 	C:\WINDOWS\SYSTEM32\dbgcore.DLL
0x00007ffd2bb10000 - 0x00007ffd2bb93000 	C:\WINDOWS\System32\bcryptPrimitives.dll
0x00007ffd16020000 - 0x00007ffd16049000 	C:\Program Files\Android\Android Studio\jre\bin\java.dll
0x00007ffd269f0000 - 0x00007ffd269fb000 	C:\Program Files\Android\Android Studio\jre\bin\jimage.dll
0x00007ffd25880000 - 0x00007ffd25898000 	C:\Program Files\Android\Android Studio\jre\bin\zip.dll
0x00007ffd2c820000 - 0x00007ffd2cf5f000 	C:\WINDOWS\System32\SHELL32.dll
0x00007ffd29000000 - 0x00007ffd29790000 	C:\WINDOWS\SYSTEM32\windows.storage.dll
0x00007ffd2d0d0000 - 0x00007ffd2d425000 	C:\WINDOWS\System32\combase.dll
0x00007ffd2a8d0000 - 0x00007ffd2a8fe000 	C:\WINDOWS\SYSTEM32\Wldp.dll
0x00007ffd2c770000 - 0x00007ffd2c81d000 	C:\WINDOWS\System32\SHCORE.dll
0x00007ffd2d600000 - 0x00007ffd2d655000 	C:\WINDOWS\System32\shlwapi.dll
0x00007ffd2b4b0000 - 0x00007ffd2b4cf000 	C:\WINDOWS\SYSTEM32\profapi.dll
0x00007ffd25810000 - 0x00007ffd2582a000 	C:\Program Files\Android\Android Studio\jre\bin\net.dll
0x00007ffd1cec0000 - 0x00007ffd1cfcc000 	C:\WINDOWS\SYSTEM32\WINHTTP.dll
0x00007ffd2a620000 - 0x00007ffd2a68a000 	C:\WINDOWS\system32\mswsock.dll
0x00007ffd24d70000 - 0x00007ffd24d84000 	C:\Program Files\Android\Android Studio\jre\bin\nio.dll
0x00007ffd24d90000 - 0x00007ffd24db7000 	C:\Users\chieudepzaj\.gradle\native\e1d6ef7f7dcc3fd88c89a11ec53ec762bb8ba0a96d01ffa2cd45eb1d1d8dd5c5\windows-amd64\native-platform.dll
0x00007ffd05c50000 - 0x00007ffd05d94000 	C:\Users\chieudepzaj\.gradle\native\5664cfc778a61ccfe75a443a1ab52a65af34e5dc3c78e0209fed803814484fcb\windows-amd64\native-platform-file-events.dll
0x00007ffd262b0000 - 0x00007ffd262ba000 	C:\Program Files\Android\Android Studio\jre\bin\management.dll
0x00007ffd24e50000 - 0x00007ffd24e5c000 	C:\Program Files\Android\Android Studio\jre\bin\management_ext.dll
0x00007ffd2b2f0000 - 0x00007ffd2b308000 	C:\WINDOWS\SYSTEM32\CRYPTSP.dll
0x00007ffd29fd0000 - 0x00007ffd2a004000 	C:\WINDOWS\system32\rsaenh.dll
0x00007ffd2b950000 - 0x00007ffd2b977000 	C:\WINDOWS\System32\bcrypt.dll
0x00007ffd2b470000 - 0x00007ffd2b49e000 	C:\WINDOWS\SYSTEM32\USERENV.dll
0x00007ffd2a710000 - 0x00007ffd2a71c000 	C:\WINDOWS\SYSTEM32\CRYPTBASE.dll
0x00007ffd2a320000 - 0x00007ffd2a35b000 	C:\WINDOWS\SYSTEM32\IPHLPAPI.DLL
0x00007ffd2d7d0000 - 0x00007ffd2d7d8000 	C:\WINDOWS\System32\NSI.dll
0x00007ffd24c10000 - 0x00007ffd24c27000 	C:\WINDOWS\SYSTEM32\dhcpcsvc6.DLL
0x00007ffd24b20000 - 0x00007ffd24b3d000 	C:\WINDOWS\SYSTEM32\dhcpcsvc.DLL
0x00007ffd2a360000 - 0x00007ffd2a42b000 	C:\WINDOWS\SYSTEM32\DNSAPI.dll

dbghelp: loaded successfully - version: 4.0.5 - missing functions: none
symbol engine: initialized successfully - sym options: 0x614 - pdb path: .;C:\Program Files\Android\Android Studio\jre\bin;C:\WINDOWS\SYSTEM32;C:\WINDOWS\WinSxS\amd64_microsoft.windows.common-controls_6595b64144ccf1df_6.0.19041.1110_none_60b5254171f9507e;C:\Program Files\Android\Android Studio\jre\bin\server;C:\Users\chieudepzaj\.gradle\native\e1d6ef7f7dcc3fd88c89a11ec53ec762bb8ba0a96d01ffa2cd45eb1d1d8dd5c5\windows-amd64;C:\Users\chieudepzaj\.gradle\native\5664cfc778a61ccfe75a443a1ab52a65af34e5dc3c78e0209fed803814484fcb\windows-amd64

VM Arguments:
jvm_args: --add-opens=java.base/java.util=ALL-UNNAMED --add-opens=java.base/java.lang=ALL-UNNAMED --add-opens=java.base/java.lang.invoke=ALL-UNNAMED --add-opens=java.base/java.util=ALL-UNNAMED --add-opens=java.prefs/java.util.prefs=ALL-UNNAMED --add-opens=java.prefs/java.util.prefs=ALL-UNNAMED --add-opens=java.base/java.nio.charset=ALL-UNNAMED --add-opens=java.base/java.net=ALL-UNNAMED --add-opens=java.base/java.util.concurrent.atomic=ALL-UNNAMED -Xmx2048m -Dfile.encoding=UTF-8 -Duser.country=US -Duser.language=en -Duser.variant 
java_command: org.gradle.launcher.daemon.bootstrap.GradleDaemon 7.3
java_class_path (initial): C:\Users\chieudepzaj\.gradle\wrapper\dists\gradle-7.3-bin\ddwl0k7mt9g6ak16i1m905vyv\gradle-7.3\lib\gradle-launcher-7.3.jar
Launcher Type: SUN_STANDARD

[Global flags]
     intx CICompilerCount                          = 3                                         {product} {ergonomic}
     uint ConcGCThreads                            = 1                                         {product} {ergonomic}
     uint G1ConcRefinementThreads                  = 4                                         {product} {ergonomic}
   size_t G1HeapRegionSize                         = 1048576                                   {product} {ergonomic}
    uintx GCDrainStackTargetSize                   = 64                                        {product} {ergonomic}
   size_t InitialHeapSize                          = 134217728                                 {product} {ergonomic}
   size_t MarkStackSize                            = 4194304                                   {product} {ergonomic}
   size_t MaxHeapSize                              = 2147483648                                {product} {command line}
   size_t MaxNewSize                               = 1287651328                                {product} {ergonomic}
   size_t MinHeapDeltaBytes                        = 1048576                                   {product} {ergonomic}
    uintx NonNMethodCodeHeapSize                   = 5830732                                {pd product} {ergonomic}
    uintx NonProfiledCodeHeapSize                  = 122913754                              {pd product} {ergonomic}
    uintx ProfiledCodeHeapSize                     = 122913754                              {pd product} {ergonomic}
    uintx ReservedCodeCacheSize                    = 251658240                              {pd product} {ergonomic}
     bool SegmentedCodeCache                       = true                                      {product} {ergonomic}
     bool UseCompressedClassPointers               = true                                 {lp64_product} {ergonomic}
     bool UseCompressedOops                        = true                                 {lp64_product} {ergonomic}
     bool UseG1GC                                  = true                                      {product} {ergonomic}
     bool UseLargePagesIndividualAllocation        = false                                  {pd product} {ergonomic}

Logging:
Log output configuration:
 #0: stdout all=warning uptime,level,tags
 #1: stderr all=off uptime,level,tags

Environment Variables:
PATH=C:\Python39\Scripts\;C:\Python39\;C:\Program Files (x86)\Common Files\Oracle\Java\javapath;C:\windows\system32;C:\windows\;C:\Program Files\dotnet\;C:\Program Files (x86)\NVIDIA Corporation\PhysX\Common;C:\ProgramData\chocolatey\bin;C:\WINDOWS\system32;C:\WINDOWS;C:\WINDOWS\System32\Wbem;C:\WINDOWS\System32\WindowsPowerShell\v1.0\;C:\WINDOWS\System32\OpenSSH\;C:\Program Files\Git\cmd;C:\Program Files\nodejs;C:\Program Files\heroku\bin;C:\Users\chieudepzaj\AppData\Local\Programs\Microsoft VS Code\bin;C:\Users\chieudepzaj\AppData\Local\Microsoft\WindowsApps;C:\flutter\bin;
USERNAME=chieudepzaj
OS=Windows_NT
PROCESSOR_IDENTIFIER=Intel64 Family 6 Model 158 Stepping 9, GenuineIntel



---------------  S Y S T E M  ---------------

OS: Windows 10 , 64 bit Build 19041 (10.0.19041.1348)
OS uptime: 1 days 10:26 hours

CPU:total 4 (initial active 4) (4 cores per cpu, 1 threads per core) family 6 model 158 stepping 9 microcode 0xb4, cmov, cx8, fxsr, mmx, sse, sse2, sse3, ssse3, sse4.1, sse4.2, popcnt, avx, avx2, aes, clmul, erms, 3dnowpref, lzcnt, tsc, tscinvbit, bmi1, bmi2, adx, fma

Memory: 4k page, system-wide physical 8075M (2100M free)
TotalPageFile size 12171M (AvailPageFile size 2987M)
current process WorkingSet (physical memory assigned to process): 582M, peak: 583M
current process commit charge ("private bytes"): 609M, peak: 611M

vm_info: OpenJDK 64-Bit Server VM (11.0.10+0-b96-7249189) for windows-amd64 JRE (11.0.10+0-b96-7249189), built on Mar 31 2021 21:44:00 by "builder" with MS VC++ 14.0 (VS2015)

END.
