#
# A fatal error has been detected by the Java Runtime Environment:
#
#  EXCEPTION_ACCESS_VIOLATION (0xc0000005) at pc=0x00007ff8bdada613, pid=12316, tid=12200
#
# JRE version: OpenJDK Runtime Environment (11.0.10) (build 11.0.10+0-b96-7249189)
# Java VM: OpenJDK 64-Bit Server VM (11.0.10+0-b96-7249189, mixed mode, tiered, compressed oops, g1 gc, windows-amd64)
# Problematic frame:
# V  [jvm.dll+0x6a613]
#
# No core dump will be written. Minidumps are not enabled by default on client versions of Windows
#
# If you would like to submit a bug report, please visit:
#   https://bugreport.java.com/bugreport/crash.jsp
#

---------------  S U M M A R Y ------------

Command Line: --add-opens=java.base/java.util=ALL-UNNAMED --add-opens=java.base/java.lang=ALL-UNNAMED --add-opens=java.base/java.lang.invoke=ALL-UNNAMED --add-opens=java.base/java.util=ALL-UNNAMED --add-opens=java.prefs/java.util.prefs=ALL-UNNAMED --add-opens=java.prefs/java.util.prefs=ALL-UNNAMED --add-opens=java.base/java.nio.charset=ALL-UNNAMED --add-opens=java.base/java.net=ALL-UNNAMED --add-opens=java.base/java.util.concurrent.atomic=ALL-UNNAMED -Xmx2048m -Dfile.encoding=UTF-8 -Duser.country=US -Duser.language=en -Duser.variant org.gradle.launcher.daemon.bootstrap.GradleDaemon 7.3

Host: Intel(R) Core(TM) i5-7300HQ CPU @ 2.50GHz, 4 cores, 7G,  Windows 10 , 64 bit Build 19041 (10.0.19041.1202)
Time: Fri Nov 19 20:38:20 2021 SE Asia Standard Time elapsed time: 12004.850844 seconds (0d 3h 20m 4s)

---------------  T H R E A D  ---------------

Current thread (0x0000027179697800):  JavaThread "C2 CompilerThread1" daemon [_thread_in_native, id=12200, stack(0x000000f2aba00000,0x000000f2abb00000)]


Current CompileTask:
C2:12004850 25898       4       org.gradle.api.internal.artifacts.ivyservice.resolveengine.result.DependencyResultSerializer::read (169 bytes)

Stack: [0x000000f2aba00000,0x000000f2abb00000],  sp=0x000000f2abafc2a0,  free space=1008k
Native frames: (J=compiled Java code, j=interpreted, Vv=VM code, C=native code)
V  [jvm.dll+0x6a613]
V  [jvm.dll+0x5f3f42]
V  [jvm.dll+0x5f269f]
V  [jvm.dll+0x1fb953]
V  [jvm.dll+0x1fa7f4]
V  [jvm.dll+0x18354c]
V  [jvm.dll+0x208ee7]
V  [jvm.dll+0x207731]
V  [jvm.dll+0x6eb1cf]
V  [jvm.dll+0x6e3d45]
V  [jvm.dll+0x5ebe96]
C  [ucrtbase.dll+0x21bb2]
C  [KERNEL32.DLL+0x17034]
C  [ntdll.dll+0x52651]


siginfo: EXCEPTION_ACCESS_VIOLATION (0xc0000005), reading address 0xffffffffffffffff


Register to memory mapping:

RIP=0x00007ff8bdada613 jvm.dll
RAX=0x00007ff8bdc43bb0 jvm.dll
RBX=0x000000000000000a is an unknown value
RCX=0x00007ff8be1d9af8 jvm.dll
RDX=0x000000f2abafc610 is pointing into the stack for thread: 0x0000027179697800
RSP=0x000000f2abafc2a0 is pointing into the stack for thread: 0x0000027179697800
RBP=0x00000271761892e0 points into unknown readable memory: 0x00007ff8be2093d0 | d0 93 20 be f8 7f 00 00
RSI=0x000000f2abaff3a8 is pointing into the stack for thread: 0x0000027179697800
RDI=0x0000000000000002 is an unknown value
R8 =0x00000271761892e0 points into unknown readable memory: 0x00007ff8be2093d0 | d0 93 20 be f8 7f 00 00
R9 =0x0000000000000002 is an unknown value
R10=0x0 is NULL
R11=0x000000f2abafc220 is pointing into the stack for thread: 0x0000027179697800
R12=0x000000f2abaff3a8 is pointing into the stack for thread: 0x0000027179697800
R13=0x00000000000002f4 is an unknown value
R14=0x000000f2abafc610 is pointing into the stack for thread: 0x0000027179697800
R15=0x00000271761892e0 points into unknown readable memory: 0x00007ff8be2093d0 | d0 93 20 be f8 7f 00 00


Registers:
RAX=0x00007ff8bdc43bb0, RBX=0x000000000000000a, RCX=0x00007ff8be1d9af8, RDX=0x000000f2abafc610
RSP=0x000000f2abafc2a0, RBP=0x00000271761892e0, RSI=0x000000f2abaff3a8, RDI=0x0000000000000002
R8 =0x00000271761892e0, R9 =0x0000000000000002, R10=0x0000000000000000, R11=0x000000f2abafc220
R12=0x000000f2abaff3a8, R13=0x00000000000002f4, R14=0x000000f2abafc610, R15=0x00000271761892e0
RIP=0x00007ff8bdada613, EFLAGS=0x0000000000010293

Top of Stack: (sp=0x000000f2abafc2a0)
0x000000f2abafc2a0:   000002717577f430 0000000001010101
0x000000f2abafc2b0:   0000000000000000 000002717ca8f5d0
0x000000f2abafc2c0:   000000f2abafeb00 00007ff8be063f42
0x000000f2abafc2d0:   000000000000000a 000000f2abafc3d0
0x000000f2abafc2e0:   000002717ca91b28 0000000000000000
0x000000f2abafc2f0:   000002717802add0 000002717802d330
0x000000f2abafc300:   000000010000000a 000002e800000001
0x000000f2abafc310:   000000f2abafc570 000002f400000007
0x000000f2abafc320:   0000002cffffffff 000002717c975bc0
0x000000f2abafc330:   00000000000001a5 000002717ca91b28
0x000000f2abafc340:   000002f4000002f4 0000000000000000
0x000000f2abafc350:   0000027173079660 000000f2abafeb00
0x000000f2abafc360:   0000000000000000 000000f200000000
0x000000f2abafc370:   000002717ca91b38 000000000000002c
0x000000f2abafc380:   00000271755870f0 000002717c976260
0x000000f2abafc390:   00007ff8be1bf4b8 000000f2abaff400 

Instructions: (pc=0x00007ff8bdada613)
0x00007ff8bdada513:   f0 4c 8b 11 41 ff 52 68 49 8b 4d 58 41 b9 02 00
0x00007ff8bdada523:   00 00 4d 8b c5 48 8b d3 8b e8 4c 8b 11 41 ff 52
0x00007ff8bdada533:   70 49 8b 4d 58 8b f0 48 8b 11 ff 52 78 49 8b 4d
0x00007ff8bdada543:   58 41 b9 02 00 00 00 4d 8b c5 48 8b d3 8b f8 4c
0x00007ff8bdada553:   8b 11 41 ff 92 80 00 00 00 49 8b 4d 58 8b d8 48
0x00007ff8bdada563:   8b 11 ff 92 88 00 00 00 89 44 24 30 44 8b ce 89
0x00007ff8bdada573:   5c 24 28 44 8b c5 41 8b d6 89 7c 24 20 49 8b cf
0x00007ff8bdada583:   e8 98 15 00 00 48 8b 5c 24 60 48 8b 6c 24 68 48
0x00007ff8bdada593:   8b 74 24 70 48 8b 7c 24 78 48 83 c4 40 41 5f 41
0x00007ff8bdada5a3:   5e 41 5d c3 cc cc cc cc cc cc cc cc cc 48 89 5c
0x00007ff8bdada5b3:   24 08 48 89 6c 24 10 48 89 74 24 18 48 89 7c 24
0x00007ff8bdada5c3:   20 41 56 48 83 ec 20 48 8b 42 68 48 8b e9 48 89
0x00007ff8bdada5d3:   42 60 4d 8b f0 48 8b 49 50 48 8b f2 48 8b 01 ff
0x00007ff8bdada5e3:   50 08 48 8b 4d 50 41 b9 01 00 00 00 4c 8b c5 49
0x00007ff8bdada5f3:   8b d6 8d 78 01 48 8b 01 ff 50 20 48 8b 4d 58 44
0x00007ff8bdada603:   8b cf 83 f8 08 4c 8b c5 49 8b d6 48 8b 01 7d 11
0x00007ff8bdada613:   ff 50 20 83 f8 08 7c 21 48 8b 46 68 c6 00 41 eb
0x00007ff8bdada623:   14 ff 50 20 83 f8 08 48 8b 46 68 7d 05 c6 00 44
0x00007ff8bdada633:   eb 03 c6 00 45 48 ff 46 68 48 8b 46 68 44 8b cf
0x00007ff8bdada643:   4c 8b c5 49 8b d6 c6 00 33 48 ff 46 68 48 8b 4d
0x00007ff8bdada653:   58 48 8b 5d 50 48 8b 01 ff 50 20 4c 8b 13 41 b9
0x00007ff8bdada663:   01 00 00 00 8b f8 4c 8b c5 49 8b d6 48 8b cb 83
0x00007ff8bdada673:   e7 07 41 ff 52 20 48 8b 4e 68 0c f8 48 8b 5c 24
0x00007ff8bdada683:   30 48 8b 6c 24 38 c0 e0 03 40 0a c7 48 8b 7c 24
0x00007ff8bdada693:   48 88 01 48 ff 46 68 48 8b 74 24 40 48 83 c4 20
0x00007ff8bdada6a3:   41 5e c3 cc cc cc cc cc cc cc cc cc cc 48 89 5c
0x00007ff8bdada6b3:   24 08 48 89 74 24 10 57 48 83 ec 50 48 8b 42 68
0x00007ff8bdada6c3:   48 8b f9 48 89 42 60 49 8b f0 48 8b 49 50 48 8b
0x00007ff8bdada6d3:   da 48 8b 01 ff 50 08 48 8b d3 48 8d 4c 24 20 e8
0x00007ff8bdada6e3:   d9 f7 05 00 48 8b 15 42 26 98 00 48 b9 00 00 00
0x00007ff8bdada6f3:   04 03 00 00 00 48 8b c2 41 b9 01 00 00 00 48 c1
0x00007ff8bdada703:   e8 20 4c 8b c7 f6 d0 24 01 88 44 24 38 48 8b c2 


Stack slot to memory mapping:
stack at sp + 0 slots: 0x000002717577f430 points into unknown readable memory: 0x00007ff8be1bf428 | 28 f4 1b be f8 7f 00 00
stack at sp + 1 slots: 0x0000000001010101 is an unknown value
stack at sp + 2 slots: 0x0 is NULL
stack at sp + 3 slots: 0x000002717ca8f5d0 points into unknown readable memory: 0x00007ff8be258568 | 68 85 25 be f8 7f 00 00
stack at sp + 4 slots: 0x000000f2abafeb00 is pointing into the stack for thread: 0x0000027179697800
stack at sp + 5 slots: 0x00007ff8be063f42 jvm.dll
stack at sp + 6 slots: 0x000000000000000a is an unknown value
stack at sp + 7 slots: 0x000000f2abafc3d0 is pointing into the stack for thread: 0x0000027179697800


---------------  P R O C E S S  ---------------

Threads class SMR info:
_java_thread_list=0x0000027179c5fb00, length=93, elements={
0x00000271559da000, 0x000002716fcf2000, 0x000002716fcfb800, 0x000002716fd08800,
0x000002716fd0c000, 0x000002716fd0d000, 0x000002716fd10000, 0x000002716fd15000,
0x000002716fd22800, 0x00000271707d4800, 0x0000027172422800, 0x0000027170a35000,
0x0000027172a66000, 0x0000027172771800, 0x0000027172772800, 0x000002717276c800,
0x0000027172773800, 0x000002717276d800, 0x000002717423e000, 0x000002717423f800,
0x0000027174240800, 0x000002717423a800, 0x000002717423c800, 0x0000027174450000,
0x0000027174455000, 0x0000027170ed8800, 0x000002717cf97000, 0x0000027174243800,
0x000002717423d000, 0x0000027174244800, 0x000002717cf98800, 0x000002717cf96800,
0x000002717cf9d000, 0x000002717cf9c000, 0x000002717cf98000, 0x000002717cf9a800,
0x000002717cf9b000, 0x0000027177836800, 0x0000027177835800, 0x0000027177839000,
0x0000027177837000, 0x000002717783d000, 0x0000027179697800, 0x0000027177839800,
0x000002717783a800, 0x000002717783d800, 0x000002717783e800, 0x000002717783f800,
0x0000027177840000, 0x0000027177841000, 0x000002717783b800, 0x0000027177842000,
0x000002717783c000, 0x0000027177842800, 0x0000027177843800, 0x0000027177844800,
0x0000027170ed9800, 0x0000027170ed7800, 0x0000027170ed3800, 0x0000027170ed4800,
0x0000027170eda000, 0x0000027170edb000, 0x0000027170ed5000, 0x0000027170ed6000,
0x0000027170edb800, 0x0000027170edc800, 0x0000027170ed7000, 0x0000027170ee1800,
0x0000027170ee2000, 0x0000027170ede000, 0x0000027170edd800, 0x0000027170edf000,
0x0000027170ee0000, 0x000002717444c000, 0x0000027174449000, 0x000002717444d800,
0x000002717444b000, 0x0000027174449800, 0x000002717444d000, 0x0000027174448000,
0x000002717444e800, 0x000002717444f800, 0x000002717444a800, 0x0000027174453800,
0x0000027174456800, 0x0000027174454000, 0x0000027174451000, 0x0000027174451800,
0x0000027174245800, 0x0000027174247000, 0x0000027174246000, 0x0000027174247800,
0x0000027174242000
}

Java Threads: ( => current thread )
  0x00000271559da000 JavaThread "main" [_thread_blocked, id=9416, stack(0x000000f2a9400000,0x000000f2a9500000)]
  0x000002716fcf2000 JavaThread "Reference Handler" daemon [_thread_blocked, id=8144, stack(0x000000f2a9b00000,0x000000f2a9c00000)]
  0x000002716fcfb800 JavaThread "Finalizer" daemon [_thread_blocked, id=8116, stack(0x000000f2a9c00000,0x000000f2a9d00000)]
  0x000002716fd08800 JavaThread "Signal Dispatcher" daemon [_thread_blocked, id=10520, stack(0x000000f2a9d00000,0x000000f2a9e00000)]
  0x000002716fd0c000 JavaThread "Attach Listener" daemon [_thread_blocked, id=12772, stack(0x000000f2a9e00000,0x000000f2a9f00000)]
  0x000002716fd0d000 JavaThread "Service Thread" daemon [_thread_blocked, id=13864, stack(0x000000f2a9f00000,0x000000f2aa000000)]
  0x000002716fd10000 JavaThread "C2 CompilerThread0" daemon [_thread_blocked, id=9692, stack(0x000000f2aa000000,0x000000f2aa100000)]
  0x000002716fd15000 JavaThread "C1 CompilerThread0" daemon [_thread_blocked, id=4736, stack(0x000000f2aa100000,0x000000f2aa200000)]
  0x000002716fd22800 JavaThread "Sweeper thread" daemon [_thread_blocked, id=2920, stack(0x000000f2aa200000,0x000000f2aa300000)]
  0x00000271707d4800 JavaThread "Common-Cleaner" daemon [_thread_blocked, id=1348, stack(0x000000f2aa300000,0x000000f2aa400000)]
  0x0000027172422800 JavaThread "Daemon health stats" [_thread_blocked, id=14096, stack(0x000000f2aa800000,0x000000f2aa900000)]
  0x0000027170a35000 JavaThread "Incoming local TCP Connector on port 54376" [_thread_in_native, id=12144, stack(0x000000f2aa500000,0x000000f2aa600000)]
  0x0000027172a66000 JavaThread "Daemon periodic checks" [_thread_blocked, id=9680, stack(0x000000f2aa900000,0x000000f2aaa00000)]
  0x0000027172771800 JavaThread "Cache worker for journal cache (C:\Users\chieudepzaj\.gradle\caches\journal-1)" [_thread_blocked, id=10552, stack(0x000000f2ab200000,0x000000f2ab300000)]
  0x0000027172772800 JavaThread "File lock request listener" [_thread_in_native, id=10460, stack(0x000000f2ab300000,0x000000f2ab400000)]
  0x000002717276c800 JavaThread "Cache worker for file hash cache (C:\Users\chieudepzaj\.gradle\caches\7.3\fileHashes)" [_thread_blocked, id=5300, stack(0x000000f2ab400000,0x000000f2ab500000)]
  0x0000027172773800 JavaThread "File watcher server" daemon [_thread_in_native, id=9764, stack(0x000000f2ab700000,0x000000f2ab800000)]
  0x000002717276d800 JavaThread "File watcher consumer" daemon [_thread_blocked, id=1248, stack(0x000000f2ab800000,0x000000f2ab900000)]
  0x000002717423e000 JavaThread "Cache worker for execution history cache (C:\Users\chieudepzaj\.gradle\caches\7.3\executionHistory)" [_thread_blocked, id=12820, stack(0x000000f2abc00000,0x000000f2abd00000)]
  0x000002717423f800 JavaThread "jar transforms" [_thread_blocked, id=920, stack(0x000000f2abd00000,0x000000f2abe00000)]
  0x0000027174240800 JavaThread "jar transforms Thread 2" [_thread_blocked, id=8072, stack(0x000000f2abe00000,0x000000f2abf00000)]
  0x000002717423a800 JavaThread "Cache worker for file content cache (C:\Users\chieudepzaj\.gradle\caches\7.3\fileContent)" [_thread_blocked, id=10244, stack(0x000000f2abf00000,0x000000f2ac000000)]
  0x000002717423c800 JavaThread "jar transforms Thread 3" [_thread_blocked, id=11800, stack(0x000000f2ac100000,0x000000f2ac200000)]
  0x0000027174450000 JavaThread "jar transforms Thread 4" [_thread_blocked, id=13736, stack(0x000000f2aeb00000,0x000000f2aec00000)]
  0x0000027174455000 JavaThread "Memory manager" [_thread_blocked, id=12256, stack(0x000000f2aec00000,0x000000f2aed00000)]
  0x0000027170ed8800 JavaThread "Cache worker for Java compile cache (C:\Users\chieudepzaj\.gradle\caches\7.3\javaCompile)" [_thread_blocked, id=2384, stack(0x000000f2af200000,0x000000f2af300000)]
  0x000002717cf97000 JavaThread "ForkJoinPool.commonPool-worker-7" daemon [_thread_blocked, id=9824, stack(0x000000f2af700000,0x000000f2af800000)]
  0x0000027174243800 JavaThread "ForkJoinPool.commonPool-worker-1" daemon [_thread_blocked, id=12456, stack(0x000000f2af600000,0x000000f2af700000)]
  0x000002717423d000 JavaThread "Daemon Thread 7" [_thread_blocked, id=11460, stack(0x000000f2a9100000,0x000000f2a9200000)]
  0x0000027174244800 JavaThread "Daemon worker Thread 7" [_thread_blocked, id=10432, stack(0x000000f2aaa00000,0x000000f2aab00000)]
  0x000002717cf98800 JavaThread "ForkJoinPool.commonPool-worker-5" daemon [_thread_blocked, id=6688, stack(0x000000f2af800000,0x000000f2af900000)]
  0x000002717cf96800 JavaThread "Handler for socket connection from /127.0.0.1:54376 to /127.0.0.1:52716" [_thread_in_native, id=12044, stack(0x000000f2a9200000,0x000000f2a9300000)]
  0x000002717cf9d000 JavaThread "Cancel handler" [_thread_blocked, id=5748, stack(0x000000f2a9300000,0x000000f2a9400000)]
  0x000002717cf9c000 JavaThread "Asynchronous log dispatcher for DefaultDaemonConnection: socket connection from /127.0.0.1:54376 to /127.0.0.1:52716" [_thread_blocked, id=1964, stack(0x000000f2aab00000,0x000000f2aac00000)]
  0x000002717cf98000 JavaThread "Stdin handler" [_thread_blocked, id=12544, stack(0x000000f2aac00000,0x000000f2aad00000)]
  0x000002717cf9a800 JavaThread "Daemon client event forwarder" [_thread_blocked, id=3064, stack(0x000000f2aad00000,0x000000f2aae00000)]
  0x000002717cf9b000 JavaThread "Cache worker for file hash cache (C:\Users\chieudepzaj\AndroidStudioProjects\Shopiki\.gradle\7.3\fileHashes)" [_thread_blocked, id=9456, stack(0x000000f2aae00000,0x000000f2aaf00000)]
  0x0000027177836800 JavaThread "Cache worker for checksums cache (C:\Users\chieudepzaj\AndroidStudioProjects\Shopiki\.gradle\7.3\checksums)" [_thread_blocked, id=1584, stack(0x000000f2aaf00000,0x000000f2ab000000)]
  0x0000027177835800 JavaThread "Cache worker for cache directory md-supplier (C:\Users\chieudepzaj\.gradle\caches\7.3\md-supplier)" [_thread_blocked, id=2968, stack(0x000000f2ab000000,0x000000f2ab100000)]
  0x0000027177839000 JavaThread "Cache worker for cache directory md-rule (C:\Users\chieudepzaj\.gradle\caches\7.3\md-rule)" [_thread_blocked, id=6860, stack(0x000000f2ab500000,0x000000f2ab600000)]
  0x0000027177837000 JavaThread "Cache worker for dependencies-accessors (C:\Users\chieudepzaj\AndroidStudioProjects\Shopiki\.gradle\7.3\dependencies-accessors)" [_thread_blocked, id=11148, stack(0x000000f2ab600000,0x000000f2ab700000)]
  0x000002717783d000 JavaThread "Cache worker for Build Output Cleanup Cache (C:\Users\chieudepzaj\AndroidStudioProjects\Shopiki\.gradle\buildOutputCleanup)" [_thread_blocked, id=11344, stack(0x000000f2ab900000,0x000000f2aba00000)]
=>0x0000027179697800 JavaThread "C2 CompilerThread1" daemon [_thread_in_native, id=12200, stack(0x000000f2aba00000,0x000000f2abb00000)]
  0x0000027177839800 JavaThread "Unconstrained build operations" [_thread_blocked, id=3692, stack(0x000000f2abb00000,0x000000f2abc00000)]
  0x000002717783a800 JavaThread "Unconstrained build operations Thread 2" [_thread_blocked, id=4672, stack(0x000000f2ac000000,0x000000f2ac100000)]
  0x000002717783d800 JavaThread "Unconstrained build operations Thread 3" [_thread_blocked, id=11496, stack(0x000000f2ac200000,0x000000f2ac300000)]
  0x000002717783e800 JavaThread "Unconstrained build operations Thread 4" [_thread_blocked, id=13332, stack(0x000000f2ac300000,0x000000f2ac400000)]
  0x000002717783f800 JavaThread "Unconstrained build operations Thread 5" [_thread_blocked, id=9468, stack(0x000000f2ac400000,0x000000f2ac500000)]
  0x0000027177840000 JavaThread "Unconstrained build operations Thread 6" [_thread_blocked, id=12388, stack(0x000000f2ac500000,0x000000f2ac600000)]
  0x0000027177841000 JavaThread "Unconstrained build operations Thread 7" [_thread_blocked, id=968, stack(0x000000f2ac600000,0x000000f2ac700000)]
  0x000002717783b800 JavaThread "Unconstrained build operations Thread 8" [_thread_blocked, id=3584, stack(0x000000f2ac700000,0x000000f2ac800000)]
  0x0000027177842000 JavaThread "Unconstrained build operations Thread 9" [_thread_blocked, id=14272, stack(0x000000f2ac800000,0x000000f2ac900000)]
  0x000002717783c000 JavaThread "Unconstrained build operations Thread 10" [_thread_blocked, id=4464, stack(0x000000f2ac900000,0x000000f2aca00000)]
  0x0000027177842800 JavaThread "Unconstrained build operations Thread 11" [_thread_blocked, id=1364, stack(0x000000f2aca00000,0x000000f2acb00000)]
  0x0000027177843800 JavaThread "Unconstrained build operations Thread 12" [_thread_blocked, id=14284, stack(0x000000f2acb00000,0x000000f2acc00000)]
  0x0000027177844800 JavaThread "Unconstrained build operations Thread 13" [_thread_blocked, id=8452, stack(0x000000f2acc00000,0x000000f2acd00000)]
  0x0000027170ed9800 JavaThread "Unconstrained build operations Thread 14" [_thread_blocked, id=1636, stack(0x000000f2acd00000,0x000000f2ace00000)]
  0x0000027170ed7800 JavaThread "Unconstrained build operations Thread 15" [_thread_blocked, id=7464, stack(0x000000f2ace00000,0x000000f2acf00000)]
  0x0000027170ed3800 JavaThread "Unconstrained build operations Thread 16" [_thread_blocked, id=10344, stack(0x000000f2acf00000,0x000000f2ad000000)]
  0x0000027170ed4800 JavaThread "Unconstrained build operations Thread 17" [_thread_blocked, id=11896, stack(0x000000f2ad000000,0x000000f2ad100000)]
  0x0000027170eda000 JavaThread "Unconstrained build operations Thread 18" [_thread_blocked, id=1676, stack(0x000000f2ad100000,0x000000f2ad200000)]
  0x0000027170edb000 JavaThread "Unconstrained build operations Thread 19" [_thread_blocked, id=9604, stack(0x000000f2ad200000,0x000000f2ad300000)]
  0x0000027170ed5000 JavaThread "Unconstrained build operations Thread 20" [_thread_blocked, id=7128, stack(0x000000f2ad300000,0x000000f2ad400000)]
  0x0000027170ed6000 JavaThread "Unconstrained build operations Thread 21" [_thread_blocked, id=7024, stack(0x000000f2ad400000,0x000000f2ad500000)]
  0x0000027170edb800 JavaThread "Unconstrained build operations Thread 22" [_thread_blocked, id=12480, stack(0x000000f2ad500000,0x000000f2ad600000)]
  0x0000027170edc800 JavaThread "Unconstrained build operations Thread 23" [_thread_blocked, id=13752, stack(0x000000f2ad600000,0x000000f2ad700000)]
  0x0000027170ed7000 JavaThread "Unconstrained build operations Thread 24" [_thread_blocked, id=12940, stack(0x000000f2ad700000,0x000000f2ad800000)]
  0x0000027170ee1800 JavaThread "Unconstrained build operations Thread 25" [_thread_blocked, id=4516, stack(0x000000f2ad800000,0x000000f2ad900000)]
  0x0000027170ee2000 JavaThread "Unconstrained build operations Thread 26" [_thread_blocked, id=12948, stack(0x000000f2ad900000,0x000000f2ada00000)]
  0x0000027170ede000 JavaThread "Unconstrained build operations Thread 27" [_thread_blocked, id=10340, stack(0x000000f2ada00000,0x000000f2adb00000)]
  0x0000027170edd800 JavaThread "Unconstrained build operations Thread 28" [_thread_blocked, id=6676, stack(0x000000f2adb00000,0x000000f2adc00000)]
  0x0000027170edf000 JavaThread "Unconstrained build operations Thread 29" [_thread_blocked, id=4872, stack(0x000000f2adc00000,0x000000f2add00000)]
  0x0000027170ee0000 JavaThread "Unconstrained build operations Thread 30" [_thread_blocked, id=11568, stack(0x000000f2add00000,0x000000f2ade00000)]
  0x000002717444c000 JavaThread "Unconstrained build operations Thread 31" [_thread_blocked, id=13256, stack(0x000000f2ade00000,0x000000f2adf00000)]
  0x0000027174449000 JavaThread "Unconstrained build operations Thread 32" [_thread_blocked, id=12192, stack(0x000000f2adf00000,0x000000f2ae000000)]
  0x000002717444d800 JavaThread "Unconstrained build operations Thread 33" [_thread_blocked, id=9600, stack(0x000000f2ae000000,0x000000f2ae100000)]
  0x000002717444b000 JavaThread "Unconstrained build operations Thread 34" [_thread_blocked, id=8128, stack(0x000000f2ae100000,0x000000f2ae200000)]
  0x0000027174449800 JavaThread "Unconstrained build operations Thread 35" [_thread_blocked, id=1488, stack(0x000000f2ae200000,0x000000f2ae300000)]
  0x000002717444d000 JavaThread "Unconstrained build operations Thread 36" [_thread_blocked, id=10000, stack(0x000000f2ae300000,0x000000f2ae400000)]
  0x0000027174448000 JavaThread "Unconstrained build operations Thread 37" [_thread_blocked, id=4436, stack(0x000000f2ae400000,0x000000f2ae500000)]
  0x000002717444e800 JavaThread "Unconstrained build operations Thread 38" [_thread_blocked, id=9812, stack(0x000000f2ae500000,0x000000f2ae600000)]
  0x000002717444f800 JavaThread "Unconstrained build operations Thread 39" [_thread_blocked, id=4548, stack(0x000000f2ae600000,0x000000f2ae700000)]
  0x000002717444a800 JavaThread "Unconstrained build operations Thread 40" [_thread_blocked, id=13248, stack(0x000000f2ae700000,0x000000f2ae800000)]
  0x0000027174453800 JavaThread "build event listener" [_thread_blocked, id=6564, stack(0x000000f2ae800000,0x000000f2ae900000)]
  0x0000027174456800 JavaThread "Execution worker for ':'" [_thread_blocked, id=10972, stack(0x000000f2ae900000,0x000000f2aea00000)]
  0x0000027174454000 JavaThread "Execution worker for ':' Thread 2" [_thread_blocked, id=836, stack(0x000000f2aea00000,0x000000f2aeb00000)]
  0x0000027174451000 JavaThread "Execution worker for ':' Thread 3" [_thread_blocked, id=12296, stack(0x000000f2aed00000,0x000000f2aee00000)]
  0x0000027174451800 JavaThread "Cache worker for execution history cache (C:\Users\chieudepzaj\AndroidStudioProjects\Shopiki\.gradle\7.3\executionHistory)" [_thread_blocked, id=13424, stack(0x000000f2aee00000,0x000000f2aef00000)]
  0x0000027174245800 JavaThread "WorkerExecutor Queue" [_thread_in_native, id=116, stack(0x000000f2aef00000,0x000000f2af000000)]
  0x0000027174247000 JavaThread "WorkerExecutor Queue Thread 2" [_thread_blocked, id=9608, stack(0x000000f2af000000,0x000000f2af100000)]
  0x0000027174246000 JavaThread "pool-45-thread-1" [_thread_blocked, id=2716, stack(0x000000f2af100000,0x000000f2af200000)]
  0x0000027174247800 JavaThread "stderr" [_thread_in_native, id=13744, stack(0x000000f2af300000,0x000000f2af400000)]
  0x0000027174242000 JavaThread "stdout" [_thread_in_native, id=9880, stack(0x000000f2af400000,0x000000f2af500000)]

Other Threads:
  0x000002716fce9000 VMThread "VM Thread" [stack: 0x000000f2a9a00000,0x000000f2a9b00000] [id=540]
  0x00000271707f4000 WatcherThread [stack: 0x000000f2aa400000,0x000000f2aa500000] [id=12348]
  0x00000271559f3800 GCTaskThread "GC Thread#0" [stack: 0x000000f2a9500000,0x000000f2a9600000] [id=13060]
  0x0000027170ce6800 GCTaskThread "GC Thread#1" [stack: 0x000000f2aa600000,0x000000f2aa700000] [id=3540]
  0x0000027170b18800 GCTaskThread "GC Thread#2" [stack: 0x000000f2aa700000,0x000000f2aa800000] [id=9076]
  0x00000271718f7000 GCTaskThread "GC Thread#3" [stack: 0x000000f2ab100000,0x000000f2ab200000] [id=4884]
  0x0000027155a23000 ConcurrentGCThread "G1 Main Marker" [stack: 0x000000f2a9600000,0x000000f2a9700000] [id=13632]
  0x0000027155a24800 ConcurrentGCThread "G1 Conc#0" [stack: 0x000000f2a9700000,0x000000f2a9800000] [id=12900]
  0x0000027155ab5800 ConcurrentGCThread "G1 Refine#0" [stack: 0x000000f2a9800000,0x000000f2a9900000] [id=4776]
  0x0000027155ab6800 ConcurrentGCThread "G1 Young RemSet Sampling" [stack: 0x000000f2a9900000,0x000000f2a9a00000] [id=8656]

Threads with active compile tasks:
C2 CompilerThread012004919 25924       4       java.io.File::listFiles (52 bytes)
C2 CompilerThread112004919 25898       4       org.gradle.api.internal.artifacts.ivyservice.resolveengine.result.DependencyResultSerializer::read (169 bytes)

VM state:not at safepoint (normal execution)

VM Mutex/Monitor currently owned by a thread: None

Heap address: 0x0000000080000000, size: 2048 MB, Compressed Oops mode: 32-bit
Narrow klass base: 0x0000000000000000, Narrow klass shift: 3
Compressed class space size: 1073741824 Address: 0x0000000100000000

Heap:
 garbage-first heap   total 204800K, used 107713K [0x0000000080000000, 0x0000000100000000)
  region size 1024K, 10 young (10240K), 2 survivors (2048K)
 Metaspace       used 122488K, capacity 126166K, committed 126380K, reserved 1159168K
  class space    used 15162K, capacity 16557K, committed 16640K, reserved 1048576K
Heap Regions: E=young(eden), S=young(survivor), O=old, HS=humongous(starts), HC=humongous(continues), CS=collection set, F=free, A=archive, TAMS=top-at-mark-start (previous, next)
|   0|0x0000000080000000, 0x0000000080100000, 0x0000000080100000|100%| O|  |TAMS 0x0000000080100000, 0x0000000080000000| Untracked 
|   1|0x0000000080100000, 0x0000000080200000, 0x0000000080200000|100%| O|  |TAMS 0x0000000080200000, 0x0000000080100000| Untracked 
|   2|0x0000000080200000, 0x0000000080300000, 0x0000000080300000|100%| O|  |TAMS 0x0000000080300000, 0x0000000080200000| Untracked 
|   3|0x0000000080300000, 0x0000000080400000, 0x0000000080400000|100%|HS|  |TAMS 0x0000000080400000, 0x0000000080300000| Complete 
|   4|0x0000000080400000, 0x0000000080500000, 0x0000000080500000|100%|HC|  |TAMS 0x0000000080500000, 0x0000000080400000| Complete 
|   5|0x0000000080500000, 0x0000000080600000, 0x0000000080600000|100%|HC|  |TAMS 0x0000000080600000, 0x0000000080500000| Complete 
|   6|0x0000000080600000, 0x0000000080700000, 0x0000000080700000|100%| O|  |TAMS 0x0000000080700000, 0x0000000080600000| Untracked 
|   7|0x0000000080700000, 0x0000000080800000, 0x0000000080800000|100%| O|  |TAMS 0x0000000080800000, 0x0000000080700000| Untracked 
|   8|0x0000000080800000, 0x0000000080900000, 0x0000000080900000|100%| O|  |TAMS 0x0000000080900000, 0x0000000080800000| Untracked 
|   9|0x0000000080900000, 0x0000000080a00000, 0x0000000080a00000|100%| O|  |TAMS 0x0000000080a00000, 0x0000000080900000| Untracked 
|  10|0x0000000080a00000, 0x0000000080b00000, 0x0000000080b00000|100%| O|  |TAMS 0x0000000080b00000, 0x0000000080a00000| Complete 
|  11|0x0000000080b00000, 0x0000000080c00000, 0x0000000080c00000|100%| O|  |TAMS 0x0000000080c00000, 0x0000000080b00000| Complete 
|  12|0x0000000080c00000, 0x0000000080d00000, 0x0000000080d00000|100%| O|  |TAMS 0x0000000080d00000, 0x0000000080c00000| Untracked 
|  13|0x0000000080d00000, 0x0000000080e00000, 0x0000000080e00000|100%| O|  |TAMS 0x0000000080e00000, 0x0000000080d00000| Untracked 
|  14|0x0000000080e00000, 0x0000000080f00000, 0x0000000080f00000|100%| O|  |TAMS 0x0000000080f00000, 0x0000000080e00000| Untracked 
|  15|0x0000000080f00000, 0x0000000081000000, 0x0000000081000000|100%| O|  |TAMS 0x0000000081000000, 0x0000000080f00000| Untracked 
|  16|0x0000000081000000, 0x0000000081100000, 0x0000000081100000|100%| O|  |TAMS 0x0000000081100000, 0x0000000081000000| Complete 
|  17|0x0000000081100000, 0x0000000081200000, 0x0000000081200000|100%|HS|  |TAMS 0x0000000081200000, 0x0000000081100000| Complete 
|  18|0x0000000081200000, 0x0000000081300000, 0x0000000081300000|100%| O|  |TAMS 0x0000000081300000, 0x0000000081200000| Complete 
|  19|0x0000000081300000, 0x0000000081400000, 0x0000000081400000|100%| O|  |TAMS 0x0000000081400000, 0x0000000081300000| Complete 
|  20|0x0000000081400000, 0x0000000081500000, 0x0000000081500000|100%| O|  |TAMS 0x0000000081500000, 0x0000000081400000| Complete 
|  21|0x0000000081500000, 0x0000000081600000, 0x0000000081600000|100%| O|  |TAMS 0x0000000081600000, 0x0000000081500000| Complete 
|  22|0x0000000081600000, 0x0000000081700000, 0x0000000081700000|100%| O|  |TAMS 0x0000000081700000, 0x0000000081600000| Complete 
|  23|0x0000000081700000, 0x0000000081800000, 0x0000000081800000|100%| O|  |TAMS 0x0000000081800000, 0x0000000081700000| Complete 
|  24|0x0000000081800000, 0x0000000081900000, 0x0000000081900000|100%| O|  |TAMS 0x0000000081900000, 0x0000000081800000| Untracked 
|  25|0x0000000081900000, 0x0000000081a00000, 0x0000000081a00000|100%| O|  |TAMS 0x0000000081a00000, 0x0000000081900000| Complete 
|  26|0x0000000081a00000, 0x0000000081a00000, 0x0000000081b00000|  0%| F|  |TAMS 0x0000000081a00000, 0x0000000081a00000| Untracked 
|  27|0x0000000081b00000, 0x0000000081c00000, 0x0000000081c00000|100%| O|  |TAMS 0x0000000081c00000, 0x0000000081b00000| Complete 
|  28|0x0000000081c00000, 0x0000000081d00000, 0x0000000081d00000|100%|HS|  |TAMS 0x0000000081d00000, 0x0000000081c00000| Complete 
|  29|0x0000000081d00000, 0x0000000081e00000, 0x0000000081e00000|100%|HS|  |TAMS 0x0000000081e00000, 0x0000000081d00000| Complete 
|  30|0x0000000081e00000, 0x0000000081f00000, 0x0000000081f00000|100%|HC|  |TAMS 0x0000000081f00000, 0x0000000081e00000| Complete 
|  31|0x0000000081f00000, 0x0000000082000000, 0x0000000082000000|100%| O|  |TAMS 0x0000000082000000, 0x0000000081f00000| Complete 
|  32|0x0000000082000000, 0x0000000082100000, 0x0000000082100000|100%| O|  |TAMS 0x0000000082100000, 0x0000000082000000| Complete 
|  33|0x0000000082100000, 0x0000000082200000, 0x0000000082200000|100%| O|  |TAMS 0x0000000082200000, 0x0000000082100000| Complete 
|  34|0x0000000082200000, 0x0000000082300000, 0x0000000082300000|100%| O|  |TAMS 0x0000000082300000, 0x0000000082200000| Untracked 
|  35|0x0000000082300000, 0x0000000082400000, 0x0000000082400000|100%| O|  |TAMS 0x0000000082400000, 0x0000000082300000| Untracked 
|  36|0x0000000082400000, 0x0000000082500000, 0x0000000082500000|100%| O|  |TAMS 0x0000000082500000, 0x0000000082400000| Untracked 
|  37|0x0000000082500000, 0x0000000082600000, 0x0000000082600000|100%| O|  |TAMS 0x0000000082600000, 0x0000000082500000| Complete 
|  38|0x0000000082600000, 0x0000000082700000, 0x0000000082700000|100%| O|  |TAMS 0x0000000082700000, 0x0000000082600000| Complete 
|  39|0x0000000082700000, 0x0000000082800000, 0x0000000082800000|100%| O|  |TAMS 0x0000000082800000, 0x0000000082700000| Complete 
|  40|0x0000000082800000, 0x0000000082900000, 0x0000000082900000|100%| O|  |TAMS 0x0000000082900000, 0x0000000082800000| Untracked 
|  41|0x0000000082900000, 0x0000000082a00000, 0x0000000082a00000|100%| O|  |TAMS 0x0000000082a00000, 0x0000000082900000| Complete 
|  42|0x0000000082a00000, 0x0000000082b00000, 0x0000000082b00000|100%| O|  |TAMS 0x0000000082b00000, 0x0000000082a00000| Complete 
|  43|0x0000000082b00000, 0x0000000082c00000, 0x0000000082c00000|100%| O|  |TAMS 0x0000000082c00000, 0x0000000082b00000| Complete 
|  44|0x0000000082c00000, 0x0000000082d00000, 0x0000000082d00000|100%| O|  |TAMS 0x0000000082d00000, 0x0000000082c00000| Complete 
|  45|0x0000000082d00000, 0x0000000082e00000, 0x0000000082e00000|100%| O|  |TAMS 0x0000000082e00000, 0x0000000082d00000| Untracked 
|  46|0x0000000082e00000, 0x0000000082f00000, 0x0000000082f00000|100%| O|  |TAMS 0x0000000082f00000, 0x0000000082e00000| Complete 
|  47|0x0000000082f00000, 0x0000000083000000, 0x0000000083000000|100%| O|  |TAMS 0x0000000083000000, 0x0000000082f00000| Untracked 
|  48|0x0000000083000000, 0x0000000083100000, 0x0000000083100000|100%| O|  |TAMS 0x0000000083100000, 0x0000000083000000| Complete 
|  49|0x0000000083100000, 0x0000000083200000, 0x0000000083200000|100%| O|  |TAMS 0x0000000083200000, 0x0000000083100000| Complete 
|  50|0x0000000083200000, 0x0000000083300000, 0x0000000083300000|100%| O|  |TAMS 0x0000000083300000, 0x0000000083200000| Complete 
|  51|0x0000000083300000, 0x0000000083400000, 0x0000000083400000|100%| O|  |TAMS 0x0000000083400000, 0x0000000083300000| Complete 
|  52|0x0000000083400000, 0x000000008346c400, 0x0000000083500000| 42%| O|  |TAMS 0x000000008346c400, 0x0000000083400000| Untracked 
|  53|0x0000000083500000, 0x0000000083600000, 0x0000000083600000|100%| O|  |TAMS 0x0000000083600000, 0x0000000083500000| Complete 
|  54|0x0000000083600000, 0x0000000083600000, 0x0000000083700000|  0%| F|  |TAMS 0x0000000083600000, 0x0000000083600000| Untracked 
|  55|0x0000000083700000, 0x0000000083700000, 0x0000000083800000|  0%| F|  |TAMS 0x0000000083700000, 0x0000000083700000| Untracked 
|  56|0x0000000083800000, 0x0000000083900000, 0x0000000083900000|100%| O|  |TAMS 0x0000000083900000, 0x0000000083800000| Complete 
|  57|0x0000000083900000, 0x0000000083900000, 0x0000000083a00000|  0%| F|  |TAMS 0x0000000083900000, 0x0000000083900000| Untracked 
|  58|0x0000000083a00000, 0x0000000083a00000, 0x0000000083b00000|  0%| F|  |TAMS 0x0000000083a00000, 0x0000000083a00000| Untracked 
|  59|0x0000000083b00000, 0x0000000083b00000, 0x0000000083c00000|  0%| F|  |TAMS 0x0000000083b00000, 0x0000000083b00000| Untracked 
|  60|0x0000000083c00000, 0x0000000083d00000, 0x0000000083d00000|100%| O|  |TAMS 0x0000000083d00000, 0x0000000083c00000| Complete 
|  61|0x0000000083d00000, 0x0000000083e00000, 0x0000000083e00000|100%| O|  |TAMS 0x0000000083e00000, 0x0000000083d00000| Untracked 
|  62|0x0000000083e00000, 0x0000000083e00000, 0x0000000083f00000|  0%| F|  |TAMS 0x0000000083e00000, 0x0000000083e00000| Untracked 
|  63|0x0000000083f00000, 0x0000000083f00000, 0x0000000084000000|  0%| F|  |TAMS 0x0000000083f00000, 0x0000000083f00000| Untracked 
|  64|0x0000000084000000, 0x0000000084100000, 0x0000000084100000|100%| O|  |TAMS 0x0000000084100000, 0x0000000084000000| Untracked 
|  65|0x0000000084100000, 0x0000000084200000, 0x0000000084200000|100%| O|  |TAMS 0x0000000084200000, 0x0000000084100000| Untracked 
|  66|0x0000000084200000, 0x0000000084300000, 0x0000000084300000|100%| O|  |TAMS 0x0000000084300000, 0x0000000084200000| Untracked 
|  67|0x0000000084300000, 0x0000000084400000, 0x0000000084400000|100%| O|  |TAMS 0x0000000084400000, 0x0000000084300000| Untracked 
|  68|0x0000000084400000, 0x0000000084500000, 0x0000000084500000|100%| O|  |TAMS 0x0000000084500000, 0x0000000084400000| Untracked 
|  69|0x0000000084500000, 0x0000000084500000, 0x0000000084600000|  0%| F|  |TAMS 0x0000000084500000, 0x0000000084500000| Untracked 
|  70|0x0000000084600000, 0x0000000084700000, 0x0000000084700000|100%| O|  |TAMS 0x0000000084700000, 0x0000000084600000| Complete 
|  71|0x0000000084700000, 0x0000000084800000, 0x0000000084800000|100%| O|  |TAMS 0x0000000084800000, 0x0000000084700000| Complete 
|  72|0x0000000084800000, 0x0000000084900000, 0x0000000084900000|100%| O|  |TAMS 0x0000000084900000, 0x0000000084800000| Complete 
|  73|0x0000000084900000, 0x0000000084a00000, 0x0000000084a00000|100%| O|  |TAMS 0x0000000084a00000, 0x0000000084900000| Complete 
|  74|0x0000000084a00000, 0x0000000084b00000, 0x0000000084b00000|100%| O|  |TAMS 0x0000000084b00000, 0x0000000084a00000| Complete 
|  75|0x0000000084b00000, 0x0000000084c00000, 0x0000000084c00000|100%| O|  |TAMS 0x0000000084c00000, 0x0000000084b00000| Untracked 
|  76|0x0000000084c00000, 0x0000000084d00000, 0x0000000084d00000|100%| O|  |TAMS 0x0000000084d00000, 0x0000000084c00000| Untracked 
|  77|0x0000000084d00000, 0x0000000084e00000, 0x0000000084e00000|100%| O|  |TAMS 0x0000000084e00000, 0x0000000084d00000| Untracked 
|  78|0x0000000084e00000, 0x0000000084f00000, 0x0000000084f00000|100%| O|  |TAMS 0x0000000084f00000, 0x0000000084e00000| Untracked 
|  79|0x0000000084f00000, 0x0000000085000000, 0x0000000085000000|100%| O|  |TAMS 0x0000000085000000, 0x0000000084f00000| Untracked 
|  80|0x0000000085000000, 0x0000000085000000, 0x0000000085100000|  0%| F|  |TAMS 0x0000000085000000, 0x0000000085000000| Untracked 
|  81|0x0000000085100000, 0x0000000085100000, 0x0000000085200000|  0%| F|  |TAMS 0x0000000085100000, 0x0000000085100000| Untracked 
|  82|0x0000000085200000, 0x0000000085200000, 0x0000000085300000|  0%| F|  |TAMS 0x0000000085200000, 0x0000000085200000| Untracked 
|  83|0x0000000085300000, 0x0000000085400000, 0x0000000085400000|100%| O|  |TAMS 0x0000000085400000, 0x0000000085300000| Untracked 
|  84|0x0000000085400000, 0x0000000085500000, 0x0000000085500000|100%| O|  |TAMS 0x0000000085500000, 0x0000000085400000| Complete 
|  85|0x0000000085500000, 0x0000000085600000, 0x0000000085600000|100%| O|  |TAMS 0x0000000085600000, 0x0000000085500000| Complete 
|  86|0x0000000085600000, 0x0000000085700000, 0x0000000085700000|100%| O|  |TAMS 0x0000000085700000, 0x0000000085600000| Complete 
|  87|0x0000000085700000, 0x0000000085800000, 0x0000000085800000|100%| O|  |TAMS 0x0000000085800000, 0x0000000085700000| Complete 
|  88|0x0000000085800000, 0x0000000085900000, 0x0000000085900000|100%| O|  |TAMS 0x0000000085900000, 0x0000000085800000| Complete 
|  89|0x0000000085900000, 0x0000000085900000, 0x0000000085a00000|  0%| F|  |TAMS 0x0000000085900000, 0x0000000085900000| Untracked 
|  90|0x0000000085a00000, 0x0000000085a00000, 0x0000000085b00000|  0%| F|  |TAMS 0x0000000085a00000, 0x0000000085a00000| Untracked 
|  91|0x0000000085b00000, 0x0000000085b00000, 0x0000000085c00000|  0%| F|  |TAMS 0x0000000085b00000, 0x0000000085b00000| Untracked 
|  92|0x0000000085c00000, 0x0000000085c00000, 0x0000000085d00000|  0%| F|  |TAMS 0x0000000085c00000, 0x0000000085c00000| Untracked 
|  93|0x0000000085d00000, 0x0000000085d00000, 0x0000000085e00000|  0%| F|  |TAMS 0x0000000085d00000, 0x0000000085d00000| Untracked 
|  94|0x0000000085e00000, 0x0000000085f00000, 0x0000000085f00000|100%| O|  |TAMS 0x0000000085f00000, 0x0000000085e00000| Untracked 
|  95|0x0000000085f00000, 0x0000000086000000, 0x0000000086000000|100%| O|  |TAMS 0x0000000086000000, 0x0000000085f00000| Untracked 
|  96|0x0000000086000000, 0x0000000086000000, 0x0000000086100000|  0%| F|  |TAMS 0x0000000086000000, 0x0000000086000000| Untracked 
|  97|0x0000000086100000, 0x0000000086200000, 0x0000000086200000|100%| O|  |TAMS 0x0000000086200000, 0x0000000086100000| Complete 
|  98|0x0000000086200000, 0x0000000086300000, 0x0000000086300000|100%| O|  |TAMS 0x0000000086300000, 0x0000000086200000| Complete 
|  99|0x0000000086300000, 0x0000000086300000, 0x0000000086400000|  0%| F|  |TAMS 0x0000000086300000, 0x0000000086300000| Untracked 
| 100|0x0000000086400000, 0x0000000086400000, 0x0000000086500000|  0%| F|  |TAMS 0x0000000086400000, 0x0000000086400000| Untracked 
| 101|0x0000000086500000, 0x0000000086500000, 0x0000000086600000|  0%| F|  |TAMS 0x0000000086500000, 0x0000000086500000| Untracked 
| 102|0x0000000086600000, 0x0000000086600000, 0x0000000086700000|  0%| F|  |TAMS 0x0000000086600000, 0x0000000086600000| Untracked 
| 103|0x0000000086700000, 0x0000000086700000, 0x0000000086800000|  0%| F|  |TAMS 0x0000000086700000, 0x0000000086700000| Untracked 
| 104|0x0000000086800000, 0x0000000086800000, 0x0000000086900000|  0%| F|  |TAMS 0x0000000086800000, 0x0000000086800000| Untracked 
| 105|0x0000000086900000, 0x0000000086a00000, 0x0000000086a00000|100%| O|  |TAMS 0x0000000086a00000, 0x0000000086900000| Untracked 
| 106|0x0000000086a00000, 0x0000000086b00000, 0x0000000086b00000|100%| O|  |TAMS 0x0000000086b00000, 0x0000000086a00000| Untracked 
| 107|0x0000000086b00000, 0x0000000086c00000, 0x0000000086c00000|100%| O|  |TAMS 0x0000000086c00000, 0x0000000086b00000| Untracked 
| 108|0x0000000086c00000, 0x0000000086d00000, 0x0000000086d00000|100%| O|  |TAMS 0x0000000086d00000, 0x0000000086c00000| Complete 
| 109|0x0000000086d00000, 0x0000000086e00000, 0x0000000086e00000|100%| O|  |TAMS 0x0000000086e00000, 0x0000000086d00000| Complete 
| 110|0x0000000086e00000, 0x0000000086e00000, 0x0000000086f00000|  0%| F|  |TAMS 0x0000000086e00000, 0x0000000086e00000| Untracked 
| 111|0x0000000086f00000, 0x0000000087000000, 0x0000000087000000|100%| O|  |TAMS 0x0000000087000000, 0x0000000086f00000| Complete 
| 112|0x0000000087000000, 0x0000000087100000, 0x0000000087100000|100%| O|  |TAMS 0x0000000087100000, 0x0000000087000000| Complete 
| 113|0x0000000087100000, 0x0000000087200000, 0x0000000087200000|100%| O|  |TAMS 0x0000000087200000, 0x0000000087100000| Complete 
| 114|0x0000000087200000, 0x0000000087200000, 0x0000000087300000|  0%| F|  |TAMS 0x0000000087200000, 0x0000000087200000| Untracked 
| 115|0x0000000087300000, 0x0000000087300000, 0x0000000087400000|  0%| F|  |TAMS 0x0000000087300000, 0x0000000087300000| Untracked 
| 116|0x0000000087400000, 0x0000000087500000, 0x0000000087500000|100%| O|  |TAMS 0x0000000087500000, 0x0000000087400000| Complete 
| 117|0x0000000087500000, 0x0000000087500000, 0x0000000087600000|  0%| F|  |TAMS 0x0000000087500000, 0x0000000087500000| Untracked 
| 118|0x0000000087600000, 0x0000000087700000, 0x0000000087700000|100%| O|  |TAMS 0x0000000087700000, 0x0000000087600000| Untracked 
| 119|0x0000000087700000, 0x0000000087700000, 0x0000000087800000|  0%| F|  |TAMS 0x0000000087700000, 0x0000000087700000| Untracked 
| 120|0x0000000087800000, 0x0000000087800000, 0x0000000087900000|  0%| F|  |TAMS 0x0000000087800000, 0x0000000087800000| Untracked 
| 121|0x0000000087900000, 0x0000000087900000, 0x0000000087a00000|  0%| F|  |TAMS 0x0000000087900000, 0x0000000087900000| Untracked 
| 122|0x0000000087a00000, 0x0000000087a00000, 0x0000000087b00000|  0%| F|  |TAMS 0x0000000087a00000, 0x0000000087a00000| Untracked 
| 123|0x0000000087b00000, 0x0000000087b00000, 0x0000000087c00000|  0%| F|  |TAMS 0x0000000087b00000, 0x0000000087b00000| Untracked 
| 124|0x0000000087c00000, 0x0000000087c00000, 0x0000000087d00000|  0%| F|  |TAMS 0x0000000087c00000, 0x0000000087c00000| Untracked 
| 125|0x0000000087d00000, 0x0000000087d00000, 0x0000000087e00000|  0%| F|  |TAMS 0x0000000087d00000, 0x0000000087d00000| Untracked 
| 126|0x0000000087e00000, 0x0000000087e00000, 0x0000000087f00000|  0%| F|  |TAMS 0x0000000087e00000, 0x0000000087e00000| Untracked 
| 127|0x0000000087f00000, 0x0000000088000000, 0x0000000088000000|100%| O|  |TAMS 0x0000000088000000, 0x0000000087f00000| Complete 
| 128|0x0000000088000000, 0x0000000088100000, 0x0000000088100000|100%| O|  |TAMS 0x0000000088100000, 0x0000000088000000| Untracked 
| 129|0x0000000088100000, 0x0000000088200000, 0x0000000088200000|100%| O|  |TAMS 0x0000000088200000, 0x0000000088100000| Untracked 
| 130|0x0000000088200000, 0x0000000088300000, 0x0000000088300000|100%| O|  |TAMS 0x0000000088300000, 0x0000000088200000| Untracked 
| 131|0x0000000088300000, 0x0000000088400000, 0x0000000088400000|100%| O|  |TAMS 0x0000000088400000, 0x0000000088300000| Untracked 
| 132|0x0000000088400000, 0x0000000088400000, 0x0000000088500000|  0%| F|  |TAMS 0x0000000088400000, 0x0000000088400000| Untracked 
| 133|0x0000000088500000, 0x0000000088500000, 0x0000000088600000|  0%| F|  |TAMS 0x0000000088500000, 0x0000000088500000| Untracked 
| 134|0x0000000088600000, 0x0000000088600000, 0x0000000088700000|  0%| F|  |TAMS 0x0000000088600000, 0x0000000088600000| Untracked 
| 135|0x0000000088700000, 0x0000000088700000, 0x0000000088800000|  0%| F|  |TAMS 0x0000000088700000, 0x0000000088700000| Untracked 
| 136|0x0000000088800000, 0x0000000088800000, 0x0000000088900000|  0%| F|  |TAMS 0x0000000088800000, 0x0000000088800000| Untracked 
| 137|0x0000000088900000, 0x0000000088900000, 0x0000000088a00000|  0%| F|  |TAMS 0x0000000088900000, 0x0000000088900000| Untracked 
| 138|0x0000000088a00000, 0x0000000088a00000, 0x0000000088b00000|  0%| F|  |TAMS 0x0000000088a00000, 0x0000000088a00000| Untracked 
| 139|0x0000000088b00000, 0x0000000088b00000, 0x0000000088c00000|  0%| F|  |TAMS 0x0000000088b00000, 0x0000000088b00000| Untracked 
| 140|0x0000000088c00000, 0x0000000088c00000, 0x0000000088d00000|  0%| F|  |TAMS 0x0000000088c00000, 0x0000000088c00000| Untracked 
| 141|0x0000000088d00000, 0x0000000088d00000, 0x0000000088e00000|  0%| F|  |TAMS 0x0000000088d00000, 0x0000000088d00000| Untracked 
| 142|0x0000000088e00000, 0x0000000088e00000, 0x0000000088f00000|  0%| F|  |TAMS 0x0000000088e00000, 0x0000000088e00000| Untracked 
| 143|0x0000000088f00000, 0x0000000088f00000, 0x0000000089000000|  0%| F|  |TAMS 0x0000000088f00000, 0x0000000088f00000| Untracked 
| 144|0x0000000089000000, 0x0000000089000000, 0x0000000089100000|  0%| F|  |TAMS 0x0000000089000000, 0x0000000089000000| Untracked 
| 145|0x0000000089100000, 0x0000000089100000, 0x0000000089200000|  0%| F|  |TAMS 0x0000000089100000, 0x0000000089100000| Untracked 
| 146|0x0000000089200000, 0x0000000089200000, 0x0000000089300000|  0%| F|  |TAMS 0x0000000089200000, 0x0000000089200000| Untracked 
| 147|0x0000000089300000, 0x0000000089300000, 0x0000000089400000|  0%| F|  |TAMS 0x0000000089300000, 0x0000000089300000| Untracked 
| 148|0x0000000089400000, 0x0000000089400000, 0x0000000089500000|  0%| F|  |TAMS 0x0000000089400000, 0x0000000089400000| Untracked 
| 149|0x0000000089500000, 0x0000000089500000, 0x0000000089600000|  0%| F|  |TAMS 0x0000000089500000, 0x0000000089500000| Untracked 
| 150|0x0000000089600000, 0x00000000896c43d0, 0x0000000089700000| 76%| S|CS|TAMS 0x0000000089600000, 0x0000000089600000| Complete 
| 151|0x0000000089700000, 0x0000000089800000, 0x0000000089800000|100%| S|CS|TAMS 0x0000000089700000, 0x0000000089700000| Complete 
| 152|0x0000000089800000, 0x0000000089800000, 0x0000000089900000|  0%| F|  |TAMS 0x0000000089800000, 0x0000000089800000| Untracked 
| 153|0x0000000089900000, 0x0000000089900000, 0x0000000089a00000|  0%| F|  |TAMS 0x0000000089900000, 0x0000000089900000| Untracked 
| 154|0x0000000089a00000, 0x0000000089a00000, 0x0000000089b00000|  0%| F|  |TAMS 0x0000000089a00000, 0x0000000089a00000| Untracked 
| 155|0x0000000089b00000, 0x0000000089b00000, 0x0000000089c00000|  0%| F|  |TAMS 0x0000000089b00000, 0x0000000089b00000| Untracked 
| 156|0x0000000089c00000, 0x0000000089c00000, 0x0000000089d00000|  0%| F|  |TAMS 0x0000000089c00000, 0x0000000089c00000| Untracked 
| 157|0x0000000089d00000, 0x0000000089d00000, 0x0000000089e00000|  0%| F|  |TAMS 0x0000000089d00000, 0x0000000089d00000| Untracked 
| 158|0x0000000089e00000, 0x0000000089e00000, 0x0000000089f00000|  0%| F|  |TAMS 0x0000000089e00000, 0x0000000089e00000| Untracked 
| 159|0x0000000089f00000, 0x0000000089f00000, 0x000000008a000000|  0%| F|  |TAMS 0x0000000089f00000, 0x0000000089f00000| Untracked 
| 160|0x000000008a000000, 0x000000008a000000, 0x000000008a100000|  0%| F|  |TAMS 0x000000008a000000, 0x000000008a000000| Untracked 
| 161|0x000000008a100000, 0x000000008a100000, 0x000000008a200000|  0%| F|  |TAMS 0x000000008a100000, 0x000000008a100000| Untracked 
| 162|0x000000008a200000, 0x000000008a200000, 0x000000008a300000|  0%| F|  |TAMS 0x000000008a200000, 0x000000008a200000| Untracked 
| 163|0x000000008a300000, 0x000000008a300000, 0x000000008a400000|  0%| F|  |TAMS 0x000000008a300000, 0x000000008a300000| Untracked 
| 164|0x000000008a400000, 0x000000008a400000, 0x000000008a500000|  0%| F|  |TAMS 0x000000008a400000, 0x000000008a400000| Untracked 
| 165|0x000000008a500000, 0x000000008a500000, 0x000000008a600000|  0%| F|  |TAMS 0x000000008a500000, 0x000000008a500000| Untracked 
| 166|0x000000008a600000, 0x000000008a600000, 0x000000008a700000|  0%| F|  |TAMS 0x000000008a600000, 0x000000008a600000| Untracked 
| 167|0x000000008a700000, 0x000000008a700000, 0x000000008a800000|  0%| F|  |TAMS 0x000000008a700000, 0x000000008a700000| Untracked 
| 168|0x000000008a800000, 0x000000008a800000, 0x000000008a900000|  0%| F|  |TAMS 0x000000008a800000, 0x000000008a800000| Untracked 
| 169|0x000000008a900000, 0x000000008a900000, 0x000000008aa00000|  0%| F|  |TAMS 0x000000008a900000, 0x000000008a900000| Untracked 
| 170|0x000000008aa00000, 0x000000008aa00000, 0x000000008ab00000|  0%| F|  |TAMS 0x000000008aa00000, 0x000000008aa00000| Untracked 
| 171|0x000000008ab00000, 0x000000008ab00000, 0x000000008ac00000|  0%| F|  |TAMS 0x000000008ab00000, 0x000000008ab00000| Untracked 
| 172|0x000000008ac00000, 0x000000008ac00000, 0x000000008ad00000|  0%| F|  |TAMS 0x000000008ac00000, 0x000000008ac00000| Untracked 
| 173|0x000000008ad00000, 0x000000008ad00000, 0x000000008ae00000|  0%| F|  |TAMS 0x000000008ad00000, 0x000000008ad00000| Untracked 
| 174|0x000000008ae00000, 0x000000008ae00000, 0x000000008af00000|  0%| F|  |TAMS 0x000000008ae00000, 0x000000008ae00000| Untracked 
| 175|0x000000008af00000, 0x000000008af00000, 0x000000008b000000|  0%| F|  |TAMS 0x000000008af00000, 0x000000008af00000| Untracked 
| 176|0x000000008b000000, 0x000000008b000000, 0x000000008b100000|  0%| F|  |TAMS 0x000000008b000000, 0x000000008b000000| Untracked 
| 177|0x000000008b100000, 0x000000008b100000, 0x000000008b200000|  0%| F|  |TAMS 0x000000008b100000, 0x000000008b100000| Untracked 
| 178|0x000000008b200000, 0x000000008b200000, 0x000000008b300000|  0%| F|  |TAMS 0x000000008b200000, 0x000000008b200000| Untracked 
| 179|0x000000008b300000, 0x000000008b300000, 0x000000008b400000|  0%| F|  |TAMS 0x000000008b300000, 0x000000008b300000| Untracked 
| 180|0x000000008b400000, 0x000000008b400000, 0x000000008b500000|  0%| F|  |TAMS 0x000000008b400000, 0x000000008b400000| Untracked 
| 181|0x000000008b500000, 0x000000008b500000, 0x000000008b600000|  0%| F|  |TAMS 0x000000008b500000, 0x000000008b500000| Untracked 
| 182|0x000000008b600000, 0x000000008b600000, 0x000000008b700000|  0%| F|  |TAMS 0x000000008b600000, 0x000000008b600000| Untracked 
| 183|0x000000008b700000, 0x000000008b700000, 0x000000008b800000|  0%| F|  |TAMS 0x000000008b700000, 0x000000008b700000| Untracked 
| 184|0x000000008b800000, 0x000000008b800000, 0x000000008b900000|  0%| F|  |TAMS 0x000000008b800000, 0x000000008b800000| Untracked 
| 185|0x000000008b900000, 0x000000008b900000, 0x000000008ba00000|  0%| F|  |TAMS 0x000000008b900000, 0x000000008b900000| Untracked 
| 186|0x000000008ba00000, 0x000000008ba00000, 0x000000008bb00000|  0%| F|  |TAMS 0x000000008ba00000, 0x000000008ba00000| Untracked 
| 187|0x000000008bb00000, 0x000000008bb00000, 0x000000008bc00000|  0%| F|  |TAMS 0x000000008bb00000, 0x000000008bb00000| Untracked 
| 188|0x000000008bc00000, 0x000000008bc00000, 0x000000008bd00000|  0%| F|  |TAMS 0x000000008bc00000, 0x000000008bc00000| Untracked 
| 189|0x000000008bd00000, 0x000000008bd5b950, 0x000000008be00000| 35%| S|CS|TAMS 0x000000008bd00000, 0x000000008bd00000| Complete 
| 190|0x000000008be00000, 0x000000008bf00000, 0x000000008bf00000|100%| S|CS|TAMS 0x000000008be00000, 0x000000008be00000| Complete 
| 191|0x000000008bf00000, 0x000000008bf00000, 0x000000008c000000|  0%| F|  |TAMS 0x000000008bf00000, 0x000000008bf00000| Untracked 
| 192|0x000000008c000000, 0x000000008c000000, 0x000000008c100000|  0%| F|  |TAMS 0x000000008c000000, 0x000000008c000000| Untracked 
| 193|0x000000008c100000, 0x000000008c100000, 0x000000008c200000|  0%| F|  |TAMS 0x000000008c100000, 0x000000008c100000| Untracked 
| 194|0x000000008c200000, 0x000000008c200000, 0x000000008c300000|  0%| F|  |TAMS 0x000000008c200000, 0x000000008c200000| Untracked 
| 195|0x000000008c300000, 0x000000008c300000, 0x000000008c400000|  0%| F|  |TAMS 0x000000008c300000, 0x000000008c300000| Untracked 
| 196|0x000000008c400000, 0x000000008c400000, 0x000000008c500000|  0%| F|  |TAMS 0x000000008c400000, 0x000000008c400000| Untracked 
| 197|0x000000008c500000, 0x000000008c500000, 0x000000008c600000|  0%| F|  |TAMS 0x000000008c500000, 0x000000008c500000| Untracked 
| 198|0x000000008c600000, 0x000000008c600000, 0x000000008c700000|  0%| F|  |TAMS 0x000000008c600000, 0x000000008c600000| Untracked 
| 199|0x000000008c700000, 0x000000008c70f1c8, 0x000000008c800000|  5%| E|  |TAMS 0x000000008c700000, 0x000000008c700000| Complete 

Card table byte_map: [0x0000027168ef0000,0x00000271692f0000] _byte_map_base: 0x0000027168af0000

Marking Bits (Prev, Next): (CMBitMap*) 0x0000027155a1a488, (CMBitMap*) 0x0000027155a1a4c0
 Prev Bits: [0x00000271696f0000, 0x000002716b6f0000)
 Next Bits: [0x000002716b6f0000, 0x000002716d6f0000)

Polling page: 0x0000027154170000

Metaspace:

Usage:
  Non-class:    107.04 MB capacity,   104.81 MB ( 98%) used,     1.79 MB (  2%) free+waste,   447.88 KB ( <1%) overhead. 
      Class:     16.17 MB capacity,    14.81 MB ( 92%) used,     1.17 MB (  7%) free+waste,   192.88 KB (  1%) overhead. 
       Both:    123.21 MB capacity,   119.62 MB ( 97%) used,     2.97 MB (  2%) free+waste,   640.75 KB ( <1%) overhead. 

Virtual space:
  Non-class space:      108.00 MB reserved,     107.17 MB (>99%) committed 
      Class space:        1.00 GB reserved,      16.25 MB (  2%) committed 
             Both:        1.11 GB reserved,     123.42 MB ( 11%) committed 

Chunk freelists:
   Non-Class:  3.00 KB
       Class:  0 bytes
        Both:  3.00 KB

MaxMetaspaceSize: 17179869184.00 GB
CompressedClassSpaceSize: 1.00 GB

CodeHeap 'non-profiled nmethods': size=120064Kb used=18035Kb max_used=18035Kb free=102029Kb
 bounds [0x0000027160f90000, 0x0000027162130000, 0x00000271684d0000]
CodeHeap 'profiled nmethods': size=120000Kb used=50854Kb max_used=50917Kb free=69145Kb
 bounds [0x0000027159a60000, 0x000002715cc60000, 0x0000027160f90000]
CodeHeap 'non-nmethods': size=5696Kb used=2375Kb max_used=2423Kb free=3320Kb
 bounds [0x00000271594d0000, 0x0000027159740000, 0x0000027159a60000]
 total_blobs=23866 nmethods=22889 adapters=884
 compilation: enabled
              stopped_count=0, restarted_count=0
 full_count=0

Compilation events (20 events):
Event: 12004.801 Thread 0x000002716fd15000 25911       1       org.gradle.internal.component.model.DefaultMultipleCandidateResult::getCandidateValues (5 bytes)
Event: 12004.801 Thread 0x000002716fd15000 nmethod 25911 0x0000027162123f90 code [0x0000027162124140, 0x00000271621241f8]
Event: 12004.801 Thread 0x000002716fd15000 25912       1       org.gradle.internal.component.model.DefaultMultipleCandidateResult::getConsumerValue (5 bytes)
Event: 12004.801 Thread 0x000002716fd15000 nmethod 25912 0x0000027162124290 code [0x0000027162124440, 0x00000271621244f8]
Event: 12004.811 Thread 0x000002716fd15000 25915       3       org.gradle.api.internal.artifacts.ivyservice.resolveengine.graph.builder.NodeState::visitAdditionalConstraints (128 bytes)
Event: 12004.811 Thread 0x000002716fd15000 nmethod 25915 0x000002715b447890 code [0x000002715b447b20, 0x000002715b4486b8]
Event: 12004.813 Thread 0x000002716fd15000 25916       3       org.gradle.api.internal.artifacts.ivyservice.resolveengine.oldresult.TransientConfigurationResultsBuilder$$Lambda$513/0x000000010065a840::write (9 bytes)
Event: 12004.814 Thread 0x000002716fd15000 nmethod 25916 0x000002715b41e410 code [0x000002715b41e5e0, 0x000002715b41e8f8]
Event: 12004.816 Thread 0x000002716fd15000 25917       3       org.gradle.internal.component.local.model.DefaultLocalComponentMetadata$DefaultLocalConfigurationMetadata::getFiles (77 bytes)
Event: 12004.817 Thread 0x000002716fd15000 nmethod 25917 0x000002715c182f10 code [0x000002715c1831e0, 0x000002715c184318]
Event: 12004.817 Thread 0x000002716fd15000 25918       3       org.gradle.api.internal.artifacts.ivyservice.modulecache.artifacts.ArtifactsAtRepositoryKey::equals (69 bytes)
Event: 12004.818 Thread 0x000002716fd15000 nmethod 25918 0x000002715b41da90 code [0x000002715b41dca0, 0x000002715b41e248]
Event: 12004.832 Thread 0x000002716fd15000 25920       3       com.google.gson.internal.reflect.ReflectionAccessor::getInstance (4 bytes)
Event: 12004.833 Thread 0x000002716fd15000 nmethod 25920 0x000002715b2c4510 code [0x000002715b2c46c0, 0x000002715b2c47b8]
Event: 12004.833 Thread 0x000002716fd15000 25921       3       java.nio.charset.CharsetDecoder::onMalformedInput (26 bytes)
Event: 12004.833 Thread 0x000002716fd15000 nmethod 25921 0x000002715b429190 code [0x000002715b429360, 0x000002715b4296a8]
Event: 12004.833 Thread 0x000002716fd15000 25923       3       com.google.gson.internal.bind.ReflectiveTypeAdapterFactory$1::<init> (50 bytes)
Event: 12004.833 Thread 0x000002716fd15000 nmethod 25923 0x000002715b428a90 code [0x000002715b428c60, 0x000002715b429098]
Event: 12004.833 Thread 0x000002716fd15000 25922       3       java.nio.charset.CharsetDecoder::implOnMalformedInput (1 bytes)
Event: 12004.833 Thread 0x000002716fd15000 nmethod 25922 0x000002715b2ce590 code [0x000002715b2ce740, 0x000002715b2ce838]

GC Heap History (20 events):
Event: 11979.097 GC heap before
{Heap before GC invocations=127 (full 0):
 garbage-first heap   total 200704K, used 188611K [0x0000000080000000, 0x0000000100000000)
  region size 1024K, 58 young (59392K), 4 survivors (4096K)
 Metaspace       used 122143K, capacity 125780K, committed 126124K, reserved 1159168K
  class space    used 15153K, capacity 16540K, committed 16640K, reserved 1048576K
}
Event: 11979.109 GC heap after
{Heap after GC invocations=128 (full 0):
 garbage-first heap   total 204800K, used 114067K [0x0000000080000000, 0x0000000100000000)
  region size 1024K, 8 young (8192K), 8 survivors (8192K)
 Metaspace       used 122143K, capacity 125780K, committed 126124K, reserved 1159168K
  class space    used 15153K, capacity 16540K, committed 16640K, reserved 1048576K
}
Event: 11979.112 GC heap before
{Heap before GC invocations=128 (full 0):
 garbage-first heap   total 204800K, used 116115K [0x0000000080000000, 0x0000000100000000)
  region size 1024K, 10 young (10240K), 8 survivors (8192K)
 Metaspace       used 122143K, capacity 125780K, committed 126124K, reserved 1159168K
  class space    used 15153K, capacity 16540K, committed 16640K, reserved 1048576K
}
Event: 11979.127 GC heap after
{Heap after GC invocations=129 (full 0):
 garbage-first heap   total 204800K, used 111272K [0x0000000080000000, 0x0000000100000000)
  region size 1024K, 2 young (2048K), 2 survivors (2048K)
 Metaspace       used 122143K, capacity 125780K, committed 126124K, reserved 1159168K
  class space    used 15153K, capacity 16540K, committed 16640K, reserved 1048576K
}
Event: 11979.185 GC heap before
{Heap before GC invocations=129 (full 0):
 garbage-first heap   total 204800K, used 130728K [0x0000000080000000, 0x0000000100000000)
  region size 1024K, 22 young (22528K), 2 survivors (2048K)
 Metaspace       used 122145K, capacity 125780K, committed 126124K, reserved 1159168K
  class space    used 15153K, capacity 16540K, committed 16640K, reserved 1048576K
}
Event: 11979.199 GC heap after
{Heap after GC invocations=130 (full 0):
 garbage-first heap   total 204800K, used 120832K [0x0000000080000000, 0x0000000100000000)
  region size 1024K, 7 young (7168K), 7 survivors (7168K)
 Metaspace       used 122145K, capacity 125780K, committed 126124K, reserved 1159168K
  class space    used 15153K, capacity 16540K, committed 16640K, reserved 1048576K
}
Event: 11980.998 GC heap before
{Heap before GC invocations=131 (full 0):
 garbage-first heap   total 204800K, used 168960K [0x0000000080000000, 0x0000000100000000)
  region size 1024K, 40 young (40960K), 7 survivors (7168K)
 Metaspace       used 122170K, capacity 125845K, committed 126124K, reserved 1159168K
  class space    used 15153K, capacity 16540K, committed 16640K, reserved 1048576K
}
Event: 11981.011 GC heap after
{Heap after GC invocations=132 (full 0):
 garbage-first heap   total 204800K, used 126219K [0x0000000080000000, 0x0000000100000000)
  region size 1024K, 5 young (5120K), 5 survivors (5120K)
 Metaspace       used 122170K, capacity 125845K, committed 126124K, reserved 1159168K
  class space    used 15153K, capacity 16540K, committed 16640K, reserved 1048576K
}
Event: 11981.022 GC heap before
{Heap before GC invocations=132 (full 0):
 garbage-first heap   total 204800K, used 131339K [0x0000000080000000, 0x0000000100000000)
  region size 1024K, 10 young (10240K), 5 survivors (5120K)
 Metaspace       used 122182K, capacity 125909K, committed 126124K, reserved 1159168K
  class space    used 15153K, capacity 16540K, committed 16640K, reserved 1048576K
}
Event: 11981.037 GC heap after
{Heap after GC invocations=133 (full 0):
 garbage-first heap   total 204800K, used 119102K [0x0000000080000000, 0x0000000100000000)
  region size 1024K, 2 young (2048K), 2 survivors (2048K)
 Metaspace       used 122182K, capacity 125909K, committed 126124K, reserved 1159168K
  class space    used 15153K, capacity 16540K, committed 16640K, reserved 1048576K
}
Event: 11981.131 GC heap before
{Heap before GC invocations=133 (full 0):
 garbage-first heap   total 204800K, used 153918K [0x0000000080000000, 0x0000000100000000)
  region size 1024K, 37 young (37888K), 2 survivors (2048K)
 Metaspace       used 122188K, capacity 125909K, committed 126124K, reserved 1159168K
  class space    used 15153K, capacity 16540K, committed 16640K, reserved 1048576K
}
Event: 11981.137 GC heap after
{Heap after GC invocations=134 (full 0):
 garbage-first heap   total 204800K, used 118906K [0x0000000080000000, 0x0000000100000000)
  region size 1024K, 2 young (2048K), 2 survivors (2048K)
 Metaspace       used 122188K, capacity 125909K, committed 126124K, reserved 1159168K
  class space    used 15153K, capacity 16540K, committed 16640K, reserved 1048576K
}
Event: 12004.329 GC heap before
{Heap before GC invocations=135 (full 0):
 garbage-first heap   total 204800K, used 172154K [0x0000000080000000, 0x0000000100000000)
  region size 1024K, 39 young (39936K), 2 survivors (2048K)
 Metaspace       used 122355K, capacity 126056K, committed 126380K, reserved 1159168K
  class space    used 15160K, capacity 16554K, committed 16640K, reserved 1048576K
}
Event: 12004.338 GC heap after
{Heap after GC invocations=136 (full 0):
 garbage-first heap   total 204800K, used 109449K [0x0000000080000000, 0x0000000100000000)
  region size 1024K, 5 young (5120K), 5 survivors (5120K)
 Metaspace       used 122355K, capacity 126056K, committed 126380K, reserved 1159168K
  class space    used 15160K, capacity 16554K, committed 16640K, reserved 1048576K
}
Event: 12004.372 GC heap before
{Heap before GC invocations=136 (full 0):
 garbage-first heap   total 204800K, used 114569K [0x0000000080000000, 0x0000000100000000)
  region size 1024K, 10 young (10240K), 5 survivors (5120K)
 Metaspace       used 122355K, capacity 126056K, committed 126380K, reserved 1159168K
  class space    used 15160K, capacity 16554K, committed 16640K, reserved 1048576K
}
Event: 12004.384 GC heap after
{Heap after GC invocations=137 (full 0):
 garbage-first heap   total 204800K, used 99668K [0x0000000080000000, 0x0000000100000000)
  region size 1024K, 1 young (1024K), 1 survivors (1024K)
 Metaspace       used 122355K, capacity 126056K, committed 126380K, reserved 1159168K
  class space    used 15160K, capacity 16554K, committed 16640K, reserved 1048576K
}
Event: 12004.410 GC heap before
{Heap before GC invocations=137 (full 0):
 garbage-first heap   total 204800K, used 104788K [0x0000000080000000, 0x0000000100000000)
  region size 1024K, 7 young (7168K), 1 survivors (1024K)
 Metaspace       used 122358K, capacity 126056K, committed 126380K, reserved 1159168K
  class space    used 15160K, capacity 16554K, committed 16640K, reserved 1048576K
}
Event: 12004.418 GC heap after
{Heap after GC invocations=138 (full 0):
 garbage-first heap   total 204800K, used 99552K [0x0000000080000000, 0x0000000100000000)
  region size 1024K, 1 young (1024K), 1 survivors (1024K)
 Metaspace       used 122358K, capacity 126056K, committed 126380K, reserved 1159168K
  class space    used 15160K, capacity 16554K, committed 16640K, reserved 1048576K
}
Event: 12004.778 GC heap before
{Heap before GC invocations=139 (full 0):
 garbage-first heap   total 204800K, used 163040K [0x0000000080000000, 0x0000000100000000)
  region size 1024K, 47 young (48128K), 1 survivors (1024K)
 Metaspace       used 122472K, capacity 126159K, committed 126380K, reserved 1159168K
  class space    used 15162K, capacity 16556K, committed 16640K, reserved 1048576K
}
Event: 12004.783 GC heap after
{Heap after GC invocations=140 (full 0):
 garbage-first heap   total 204800K, used 100545K [0x0000000080000000, 0x0000000100000000)
  region size 1024K, 2 young (2048K), 2 survivors (2048K)
 Metaspace       used 122472K, capacity 126159K, committed 126380K, reserved 1159168K
  class space    used 15162K, capacity 16556K, committed 16640K, reserved 1048576K
}

Deoptimization events (20 events):
Event: 11978.918 Thread 0x0000027174244800 DEOPT PACKING pc=0x000002715a8e12bb sp=0x000000f2aaaf9970
Event: 11978.918 Thread 0x0000027174244800 DEOPT UNPACKING pc=0x00000271594f76ce sp=0x000000f2aaaf8eb0 mode 0
Event: 11979.134 Thread 0x0000027174452800 DEOPT PACKING pc=0x000002715a57ecfb sp=0x000000f2aeafacb0
Event: 11979.134 Thread 0x0000027174452800 DEOPT UNPACKING pc=0x00000271594f76ce sp=0x000000f2aeafa238 mode 0
Event: 11979.145 Thread 0x0000027174452800 DEOPT PACKING pc=0x000002715a76bbbe sp=0x000000f2aeafada0
Event: 11979.145 Thread 0x0000027174452800 DEOPT UNPACKING pc=0x00000271594f76ce sp=0x000000f2aeafa258 mode 0
Event: 11979.165 Thread 0x0000027174452800 DEOPT PACKING pc=0x000002715c22c1a2 sp=0x000000f2aeafaae0
Event: 11979.165 Thread 0x0000027174452800 DEOPT UNPACKING pc=0x00000271594f76ce sp=0x000000f2aeafa020 mode 0
Event: 11979.165 Thread 0x0000027174452800 DEOPT PACKING pc=0x000002715c22c1a2 sp=0x000000f2aeafaae0
Event: 11979.165 Thread 0x0000027174452800 DEOPT UNPACKING pc=0x00000271594f76ce sp=0x000000f2aeafa020 mode 0
Event: 12003.221 Thread 0x0000027172422800 Uncommon trap: trap_request=0xffffff4d fr.pc=0x0000027161c3d580 relative=0x0000000000004240
Event: 12003.221 Thread 0x0000027172422800 Uncommon trap: reason=unstable_if action=reinterpret pc=0x0000027161c3d580 method=java.util.concurrent.locks.AbstractQueuedSynchronizer$ConditionObject.awaitNanos(J)J @ 79 c2
Event: 12003.221 Thread 0x0000027172422800 DEOPT PACKING pc=0x0000027161c3d580 sp=0x000000f2aa8febd0
Event: 12003.221 Thread 0x0000027172422800 DEOPT UNPACKING pc=0x00000271594f78af sp=0x000000f2aa8fea28 mode 2
Event: 12004.455 Thread 0x0000027174456800 DEOPT PACKING pc=0x000002715c1e296a sp=0x000000f2ae9fa510
Event: 12004.455 Thread 0x0000027174456800 DEOPT UNPACKING pc=0x00000271594f76ce sp=0x000000f2ae9f99f0 mode 0
Event: 12004.468 Thread 0x0000027174456800 DEOPT PACKING pc=0x000002715a57ecfb sp=0x000000f2ae9fa8a0
Event: 12004.468 Thread 0x0000027174456800 DEOPT UNPACKING pc=0x00000271594f76ce sp=0x000000f2ae9f9e28 mode 0
Event: 12004.484 Thread 0x0000027174456800 DEOPT PACKING pc=0x000002715a76bbbe sp=0x000000f2ae9fa990
Event: 12004.485 Thread 0x0000027174456800 DEOPT UNPACKING pc=0x00000271594f76ce sp=0x000000f2ae9f9e48 mode 0

Classes redefined (0 events):
No events

Internal exceptions (20 events):
Event: 11931.024 Thread 0x0000027174244800 Exception <a 'sun/nio/fs/WindowsException'{0x0000000089d090e8}> (0x0000000089d090e8) thrown at [./src/hotspot/share/prims/jni.cpp, line 615]
Event: 11931.025 Thread 0x0000027174244800 Exception <a 'sun/nio/fs/WindowsException'{0x0000000089d0a4e0}> (0x0000000089d0a4e0) thrown at [./src/hotspot/share/prims/jni.cpp, line 615]
Event: 11933.156 Thread 0x0000027174454000 Exception <a 'sun/nio/fs/WindowsException'{0x000000008af9ab38}> (0x000000008af9ab38) thrown at [./src/hotspot/share/prims/jni.cpp, line 615]
Event: 11933.156 Thread 0x0000027174454000 Exception <a 'sun/nio/fs/WindowsException'{0x000000008af9ac20}> (0x000000008af9ac20) thrown at [./src/hotspot/share/prims/jni.cpp, line 615]
Event: 11978.833 Thread 0x0000027174244800 Exception <a 'sun/nio/fs/WindowsException'{0x000000008ab6ac50}> (0x000000008ab6ac50) thrown at [./src/hotspot/share/prims/jni.cpp, line 615]
Event: 11978.869 Thread 0x0000027174244800 Exception <a 'java/lang/NoClassDefFoundError'{0x000000008a873f90}: org/jetbrains/kotlin/gradle/plugin/KotlinBasePluginWrapper> (0x000000008a873f90) thrown at [./src/hotspot/share/oops/constantPool.cpp, line 775]
Event: 11978.879 Thread 0x0000027174244800 Exception <a 'sun/nio/fs/WindowsException'{0x000000008a759ed8}> (0x000000008a759ed8) thrown at [./src/hotspot/share/prims/jni.cpp, line 615]
Event: 11978.883 Thread 0x0000027174244800 Exception <a 'sun/nio/fs/WindowsException'{0x000000008a7f6c00}> (0x000000008a7f6c00) thrown at [./src/hotspot/share/prims/jni.cpp, line 615]
Event: 11978.884 Thread 0x0000027174244800 Exception <a 'sun/nio/fs/WindowsException'{0x000000008a7f7fa8}> (0x000000008a7f7fa8) thrown at [./src/hotspot/share/prims/jni.cpp, line 615]
Event: 11978.884 Thread 0x0000027174244800 Exception <a 'sun/nio/fs/WindowsException'{0x000000008a7f93a0}> (0x000000008a7f93a0) thrown at [./src/hotspot/share/prims/jni.cpp, line 615]
Event: 11978.884 Thread 0x0000027174244800 Exception <a 'sun/nio/fs/WindowsException'{0x000000008a7fa798}> (0x000000008a7fa798) thrown at [./src/hotspot/share/prims/jni.cpp, line 615]
Event: 11981.052 Thread 0x000002717444f800 Exception <a 'sun/nio/fs/WindowsException'{0x000000008b9f5060}> (0x000000008b9f5060) thrown at [./src/hotspot/share/prims/jni.cpp, line 615]
Event: 11981.052 Thread 0x000002717444f800 Exception <a 'sun/nio/fs/WindowsException'{0x000000008b9f5148}> (0x000000008b9f5148) thrown at [./src/hotspot/share/prims/jni.cpp, line 615]
Event: 12004.135 Thread 0x0000027174244800 Exception <a 'sun/nio/fs/WindowsException'{0x000000008ab8dae8}> (0x000000008ab8dae8) thrown at [./src/hotspot/share/prims/jni.cpp, line 615]
Event: 12004.167 Thread 0x0000027174244800 Exception <a 'java/lang/NoClassDefFoundError'{0x000000008a897288}: org/jetbrains/kotlin/gradle/plugin/KotlinBasePluginWrapper> (0x000000008a897288) thrown at [./src/hotspot/share/oops/constantPool.cpp, line 775]
Event: 12004.203 Thread 0x0000027174244800 Exception <a 'sun/nio/fs/WindowsException'{0x000000008a6f14f8}> (0x000000008a6f14f8) thrown at [./src/hotspot/share/prims/jni.cpp, line 615]
Event: 12004.217 Thread 0x0000027174244800 Exception <a 'sun/nio/fs/WindowsException'{0x000000008a58dfb8}> (0x000000008a58dfb8) thrown at [./src/hotspot/share/prims/jni.cpp, line 615]
Event: 12004.218 Thread 0x0000027174244800 Exception <a 'sun/nio/fs/WindowsException'{0x000000008a58f360}> (0x000000008a58f360) thrown at [./src/hotspot/share/prims/jni.cpp, line 615]
Event: 12004.218 Thread 0x0000027174244800 Exception <a 'sun/nio/fs/WindowsException'{0x000000008a590758}> (0x000000008a590758) thrown at [./src/hotspot/share/prims/jni.cpp, line 615]
Event: 12004.218 Thread 0x0000027174244800 Exception <a 'sun/nio/fs/WindowsException'{0x000000008a591b50}> (0x000000008a591b50) thrown at [./src/hotspot/share/prims/jni.cpp, line 615]

Events (20 events):
Event: 12004.800 Executing VM operation: RevokeBias done
Event: 12004.800 Executing VM operation: RevokeBias
Event: 12004.800 Executing VM operation: RevokeBias done
Event: 12004.800 Executing VM operation: RevokeBias
Event: 12004.800 Executing VM operation: RevokeBias done
Event: 12004.800 Executing VM operation: RevokeBias
Event: 12004.801 Executing VM operation: RevokeBias done
Event: 12004.804 Executing VM operation: RevokeBias
Event: 12004.805 Executing VM operation: RevokeBias done
Event: 12004.805 Executing VM operation: RevokeBias
Event: 12004.805 Executing VM operation: RevokeBias done
Event: 12004.805 Executing VM operation: RevokeBias
Event: 12004.805 Executing VM operation: RevokeBias done
Event: 12004.806 Executing VM operation: RevokeBias
Event: 12004.806 Executing VM operation: RevokeBias done
Event: 12004.806 Executing VM operation: RevokeBias
Event: 12004.806 Executing VM operation: RevokeBias done
Event: 12004.806 Executing VM operation: BulkRevokeBias
Event: 12004.808 Executing VM operation: BulkRevokeBias done
Event: 12004.831 Thread 0x0000027174247000 Thread added: 0x0000027174247000


Dynamic libraries:
0x00007ff70f590000 - 0x00007ff70f59a000 	C:\Program Files\Android\Android Studio\jre\bin\java.exe
0x00007ff8ffdb0000 - 0x00007ff8fffa5000 	C:\WINDOWS\SYSTEM32\ntdll.dll
0x00007ff8ff0a0000 - 0x00007ff8ff15e000 	C:\WINDOWS\System32\KERNEL32.DLL
0x00007ff8fd590000 - 0x00007ff8fd859000 	C:\WINDOWS\System32\KERNELBASE.dll
0x00007ff8fd9a0000 - 0x00007ff8fdaa0000 	C:\WINDOWS\System32\ucrtbase.dll
0x00007ff8f6930000 - 0x00007ff8f6949000 	C:\Program Files\Android\Android Studio\jre\bin\jli.dll
0x00007ff8fde00000 - 0x00007ff8fdfa1000 	C:\WINDOWS\System32\USER32.dll
0x00007ff8dc920000 - 0x00007ff8dc937000 	C:\Program Files\Android\Android Studio\jre\bin\VCRUNTIME140.dll
0x00007ff8fd560000 - 0x00007ff8fd582000 	C:\WINDOWS\System32\win32u.dll
0x00007ff8f2fa0000 - 0x00007ff8f323a000 	C:\WINDOWS\WinSxS\amd64_microsoft.windows.common-controls_6595b64144ccf1df_6.0.19041.1110_none_60b5254171f9507e\COMCTL32.dll
0x00007ff8fe330000 - 0x00007ff8fe35b000 	C:\WINDOWS\System32\GDI32.dll
0x00007ff8ff6d0000 - 0x00007ff8ff76e000 	C:\WINDOWS\System32\msvcrt.dll
0x00007ff8fdcf0000 - 0x00007ff8fddfb000 	C:\WINDOWS\System32\gdi32full.dll
0x00007ff8fdc00000 - 0x00007ff8fdc9d000 	C:\WINDOWS\System32\msvcp_win.dll
0x00007ff8fe300000 - 0x00007ff8fe330000 	C:\WINDOWS\System32\IMM32.DLL
0x00007ff8da020000 - 0x00007ff8da0bd000 	C:\Program Files\Android\Android Studio\jre\bin\msvcp140.dll
0x00007ff8bda70000 - 0x00007ff8be53f000 	C:\Program Files\Android\Android Studio\jre\bin\server\jvm.dll
0x00007ff8feff0000 - 0x00007ff8ff09c000 	C:\WINDOWS\System32\ADVAPI32.dll
0x00007ff8ffbd0000 - 0x00007ff8ffc6b000 	C:\WINDOWS\System32\sechost.dll
0x00007ff8ff770000 - 0x00007ff8ff89a000 	C:\WINDOWS\System32\RPCRT4.dll
0x00007ff8ff8a0000 - 0x00007ff8ff8a8000 	C:\WINDOWS\System32\PSAPI.DLL
0x00007ff8d6890000 - 0x00007ff8d6899000 	C:\WINDOWS\SYSTEM32\WSOCK32.dll
0x00007ff8f33f0000 - 0x00007ff8f3417000 	C:\WINDOWS\SYSTEM32\WINMM.dll
0x00007ff8ff1f0000 - 0x00007ff8ff25b000 	C:\WINDOWS\System32\WS2_32.dll
0x00007ff8f65c0000 - 0x00007ff8f65ca000 	C:\WINDOWS\SYSTEM32\VERSION.dll
0x00007ff8fbd50000 - 0x00007ff8fbd62000 	C:\WINDOWS\SYSTEM32\kernel.appcore.dll
0x00007ff8f7e20000 - 0x00007ff8f7e31000 	C:\Program Files\Android\Android Studio\jre\bin\verify.dll
0x00007ff8e4e80000 - 0x00007ff8e5064000 	C:\WINDOWS\SYSTEM32\DBGHELP.DLL
0x00007ff8e4c90000 - 0x00007ff8e4cbc000 	C:\WINDOWS\SYSTEM32\dbgcore.DLL
0x00007ff8fd860000 - 0x00007ff8fd8e3000 	C:\WINDOWS\System32\bcryptPrimitives.dll
0x00007ff8f6760000 - 0x00007ff8f6789000 	C:\Program Files\Android\Android Studio\jre\bin\java.dll
0x00007ff8f8880000 - 0x00007ff8f888b000 	C:\Program Files\Android\Android Studio\jre\bin\jimage.dll
0x00007ff8f6d30000 - 0x00007ff8f6d48000 	C:\Program Files\Android\Android Studio\jre\bin\zip.dll
0x00007ff8fe8b0000 - 0x00007ff8fefef000 	C:\WINDOWS\System32\SHELL32.dll
0x00007ff8fb390000 - 0x00007ff8fbb20000 	C:\WINDOWS\SYSTEM32\windows.storage.dll
0x00007ff8ff310000 - 0x00007ff8ff665000 	C:\WINDOWS\System32\combase.dll
0x00007ff8fcf20000 - 0x00007ff8fcf4c000 	C:\WINDOWS\SYSTEM32\Wldp.dll
0x00007ff8ff260000 - 0x00007ff8ff30d000 	C:\WINDOWS\System32\SHCORE.dll
0x00007ff8fe030000 - 0x00007ff8fe085000 	C:\WINDOWS\System32\shlwapi.dll
0x00007ff8fd410000 - 0x00007ff8fd42f000 	C:\WINDOWS\SYSTEM32\profapi.dll
0x00007ff8f6c40000 - 0x00007ff8f6c5a000 	C:\Program Files\Android\Android Studio\jre\bin\net.dll
0x00007ff8efe30000 - 0x00007ff8eff38000 	C:\WINDOWS\SYSTEM32\WINHTTP.dll
0x00007ff8fcc80000 - 0x00007ff8fccea000 	C:\WINDOWS\system32\mswsock.dll
0x00007ff8f6900000 - 0x00007ff8f6914000 	C:\Program Files\Android\Android Studio\jre\bin\nio.dll
0x00007ff8f6950000 - 0x00007ff8f6977000 	C:\Users\chieudepzaj\.gradle\native\e1d6ef7f7dcc3fd88c89a11ec53ec762bb8ba0a96d01ffa2cd45eb1d1d8dd5c5\windows-amd64\native-platform.dll
0x00007ff8cf790000 - 0x00007ff8cf8d4000 	C:\Users\chieudepzaj\.gradle\native\5664cfc778a61ccfe75a443a1ab52a65af34e5dc3c78e0209fed803814484fcb\windows-amd64\native-platform-file-events.dll
0x00007ff8f8120000 - 0x00007ff8f812a000 	C:\Program Files\Android\Android Studio\jre\bin\management.dll
0x00007ff8f8050000 - 0x00007ff8f805c000 	C:\Program Files\Android\Android Studio\jre\bin\management_ext.dll
0x00007ff8fce70000 - 0x00007ff8fce88000 	C:\WINDOWS\SYSTEM32\CRYPTSP.dll
0x00007ff8fc590000 - 0x00007ff8fc5c4000 	C:\WINDOWS\system32\rsaenh.dll
0x00007ff8fd4d0000 - 0x00007ff8fd4f7000 	C:\WINDOWS\System32\bcrypt.dll
0x00007ff8fd3d0000 - 0x00007ff8fd3fe000 	C:\WINDOWS\SYSTEM32\USERENV.dll
0x00007ff8fce90000 - 0x00007ff8fce9c000 	C:\WINDOWS\SYSTEM32\CRYPTBASE.dll
0x00007ff8fc920000 - 0x00007ff8fc95b000 	C:\WINDOWS\SYSTEM32\IPHLPAPI.DLL
0x00007ff8ff9e0000 - 0x00007ff8ff9e8000 	C:\WINDOWS\System32\NSI.dll
0x00007ff8f70d0000 - 0x00007ff8f70e7000 	C:\WINDOWS\SYSTEM32\dhcpcsvc6.DLL
0x00007ff8f7090000 - 0x00007ff8f70ad000 	C:\WINDOWS\SYSTEM32\dhcpcsvc.DLL
0x00007ff8fc960000 - 0x00007ff8fca2c000 	C:\WINDOWS\SYSTEM32\DNSAPI.dll

dbghelp: loaded successfully - version: 4.0.5 - missing functions: none
symbol engine: initialized successfully - sym options: 0x614 - pdb path: .;C:\Program Files\Android\Android Studio\jre\bin;C:\WINDOWS\SYSTEM32;C:\WINDOWS\WinSxS\amd64_microsoft.windows.common-controls_6595b64144ccf1df_6.0.19041.1110_none_60b5254171f9507e;C:\Program Files\Android\Android Studio\jre\bin\server;C:\Users\chieudepzaj\.gradle\native\e1d6ef7f7dcc3fd88c89a11ec53ec762bb8ba0a96d01ffa2cd45eb1d1d8dd5c5\windows-amd64;C:\Users\chieudepzaj\.gradle\native\5664cfc778a61ccfe75a443a1ab52a65af34e5dc3c78e0209fed803814484fcb\windows-amd64

VM Arguments:
jvm_args: --add-opens=java.base/java.util=ALL-UNNAMED --add-opens=java.base/java.lang=ALL-UNNAMED --add-opens=java.base/java.lang.invoke=ALL-UNNAMED --add-opens=java.base/java.util=ALL-UNNAMED --add-opens=java.prefs/java.util.prefs=ALL-UNNAMED --add-opens=java.prefs/java.util.prefs=ALL-UNNAMED --add-opens=java.base/java.nio.charset=ALL-UNNAMED --add-opens=java.base/java.net=ALL-UNNAMED --add-opens=java.base/java.util.concurrent.atomic=ALL-UNNAMED -Xmx2048m -Dfile.encoding=UTF-8 -Duser.country=US -Duser.language=en -Duser.variant 
java_command: org.gradle.launcher.daemon.bootstrap.GradleDaemon 7.3
java_class_path (initial): C:\Users\chieudepzaj\.gradle\wrapper\dists\gradle-7.3-bin\ddwl0k7mt9g6ak16i1m905vyv\gradle-7.3\lib\gradle-launcher-7.3.jar
Launcher Type: SUN_STANDARD

[Global flags]
     intx CICompilerCount                          = 3                                         {product} {ergonomic}
     uint ConcGCThreads                            = 1                                         {product} {ergonomic}
     uint G1ConcRefinementThreads                  = 4                                         {product} {ergonomic}
   size_t G1HeapRegionSize                         = 1048576                                   {product} {ergonomic}
    uintx GCDrainStackTargetSize                   = 64                                        {product} {ergonomic}
   size_t InitialHeapSize                          = 134217728                                 {product} {ergonomic}
   size_t MarkStackSize                            = 4194304                                   {product} {ergonomic}
   size_t MaxHeapSize                              = 2147483648                                {product} {command line}
   size_t MaxNewSize                               = 1287651328                                {product} {ergonomic}
   size_t MinHeapDeltaBytes                        = 1048576                                   {product} {ergonomic}
    uintx NonNMethodCodeHeapSize                   = 5830732                                {pd product} {ergonomic}
    uintx NonProfiledCodeHeapSize                  = 122913754                              {pd product} {ergonomic}
    uintx ProfiledCodeHeapSize                     = 122913754                              {pd product} {ergonomic}
    uintx ReservedCodeCacheSize                    = 251658240                              {pd product} {ergonomic}
     bool SegmentedCodeCache                       = true                                      {product} {ergonomic}
     bool UseCompressedClassPointers               = true                                 {lp64_product} {ergonomic}
     bool UseCompressedOops                        = true                                 {lp64_product} {ergonomic}
     bool UseG1GC                                  = true                                      {product} {ergonomic}
     bool UseLargePagesIndividualAllocation        = false                                  {pd product} {ergonomic}

Logging:
Log output configuration:
 #0: stdout all=warning uptime,level,tags
 #1: stderr all=off uptime,level,tags

Environment Variables:
PATH=C:\Python39\Scripts\;C:\Python39\;C:\Program Files (x86)\Common Files\Oracle\Java\javapath;C:\windows\system32;C:\windows\;C:\Program Files\dotnet\;C:\Program Files (x86)\NVIDIA Corporation\PhysX\Common;C:\ProgramData\chocolatey\bin;C:\WINDOWS\system32;C:\WINDOWS;C:\WINDOWS\System32\Wbem;C:\WINDOWS\System32\WindowsPowerShell\v1.0\;C:\WINDOWS\System32\OpenSSH\;C:\Program Files\Git\cmd;C:\Program Files\nodejs;C:\Program Files\heroku\bin;C:\Users\chieudepzaj\AppData\Local\Programs\Microsoft VS Code\bin;C:\Users\chieudepzaj\AppData\Local\Microsoft\WindowsApps;C:\flutter\bin;
USERNAME=chieudepzaj
OS=Windows_NT
PROCESSOR_IDENTIFIER=Intel64 Family 6 Model 158 Stepping 9, GenuineIntel



---------------  S Y S T E M  ---------------

OS: Windows 10 , 64 bit Build 19041 (10.0.19041.1202)
OS uptime: 1 days 5:55 hours

CPU:total 4 (initial active 4) (4 cores per cpu, 1 threads per core) family 6 model 158 stepping 9 microcode 0xb4, cmov, cx8, fxsr, mmx, sse, sse2, sse3, ssse3, sse4.1, sse4.2, popcnt, avx, avx2, aes, clmul, erms, 3dnowpref, lzcnt, tsc, tscinvbit, bmi1, bmi2, adx, fma

Memory: 4k page, system-wide physical 8075M (1265M free)
TotalPageFile size 12171M (AvailPageFile size 1349M)
current process WorkingSet (physical memory assigned to process): 511M, peak: 540M
current process commit charge ("private bytes"): 587M, peak: 609M

vm_info: OpenJDK 64-Bit Server VM (11.0.10+0-b96-7249189) for windows-amd64 JRE (11.0.10+0-b96-7249189), built on Mar 31 2021 21:44:00 by "builder" with MS VC++ 14.0 (VS2015)

END.
