#
# A fatal error has been detected by the Java Runtime Environment:
#
#  EXCEPTION_ACCESS_VIOLATION (0xc0000005) at pc=0x00007ffdbc8da624, pid=13272, tid=10424
#
# JRE version: OpenJDK Runtime Environment (11.0.10) (build 11.0.10+0-b96-7249189)
# Java VM: OpenJDK 64-Bit Server VM (11.0.10+0-b96-7249189, mixed mode, tiered, compressed oops, g1 gc, windows-amd64)
# Problematic frame:
# V  [jvm.dll+0x6a624]
#
# No core dump will be written. Minidumps are not enabled by default on client versions of Windows
#
# If you would like to submit a bug report, please visit:
#   https://bugreport.java.com/bugreport/crash.jsp
#

---------------  S U M M A R Y ------------

Command Line: --add-opens=java.base/java.util=ALL-UNNAMED --add-opens=java.base/java.lang=ALL-UNNAMED --add-opens=java.base/java.lang.invoke=ALL-UNNAMED --add-opens=java.base/java.util=ALL-UNNAMED --add-opens=java.prefs/java.util.prefs=ALL-UNNAMED --add-opens=java.prefs/java.util.prefs=ALL-UNNAMED --add-opens=java.base/java.nio.charset=ALL-UNNAMED --add-opens=java.base/java.net=ALL-UNNAMED --add-opens=java.base/java.util.concurrent.atomic=ALL-UNNAMED -Xmx2048m -Dfile.encoding=UTF-8 -Duser.country=US -Duser.language=en -Duser.variant org.gradle.launcher.daemon.bootstrap.GradleDaemon 7.3

Host: Intel(R) Core(TM) i5-7300HQ CPU @ 2.50GHz, 4 cores, 7G,  Windows 10 , 64 bit Build 19041 (10.0.19041.1348)
Time: Mon Nov 29 22:23:31 2021 SE Asia Standard Time elapsed time: 18.318214 seconds (0d 0h 0m 18s)

---------------  T H R E A D  ---------------

Current thread (0x00000177efcc3000):  JavaThread "C2 CompilerThread0" daemon [_thread_in_native, id=10424, stack(0x00000059bc800000,0x00000059bc900000)]


Current CompileTask:
C2:  18318 11220       4       org.gradle.internal.logging.sink.OutputEventTransformer::onOutput (399 bytes)

Stack: [0x00000059bc800000,0x00000059bc900000],  sp=0x00000059bc8fc0f0,  free space=1008k
Native frames: (J=compiled Java code, j=interpreted, Vv=VM code, C=native code)
V  [jvm.dll+0x6a624]
V  [jvm.dll+0x5f3f42]
V  [jvm.dll+0x5f269f]
V  [jvm.dll+0x1fb953]
V  [jvm.dll+0x1fa7f4]
V  [jvm.dll+0x18354c]
V  [jvm.dll+0x208ee7]
V  [jvm.dll+0x207731]
V  [jvm.dll+0x6eb1cf]
V  [jvm.dll+0x6e3d45]
V  [jvm.dll+0x5ebe96]
C  [ucrtbase.dll+0x21bb2]
C  [KERNEL32.DLL+0x17034]
C  [ntdll.dll+0x52651]


siginfo: EXCEPTION_ACCESS_VIOLATION (0xc0000005), reading address 0xffffffffffffffff


Register to memory mapping:

RIP=0x00007ffdbc8da624 jvm.dll
RAX=0x00007ffdbca43bb0 jvm.dll
RBX=0x0000000000000005 is an unknown value
RCX=0x00007ffdbcfd9af8 jvm.dll
RDX=0x00000059bc8fc460 is pointing into the stack for thread: 0x00000177efcc3000
RSP=0x00000059bc8fc0f0 is pointing into the stack for thread: 0x00000177efcc3000
RBP=0x00000177f3a67500 points into unknown readable memory: 0x00007ffdbd0093d0 | d0 93 00 bd fd 7f 00 00
RSI=0x00000059bc8ff1f8 is pointing into the stack for thread: 0x00000177efcc3000
RDI=0x0000000000000002 is an unknown value
R8 =0x00000177f3a67500 points into unknown readable memory: 0x00007ffdbd0093d0 | d0 93 00 bd fd 7f 00 00
R9 =0x0000000000000002 is an unknown value
R10=0x00007ffdbcfdaea8 jvm.dll
R11=0x00000059bc8fc100 is pointing into the stack for thread: 0x00000177efcc3000
R12=0x00000059bc8ff1f8 is pointing into the stack for thread: 0x00000177efcc3000
R13=0x00000000000001cf is an unknown value
R14=0x00000059bc8fc460 is pointing into the stack for thread: 0x00000177efcc3000
R15=0x00000177f3a67500 points into unknown readable memory: 0x00007ffdbd0093d0 | d0 93 00 bd fd 7f 00 00


Registers:
RAX=0x00007ffdbca43bb0, RBX=0x0000000000000005, RCX=0x00007ffdbcfd9af8, RDX=0x00000059bc8fc460
RSP=0x00000059bc8fc0f0, RBP=0x00000177f3a67500, RSI=0x00000059bc8ff1f8, RDI=0x0000000000000002
R8 =0x00000177f3a67500, R9 =0x0000000000000002, R10=0x00007ffdbcfdaea8, R11=0x00000059bc8fc100
R12=0x00000059bc8ff1f8, R13=0x00000000000001cf, R14=0x00000059bc8fc460, R15=0x00000177f3a67500
RIP=0x00007ffdbc8da624, EFLAGS=0x0000000000010202

Top of Stack: (sp=0x00000059bc8fc0f0)
0x00000059bc8fc0f0:   00007ffd00000001 0000000000000000
0x00000059bc8fc100:   0000000000000000 00000059bc8fe950
0x00000059bc8fc110:   00000059bc8fe950 00007ffdbce63f42
0x00000059bc8fc120:   0000000000000005 00000059bc8fc220
0x00000059bc8fc130:   00000177f32f26a8 0000000000000000
0x00000059bc8fc140:   00000177f297dc30 00000177f2981610
0x00000059bc8fc150:   0000000700000005 ffffffff00000001
0x00000059bc8fc160:   00000059bc8fc3c0 000001cf0000000e
0x00000059bc8fc170:   00000017ffffffff 00000177f376eee0
0x00000059bc8fc180:   000000000000043a 00000177f32f26a8
0x00000059bc8fc190:   000001c1000001cf 0000000000000000
0x00000059bc8fc1a0:   00000177f9680090 00000059bc8fe950
0x00000059bc8fc1b0:   0000000000000000 0000000000000000
0x00000059bc8fc1c0:   00000177f32f26b8 0000000000000017
0x00000059bc8fc1d0:   00000177efc643f0 00000177f376ffd0
0x00000059bc8fc1e0:   00007ffdbcfbf4b8 00000059bc8ff250 

Instructions: (pc=0x00007ffdbc8da624)
0x00007ffdbc8da524:   00 4d 8b c5 48 8b d3 8b e8 4c 8b 11 41 ff 52 70
0x00007ffdbc8da534:   49 8b 4d 58 8b f0 48 8b 11 ff 52 78 49 8b 4d 58
0x00007ffdbc8da544:   41 b9 02 00 00 00 4d 8b c5 48 8b d3 8b f8 4c 8b
0x00007ffdbc8da554:   11 41 ff 92 80 00 00 00 49 8b 4d 58 8b d8 48 8b
0x00007ffdbc8da564:   11 ff 92 88 00 00 00 89 44 24 30 44 8b ce 89 5c
0x00007ffdbc8da574:   24 28 44 8b c5 41 8b d6 89 7c 24 20 49 8b cf e8
0x00007ffdbc8da584:   98 15 00 00 48 8b 5c 24 60 48 8b 6c 24 68 48 8b
0x00007ffdbc8da594:   74 24 70 48 8b 7c 24 78 48 83 c4 40 41 5f 41 5e
0x00007ffdbc8da5a4:   41 5d c3 cc cc cc cc cc cc cc cc cc 48 89 5c 24
0x00007ffdbc8da5b4:   08 48 89 6c 24 10 48 89 74 24 18 48 89 7c 24 20
0x00007ffdbc8da5c4:   41 56 48 83 ec 20 48 8b 42 68 48 8b e9 48 89 42
0x00007ffdbc8da5d4:   60 4d 8b f0 48 8b 49 50 48 8b f2 48 8b 01 ff 50
0x00007ffdbc8da5e4:   08 48 8b 4d 50 41 b9 01 00 00 00 4c 8b c5 49 8b
0x00007ffdbc8da5f4:   d6 8d 78 01 48 8b 01 ff 50 20 48 8b 4d 58 44 8b
0x00007ffdbc8da604:   cf 83 f8 08 4c 8b c5 49 8b d6 48 8b 01 7d 11 ff
0x00007ffdbc8da614:   50 20 83 f8 08 7c 21 48 8b 46 68 c6 00 41 eb 14
0x00007ffdbc8da624:   ff 50 20 83 f8 08 48 8b 46 68 7d 05 c6 00 44 eb
0x00007ffdbc8da634:   03 c6 00 45 48 ff 46 68 48 8b 46 68 44 8b cf 4c
0x00007ffdbc8da644:   8b c5 49 8b d6 c6 00 33 48 ff 46 68 48 8b 4d 58
0x00007ffdbc8da654:   48 8b 5d 50 48 8b 01 ff 50 20 4c 8b 13 41 b9 01
0x00007ffdbc8da664:   00 00 00 8b f8 4c 8b c5 49 8b d6 48 8b cb 83 e7
0x00007ffdbc8da674:   07 41 ff 52 20 48 8b 4e 68 0c f8 48 8b 5c 24 30
0x00007ffdbc8da684:   48 8b 6c 24 38 c0 e0 03 40 0a c7 48 8b 7c 24 48
0x00007ffdbc8da694:   88 01 48 ff 46 68 48 8b 74 24 40 48 83 c4 20 41
0x00007ffdbc8da6a4:   5e c3 cc cc cc cc cc cc cc cc cc cc 48 89 5c 24
0x00007ffdbc8da6b4:   08 48 89 74 24 10 57 48 83 ec 50 48 8b 42 68 48
0x00007ffdbc8da6c4:   8b f9 48 89 42 60 49 8b f0 48 8b 49 50 48 8b da
0x00007ffdbc8da6d4:   48 8b 01 ff 50 08 48 8b d3 48 8d 4c 24 20 e8 d9
0x00007ffdbc8da6e4:   f7 05 00 48 8b 15 42 26 98 00 48 b9 00 00 00 04
0x00007ffdbc8da6f4:   03 00 00 00 48 8b c2 41 b9 01 00 00 00 48 c1 e8
0x00007ffdbc8da704:   20 4c 8b c7 f6 d0 24 01 88 44 24 38 48 8b c2 48
0x00007ffdbc8da714:   c1 e8 1b f6 d0 24 01 88 44 24 39 48 8b c2 48 c1 


Stack slot to memory mapping:
stack at sp + 0 slots: 0x00007ffd00000001 is an unknown value
stack at sp + 1 slots: 0x0 is NULL
stack at sp + 2 slots: 0x0 is NULL
stack at sp + 3 slots: 0x00000059bc8fe950 is pointing into the stack for thread: 0x00000177efcc3000
stack at sp + 4 slots: 0x00000059bc8fe950 is pointing into the stack for thread: 0x00000177efcc3000
stack at sp + 5 slots: 0x00007ffdbce63f42 jvm.dll
stack at sp + 6 slots: 0x0000000000000005 is an unknown value
stack at sp + 7 slots: 0x00000059bc8fc220 is pointing into the stack for thread: 0x00000177efcc3000


---------------  P R O C E S S  ---------------

Threads class SMR info:
_java_thread_list=0x00000177fa2416c0, length=90, elements={
0x00000177d60cd800, 0x00000177efca1800, 0x00000177efcad000, 0x00000177f0632800,
0x00000177efcbf000, 0x00000177efcc0000, 0x00000177efcc3000, 0x00000177efccd000,
0x00000177efcdb000, 0x00000177f077d000, 0x00000177f131d800, 0x00000177f2525800,
0x00000177f258e800, 0x00000177f16f2800, 0x00000177f20c2000, 0x00000177f0a5f000,
0x00000177f338e800, 0x00000177f1ba7000, 0x00000177f19e0000, 0x00000177f2be6800,
0x00000177f2beb000, 0x00000177f2be7800, 0x00000177f2be9000, 0x00000177f2be8800,
0x00000177f2bea000, 0x00000177f2beb800, 0x00000177f2be6000, 0x00000177f2bec800,
0x00000177f42e5800, 0x00000177f0d7f800, 0x00000177f0d83800, 0x00000177f0d82000,
0x00000177f0d83000, 0x00000177f0d7f000, 0x00000177f0d86000, 0x00000177f0d80800,
0x00000177f0d87000, 0x00000177f0d81800, 0x00000177f0d8c000, 0x00000177f0d8a800,
0x00000177f0d8c800, 0x00000177f0d8b000, 0x00000177f0d8d800, 0x00000177f0d88000,
0x00000177f0d88800, 0x00000177f0d89800, 0x00000177f295b000, 0x00000177f2957800,
0x00000177f2959000, 0x00000177f295b800, 0x00000177f295a000, 0x00000177f295c800,
0x00000177f2957000, 0x00000177f295d800, 0x00000177f295e000, 0x00000177f2958800,
0x00000177f2961800, 0x00000177f2964000, 0x00000177f2962000, 0x00000177f2963000,
0x00000177f2964800, 0x00000177f295f000, 0x00000177f2965800, 0x00000177f295f800,
0x00000177f2960800, 0x00000177f3ee8000, 0x00000177f3eeb800, 0x00000177f3ee9000,
0x00000177f3eec000, 0x00000177f3ee9800, 0x00000177f3ee6800, 0x00000177f3eea800,
0x00000177f3eed000, 0x00000177f3ee7000, 0x00000177f3ef0000, 0x00000177f3eee800,
0x00000177f3ef1000, 0x00000177f3ef2800, 0x00000177f3eef800, 0x00000177f3ef2000,
0x00000177f3ef3800, 0x00000177f3eed800, 0x00000177f3ef4800, 0x00000177f3ef5000,
0x00000177fa311000, 0x00000177fa30d800, 0x00000177fa30f000, 0x00000177fa30e800,
0x00000177fa310000, 0x00000177fa311800
}

Java Threads: ( => current thread )
  0x00000177d60cd800 JavaThread "main" [_thread_blocked, id=8276, stack(0x00000059bbc00000,0x00000059bbd00000)]
  0x00000177efca1800 JavaThread "Reference Handler" daemon [_thread_blocked, id=1736, stack(0x00000059bc300000,0x00000059bc400000)]
  0x00000177efcad000 JavaThread "Finalizer" daemon [_thread_blocked, id=12252, stack(0x00000059bc400000,0x00000059bc500000)]
  0x00000177f0632800 JavaThread "Signal Dispatcher" daemon [_thread_blocked, id=9736, stack(0x00000059bc500000,0x00000059bc600000)]
  0x00000177efcbf000 JavaThread "Attach Listener" daemon [_thread_blocked, id=8724, stack(0x00000059bc600000,0x00000059bc700000)]
  0x00000177efcc0000 JavaThread "Service Thread" daemon [_thread_blocked, id=12808, stack(0x00000059bc700000,0x00000059bc800000)]
=>0x00000177efcc3000 JavaThread "C2 CompilerThread0" daemon [_thread_in_native, id=10424, stack(0x00000059bc800000,0x00000059bc900000)]
  0x00000177efccd000 JavaThread "C1 CompilerThread0" daemon [_thread_blocked, id=8856, stack(0x00000059bc900000,0x00000059bca00000)]
  0x00000177efcdb000 JavaThread "Sweeper thread" daemon [_thread_blocked, id=11972, stack(0x00000059bca00000,0x00000059bcb00000)]
  0x00000177f077d000 JavaThread "Common-Cleaner" daemon [_thread_blocked, id=2340, stack(0x00000059bcb00000,0x00000059bcc00000)]
  0x00000177f131d800 JavaThread "Daemon health stats" [_thread_blocked, id=9128, stack(0x00000059bd000000,0x00000059bd100000)]
  0x00000177f2525800 JavaThread "Incoming local TCP Connector on port 62772" [_thread_in_native, id=12532, stack(0x00000059bcd00000,0x00000059bce00000)]
  0x00000177f258e800 JavaThread "Daemon periodic checks" [_thread_blocked, id=11224, stack(0x00000059bd100000,0x00000059bd200000)]
  0x00000177f16f2800 JavaThread "Daemon" [_thread_blocked, id=9272, stack(0x00000059bd200000,0x00000059bd300000)]
  0x00000177f20c2000 JavaThread "Handler for socket connection from /127.0.0.1:62772 to /127.0.0.1:62773" [_thread_in_native, id=1068, stack(0x00000059bd300000,0x00000059bd400000)]
  0x00000177f0a5f000 JavaThread "Cancel handler" [_thread_blocked, id=12364, stack(0x00000059bd400000,0x00000059bd500000)]
  0x00000177f338e800 JavaThread "Daemon worker" [_thread_blocked, id=6656, stack(0x00000059bd500000,0x00000059bd600000)]
  0x00000177f1ba7000 JavaThread "Asynchronous log dispatcher for DefaultDaemonConnection: socket connection from /127.0.0.1:62772 to /127.0.0.1:62773" [_thread_blocked, id=7820, stack(0x00000059bd600000,0x00000059bd700000)]
  0x00000177f19e0000 JavaThread "Stdin handler" [_thread_blocked, id=2368, stack(0x00000059bd700000,0x00000059bd800000)]
  0x00000177f2be6800 JavaThread "Daemon client event forwarder" [_thread_blocked, id=7568, stack(0x00000059bd800000,0x00000059bd900000)]
  0x00000177f2beb000 JavaThread "Cache worker for journal cache (C:\Users\chieudepzaj\.gradle\caches\journal-1)" [_thread_blocked, id=7844, stack(0x00000059bda00000,0x00000059bdb00000)]
  0x00000177f2be7800 JavaThread "File lock request listener" [_thread_in_native, id=6044, stack(0x00000059bdb00000,0x00000059bdc00000)]
  0x00000177f2be9000 JavaThread "Cache worker for file hash cache (C:\Users\chieudepzaj\.gradle\caches\7.3\fileHashes)" [_thread_blocked, id=10772, stack(0x00000059bdc00000,0x00000059bdd00000)]
  0x00000177f2be8800 JavaThread "Cache worker for file hash cache (C:\Users\chieudepzaj\AndroidStudioProjects\Shopiki\.gradle\7.3\fileHashes)" [_thread_blocked, id=5944, stack(0x00000059bdd00000,0x00000059bde00000)]
  0x00000177f2bea000 JavaThread "File watcher server" daemon [_thread_in_native, id=13068, stack(0x00000059bdf00000,0x00000059be000000)]
  0x00000177f2beb800 JavaThread "File watcher consumer" daemon [_thread_blocked, id=9456, stack(0x00000059be000000,0x00000059be100000)]
  0x00000177f2be6000 JavaThread "Cache worker for checksums cache (C:\Users\chieudepzaj\AndroidStudioProjects\Shopiki\.gradle\7.3\checksums)" [_thread_blocked, id=5332, stack(0x00000059bde00000,0x00000059bdf00000)]
  0x00000177f2bec800 JavaThread "Cache worker for cache directory md-supplier (C:\Users\chieudepzaj\.gradle\caches\7.3\md-supplier)" [_thread_blocked, id=2960, stack(0x00000059be100000,0x00000059be200000)]
  0x00000177f42e5800 JavaThread "C2 CompilerThread1" daemon [_thread_blocked, id=10412, stack(0x00000059be200000,0x00000059be300000)]
  0x00000177f0d7f800 JavaThread "Cache worker for cache directory md-rule (C:\Users\chieudepzaj\.gradle\caches\7.3\md-rule)" [_thread_blocked, id=12408, stack(0x00000059be300000,0x00000059be400000)]
  0x00000177f0d83800 JavaThread "Cache worker for execution history cache (C:\Users\chieudepzaj\.gradle\caches\7.3\executionHistory)" [_thread_blocked, id=5560, stack(0x00000059be400000,0x00000059be500000)]
  0x00000177f0d82000 JavaThread "jar transforms" [_thread_blocked, id=2180, stack(0x00000059be500000,0x00000059be600000)]
  0x00000177f0d83000 JavaThread "jar transforms Thread 2" [_thread_blocked, id=10400, stack(0x00000059be600000,0x00000059be700000)]
  0x00000177f0d7f000 JavaThread "Cache worker for file content cache (C:\Users\chieudepzaj\.gradle\caches\7.3\fileContent)" [_thread_blocked, id=9852, stack(0x00000059be700000,0x00000059be800000)]
  0x00000177f0d86000 JavaThread "Cache worker for dependencies-accessors (C:\Users\chieudepzaj\AndroidStudioProjects\Shopiki\.gradle\7.3\dependencies-accessors)" [_thread_blocked, id=11620, stack(0x00000059be800000,0x00000059be900000)]
  0x00000177f0d80800 JavaThread "jar transforms Thread 3" [_thread_blocked, id=11544, stack(0x00000059be900000,0x00000059bea00000)]
  0x00000177f0d87000 JavaThread "Cache worker for Build Output Cleanup Cache (C:\Users\chieudepzaj\AndroidStudioProjects\Shopiki\.gradle\buildOutputCleanup)" [_thread_blocked, id=4612, stack(0x00000059bea00000,0x00000059beb00000)]
  0x00000177f0d81800 JavaThread "Unconstrained build operations" [_thread_blocked, id=11124, stack(0x00000059beb00000,0x00000059bec00000)]
  0x00000177f0d8c000 JavaThread "Unconstrained build operations Thread 2" [_thread_blocked, id=6796, stack(0x00000059bec00000,0x00000059bed00000)]
  0x00000177f0d8a800 JavaThread "Unconstrained build operations Thread 3" [_thread_blocked, id=5692, stack(0x00000059bed00000,0x00000059bee00000)]
  0x00000177f0d8c800 JavaThread "Unconstrained build operations Thread 4" [_thread_blocked, id=5080, stack(0x00000059bee00000,0x00000059bef00000)]
  0x00000177f0d8b000 JavaThread "Unconstrained build operations Thread 5" [_thread_blocked, id=7064, stack(0x00000059bef00000,0x00000059bf000000)]
  0x00000177f0d8d800 JavaThread "Unconstrained build operations Thread 6" [_thread_blocked, id=844, stack(0x00000059bf000000,0x00000059bf100000)]
  0x00000177f0d88000 JavaThread "Unconstrained build operations Thread 7" [_thread_blocked, id=5968, stack(0x00000059bf100000,0x00000059bf200000)]
  0x00000177f0d88800 JavaThread "Unconstrained build operations Thread 8" [_thread_blocked, id=5344, stack(0x00000059bf200000,0x00000059bf300000)]
  0x00000177f0d89800 JavaThread "Unconstrained build operations Thread 9" [_thread_blocked, id=8896, stack(0x00000059bf300000,0x00000059bf400000)]
  0x00000177f295b000 JavaThread "Unconstrained build operations Thread 10" [_thread_blocked, id=2332, stack(0x00000059bf400000,0x00000059bf500000)]
  0x00000177f2957800 JavaThread "Unconstrained build operations Thread 11" [_thread_blocked, id=1476, stack(0x00000059bf500000,0x00000059bf600000)]
  0x00000177f2959000 JavaThread "Unconstrained build operations Thread 12" [_thread_blocked, id=2356, stack(0x00000059bf600000,0x00000059bf700000)]
  0x00000177f295b800 JavaThread "Unconstrained build operations Thread 13" [_thread_blocked, id=8264, stack(0x00000059bf700000,0x00000059bf800000)]
  0x00000177f295a000 JavaThread "Unconstrained build operations Thread 14" [_thread_blocked, id=8100, stack(0x00000059bf800000,0x00000059bf900000)]
  0x00000177f295c800 JavaThread "Unconstrained build operations Thread 15" [_thread_blocked, id=7048, stack(0x00000059bf900000,0x00000059bfa00000)]
  0x00000177f2957000 JavaThread "Unconstrained build operations Thread 16" [_thread_blocked, id=10848, stack(0x00000059bfa00000,0x00000059bfb00000)]
  0x00000177f295d800 JavaThread "Unconstrained build operations Thread 17" [_thread_blocked, id=6192, stack(0x00000059bfb00000,0x00000059bfc00000)]
  0x00000177f295e000 JavaThread "Unconstrained build operations Thread 18" [_thread_blocked, id=4648, stack(0x00000059bfc00000,0x00000059bfd00000)]
  0x00000177f2958800 JavaThread "Unconstrained build operations Thread 19" [_thread_blocked, id=6992, stack(0x00000059bfd00000,0x00000059bfe00000)]
  0x00000177f2961800 JavaThread "Unconstrained build operations Thread 20" [_thread_blocked, id=12396, stack(0x00000059bfe00000,0x00000059bff00000)]
  0x00000177f2964000 JavaThread "Unconstrained build operations Thread 21" [_thread_blocked, id=6168, stack(0x00000059bff00000,0x00000059c0000000)]
  0x00000177f2962000 JavaThread "Unconstrained build operations Thread 22" [_thread_blocked, id=9692, stack(0x00000059c0000000,0x00000059c0100000)]
  0x00000177f2963000 JavaThread "Unconstrained build operations Thread 23" [_thread_blocked, id=8520, stack(0x00000059c0100000,0x00000059c0200000)]
  0x00000177f2964800 JavaThread "Unconstrained build operations Thread 24" [_thread_blocked, id=6372, stack(0x00000059c0200000,0x00000059c0300000)]
  0x00000177f295f000 JavaThread "Unconstrained build operations Thread 25" [_thread_blocked, id=7540, stack(0x00000059c0300000,0x00000059c0400000)]
  0x00000177f2965800 JavaThread "Unconstrained build operations Thread 26" [_thread_blocked, id=7596, stack(0x00000059c0400000,0x00000059c0500000)]
  0x00000177f295f800 JavaThread "Unconstrained build operations Thread 27" [_thread_blocked, id=12376, stack(0x00000059c0500000,0x00000059c0600000)]
  0x00000177f2960800 JavaThread "Unconstrained build operations Thread 28" [_thread_blocked, id=8996, stack(0x00000059c0600000,0x00000059c0700000)]
  0x00000177f3ee8000 JavaThread "Unconstrained build operations Thread 29" [_thread_blocked, id=2696, stack(0x00000059c0700000,0x00000059c0800000)]
  0x00000177f3eeb800 JavaThread "Unconstrained build operations Thread 30" [_thread_blocked, id=1964, stack(0x00000059c0800000,0x00000059c0900000)]
  0x00000177f3ee9000 JavaThread "Unconstrained build operations Thread 31" [_thread_blocked, id=11188, stack(0x00000059c0900000,0x00000059c0a00000)]
  0x00000177f3eec000 JavaThread "Unconstrained build operations Thread 32" [_thread_blocked, id=9988, stack(0x00000059c0a00000,0x00000059c0b00000)]
  0x00000177f3ee9800 JavaThread "Unconstrained build operations Thread 33" [_thread_blocked, id=9992, stack(0x00000059c0b00000,0x00000059c0c00000)]
  0x00000177f3ee6800 JavaThread "Unconstrained build operations Thread 34" [_thread_blocked, id=7884, stack(0x00000059c0c00000,0x00000059c0d00000)]
  0x00000177f3eea800 JavaThread "Unconstrained build operations Thread 35" [_thread_blocked, id=9908, stack(0x00000059c0d00000,0x00000059c0e00000)]
  0x00000177f3eed000 JavaThread "Unconstrained build operations Thread 36" [_thread_blocked, id=9516, stack(0x00000059c0e00000,0x00000059c0f00000)]
  0x00000177f3ee7000 JavaThread "Unconstrained build operations Thread 37" [_thread_blocked, id=5716, stack(0x00000059c0f00000,0x00000059c1000000)]
  0x00000177f3ef0000 JavaThread "Unconstrained build operations Thread 38" [_thread_blocked, id=6968, stack(0x00000059c1000000,0x00000059c1100000)]
  0x00000177f3eee800 JavaThread "Unconstrained build operations Thread 39" [_thread_blocked, id=8980, stack(0x00000059c1100000,0x00000059c1200000)]
  0x00000177f3ef1000 JavaThread "Unconstrained build operations Thread 40" [_thread_blocked, id=10920, stack(0x00000059c1200000,0x00000059c1300000)]
  0x00000177f3ef2800 JavaThread "jar transforms Thread 4" [_thread_blocked, id=10304, stack(0x00000059c1300000,0x00000059c1400000)]
  0x00000177f3eef800 JavaThread "Memory manager" [_thread_blocked, id=2024, stack(0x00000059c1400000,0x00000059c1500000)]
  0x00000177f3ef2000 JavaThread "build event listener" [_thread_blocked, id=6276, stack(0x00000059c1500000,0x00000059c1600000)]
  0x00000177f3ef3800 JavaThread "Execution worker for ':'" [_thread_blocked, id=12484, stack(0x00000059c1600000,0x00000059c1700000)]
  0x00000177f3eed800 JavaThread "Execution worker for ':' Thread 2" [_thread_blocked, id=2164, stack(0x00000059c1700000,0x00000059c1800000)]
  0x00000177f3ef4800 JavaThread "Execution worker for ':' Thread 3" [_thread_blocked, id=12752, stack(0x00000059c1800000,0x00000059c1900000)]
  0x00000177f3ef5000 JavaThread "Cache worker for execution history cache (C:\Users\chieudepzaj\AndroidStudioProjects\Shopiki\.gradle\7.3\executionHistory)" [_thread_blocked, id=692, stack(0x00000059c1900000,0x00000059c1a00000)]
  0x00000177fa311000 JavaThread "WorkerExecutor Queue" [_thread_blocked, id=4800, stack(0x00000059c1c00000,0x00000059c1d00000)]
  0x00000177fa30d800 JavaThread "WorkerExecutor Queue Thread 2" [_thread_blocked, id=10340, stack(0x00000059c1d00000,0x00000059c1e00000)]
  0x00000177fa30f000 JavaThread "WorkerExecutor Queue Thread 3" [_thread_blocked, id=12724, stack(0x00000059c1e00000,0x00000059c1f00000)]
  0x00000177fa30e800 JavaThread "pool-3-thread-1" [_thread_blocked, id=4824, stack(0x00000059c1f00000,0x00000059c2000000)]
  0x00000177fa310000 JavaThread "stderr" [_thread_in_native, id=3740, stack(0x00000059c2000000,0x00000059c2100000)]
  0x00000177fa311800 JavaThread "stdout" [_thread_in_native, id=8008, stack(0x00000059c2100000,0x00000059c2200000)]

Other Threads:
  0x00000177efc9b800 VMThread "VM Thread" [stack: 0x00000059bc200000,0x00000059bc300000] [id=11200]
  0x00000177f077f800 WatcherThread [stack: 0x00000059bcc00000,0x00000059bcd00000] [id=12568]
  0x00000177d60e8000 GCTaskThread "GC Thread#0" [stack: 0x00000059bbd00000,0x00000059bbe00000] [id=12716]
  0x00000177f11ca000 GCTaskThread "GC Thread#1" [stack: 0x00000059bce00000,0x00000059bcf00000] [id=6628]
  0x00000177f0a44000 GCTaskThread "GC Thread#2" [stack: 0x00000059bcf00000,0x00000059bd000000] [id=1044]
  0x00000177f24a9000 GCTaskThread "GC Thread#3" [stack: 0x00000059bd900000,0x00000059bda00000] [id=3328]
  0x00000177d6118000 ConcurrentGCThread "G1 Main Marker" [stack: 0x00000059bbe00000,0x00000059bbf00000] [id=7996]
  0x00000177d6119000 ConcurrentGCThread "G1 Conc#0" [stack: 0x00000059bbf00000,0x00000059bc000000] [id=2116]
  0x00000177d61ac000 ConcurrentGCThread "G1 Refine#0" [stack: 0x00000059bc000000,0x00000059bc100000] [id=10876]
  0x00000177f9720000 ConcurrentGCThread "G1 Refine#1" [stack: 0x00000059c1a00000,0x00000059c1b00000] [id=12920]
  0x00000177f3b04000 ConcurrentGCThread "G1 Refine#2" [stack: 0x00000059c1b00000,0x00000059c1c00000] [id=9256]
  0x00000177d61ad800 ConcurrentGCThread "G1 Young RemSet Sampling" [stack: 0x00000059bc100000,0x00000059bc200000] [id=4172]

Threads with active compile tasks:
C2 CompilerThread0  18396 11220       4       org.gradle.internal.logging.sink.OutputEventTransformer::onOutput (399 bytes)

VM state:not at safepoint (normal execution)

VM Mutex/Monitor currently owned by a thread: None

Heap address: 0x0000000080000000, size: 2048 MB, Compressed Oops mode: 32-bit
Narrow klass base: 0x0000000000000000, Narrow klass shift: 3
Compressed class space size: 1073741824 Address: 0x0000000100000000

Heap:
 garbage-first heap   total 227328K, used 162049K [0x0000000080000000, 0x0000000100000000)
  region size 1024K, 69 young (70656K), 4 survivors (4096K)
 Metaspace       used 90094K, capacity 92392K, committed 92536K, reserved 1130496K
  class space    used 11618K, capacity 12465K, committed 12492K, reserved 1048576K
Heap Regions: E=young(eden), S=young(survivor), O=old, HS=humongous(starts), HC=humongous(continues), CS=collection set, F=free, A=archive, TAMS=top-at-mark-start (previous, next)
|   0|0x0000000080000000, 0x0000000080100000, 0x0000000080100000|100%| O|  |TAMS 0x0000000080100000, 0x0000000080000000| Untracked 
|   1|0x0000000080100000, 0x0000000080200000, 0x0000000080200000|100%| O|  |TAMS 0x0000000080200000, 0x0000000080100000| Untracked 
|   2|0x0000000080200000, 0x0000000080300000, 0x0000000080300000|100%| O|  |TAMS 0x0000000080300000, 0x0000000080200000| Untracked 
|   3|0x0000000080300000, 0x0000000080400000, 0x0000000080400000|100%|HS|  |TAMS 0x0000000080400000, 0x0000000080300000| Complete 
|   4|0x0000000080400000, 0x0000000080500000, 0x0000000080500000|100%|HC|  |TAMS 0x0000000080500000, 0x0000000080400000| Complete 
|   5|0x0000000080500000, 0x0000000080600000, 0x0000000080600000|100%|HC|  |TAMS 0x0000000080600000, 0x0000000080500000| Complete 
|   6|0x0000000080600000, 0x0000000080700000, 0x0000000080700000|100%| O|  |TAMS 0x0000000080700000, 0x0000000080600000| Untracked 
|   7|0x0000000080700000, 0x0000000080800000, 0x0000000080800000|100%| O|  |TAMS 0x0000000080800000, 0x0000000080700000| Untracked 
|   8|0x0000000080800000, 0x0000000080900000, 0x0000000080900000|100%| O|  |TAMS 0x0000000080900000, 0x0000000080800000| Untracked 
|   9|0x0000000080900000, 0x0000000080a00000, 0x0000000080a00000|100%| O|  |TAMS 0x0000000080a00000, 0x0000000080900000| Untracked 
|  10|0x0000000080a00000, 0x0000000080b00000, 0x0000000080b00000|100%| O|  |TAMS 0x0000000080b00000, 0x0000000080a00000| Untracked 
|  11|0x0000000080b00000, 0x0000000080c00000, 0x0000000080c00000|100%| O|  |TAMS 0x0000000080c00000, 0x0000000080b00000| Untracked 
|  12|0x0000000080c00000, 0x0000000080d00000, 0x0000000080d00000|100%| O|  |TAMS 0x0000000080d00000, 0x0000000080c00000| Untracked 
|  13|0x0000000080d00000, 0x0000000080e00000, 0x0000000080e00000|100%| O|  |TAMS 0x0000000080e00000, 0x0000000080d00000| Untracked 
|  14|0x0000000080e00000, 0x0000000080f00000, 0x0000000080f00000|100%| O|  |TAMS 0x0000000080f00000, 0x0000000080e00000| Untracked 
|  15|0x0000000080f00000, 0x0000000081000000, 0x0000000081000000|100%| O|  |TAMS 0x0000000081000000, 0x0000000080f00000| Untracked 
|  16|0x0000000081000000, 0x0000000081100000, 0x0000000081100000|100%| O|  |TAMS 0x0000000081100000, 0x0000000081000000| Untracked 
|  17|0x0000000081100000, 0x0000000081200000, 0x0000000081200000|100%| O|  |TAMS 0x0000000081200000, 0x0000000081100000| Untracked 
|  18|0x0000000081200000, 0x0000000081300000, 0x0000000081300000|100%| O|  |TAMS 0x0000000081300000, 0x0000000081200000| Untracked 
|  19|0x0000000081300000, 0x0000000081400000, 0x0000000081400000|100%| O|  |TAMS 0x0000000081400000, 0x0000000081300000| Untracked 
|  20|0x0000000081400000, 0x0000000081500000, 0x0000000081500000|100%| O|  |TAMS 0x0000000081500000, 0x0000000081400000| Untracked 
|  21|0x0000000081500000, 0x0000000081600000, 0x0000000081600000|100%| O|  |TAMS 0x0000000081600000, 0x0000000081500000| Untracked 
|  22|0x0000000081600000, 0x0000000081700000, 0x0000000081700000|100%| O|  |TAMS 0x0000000081700000, 0x0000000081600000| Untracked 
|  23|0x0000000081700000, 0x0000000081800000, 0x0000000081800000|100%| O|  |TAMS 0x0000000081800000, 0x0000000081700000| Untracked 
|  24|0x0000000081800000, 0x0000000081900000, 0x0000000081900000|100%| O|  |TAMS 0x0000000081900000, 0x0000000081800000| Untracked 
|  25|0x0000000081900000, 0x0000000081a00000, 0x0000000081a00000|100%|HS|  |TAMS 0x0000000081a00000, 0x0000000081900000| Complete 
|  26|0x0000000081a00000, 0x0000000081b00000, 0x0000000081b00000|100%|HS|  |TAMS 0x0000000081b00000, 0x0000000081a00000| Complete 
|  27|0x0000000081b00000, 0x0000000081c00000, 0x0000000081c00000|100%|HS|  |TAMS 0x0000000081c00000, 0x0000000081b00000| Complete 
|  28|0x0000000081c00000, 0x0000000081d00000, 0x0000000081d00000|100%|HC|  |TAMS 0x0000000081d00000, 0x0000000081c00000| Complete 
|  29|0x0000000081d00000, 0x0000000081e00000, 0x0000000081e00000|100%| O|  |TAMS 0x0000000081e00000, 0x0000000081d00000| Untracked 
|  30|0x0000000081e00000, 0x0000000081f00000, 0x0000000081f00000|100%| O|  |TAMS 0x0000000081f00000, 0x0000000081e00000| Untracked 
|  31|0x0000000081f00000, 0x0000000082000000, 0x0000000082000000|100%| O|  |TAMS 0x0000000082000000, 0x0000000081f00000| Untracked 
|  32|0x0000000082000000, 0x0000000082100000, 0x0000000082100000|100%| O|  |TAMS 0x0000000082100000, 0x0000000082000000| Untracked 
|  33|0x0000000082100000, 0x0000000082200000, 0x0000000082200000|100%| O|  |TAMS 0x0000000082200000, 0x0000000082100000| Untracked 
|  34|0x0000000082200000, 0x0000000082300000, 0x0000000082300000|100%| O|  |TAMS 0x0000000082300000, 0x0000000082200000| Untracked 
|  35|0x0000000082300000, 0x0000000082400000, 0x0000000082400000|100%| O|  |TAMS 0x0000000082400000, 0x0000000082300000| Untracked 
|  36|0x0000000082400000, 0x0000000082500000, 0x0000000082500000|100%| O|  |TAMS 0x0000000082500000, 0x0000000082400000| Untracked 
|  37|0x0000000082500000, 0x0000000082600000, 0x0000000082600000|100%| O|  |TAMS 0x0000000082600000, 0x0000000082500000| Untracked 
|  38|0x0000000082600000, 0x0000000082700000, 0x0000000082700000|100%| O|  |TAMS 0x0000000082700000, 0x0000000082600000| Untracked 
|  39|0x0000000082700000, 0x0000000082800000, 0x0000000082800000|100%| O|  |TAMS 0x0000000082800000, 0x0000000082700000| Untracked 
|  40|0x0000000082800000, 0x0000000082900000, 0x0000000082900000|100%| O|  |TAMS 0x0000000082900000, 0x0000000082800000| Untracked 
|  41|0x0000000082900000, 0x0000000082a00000, 0x0000000082a00000|100%| O|  |TAMS 0x0000000082a00000, 0x0000000082900000| Untracked 
|  42|0x0000000082a00000, 0x0000000082b00000, 0x0000000082b00000|100%| O|  |TAMS 0x0000000082b00000, 0x0000000082a00000| Untracked 
|  43|0x0000000082b00000, 0x0000000082c00000, 0x0000000082c00000|100%| O|  |TAMS 0x0000000082c00000, 0x0000000082b00000| Untracked 
|  44|0x0000000082c00000, 0x0000000082d00000, 0x0000000082d00000|100%| O|  |TAMS 0x0000000082d00000, 0x0000000082c00000| Untracked 
|  45|0x0000000082d00000, 0x0000000082e00000, 0x0000000082e00000|100%| O|  |TAMS 0x0000000082e00000, 0x0000000082d00000| Untracked 
|  46|0x0000000082e00000, 0x0000000082f00000, 0x0000000082f00000|100%| O|  |TAMS 0x0000000082f00000, 0x0000000082e00000| Untracked 
|  47|0x0000000082f00000, 0x0000000083000000, 0x0000000083000000|100%| O|  |TAMS 0x0000000083000000, 0x0000000082f00000| Untracked 
|  48|0x0000000083000000, 0x0000000083100000, 0x0000000083100000|100%| O|  |TAMS 0x0000000083100000, 0x0000000083000000| Untracked 
|  49|0x0000000083100000, 0x0000000083200000, 0x0000000083200000|100%| O|  |TAMS 0x0000000083200000, 0x0000000083100000| Untracked 
|  50|0x0000000083200000, 0x0000000083300000, 0x0000000083300000|100%| O|  |TAMS 0x0000000083300000, 0x0000000083200000| Untracked 
|  51|0x0000000083300000, 0x0000000083400000, 0x0000000083400000|100%| O|  |TAMS 0x0000000083400000, 0x0000000083300000| Untracked 
|  52|0x0000000083400000, 0x0000000083500000, 0x0000000083500000|100%| O|  |TAMS 0x0000000083500000, 0x0000000083400000| Untracked 
|  53|0x0000000083500000, 0x0000000083600000, 0x0000000083600000|100%| O|  |TAMS 0x0000000083600000, 0x0000000083500000| Untracked 
|  54|0x0000000083600000, 0x0000000083700000, 0x0000000083700000|100%| O|  |TAMS 0x0000000083700000, 0x0000000083600000| Untracked 
|  55|0x0000000083700000, 0x0000000083800000, 0x0000000083800000|100%| O|  |TAMS 0x0000000083800000, 0x0000000083700000| Untracked 
|  56|0x0000000083800000, 0x0000000083900000, 0x0000000083900000|100%| O|  |TAMS 0x0000000083900000, 0x0000000083800000| Untracked 
|  57|0x0000000083900000, 0x0000000083a00000, 0x0000000083a00000|100%| O|  |TAMS 0x0000000083a00000, 0x0000000083900000| Untracked 
|  58|0x0000000083a00000, 0x0000000083b00000, 0x0000000083b00000|100%| O|  |TAMS 0x0000000083a33000, 0x0000000083a00000| Untracked 
|  59|0x0000000083b00000, 0x0000000083c00000, 0x0000000083c00000|100%| O|  |TAMS 0x0000000083b00000, 0x0000000083b00000| Untracked 
|  60|0x0000000083c00000, 0x0000000083d00000, 0x0000000083d00000|100%| O|  |TAMS 0x0000000083c00000, 0x0000000083c00000| Untracked 
|  61|0x0000000083d00000, 0x0000000083e00000, 0x0000000083e00000|100%| O|  |TAMS 0x0000000083d00000, 0x0000000083d00000| Untracked 
|  62|0x0000000083e00000, 0x0000000083f00000, 0x0000000083f00000|100%| O|  |TAMS 0x0000000083e00000, 0x0000000083e00000| Untracked 
|  63|0x0000000083f00000, 0x0000000084000000, 0x0000000084000000|100%| O|  |TAMS 0x0000000083f00000, 0x0000000083f00000| Untracked 
|  64|0x0000000084000000, 0x0000000084100000, 0x0000000084100000|100%| O|  |TAMS 0x0000000084000000, 0x0000000084000000| Untracked 
|  65|0x0000000084100000, 0x0000000084200000, 0x0000000084200000|100%| O|  |TAMS 0x0000000084100000, 0x0000000084100000| Untracked 
|  66|0x0000000084200000, 0x0000000084300000, 0x0000000084300000|100%| O|  |TAMS 0x0000000084200000, 0x0000000084200000| Untracked 
|  67|0x0000000084300000, 0x0000000084400000, 0x0000000084400000|100%| O|  |TAMS 0x0000000084300000, 0x0000000084300000| Untracked 
|  68|0x0000000084400000, 0x0000000084500000, 0x0000000084500000|100%| O|  |TAMS 0x0000000084400000, 0x0000000084400000| Untracked 
|  69|0x0000000084500000, 0x0000000084600000, 0x0000000084600000|100%| O|  |TAMS 0x0000000084500000, 0x0000000084500000| Untracked 
|  70|0x0000000084600000, 0x0000000084700000, 0x0000000084700000|100%| O|  |TAMS 0x0000000084600000, 0x0000000084600000| Untracked 
|  71|0x0000000084700000, 0x0000000084800000, 0x0000000084800000|100%| O|  |TAMS 0x0000000084700000, 0x0000000084700000| Untracked 
|  72|0x0000000084800000, 0x0000000084900000, 0x0000000084900000|100%| O|  |TAMS 0x0000000084800000, 0x0000000084800000| Untracked 
|  73|0x0000000084900000, 0x0000000084a00000, 0x0000000084a00000|100%| O|  |TAMS 0x0000000084900000, 0x0000000084900000| Untracked 
|  74|0x0000000084a00000, 0x0000000084b00000, 0x0000000084b00000|100%| O|  |TAMS 0x0000000084a00000, 0x0000000084a00000| Untracked 
|  75|0x0000000084b00000, 0x0000000084c00000, 0x0000000084c00000|100%| O|  |TAMS 0x0000000084b00000, 0x0000000084b00000| Untracked 
|  76|0x0000000084c00000, 0x0000000084d00000, 0x0000000084d00000|100%| O|  |TAMS 0x0000000084c00000, 0x0000000084c00000| Untracked 
|  77|0x0000000084d00000, 0x0000000084e00000, 0x0000000084e00000|100%| O|  |TAMS 0x0000000084d00000, 0x0000000084d00000| Untracked 
|  78|0x0000000084e00000, 0x0000000084f00000, 0x0000000084f00000|100%| O|  |TAMS 0x0000000084e00000, 0x0000000084e00000| Untracked 
|  79|0x0000000084f00000, 0x0000000085000000, 0x0000000085000000|100%| O|  |TAMS 0x0000000084f00000, 0x0000000084f00000| Untracked 
|  80|0x0000000085000000, 0x0000000085080000, 0x0000000085100000| 50%| O|  |TAMS 0x0000000085000000, 0x0000000085000000| Untracked 
|  81|0x0000000085100000, 0x0000000085100000, 0x0000000085200000|  0%| F|  |TAMS 0x0000000085100000, 0x0000000085100000| Untracked 
|  82|0x0000000085200000, 0x0000000085200000, 0x0000000085300000|  0%| F|  |TAMS 0x0000000085200000, 0x0000000085200000| Untracked 
|  83|0x0000000085300000, 0x0000000085300000, 0x0000000085400000|  0%| F|  |TAMS 0x0000000085300000, 0x0000000085300000| Untracked 
|  84|0x0000000085400000, 0x0000000085400000, 0x0000000085500000|  0%| F|  |TAMS 0x0000000085400000, 0x0000000085400000| Untracked 
|  85|0x0000000085500000, 0x0000000085500000, 0x0000000085600000|  0%| F|  |TAMS 0x0000000085500000, 0x0000000085500000| Untracked 
|  86|0x0000000085600000, 0x0000000085600000, 0x0000000085700000|  0%| F|  |TAMS 0x0000000085600000, 0x0000000085600000| Untracked 
|  87|0x0000000085700000, 0x0000000085700000, 0x0000000085800000|  0%| F|  |TAMS 0x0000000085700000, 0x0000000085700000| Untracked 
|  88|0x0000000085800000, 0x0000000085800000, 0x0000000085900000|  0%| F|  |TAMS 0x0000000085800000, 0x0000000085800000| Untracked 
|  89|0x0000000085900000, 0x0000000085a00000, 0x0000000085a00000|100%| O|  |TAMS 0x0000000085900000, 0x0000000085900000| Untracked 
|  90|0x0000000085a00000, 0x0000000085b00000, 0x0000000085b00000|100%| O|  |TAMS 0x0000000085a00000, 0x0000000085a00000| Untracked 
|  91|0x0000000085b00000, 0x0000000085c00000, 0x0000000085c00000|100%| O|  |TAMS 0x0000000085b00000, 0x0000000085b00000| Untracked 
|  92|0x0000000085c00000, 0x0000000085d00000, 0x0000000085d00000|100%| O|  |TAMS 0x0000000085c00000, 0x0000000085c00000| Untracked 
|  93|0x0000000085d00000, 0x0000000085e00000, 0x0000000085e00000|100%| O|  |TAMS 0x0000000085d00000, 0x0000000085d00000| Untracked 
|  94|0x0000000085e00000, 0x0000000085f00000, 0x0000000085f00000|100%| O|  |TAMS 0x0000000085e00000, 0x0000000085e00000| Untracked 
|  95|0x0000000085f00000, 0x0000000086000000, 0x0000000086000000|100%| O|  |TAMS 0x0000000085f00000, 0x0000000085f00000| Untracked 
|  96|0x0000000086000000, 0x0000000086100000, 0x0000000086100000|100%| O|  |TAMS 0x0000000086000000, 0x0000000086000000| Untracked 
|  97|0x0000000086100000, 0x0000000086200000, 0x0000000086200000|100%| O|  |TAMS 0x0000000086100000, 0x0000000086100000| Untracked 
|  98|0x0000000086200000, 0x0000000086300000, 0x0000000086300000|100%| O|  |TAMS 0x0000000086200000, 0x0000000086200000| Untracked 
|  99|0x0000000086300000, 0x0000000086300000, 0x0000000086400000|  0%| F|  |TAMS 0x0000000086300000, 0x0000000086300000| Untracked 
| 100|0x0000000086400000, 0x0000000086400000, 0x0000000086500000|  0%| F|  |TAMS 0x0000000086400000, 0x0000000086400000| Untracked 
| 101|0x0000000086500000, 0x0000000086500000, 0x0000000086600000|  0%| F|  |TAMS 0x0000000086500000, 0x0000000086500000| Untracked 
| 102|0x0000000086600000, 0x0000000086600000, 0x0000000086700000|  0%| F|  |TAMS 0x0000000086600000, 0x0000000086600000| Untracked 
| 103|0x0000000086700000, 0x0000000086700000, 0x0000000086800000|  0%| F|  |TAMS 0x0000000086700000, 0x0000000086700000| Untracked 
| 104|0x0000000086800000, 0x0000000086800000, 0x0000000086900000|  0%| F|  |TAMS 0x0000000086800000, 0x0000000086800000| Untracked 
| 105|0x0000000086900000, 0x0000000086900000, 0x0000000086a00000|  0%| F|  |TAMS 0x0000000086900000, 0x0000000086900000| Untracked 
| 106|0x0000000086a00000, 0x0000000086a00000, 0x0000000086b00000|  0%| F|  |TAMS 0x0000000086a00000, 0x0000000086a00000| Untracked 
| 107|0x0000000086b00000, 0x0000000086b00000, 0x0000000086c00000|  0%| F|  |TAMS 0x0000000086b00000, 0x0000000086b00000| Untracked 
| 108|0x0000000086c00000, 0x0000000086c00000, 0x0000000086d00000|  0%| F|  |TAMS 0x0000000086c00000, 0x0000000086c00000| Untracked 
| 109|0x0000000086d00000, 0x0000000086d00000, 0x0000000086e00000|  0%| F|  |TAMS 0x0000000086d00000, 0x0000000086d00000| Untracked 
| 110|0x0000000086e00000, 0x0000000086f00000, 0x0000000086f00000|100%| O|  |TAMS 0x0000000086e00000, 0x0000000086e00000| Untracked 
| 111|0x0000000086f00000, 0x0000000086f00000, 0x0000000087000000|  0%| F|  |TAMS 0x0000000086f00000, 0x0000000086f00000| Untracked 
| 112|0x0000000087000000, 0x0000000087000000, 0x0000000087100000|  0%| F|  |TAMS 0x0000000087000000, 0x0000000087000000| Untracked 
| 113|0x0000000087100000, 0x0000000087100000, 0x0000000087200000|  0%| F|  |TAMS 0x0000000087100000, 0x0000000087100000| Untracked 
| 114|0x0000000087200000, 0x0000000087200000, 0x0000000087300000|  0%| F|  |TAMS 0x0000000087200000, 0x0000000087200000| Untracked 
| 115|0x0000000087300000, 0x0000000087300000, 0x0000000087400000|  0%| F|  |TAMS 0x0000000087300000, 0x0000000087300000| Untracked 
| 116|0x0000000087400000, 0x0000000087400000, 0x0000000087500000|  0%| F|  |TAMS 0x0000000087400000, 0x0000000087400000| Untracked 
| 117|0x0000000087500000, 0x0000000087500000, 0x0000000087600000|  0%| F|  |TAMS 0x0000000087500000, 0x0000000087500000| Untracked 
| 118|0x0000000087600000, 0x0000000087600000, 0x0000000087700000|  0%| F|  |TAMS 0x0000000087600000, 0x0000000087600000| Untracked 
| 119|0x0000000087700000, 0x0000000087700000, 0x0000000087800000|  0%| F|  |TAMS 0x0000000087700000, 0x0000000087700000| Untracked 
| 120|0x0000000087800000, 0x0000000087800000, 0x0000000087900000|  0%| F|  |TAMS 0x0000000087800000, 0x0000000087800000| Untracked 
| 121|0x0000000087900000, 0x0000000087900000, 0x0000000087a00000|  0%| F|  |TAMS 0x0000000087900000, 0x0000000087900000| Untracked 
| 122|0x0000000087a00000, 0x0000000087a00000, 0x0000000087b00000|  0%| F|  |TAMS 0x0000000087a00000, 0x0000000087a00000| Untracked 
| 123|0x0000000087b00000, 0x0000000087b00000, 0x0000000087c00000|  0%| F|  |TAMS 0x0000000087b00000, 0x0000000087b00000| Untracked 
| 124|0x0000000087c00000, 0x0000000087c00000, 0x0000000087d00000|  0%| F|  |TAMS 0x0000000087c00000, 0x0000000087c00000| Untracked 
| 125|0x0000000087d00000, 0x0000000087d00000, 0x0000000087e00000|  0%| F|  |TAMS 0x0000000087d00000, 0x0000000087d00000| Untracked 
| 126|0x0000000087e00000, 0x0000000087e00000, 0x0000000087f00000|  0%| F|  |TAMS 0x0000000087e00000, 0x0000000087e00000| Untracked 
| 127|0x0000000087f00000, 0x0000000087f00000, 0x0000000088000000|  0%| F|  |TAMS 0x0000000087f00000, 0x0000000087f00000| Untracked 
| 128|0x0000000088000000, 0x0000000088000000, 0x0000000088100000|  0%| F|  |TAMS 0x0000000088000000, 0x0000000088000000| Untracked 
| 129|0x0000000088100000, 0x0000000088100000, 0x0000000088200000|  0%| F|  |TAMS 0x0000000088100000, 0x0000000088100000| Untracked 
| 130|0x0000000088200000, 0x0000000088200000, 0x0000000088300000|  0%| F|  |TAMS 0x0000000088200000, 0x0000000088200000| Untracked 
| 131|0x0000000088300000, 0x0000000088300000, 0x0000000088400000|  0%| F|  |TAMS 0x0000000088300000, 0x0000000088300000| Untracked 
| 132|0x0000000088400000, 0x0000000088400000, 0x0000000088500000|  0%| F|  |TAMS 0x0000000088400000, 0x0000000088400000| Untracked 
| 133|0x0000000088500000, 0x0000000088500000, 0x0000000088600000|  0%| F|  |TAMS 0x0000000088500000, 0x0000000088500000| Untracked 
| 134|0x0000000088600000, 0x00000000886c0480, 0x0000000088700000| 75%| S|CS|TAMS 0x0000000088600000, 0x0000000088600000| Complete 
| 135|0x0000000088700000, 0x0000000088700000, 0x0000000088800000|  0%| F|  |TAMS 0x0000000088700000, 0x0000000088700000| Untracked 
| 136|0x0000000088800000, 0x0000000088800000, 0x0000000088900000|  0%| F|  |TAMS 0x0000000088800000, 0x0000000088800000| Untracked 
| 137|0x0000000088900000, 0x0000000088900000, 0x0000000088a00000|  0%| F|  |TAMS 0x0000000088900000, 0x0000000088900000| Untracked 
| 138|0x0000000088a00000, 0x0000000088a00000, 0x0000000088b00000|  0%| F|  |TAMS 0x0000000088a00000, 0x0000000088a00000| Untracked 
| 139|0x0000000088b00000, 0x0000000088b00000, 0x0000000088c00000|  0%| F|  |TAMS 0x0000000088b00000, 0x0000000088b00000| Untracked 
| 140|0x0000000088c00000, 0x0000000088c00000, 0x0000000088d00000|  0%| F|  |TAMS 0x0000000088c00000, 0x0000000088c00000| Untracked 
| 141|0x0000000088d00000, 0x0000000088d00000, 0x0000000088e00000|  0%| F|  |TAMS 0x0000000088d00000, 0x0000000088d00000| Untracked 
| 142|0x0000000088e00000, 0x0000000088e00000, 0x0000000088f00000|  0%| F|  |TAMS 0x0000000088e00000, 0x0000000088e00000| Untracked 
| 143|0x0000000088f00000, 0x0000000089000000, 0x0000000089000000|100%| S|CS|TAMS 0x0000000088f00000, 0x0000000088f00000| Complete 
| 144|0x0000000089000000, 0x0000000089100000, 0x0000000089100000|100%| S|CS|TAMS 0x0000000089000000, 0x0000000089000000| Complete 
| 145|0x0000000089100000, 0x0000000089200000, 0x0000000089200000|100%| S|CS|TAMS 0x0000000089100000, 0x0000000089100000| Complete 
| 146|0x0000000089200000, 0x0000000089200000, 0x0000000089300000|  0%| F|  |TAMS 0x0000000089200000, 0x0000000089200000| Untracked 
| 147|0x0000000089300000, 0x0000000089300000, 0x0000000089400000|  0%| F|  |TAMS 0x0000000089300000, 0x0000000089300000| Untracked 
| 148|0x0000000089400000, 0x0000000089400000, 0x0000000089500000|  0%| F|  |TAMS 0x0000000089400000, 0x0000000089400000| Untracked 
| 149|0x0000000089500000, 0x0000000089500000, 0x0000000089600000|  0%| F|  |TAMS 0x0000000089500000, 0x0000000089500000| Untracked 
| 150|0x0000000089600000, 0x0000000089600000, 0x0000000089700000|  0%| F|  |TAMS 0x0000000089600000, 0x0000000089600000| Untracked 
| 151|0x0000000089700000, 0x0000000089700000, 0x0000000089800000|  0%| F|  |TAMS 0x0000000089700000, 0x0000000089700000| Untracked 
| 152|0x0000000089800000, 0x0000000089800000, 0x0000000089900000|  0%| F|  |TAMS 0x0000000089800000, 0x0000000089800000| Untracked 
| 153|0x0000000089900000, 0x0000000089900000, 0x0000000089a00000|  0%| F|  |TAMS 0x0000000089900000, 0x0000000089900000| Untracked 
| 154|0x0000000089a00000, 0x0000000089a00000, 0x0000000089b00000|  0%| F|  |TAMS 0x0000000089a00000, 0x0000000089a00000| Untracked 
| 155|0x0000000089b00000, 0x0000000089b00000, 0x0000000089c00000|  0%| F|  |TAMS 0x0000000089b00000, 0x0000000089b00000| Untracked 
| 156|0x0000000089c00000, 0x0000000089c00000, 0x0000000089d00000|  0%| F|  |TAMS 0x0000000089c00000, 0x0000000089c00000| Untracked 
| 157|0x0000000089d00000, 0x0000000089d40398, 0x0000000089e00000| 25%| E|  |TAMS 0x0000000089d00000, 0x0000000089d00000| Complete 
| 158|0x0000000089e00000, 0x0000000089f00000, 0x0000000089f00000|100%| E|CS|TAMS 0x0000000089e00000, 0x0000000089e00000| Complete 
| 159|0x0000000089f00000, 0x000000008a000000, 0x000000008a000000|100%| E|CS|TAMS 0x0000000089f00000, 0x0000000089f00000| Complete 
| 160|0x000000008a000000, 0x000000008a100000, 0x000000008a100000|100%| E|CS|TAMS 0x000000008a000000, 0x000000008a000000| Complete 
| 161|0x000000008a100000, 0x000000008a200000, 0x000000008a200000|100%| E|CS|TAMS 0x000000008a100000, 0x000000008a100000| Complete 
| 162|0x000000008a200000, 0x000000008a300000, 0x000000008a300000|100%| E|CS|TAMS 0x000000008a200000, 0x000000008a200000| Complete 
| 163|0x000000008a300000, 0x000000008a400000, 0x000000008a400000|100%| E|CS|TAMS 0x000000008a300000, 0x000000008a300000| Complete 
| 164|0x000000008a400000, 0x000000008a500000, 0x000000008a500000|100%| E|CS|TAMS 0x000000008a400000, 0x000000008a400000| Complete 
| 165|0x000000008a500000, 0x000000008a600000, 0x000000008a600000|100%| E|CS|TAMS 0x000000008a500000, 0x000000008a500000| Complete 
| 166|0x000000008a600000, 0x000000008a700000, 0x000000008a700000|100%| E|  |TAMS 0x000000008a600000, 0x000000008a600000| Complete 
| 167|0x000000008a700000, 0x000000008a800000, 0x000000008a800000|100%| E|CS|TAMS 0x000000008a700000, 0x000000008a700000| Complete 
| 168|0x000000008a800000, 0x000000008a900000, 0x000000008a900000|100%| E|CS|TAMS 0x000000008a800000, 0x000000008a800000| Complete 
| 169|0x000000008a900000, 0x000000008aa00000, 0x000000008aa00000|100%| E|CS|TAMS 0x000000008a900000, 0x000000008a900000| Complete 
| 170|0x000000008aa00000, 0x000000008ab00000, 0x000000008ab00000|100%| E|CS|TAMS 0x000000008aa00000, 0x000000008aa00000| Complete 
| 171|0x000000008ab00000, 0x000000008ac00000, 0x000000008ac00000|100%| E|CS|TAMS 0x000000008ab00000, 0x000000008ab00000| Complete 
| 172|0x000000008ac00000, 0x000000008ad00000, 0x000000008ad00000|100%| E|CS|TAMS 0x000000008ac00000, 0x000000008ac00000| Complete 
| 173|0x000000008ad00000, 0x000000008ae00000, 0x000000008ae00000|100%| E|CS|TAMS 0x000000008ad00000, 0x000000008ad00000| Complete 
| 174|0x000000008ae00000, 0x000000008af00000, 0x000000008af00000|100%| E|CS|TAMS 0x000000008ae00000, 0x000000008ae00000| Complete 
| 175|0x000000008af00000, 0x000000008b000000, 0x000000008b000000|100%| E|CS|TAMS 0x000000008af00000, 0x000000008af00000| Complete 
| 176|0x000000008b000000, 0x000000008b100000, 0x000000008b100000|100%| E|CS|TAMS 0x000000008b000000, 0x000000008b000000| Complete 
| 177|0x000000008b100000, 0x000000008b200000, 0x000000008b200000|100%| E|CS|TAMS 0x000000008b100000, 0x000000008b100000| Complete 
| 178|0x000000008b200000, 0x000000008b300000, 0x000000008b300000|100%| E|CS|TAMS 0x000000008b200000, 0x000000008b200000| Complete 
| 179|0x000000008b300000, 0x000000008b400000, 0x000000008b400000|100%| E|CS|TAMS 0x000000008b300000, 0x000000008b300000| Complete 
| 180|0x000000008b400000, 0x000000008b500000, 0x000000008b500000|100%| E|CS|TAMS 0x000000008b400000, 0x000000008b400000| Complete 
| 181|0x000000008b500000, 0x000000008b600000, 0x000000008b600000|100%| E|CS|TAMS 0x000000008b500000, 0x000000008b500000| Complete 
| 182|0x000000008b600000, 0x000000008b700000, 0x000000008b700000|100%| E|CS|TAMS 0x000000008b600000, 0x000000008b600000| Complete 
| 183|0x000000008b700000, 0x000000008b800000, 0x000000008b800000|100%| E|CS|TAMS 0x000000008b700000, 0x000000008b700000| Complete 
| 184|0x000000008b800000, 0x000000008b900000, 0x000000008b900000|100%| E|CS|TAMS 0x000000008b800000, 0x000000008b800000| Complete 
| 185|0x000000008b900000, 0x000000008ba00000, 0x000000008ba00000|100%| E|CS|TAMS 0x000000008b900000, 0x000000008b900000| Complete 
| 186|0x000000008ba00000, 0x000000008bb00000, 0x000000008bb00000|100%| E|CS|TAMS 0x000000008ba00000, 0x000000008ba00000| Complete 
| 187|0x000000008bb00000, 0x000000008bc00000, 0x000000008bc00000|100%| E|CS|TAMS 0x000000008bb00000, 0x000000008bb00000| Complete 
| 188|0x000000008bc00000, 0x000000008bd00000, 0x000000008bd00000|100%| E|CS|TAMS 0x000000008bc00000, 0x000000008bc00000| Complete 
| 189|0x000000008bd00000, 0x000000008be00000, 0x000000008be00000|100%| E|CS|TAMS 0x000000008bd00000, 0x000000008bd00000| Complete 
| 190|0x000000008be00000, 0x000000008bf00000, 0x000000008bf00000|100%| E|CS|TAMS 0x000000008be00000, 0x000000008be00000| Complete 
| 191|0x000000008bf00000, 0x000000008c000000, 0x000000008c000000|100%| E|CS|TAMS 0x000000008bf00000, 0x000000008bf00000| Complete 
| 192|0x000000008c000000, 0x000000008c100000, 0x000000008c100000|100%| E|CS|TAMS 0x000000008c000000, 0x000000008c000000| Complete 
| 193|0x000000008c100000, 0x000000008c200000, 0x000000008c200000|100%| E|CS|TAMS 0x000000008c100000, 0x000000008c100000| Complete 
| 194|0x000000008c200000, 0x000000008c300000, 0x000000008c300000|100%| E|CS|TAMS 0x000000008c200000, 0x000000008c200000| Complete 
| 195|0x000000008c300000, 0x000000008c400000, 0x000000008c400000|100%| E|CS|TAMS 0x000000008c300000, 0x000000008c300000| Complete 
| 196|0x000000008c400000, 0x000000008c500000, 0x000000008c500000|100%| E|CS|TAMS 0x000000008c400000, 0x000000008c400000| Complete 
| 197|0x000000008c500000, 0x000000008c600000, 0x000000008c600000|100%| E|CS|TAMS 0x000000008c500000, 0x000000008c500000| Complete 
| 198|0x000000008c600000, 0x000000008c700000, 0x000000008c700000|100%| E|CS|TAMS 0x000000008c600000, 0x000000008c600000| Complete 
| 199|0x000000008c700000, 0x000000008c800000, 0x000000008c800000|100%| E|CS|TAMS 0x000000008c700000, 0x000000008c700000| Complete 
| 200|0x000000008c800000, 0x000000008c900000, 0x000000008c900000|100%| E|CS|TAMS 0x000000008c800000, 0x000000008c800000| Complete 
| 201|0x000000008c900000, 0x000000008ca00000, 0x000000008ca00000|100%| E|CS|TAMS 0x000000008c900000, 0x000000008c900000| Complete 
| 202|0x000000008ca00000, 0x000000008cb00000, 0x000000008cb00000|100%| E|CS|TAMS 0x000000008ca00000, 0x000000008ca00000| Complete 
| 203|0x000000008cb00000, 0x000000008cc00000, 0x000000008cc00000|100%| E|CS|TAMS 0x000000008cb00000, 0x000000008cb00000| Complete 
| 204|0x000000008cc00000, 0x000000008cd00000, 0x000000008cd00000|100%| E|CS|TAMS 0x000000008cc00000, 0x000000008cc00000| Complete 
| 205|0x000000008cd00000, 0x000000008ce00000, 0x000000008ce00000|100%| E|CS|TAMS 0x000000008cd00000, 0x000000008cd00000| Complete 
| 206|0x000000008ce00000, 0x000000008cf00000, 0x000000008cf00000|100%| E|CS|TAMS 0x000000008ce00000, 0x000000008ce00000| Complete 
| 207|0x000000008cf00000, 0x000000008d000000, 0x000000008d000000|100%| E|CS|TAMS 0x000000008cf00000, 0x000000008cf00000| Complete 
| 208|0x000000008d000000, 0x000000008d100000, 0x000000008d100000|100%| E|CS|TAMS 0x000000008d000000, 0x000000008d000000| Complete 
| 209|0x000000008d100000, 0x000000008d200000, 0x000000008d200000|100%| E|CS|TAMS 0x000000008d100000, 0x000000008d100000| Complete 
| 210|0x000000008d200000, 0x000000008d300000, 0x000000008d300000|100%| E|CS|TAMS 0x000000008d200000, 0x000000008d200000| Complete 
| 211|0x000000008d300000, 0x000000008d400000, 0x000000008d400000|100%| E|CS|TAMS 0x000000008d300000, 0x000000008d300000| Complete 
| 212|0x000000008d400000, 0x000000008d500000, 0x000000008d500000|100%| E|CS|TAMS 0x000000008d400000, 0x000000008d400000| Complete 
| 213|0x000000008d500000, 0x000000008d600000, 0x000000008d600000|100%| E|CS|TAMS 0x000000008d500000, 0x000000008d500000| Complete 
| 214|0x000000008d600000, 0x000000008d700000, 0x000000008d700000|100%| E|CS|TAMS 0x000000008d600000, 0x000000008d600000| Complete 
| 215|0x000000008d700000, 0x000000008d800000, 0x000000008d800000|100%| E|CS|TAMS 0x000000008d700000, 0x000000008d700000| Complete 
| 216|0x000000008d800000, 0x000000008d900000, 0x000000008d900000|100%| E|CS|TAMS 0x000000008d800000, 0x000000008d800000| Complete 
| 217|0x000000008d900000, 0x000000008da00000, 0x000000008da00000|100%| E|CS|TAMS 0x000000008d900000, 0x000000008d900000| Complete 
| 218|0x000000008da00000, 0x000000008db00000, 0x000000008db00000|100%| E|CS|TAMS 0x000000008da00000, 0x000000008da00000| Complete 
| 219|0x000000008db00000, 0x000000008dc00000, 0x000000008dc00000|100%| E|CS|TAMS 0x000000008db00000, 0x000000008db00000| Complete 
| 220|0x000000008dc00000, 0x000000008dd00000, 0x000000008dd00000|100%| E|CS|TAMS 0x000000008dc00000, 0x000000008dc00000| Complete 
| 221|0x000000008dd00000, 0x000000008de00000, 0x000000008de00000|100%| E|CS|TAMS 0x000000008dd00000, 0x000000008dd00000| Complete 

Card table byte_map: [0x00000177e8fc0000,0x00000177e93c0000] _byte_map_base: 0x00000177e8bc0000

Marking Bits (Prev, Next): (CMBitMap*) 0x00000177d610efd0, (CMBitMap*) 0x00000177d610ef98
 Prev Bits: [0x00000177eb7c0000, 0x00000177ed7c0000)
 Next Bits: [0x00000177e97c0000, 0x00000177eb7c0000)

Polling page: 0x00000177d4040000

Metaspace:

Usage:
  Non-class:     78.05 MB capacity,    76.64 MB ( 98%) used,     1.17 MB (  1%) free+waste,   256.94 KB ( <1%) overhead. 
      Class:     12.17 MB capacity,    11.35 MB ( 93%) used,   731.38 KB (  6%) free+waste,   115.56 KB ( <1%) overhead. 
       Both:     90.23 MB capacity,    87.98 MB ( 98%) used,     1.88 MB (  2%) free+waste,   372.50 KB ( <1%) overhead. 

Virtual space:
  Non-class space:       80.00 MB reserved,      78.17 MB ( 98%) committed 
      Class space:        1.00 GB reserved,      12.20 MB (  1%) committed 
             Both:        1.08 GB reserved,      90.37 MB (  8%) committed 

Chunk freelists:
   Non-Class:  0 bytes
       Class:  15.00 KB
        Both:  15.00 KB

MaxMetaspaceSize: 17179869184.00 GB
CompressedClassSpaceSize: 1.00 GB

CodeHeap 'non-profiled nmethods': size=120064Kb used=6528Kb max_used=6528Kb free=113535Kb
 bounds [0x00000177e1680000, 0x00000177e1cf0000, 0x00000177e8bc0000]
CodeHeap 'profiled nmethods': size=120000Kb used=23460Kb max_used=23460Kb free=96539Kb
 bounds [0x00000177da150000, 0x00000177db840000, 0x00000177e1680000]
CodeHeap 'non-nmethods': size=5696Kb used=2327Kb max_used=2344Kb free=3368Kb
 bounds [0x00000177d9bc0000, 0x00000177d9e30000, 0x00000177da150000]
 total_blobs=12028 nmethods=11119 adapters=818
 compilation: enabled
              stopped_count=0, restarted_count=0
 full_count=0

Compilation events (20 events):
Event: 17.905 Thread 0x00000177f42e5800 11215       4       com.esotericsoftware.kryo.io.Input::<init> (25 bytes)
Event: 17.905 Thread 0x00000177efccd000 11216       3       org.gradle.internal.vfs.impl.DefaultFileSystemAccess::snapshot (237 bytes)
Event: 17.907 Thread 0x00000177efccd000 nmethod 11216 0x00000177db829e90 code [0x00000177db82a320, 0x00000177db82cb88]
Event: 17.908 Thread 0x00000177f42e5800 nmethod 11215 0x00000177e1cd6590 code [0x00000177e1cd6740, 0x00000177e1cd6a98]
Event: 17.909 Thread 0x00000177efcc3000 11217       4       org.gradle.internal.snapshot.CompositeFileSystemSnapshot::of (56 bytes)
Event: 17.912 Thread 0x00000177efcc3000 nmethod 11217 0x00000177e1cd6b90 code [0x00000177e1cd6d60, 0x00000177e1cd7048]
Event: 17.912 Thread 0x00000177efccd000 11218   !   3       org.gradle.cache.internal.CacheAccessWorker::addToQueue (37 bytes)
Event: 17.912 Thread 0x00000177f42e5800 11219       4       com.google.common.cache.AbstractCache$SimpleStatsCounter::recordMisses (12 bytes)
Event: 17.912 Thread 0x00000177efccd000 nmethod 11218 0x00000177db82db10 code [0x00000177db82dd00, 0x00000177db82e0a8]
Event: 17.913 Thread 0x00000177efcc3000 11220       4       org.gradle.internal.logging.sink.OutputEventTransformer::onOutput (399 bytes)
Event: 17.913 Thread 0x00000177f42e5800 nmethod 11219 0x00000177e1cd7290 code [0x00000177e1cd7420, 0x00000177e1cd74f8]
Event: 17.915 Thread 0x00000177f42e5800 11221   !   4       org.gradle.internal.logging.sink.OutputEventRenderer::onOutput (101 bytes)
Event: 17.919 Thread 0x00000177f42e5800 nmethod 11221 0x00000177e1cd7690 code [0x00000177e1cd7860, 0x00000177e1cd7ce8]
Event: 17.920 Thread 0x00000177f42e5800 11222       4       org.gradle.internal.logging.sink.OutputEventListenerManager$1::onOutput (33 bytes)
Event: 17.925 Thread 0x00000177f42e5800 nmethod 11222 0x00000177e1cd7f90 code [0x00000177e1cd8180, 0x00000177e1cd8738]
Event: 17.937 Thread 0x00000177f42e5800 11223       4       java.util.concurrent.FutureTask::awaitDone (214 bytes)
Event: 17.946 Thread 0x00000177f42e5800 nmethod 11223 0x00000177e1cd8b90 code [0x00000177e1cd8d60, 0x00000177e1cd9618]
Event: 18.299 Thread 0x00000177f42e5800 11224       4       org.gradle.internal.snapshot.AbstractListChildMap::stream (10 bytes)
Event: 18.305 Thread 0x00000177efccd000 11229   !   3       org.gradle.internal.resources.DefaultResourceLockCoordinationService$DefaultResourceLockState::releaseLocks (76 bytes)
Event: 18.306 Thread 0x00000177efccd000 nmethod 11229 0x00000177db82e290 code [0x00000177db82e4a0, 0x00000177db82eb88]

GC Heap History (20 events):
Event: 7.019 GC heap before
{Heap before GC invocations=10 (full 0):
 garbage-first heap   total 157696K, used 38745K [0x0000000080000000, 0x0000000100000000)
  region size 1024K, 20 young (20480K), 11 survivors (11264K)
 Metaspace       used 44680K, capacity 45869K, committed 46080K, reserved 1089536K
  class space    used 5733K, capacity 6144K, committed 6144K, reserved 1048576K
}
Event: 7.034 GC heap after
{Heap after GC invocations=11 (full 0):
 garbage-first heap   total 157696K, used 30518K [0x0000000080000000, 0x0000000100000000)
  region size 1024K, 6 young (6144K), 6 survivors (6144K)
 Metaspace       used 44680K, capacity 45869K, committed 46080K, reserved 1089536K
  class space    used 5733K, capacity 6144K, committed 6144K, reserved 1048576K
}
Event: 8.588 GC heap before
{Heap before GC invocations=12 (full 0):
 garbage-first heap   total 157696K, used 117558K [0x0000000080000000, 0x0000000100000000)
  region size 1024K, 88 young (90112K), 6 survivors (6144K)
 Metaspace       used 48740K, capacity 50078K, committed 50252K, reserved 1093632K
  class space    used 6255K, capacity 6749K, committed 6784K, reserved 1048576K
}
Event: 8.600 GC heap after
{Heap after GC invocations=13 (full 0):
 garbage-first heap   total 157696K, used 43229K [0x0000000080000000, 0x0000000100000000)
  region size 1024K, 11 young (11264K), 11 survivors (11264K)
 Metaspace       used 48740K, capacity 50078K, committed 50252K, reserved 1093632K
  class space    used 6255K, capacity 6749K, committed 6784K, reserved 1048576K
}
Event: 9.738 GC heap before
{Heap before GC invocations=13 (full 0):
 garbage-first heap   total 157696K, used 119005K [0x0000000080000000, 0x0000000100000000)
  region size 1024K, 85 young (87040K), 11 survivors (11264K)
 Metaspace       used 59093K, capacity 60667K, committed 60876K, reserved 1101824K
  class space    used 7564K, capacity 8155K, committed 8192K, reserved 1048576K
}
Event: 9.752 GC heap after
{Heap after GC invocations=14 (full 0):
 garbage-first heap   total 189440K, used 47703K [0x0000000080000000, 0x0000000100000000)
  region size 1024K, 4 young (4096K), 4 survivors (4096K)
 Metaspace       used 59093K, capacity 60667K, committed 60876K, reserved 1101824K
  class space    used 7564K, capacity 8155K, committed 8192K, reserved 1048576K
}
Event: 10.634 GC heap before
{Heap before GC invocations=14 (full 0):
 garbage-first heap   total 189440K, used 133719K [0x0000000080000000, 0x0000000100000000)
  region size 1024K, 88 young (90112K), 4 survivors (4096K)
 Metaspace       used 64651K, capacity 66430K, committed 66508K, reserved 1107968K
  class space    used 8266K, capacity 8907K, committed 8960K, reserved 1048576K
}
Event: 10.644 GC heap after
{Heap after GC invocations=15 (full 0):
 garbage-first heap   total 189440K, used 54532K [0x0000000080000000, 0x0000000100000000)
  region size 1024K, 11 young (11264K), 11 survivors (11264K)
 Metaspace       used 64651K, capacity 66430K, committed 66508K, reserved 1107968K
  class space    used 8266K, capacity 8907K, committed 8960K, reserved 1048576K
}
Event: 11.594 GC heap before
{Heap before GC invocations=15 (full 0):
 garbage-first heap   total 189440K, used 140548K [0x0000000080000000, 0x0000000100000000)
  region size 1024K, 95 young (97280K), 11 survivors (11264K)
 Metaspace       used 70904K, capacity 72721K, committed 72908K, reserved 1112064K
  class space    used 9245K, capacity 9884K, committed 9984K, reserved 1048576K
}
Event: 11.609 GC heap after
{Heap after GC invocations=16 (full 0):
 garbage-first heap   total 189440K, used 60202K [0x0000000080000000, 0x0000000100000000)
  region size 1024K, 6 young (6144K), 6 survivors (6144K)
 Metaspace       used 70904K, capacity 72721K, committed 72908K, reserved 1112064K
  class space    used 9245K, capacity 9884K, committed 9984K, reserved 1048576K
}
Event: 12.243 GC heap before
{Heap before GC invocations=16 (full 0):
 garbage-first heap   total 189440K, used 110378K [0x0000000080000000, 0x0000000100000000)
  region size 1024K, 56 young (57344K), 6 survivors (6144K)
 Metaspace       used 75422K, capacity 77292K, committed 77356K, reserved 1116160K
  class space    used 9915K, capacity 10622K, committed 10624K, reserved 1048576K
}
Event: 12.257 GC heap after
{Heap after GC invocations=17 (full 0):
 garbage-first heap   total 189440K, used 62564K [0x0000000080000000, 0x0000000100000000)
  region size 1024K, 9 young (9216K), 9 survivors (9216K)
 Metaspace       used 75422K, capacity 77292K, committed 77356K, reserved 1116160K
  class space    used 9915K, capacity 10622K, committed 10624K, reserved 1048576K
}
Event: 13.771 GC heap before
{Heap before GC invocations=18 (full 0):
 garbage-first heap   total 189440K, used 140388K [0x0000000080000000, 0x0000000100000000)
  region size 1024K, 86 young (88064K), 9 survivors (9216K)
 Metaspace       used 80526K, capacity 82763K, committed 82808K, reserved 1120256K
  class space    used 10618K, capacity 11452K, committed 11468K, reserved 1048576K
}
Event: 13.789 GC heap after
{Heap after GC invocations=19 (full 0):
 garbage-first heap   total 189440K, used 68550K [0x0000000080000000, 0x0000000100000000)
  region size 1024K, 9 young (9216K), 9 survivors (9216K)
 Metaspace       used 80526K, capacity 82763K, committed 82808K, reserved 1120256K
  class space    used 10618K, capacity 11452K, committed 11468K, reserved 1048576K
}
Event: 14.697 GC heap before
{Heap before GC invocations=20 (full 0):
 garbage-first heap   total 189440K, used 146374K [0x0000000080000000, 0x0000000100000000)
  region size 1024K, 84 young (86016K), 9 survivors (9216K)
 Metaspace       used 82583K, capacity 84810K, committed 85112K, reserved 1122304K
  class space    used 10790K, capacity 11651K, committed 11724K, reserved 1048576K
}
Event: 14.721 GC heap after
{Heap after GC invocations=21 (full 0):
 garbage-first heap   total 227328K, used 85879K [0x0000000080000000, 0x0000000100000000)
  region size 1024K, 11 young (11264K), 11 survivors (11264K)
 Metaspace       used 82583K, capacity 84810K, committed 85112K, reserved 1122304K
  class space    used 10790K, capacity 11651K, committed 11724K, reserved 1048576K
}
Event: 15.986 GC heap before
{Heap before GC invocations=21 (full 0):
 garbage-first heap   total 227328K, used 181111K [0x0000000080000000, 0x0000000100000000)
  region size 1024K, 90 young (92160K), 11 survivors (11264K)
 Metaspace       used 85496K, capacity 87812K, committed 87928K, reserved 1126400K
  class space    used 11059K, capacity 11915K, committed 11980K, reserved 1048576K
}
Event: 16.008 GC heap after
{Heap after GC invocations=22 (full 0):
 garbage-first heap   total 227328K, used 94208K [0x0000000080000000, 0x0000000100000000)
  region size 1024K, 8 young (8192K), 8 survivors (8192K)
 Metaspace       used 85496K, capacity 87812K, committed 87928K, reserved 1126400K
  class space    used 11059K, capacity 11915K, committed 11980K, reserved 1048576K
}
Event: 16.890 GC heap before
{Heap before GC invocations=22 (full 0):
 garbage-first heap   total 227328K, used 171008K [0x0000000080000000, 0x0000000100000000)
  region size 1024K, 84 young (86016K), 8 survivors (8192K)
 Metaspace       used 88424K, capacity 90777K, committed 90872K, reserved 1128448K
  class space    used 11436K, capacity 12288K, committed 12364K, reserved 1048576K
}
Event: 16.901 GC heap after
{Heap after GC invocations=23 (full 0):
 garbage-first heap   total 227328K, used 97537K [0x0000000080000000, 0x0000000100000000)
  region size 1024K, 4 young (4096K), 4 survivors (4096K)
 Metaspace       used 88424K, capacity 90777K, committed 90872K, reserved 1128448K
  class space    used 11436K, capacity 12288K, committed 12364K, reserved 1048576K
}

Deoptimization events (20 events):
Event: 17.001 Thread 0x00000177f3eed800 DEOPT PACKING pc=0x00000177e1c5c370 sp=0x00000059c17fa250
Event: 17.001 Thread 0x00000177f3eed800 DEOPT UNPACKING pc=0x00000177d9be78af sp=0x00000059c17fa198 mode 2
Event: 17.424 Thread 0x00000177fa30d800 DEOPT PACKING pc=0x00000177daf8539e sp=0x00000059c1dfbf00
Event: 17.424 Thread 0x00000177fa30d800 DEOPT UNPACKING pc=0x00000177d9be76ce sp=0x00000059c1dfb348 mode 0
Event: 17.584 Thread 0x00000177f3eed800 Uncommon trap: trap_request=0xffffffde fr.pc=0x00000177e1ca6498 relative=0x0000000000000558
Event: 17.584 Thread 0x00000177f3eed800 Uncommon trap: reason=class_check action=maybe_recompile pc=0x00000177e1ca6498 method=org.gradle.internal.snapshot.LargeChildMap.withNode(Lorg/gradle/internal/snapshot/VfsRelativePath;Lorg/gradle/internal/snapshot/CaseSensitivity;Lorg/gradle/internal/snap
Event: 17.584 Thread 0x00000177f3eed800 DEOPT PACKING pc=0x00000177e1ca6498 sp=0x00000059c17fc4d0
Event: 17.584 Thread 0x00000177f3eed800 DEOPT UNPACKING pc=0x00000177d9be78af sp=0x00000059c17fc490 mode 2
Event: 17.590 Thread 0x00000177f3eed800 Uncommon trap: trap_request=0xffffffde fr.pc=0x00000177e1ca6498 relative=0x0000000000000558
Event: 17.590 Thread 0x00000177f3eed800 Uncommon trap: reason=class_check action=maybe_recompile pc=0x00000177e1ca6498 method=org.gradle.internal.snapshot.LargeChildMap.withNode(Lorg/gradle/internal/snapshot/VfsRelativePath;Lorg/gradle/internal/snapshot/CaseSensitivity;Lorg/gradle/internal/snap
Event: 17.590 Thread 0x00000177f3eed800 DEOPT PACKING pc=0x00000177e1ca6498 sp=0x00000059c17fc4d0
Event: 17.590 Thread 0x00000177f3eed800 DEOPT UNPACKING pc=0x00000177d9be78af sp=0x00000059c17fc490 mode 2
Event: 17.590 Thread 0x00000177f3eed800 Uncommon trap: trap_request=0xffffffde fr.pc=0x00000177e1ca6498 relative=0x0000000000000558
Event: 17.590 Thread 0x00000177f3eed800 Uncommon trap: reason=class_check action=maybe_recompile pc=0x00000177e1ca6498 method=org.gradle.internal.snapshot.LargeChildMap.withNode(Lorg/gradle/internal/snapshot/VfsRelativePath;Lorg/gradle/internal/snapshot/CaseSensitivity;Lorg/gradle/internal/snap
Event: 17.590 Thread 0x00000177f3eed800 DEOPT PACKING pc=0x00000177e1ca6498 sp=0x00000059c17fc4d0
Event: 17.590 Thread 0x00000177f3eed800 DEOPT UNPACKING pc=0x00000177d9be78af sp=0x00000059c17fc490 mode 2
Event: 17.912 Thread 0x00000177f295c800 Uncommon trap: trap_request=0xffffff4d fr.pc=0x00000177e1c5e498 relative=0x0000000000001198
Event: 17.912 Thread 0x00000177f295c800 Uncommon trap: reason=unstable_if action=reinterpret pc=0x00000177e1c5e498 method=java.util.concurrent.ArrayBlockingQueue.enqueue(Ljava/lang/Object;)V @ 25 c2
Event: 17.912 Thread 0x00000177f295c800 DEOPT PACKING pc=0x00000177e1c5e498 sp=0x00000059bf9fbc40
Event: 17.912 Thread 0x00000177f295c800 DEOPT UNPACKING pc=0x00000177d9be78af sp=0x00000059bf9fbb48 mode 2

Classes redefined (0 events):
No events

Internal exceptions (20 events):
Event: 13.580 Thread 0x00000177f0d81800 Exception <a 'java/lang/NoSuchMethodError'{0x0000000087220c38}: 'void java.lang.invoke.DirectMethodHandle$Holder.invokeVirtual(java.lang.Object, java.lang.Object)'> (0x0000000087220c38) thrown at [./src/hotspot/share/interpreter/linkResolver.cpp, line 773]
Event: 13.580 Thread 0x00000177f3eed800 Exception <a 'java/lang/NoSuchMethodError'{0x0000000086c9bc10}: 'void java.lang.invoke.DirectMethodHandle$Holder.invokeVirtual(java.lang.Object, java.lang.Object)'> (0x0000000086c9bc10) thrown at [./src/hotspot/share/interpreter/linkResolver.cpp, line 773]
Event: 13.995 Thread 0x00000177f3eed800 Implicit null exception at 0x00000177e1b26b5b to 0x00000177e1b26bec
Event: 14.317 Thread 0x00000177f0d8d800 Implicit null exception at 0x00000177e1b56d56 to 0x00000177e1b57630
Event: 15.072 Thread 0x00000177f3eed800 Exception <a 'java/lang/NoSuchMethodError'{0x000000008c6cf860}: <clinit>> (0x000000008c6cf860) thrown at [./src/hotspot/share/prims/jni.cpp, line 1362]
Event: 15.075 Thread 0x00000177f3eed800 Exception <a 'java/lang/NoSuchMethodError'{0x000000008c6f7d10}: <clinit>> (0x000000008c6f7d10) thrown at [./src/hotspot/share/prims/jni.cpp, line 1362]
Event: 15.500 Thread 0x00000177f3eed800 Exception <a 'java/lang/NoSuchMethodError'{0x000000008b13c920}: 'java.lang.Object java.lang.invoke.DirectMethodHandle$Holder.newInvokeSpecial(java.lang.Object, java.lang.Object, java.lang.Object, java.lang.Object)'> (0x000000008b13c920) thrown at [./src/hotspot/share/interpreter/linkResolver.cpp, line 773]
Event: 15.585 Thread 0x00000177f3ef3800 Exception <a 'java/lang/NoSuchMethodError'{0x000000008ae132d0}: <clinit>> (0x000000008ae132d0) thrown at [./src/hotspot/share/prims/jni.cpp, line 1362]
Event: 15.585 Thread 0x00000177f3ef3800 Exception <a 'java/lang/NoSuchMethodError'{0x000000008ae145f0}: <clinit>> (0x000000008ae145f0) thrown at [./src/hotspot/share/prims/jni.cpp, line 1362]
Event: 15.586 Thread 0x00000177f3ef3800 Exception <a 'java/lang/NoSuchMethodError'{0x000000008ae16a98}: <clinit>> (0x000000008ae16a98) thrown at [./src/hotspot/share/prims/jni.cpp, line 1362]
Event: 15.587 Thread 0x00000177f3ef3800 Exception <a 'java/lang/NoSuchMethodError'{0x000000008ae2eb08}: <clinit>> (0x000000008ae2eb08) thrown at [./src/hotspot/share/prims/jni.cpp, line 1362]
Event: 15.587 Thread 0x00000177f3ef3800 Exception <a 'java/lang/NoSuchMethodError'{0x000000008ae2fd40}: <clinit>> (0x000000008ae2fd40) thrown at [./src/hotspot/share/prims/jni.cpp, line 1362]
Event: 16.078 Thread 0x00000177f3ef3800 Exception <a 'java/lang/NoSuchMethodError'{0x000000008da810c8}: <clinit>> (0x000000008da810c8) thrown at [./src/hotspot/share/prims/jni.cpp, line 1362]
Event: 16.082 Thread 0x00000177f3ef3800 Exception <a 'java/lang/NoSuchMethodError'{0x000000008dababd0}: <clinit>> (0x000000008dababd0) thrown at [./src/hotspot/share/prims/jni.cpp, line 1362]
Event: 16.084 Thread 0x00000177f3ef3800 Exception <a 'java/lang/NoSuchMethodError'{0x000000008dacd7c8}: <clinit>> (0x000000008dacd7c8) thrown at [./src/hotspot/share/prims/jni.cpp, line 1362]
Event: 17.685 Thread 0x00000177fa30d800 Exception <a 'java/lang/NoSuchMethodError'{0x000000008b022f20}: 'void java.lang.invoke.DirectMethodHandle$Holder.invokeStatic(java.lang.Object, long)'> (0x000000008b022f20) thrown at [./src/hotspot/share/interpreter/linkResolver.cpp, line 773]
Event: 17.685 Thread 0x00000177fa30d800 Exception <a 'java/lang/NoSuchMethodError'{0x000000008b028138}: 'java.lang.Object java.lang.invoke.DirectMethodHandle$Holder.invokeStatic(java.lang.Object, long)'> (0x000000008b028138) thrown at [./src/hotspot/share/interpreter/linkResolver.cpp, line 773]
Event: 17.687 Thread 0x00000177fa30d800 Exception <a 'java/lang/NoSuchMethodError'{0x000000008b0364a0}: 'java.lang.Object java.lang.invoke.DirectMethodHandle$Holder.invokeStaticInit(java.lang.Object, java.lang.Object, long, java.lang.Object)'> (0x000000008b0364a0) thrown at [./src/hotspot/share/interpreter/linkResolver.cpp, line 773]
Event: 17.688 Thread 0x00000177fa30d800 Exception <a 'java/lang/NoSuchMethodError'{0x000000008b03c638}: 'java.lang.Object java.lang.invoke.DirectMethodHandle$Holder.invokeStatic(java.lang.Object, java.lang.Object, long)'> (0x000000008b03c638) thrown at [./src/hotspot/share/interpreter/linkResolver.cpp, line 773]
Event: 17.688 Thread 0x00000177fa30d800 Exception <a 'java/lang/NoSuchMethodError'{0x000000008b042bb0}: 'java.lang.Object java.lang.invoke.Invokers$Holder.linkToTargetMethod(java.lang.Object, long, java.lang.Object)'> (0x000000008b042bb0) thrown at [./src/hotspot/share/interpreter/linkResolver.cpp, line 773]

Events (20 events):
Event: 17.686 loading class java/lang/ProcessHandleImpl
Event: 17.686 loading class java/lang/ProcessHandleImpl done
Event: 17.689 loading class java/lang/ProcessImpl$2
Event: 17.689 loading class java/lang/ProcessImpl$2 done
Event: 17.689 loading class java/lang/Process$PipeInputStream
Event: 17.689 loading class java/lang/Process$PipeInputStream done
Event: 17.689 Executing VM operation: Deoptimize
Event: 17.690 Executing VM operation: Deoptimize done
Event: 17.690 loading class com/android/utils/GrabProcessOutput$Wait
Event: 17.690 loading class com/android/utils/GrabProcessOutput$Wait done
Event: 17.691 loading class com/android/utils/GrabProcessOutput
Event: 17.691 loading class com/android/utils/GrabProcessOutput done
Event: 17.691 loading class com/android/utils/GrabProcessOutput$1
Event: 17.691 loading class com/android/utils/GrabProcessOutput$1 done
Event: 17.702 loading class com/android/utils/GrabProcessOutput$2
Event: 17.702 loading class com/android/utils/GrabProcessOutput$2 done
Event: 17.704 Thread 0x00000177fa310000 Thread added: 0x00000177fa310000
Event: 17.704 Thread 0x00000177fa311800 Thread added: 0x00000177fa311800
Event: 17.704 loading class com/google/common/util/concurrent/OverflowAvoidingLockSupport
Event: 17.704 loading class com/google/common/util/concurrent/OverflowAvoidingLockSupport done


Dynamic libraries:
0x00007ff61c560000 - 0x00007ff61c56a000 	C:\Program Files\Android\Android Studio\jre\bin\java.exe
0x00007ffdf09f0000 - 0x00007ffdf0be5000 	C:\WINDOWS\SYSTEM32\ntdll.dll
0x00007ffdef6f0000 - 0x00007ffdef7ae000 	C:\WINDOWS\System32\KERNEL32.DLL
0x00007ffdee410000 - 0x00007ffdee6d8000 	C:\WINDOWS\System32\KERNELBASE.dll
0x00007ffdee110000 - 0x00007ffdee210000 	C:\WINDOWS\System32\ucrtbase.dll
0x00007ffde8b50000 - 0x00007ffde8b67000 	C:\Program Files\Android\Android Studio\jre\bin\VCRUNTIME140.dll
0x00007ffde8a30000 - 0x00007ffde8a49000 	C:\Program Files\Android\Android Studio\jre\bin\jli.dll
0x00007ffdef7b0000 - 0x00007ffdef951000 	C:\WINDOWS\System32\USER32.dll
0x00007ffde3be0000 - 0x00007ffde3e7a000 	C:\WINDOWS\WinSxS\amd64_microsoft.windows.common-controls_6595b64144ccf1df_6.0.19041.1110_none_60b5254171f9507e\COMCTL32.dll
0x00007ffdee870000 - 0x00007ffdee892000 	C:\WINDOWS\System32\win32u.dll
0x00007ffdf04c0000 - 0x00007ffdf055e000 	C:\WINDOWS\System32\msvcrt.dll
0x00007ffdef690000 - 0x00007ffdef6bb000 	C:\WINDOWS\System32\GDI32.dll
0x00007ffdee8d0000 - 0x00007ffdee9db000 	C:\WINDOWS\System32\gdi32full.dll
0x00007ffdee210000 - 0x00007ffdee2ad000 	C:\WINDOWS\System32\msvcp_win.dll
0x00007ffdef6c0000 - 0x00007ffdef6f0000 	C:\WINDOWS\System32\IMM32.DLL
0x00007ffdca2f0000 - 0x00007ffdca38d000 	C:\Program Files\Android\Android Studio\jre\bin\msvcp140.dll
0x00007ffdbc870000 - 0x00007ffdbd33f000 	C:\Program Files\Android\Android Studio\jre\bin\server\jvm.dll
0x00007ffdef570000 - 0x00007ffdef61c000 	C:\WINDOWS\System32\ADVAPI32.dll
0x00007ffdf0910000 - 0x00007ffdf09ab000 	C:\WINDOWS\System32\sechost.dll
0x00007ffdefa10000 - 0x00007ffdefb3a000 	C:\WINDOWS\System32\RPCRT4.dll
0x00007ffdeeb90000 - 0x00007ffdeeb98000 	C:\WINDOWS\System32\PSAPI.DLL
0x00007ffdd7370000 - 0x00007ffdd7379000 	C:\WINDOWS\SYSTEM32\WSOCK32.dll
0x00007ffde4030000 - 0x00007ffde4057000 	C:\WINDOWS\SYSTEM32\WINMM.dll
0x00007ffdef620000 - 0x00007ffdef68b000 	C:\WINDOWS\System32\WS2_32.dll
0x00007ffde7190000 - 0x00007ffde719a000 	C:\WINDOWS\SYSTEM32\VERSION.dll
0x00007ffdec1b0000 - 0x00007ffdec1c2000 	C:\WINDOWS\SYSTEM32\kernel.appcore.dll
0x00007ffde8d40000 - 0x00007ffde8d51000 	C:\Program Files\Android\Android Studio\jre\bin\verify.dll
0x00007ffdd57c0000 - 0x00007ffdd59a4000 	C:\WINDOWS\SYSTEM32\DBGHELP.DLL
0x00007ffdd5790000 - 0x00007ffdd57bc000 	C:\WINDOWS\SYSTEM32\dbgcore.DLL
0x00007ffdee730000 - 0x00007ffdee7b3000 	C:\WINDOWS\System32\bcryptPrimitives.dll
0x00007ffde8c80000 - 0x00007ffde8ca9000 	C:\Program Files\Android\Android Studio\jre\bin\java.dll
0x00007ffdea6b0000 - 0x00007ffdea6bb000 	C:\Program Files\Android\Android Studio\jre\bin\jimage.dll
0x00007ffde8ab0000 - 0x00007ffde8ac8000 	C:\Program Files\Android\Android Studio\jre\bin\zip.dll
0x00007ffdefc40000 - 0x00007ffdf037f000 	C:\WINDOWS\System32\SHELL32.dll
0x00007ffdec1f0000 - 0x00007ffdec980000 	C:\WINDOWS\SYSTEM32\windows.storage.dll
0x00007ffdeeba0000 - 0x00007ffdeeef5000 	C:\WINDOWS\System32\combase.dll
0x00007ffdedb60000 - 0x00007ffdedb8e000 	C:\WINDOWS\SYSTEM32\Wldp.dll
0x00007ffdef960000 - 0x00007ffdefa0d000 	C:\WINDOWS\System32\SHCORE.dll
0x00007ffdeeaa0000 - 0x00007ffdeeaf5000 	C:\WINDOWS\System32\shlwapi.dll
0x00007ffdee050000 - 0x00007ffdee06f000 	C:\WINDOWS\SYSTEM32\profapi.dll
0x00007ffde8a90000 - 0x00007ffde8aaa000 	C:\Program Files\Android\Android Studio\jre\bin\net.dll
0x00007ffde0990000 - 0x00007ffde0a9c000 	C:\WINDOWS\SYSTEM32\WINHTTP.dll
0x00007ffded8c0000 - 0x00007ffded92a000 	C:\WINDOWS\system32\mswsock.dll
0x00007ffde8a50000 - 0x00007ffde8a64000 	C:\Program Files\Android\Android Studio\jre\bin\nio.dll
0x00007ffdd0a60000 - 0x00007ffdd0a87000 	C:\Users\chieudepzaj\.gradle\native\e1d6ef7f7dcc3fd88c89a11ec53ec762bb8ba0a96d01ffa2cd45eb1d1d8dd5c5\windows-amd64\native-platform.dll
0x00007ffdbd710000 - 0x00007ffdbd854000 	C:\Users\chieudepzaj\.gradle\native\5664cfc778a61ccfe75a443a1ab52a65af34e5dc3c78e0209fed803814484fcb\windows-amd64\native-platform-file-events.dll
0x00007ffde9290000 - 0x00007ffde929a000 	C:\Program Files\Android\Android Studio\jre\bin\management.dll
0x00007ffde8a80000 - 0x00007ffde8a8c000 	C:\Program Files\Android\Android Studio\jre\bin\management_ext.dll
0x00007ffdedab0000 - 0x00007ffdedac8000 	C:\WINDOWS\SYSTEM32\CRYPTSP.dll
0x00007ffded1d0000 - 0x00007ffded204000 	C:\WINDOWS\system32\rsaenh.dll
0x00007ffdee8a0000 - 0x00007ffdee8c7000 	C:\WINDOWS\System32\bcrypt.dll
0x00007ffdee010000 - 0x00007ffdee03e000 	C:\WINDOWS\SYSTEM32\USERENV.dll
0x00007ffdedad0000 - 0x00007ffdedadc000 	C:\WINDOWS\SYSTEM32\CRYPTBASE.dll
0x00007ffded560000 - 0x00007ffded59b000 	C:\WINDOWS\SYSTEM32\IPHLPAPI.DLL
0x00007ffdf04b0000 - 0x00007ffdf04b8000 	C:\WINDOWS\System32\NSI.dll
0x00007ffde7d10000 - 0x00007ffde7d27000 	C:\WINDOWS\SYSTEM32\dhcpcsvc6.DLL
0x00007ffde7cf0000 - 0x00007ffde7d0d000 	C:\WINDOWS\SYSTEM32\dhcpcsvc.DLL
0x00007ffded5b0000 - 0x00007ffded67b000 	C:\WINDOWS\SYSTEM32\DNSAPI.dll

dbghelp: loaded successfully - version: 4.0.5 - missing functions: none
symbol engine: initialized successfully - sym options: 0x614 - pdb path: .;C:\Program Files\Android\Android Studio\jre\bin;C:\WINDOWS\SYSTEM32;C:\WINDOWS\WinSxS\amd64_microsoft.windows.common-controls_6595b64144ccf1df_6.0.19041.1110_none_60b5254171f9507e;C:\Program Files\Android\Android Studio\jre\bin\server;C:\Users\chieudepzaj\.gradle\native\e1d6ef7f7dcc3fd88c89a11ec53ec762bb8ba0a96d01ffa2cd45eb1d1d8dd5c5\windows-amd64;C:\Users\chieudepzaj\.gradle\native\5664cfc778a61ccfe75a443a1ab52a65af34e5dc3c78e0209fed803814484fcb\windows-amd64

VM Arguments:
jvm_args: --add-opens=java.base/java.util=ALL-UNNAMED --add-opens=java.base/java.lang=ALL-UNNAMED --add-opens=java.base/java.lang.invoke=ALL-UNNAMED --add-opens=java.base/java.util=ALL-UNNAMED --add-opens=java.prefs/java.util.prefs=ALL-UNNAMED --add-opens=java.prefs/java.util.prefs=ALL-UNNAMED --add-opens=java.base/java.nio.charset=ALL-UNNAMED --add-opens=java.base/java.net=ALL-UNNAMED --add-opens=java.base/java.util.concurrent.atomic=ALL-UNNAMED -Xmx2048m -Dfile.encoding=UTF-8 -Duser.country=US -Duser.language=en -Duser.variant 
java_command: org.gradle.launcher.daemon.bootstrap.GradleDaemon 7.3
java_class_path (initial): C:\Users\chieudepzaj\.gradle\wrapper\dists\gradle-7.3-bin\ddwl0k7mt9g6ak16i1m905vyv\gradle-7.3\lib\gradle-launcher-7.3.jar
Launcher Type: SUN_STANDARD

[Global flags]
     intx CICompilerCount                          = 3                                         {product} {ergonomic}
     uint ConcGCThreads                            = 1                                         {product} {ergonomic}
     uint G1ConcRefinementThreads                  = 4                                         {product} {ergonomic}
   size_t G1HeapRegionSize                         = 1048576                                   {product} {ergonomic}
    uintx GCDrainStackTargetSize                   = 64                                        {product} {ergonomic}
   size_t InitialHeapSize                          = 134217728                                 {product} {ergonomic}
   size_t MarkStackSize                            = 4194304                                   {product} {ergonomic}
   size_t MaxHeapSize                              = 2147483648                                {product} {command line}
   size_t MaxNewSize                               = 1287651328                                {product} {ergonomic}
   size_t MinHeapDeltaBytes                        = 1048576                                   {product} {ergonomic}
    uintx NonNMethodCodeHeapSize                   = 5830732                                {pd product} {ergonomic}
    uintx NonProfiledCodeHeapSize                  = 122913754                              {pd product} {ergonomic}
    uintx ProfiledCodeHeapSize                     = 122913754                              {pd product} {ergonomic}
    uintx ReservedCodeCacheSize                    = 251658240                              {pd product} {ergonomic}
     bool SegmentedCodeCache                       = true                                      {product} {ergonomic}
     bool UseCompressedClassPointers               = true                                 {lp64_product} {ergonomic}
     bool UseCompressedOops                        = true                                 {lp64_product} {ergonomic}
     bool UseG1GC                                  = true                                      {product} {ergonomic}
     bool UseLargePagesIndividualAllocation        = false                                  {pd product} {ergonomic}

Logging:
Log output configuration:
 #0: stdout all=warning uptime,level,tags
 #1: stderr all=off uptime,level,tags

Environment Variables:
PATH=C:\Python39\Scripts\;C:\Python39\;C:\Program Files (x86)\Common Files\Oracle\Java\javapath;C:\windows\system32;C:\windows\;C:\Program Files\dotnet\;C:\Program Files (x86)\NVIDIA Corporation\PhysX\Common;C:\ProgramData\chocolatey\bin;C:\WINDOWS\system32;C:\WINDOWS;C:\WINDOWS\System32\Wbem;C:\WINDOWS\System32\WindowsPowerShell\v1.0\;C:\WINDOWS\System32\OpenSSH\;C:\Program Files\Git\cmd;C:\Program Files\nodejs;C:\Program Files\heroku\bin;C:\Users\chieudepzaj\AppData\Local\Programs\Microsoft VS Code\bin;C:\Users\chieudepzaj\AppData\Local\Microsoft\WindowsApps;C:\flutter\bin;
USERNAME=chieudepzaj
OS=Windows_NT
PROCESSOR_IDENTIFIER=Intel64 Family 6 Model 158 Stepping 9, GenuineIntel



---------------  S Y S T E M  ---------------

OS: Windows 10 , 64 bit Build 19041 (10.0.19041.1348)
OS uptime: 2 days 1:15 hours

CPU:total 4 (initial active 4) (4 cores per cpu, 1 threads per core) family 6 model 158 stepping 9 microcode 0xb4, cmov, cx8, fxsr, mmx, sse, sse2, sse3, ssse3, sse4.1, sse4.2, popcnt, avx, avx2, aes, clmul, erms, 3dnowpref, lzcnt, tsc, tscinvbit, bmi1, bmi2, adx, fma

Memory: 4k page, system-wide physical 8075M (1136M free)
TotalPageFile size 12171M (AvailPageFile size 2754M)
current process WorkingSet (physical memory assigned to process): 482M, peak: 487M
current process commit charge ("private bytes"): 512M, peak: 518M

vm_info: OpenJDK 64-Bit Server VM (11.0.10+0-b96-7249189) for windows-amd64 JRE (11.0.10+0-b96-7249189), built on Mar 31 2021 21:44:00 by "builder" with MS VC++ 14.0 (VS2015)

END.
